[0.085s] Invoking command in '/home/yong/ws_kari/ROS2_Test/build/cbba': CMAKE_PREFIX_PATH=/opt/ros/humble /usr/bin/cmake /home/yong/ws_kari/ROS2_Test/src/cbba -DAMENT_CMAKE_SYMLINK_INSTALL=1 -DCMAKE_INSTALL_PREFIX=/home/yong/ws_kari/ROS2_Test/install/cbba
[0.143s] -- The C compiler identification is GNU 11.4.0
[0.198s] -- The CXX compiler identification is GNU 11.4.0
[0.206s] -- Detecting C compiler ABI info
[0.279s] -- Detecting C compiler ABI info - done
[0.286s] -- Check for working C compiler: /usr/bin/cc - skipped
[0.286s] -- Detecting C compile features
[0.286s] -- Detecting C compile features - done
[0.289s] -- Detecting CXX compiler ABI info
[0.366s] -- Detecting CXX compiler ABI info - done
[0.376s] -- Check for working CXX compiler: /usr/bin/c++ - skipped
[0.376s] -- Detecting CXX compile features
[0.376s] -- Detecting CXX compile features - done
[0.379s] -- Found ament_cmake: 1.3.7 (/opt/ros/humble/share/ament_cmake/cmake)
[0.698s] -- Found Python3: /usr/bin/python3.10 (found version "3.10.12") found components: Interpreter 
[0.748s] -- Override CMake install command with custom implementation using symlinks instead of copying resources
[0.770s] -- Found rclcpp: 16.0.8 (/opt/ros/humble/share/rclcpp/cmake)
[0.807s] -- Found rosidl_generator_c: 3.1.5 (/opt/ros/humble/share/rosidl_generator_c/cmake)
[0.811s] -- Found rosidl_adapter: 3.1.5 (/opt/ros/humble/share/rosidl_adapter/cmake)
[0.818s] -- Found rosidl_generator_cpp: 3.1.5 (/opt/ros/humble/share/rosidl_generator_cpp/cmake)
[0.830s] -- Using all available rosidl_typesupport_c: rosidl_typesupport_fastrtps_c;rosidl_typesupport_introspection_c
[0.846s] -- Using all available rosidl_typesupport_cpp: rosidl_typesupport_fastrtps_cpp;rosidl_typesupport_introspection_cpp
[0.906s] -- Found rmw_implementation_cmake: 6.1.1 (/opt/ros/humble/share/rmw_implementation_cmake/cmake)
[0.908s] -- Found rmw_fastrtps_cpp: 6.2.6 (/opt/ros/humble/share/rmw_fastrtps_cpp/cmake)
[1.013s] -- Found OpenSSL: /usr/lib/x86_64-linux-gnu/libcrypto.so (found version "3.0.2")  
[1.042s] -- Found FastRTPS: /opt/ros/humble/include  
[1.092s] -- Using RMW implementation 'rmw_fastrtps_cpp' as default
[1.101s] -- Looking for pthread.h
[1.169s] -- Looking for pthread.h - found
[1.169s] -- Performing Test CMAKE_HAVE_LIBC_PTHREAD
[1.236s] -- Performing Test CMAKE_HAVE_LIBC_PTHREAD - Success
[1.237s] -- Found Threads: TRUE  
[1.379s] -- Found ament_lint_auto: 0.12.10 (/opt/ros/humble/share/ament_lint_auto/cmake)
[1.457s] -- Added test 'cppcheck' to perform static code analysis on C / C++ code
[1.457s] -- Configured cppcheck include dirs: 
[1.457s] -- Configured cppcheck exclude dirs and/or files: 
[1.458s] -- Added test 'lint_cmake' to check CMake code style
[1.459s] -- Added test 'uncrustify' to check C / C++ code style
[1.459s] -- Configured uncrustify additional arguments: 
[1.460s] -- Added test 'xmllint' to check XML markup files
[1.462s] -- Configuring done
[1.467s] -- Generating done
[1.469s] -- Build files have been written to: /home/yong/ws_kari/ROS2_Test/build/cbba
[1.478s] Invoked command in '/home/yong/ws_kari/ROS2_Test/build/cbba' returned '0': CMAKE_PREFIX_PATH=/opt/ros/humble /usr/bin/cmake /home/yong/ws_kari/ROS2_Test/src/cbba -DAMENT_CMAKE_SYMLINK_INSTALL=1 -DCMAKE_INSTALL_PREFIX=/home/yong/ws_kari/ROS2_Test/install/cbba
[1.480s] Invoking command in '/home/yong/ws_kari/ROS2_Test/build/cbba': CMAKE_PREFIX_PATH=/opt/ros/humble /usr/bin/cmake --build /home/yong/ws_kari/ROS2_Test/build/cbba -- -j16 -l16
[1.518s] Invoked command in '/home/yong/ws_kari/ROS2_Test/build/cbba' returned '0': CMAKE_PREFIX_PATH=/opt/ros/humble /usr/bin/cmake --build /home/yong/ws_kari/ROS2_Test/build/cbba -- -j16 -l16
[1.547s] Invoking command in '/home/yong/ws_kari/ROS2_Test/build/cbba': CMAKE_PREFIX_PATH=/opt/ros/humble /usr/bin/cmake --install /home/yong/ws_kari/ROS2_Test/build/cbba
[1.555s] -- Install configuration: ""
[1.555s] -- Execute custom install script
[1.556s] -- Symlinking: /home/yong/ws_kari/ROS2_Test/install/cbba/share/ament_index/resource_index/package_run_dependencies/cbba
[1.565s] -- Symlinking: /home/yong/ws_kari/ROS2_Test/install/cbba/share/ament_index/resource_index/parent_prefix_path/cbba
[1.574s] -- Symlinking: /home/yong/ws_kari/ROS2_Test/install/cbba/share/cbba/environment/ament_prefix_path.sh
[1.583s] -- Symlinking: /home/yong/ws_kari/ROS2_Test/install/cbba/share/cbba/environment/ament_prefix_path.dsv
[1.593s] -- Symlinking: /home/yong/ws_kari/ROS2_Test/install/cbba/share/cbba/environment/path.sh
[1.601s] -- Symlinking: /home/yong/ws_kari/ROS2_Test/install/cbba/share/cbba/environment/path.dsv
[1.610s] -- Symlinking: /home/yong/ws_kari/ROS2_Test/install/cbba/share/cbba/local_setup.bash
[1.618s] -- Symlinking: /home/yong/ws_kari/ROS2_Test/install/cbba/share/cbba/local_setup.sh
[1.627s] -- Symlinking: /home/yong/ws_kari/ROS2_Test/install/cbba/share/cbba/local_setup.zsh
[1.635s] -- Symlinking: /home/yong/ws_kari/ROS2_Test/install/cbba/share/cbba/local_setup.dsv
[1.644s] -- Symlinking: /home/yong/ws_kari/ROS2_Test/install/cbba/share/cbba/package.dsv
[1.653s] -- Symlinking: /home/yong/ws_kari/ROS2_Test/install/cbba/share/ament_index/resource_index/packages/cbba
[1.662s] -- Symlinking: /home/yong/ws_kari/ROS2_Test/install/cbba/share/cbba/cmake/cbbaConfig.cmake
[1.671s] -- Symlinking: /home/yong/ws_kari/ROS2_Test/install/cbba/share/cbba/cmake/cbbaConfig-version.cmake
[1.681s] -- Symlinking: /home/yong/ws_kari/ROS2_Test/install/cbba/share/cbba/package.xml
