-- Found ament_cmake: 1.3.7 (/opt/ros/humble/share/ament_cmake/cmake)
-- Found rclcpp: 16.0.8 (/opt/ros/humble/share/rclcpp/cmake)
-- Found rosidl_generator_c: 3.1.5 (/opt/ros/humble/share/rosidl_generator_c/cmake)
-- Found rosidl_adapter: 3.1.5 (/opt/ros/humble/share/rosidl_adapter/cmake)
-- Found rosidl_generator_cpp: 3.1.5 (/opt/ros/humble/share/rosidl_generator_cpp/cmake)
-- Using all available rosidl_typesupport_c: rosidl_typesupport_fastrtps_c;rosidl_typesupport_introspection_c
-- Using all available rosidl_typesupport_cpp: rosidl_typesupport_fastrtps_cpp;rosidl_typesupport_introspection_cpp
-- Found rmw_implementation_cmake: 6.1.1 (/opt/ros/humble/share/rmw_implementation_cmake/cmake)
-- Found rmw_fastrtps_cpp: 6.2.6 (/opt/ros/humble/share/rmw_fastrtps_cpp/cmake)
-- Using RMW implementation 'rmw_fastrtps_cpp' as default
-- Configuring done
-- Generating done
-- Build files have been written to: /home/yong/ws_kari/ROS2_Test/build/acbba
-- Install configuration: ""
-- Up-to-date: /home/yong/ws_kari/ROS2_Test/install/acbba/share/ament_index/resource_index/package_run_dependencies/acbba
-- Installing: /home/yong/ws_kari/ROS2_Test/install/acbba/share/ament_index/resource_index/parent_prefix_path/acbba
-- Up-to-date: /home/yong/ws_kari/ROS2_Test/install/acbba/share/acbba/environment/ament_prefix_path.sh
-- Installing: /home/yong/ws_kari/ROS2_Test/install/acbba/share/acbba/environment/ament_prefix_path.dsv
-- Up-to-date: /home/yong/ws_kari/ROS2_Test/install/acbba/share/acbba/environment/path.sh
-- Installing: /home/yong/ws_kari/ROS2_Test/install/acbba/share/acbba/environment/path.dsv
-- Up-to-date: /home/yong/ws_kari/ROS2_Test/install/acbba/share/acbba/local_setup.bash
-- Up-to-date: /home/yong/ws_kari/ROS2_Test/install/acbba/share/acbba/local_setup.sh
-- Up-to-date: /home/yong/ws_kari/ROS2_Test/install/acbba/share/acbba/local_setup.zsh
-- Installing: /home/yong/ws_kari/ROS2_Test/install/acbba/share/acbba/local_setup.dsv
-- Installing: /home/yong/ws_kari/ROS2_Test/install/acbba/share/acbba/package.dsv
-- Up-to-date: /home/yong/ws_kari/ROS2_Test/install/acbba/share/ament_index/resource_index/packages/acbba
-- Up-to-date: /home/yong/ws_kari/ROS2_Test/install/acbba/share/acbba/cmake/acbbaConfig.cmake
-- Up-to-date: /home/yong/ws_kari/ROS2_Test/install/acbba/share/acbba/cmake/acbbaConfig-version.cmake
-- Up-to-date: /home/yong/ws_kari/ROS2_Test/install/acbba/share/acbba/package.xml
