[0.113s] Invoking command in '/home/yong/ws_kari/ROS2_Test/build/acbba': CMAKE_PREFIX_PATH=/home/yong/ws_kari/ROS2_Test/install/srv_test:/home/yong/ws_kari/ROS2_Test/install/multi_agent_comm:/opt/ros/humble:/home/yong/ws_kari/ROS2_Test/install/auction_node:/home/yong/ws_kari/ROS2_Test/install/custom_interfaces:/home/yong/ws_kari/ROS2_Test/install/acbba /usr/bin/cmake /home/yong/ws_kari/ROS2_Test/src/acbba -DCMAKE_INSTALL_PREFIX=/home/yong/ws_kari/ROS2_Test/install/acbba
[0.123s] -- Found ament_cmake: 1.3.7 (/opt/ros/humble/share/ament_cmake/cmake)
[0.256s] -- Found rclcpp: 16.0.8 (/opt/ros/humble/share/rclcpp/cmake)
[0.283s] -- Found rosidl_generator_c: 3.1.5 (/opt/ros/humble/share/rosidl_generator_c/cmake)
[0.286s] -- Found rosidl_adapter: 3.1.5 (/opt/ros/humble/share/rosidl_adapter/cmake)
[0.291s] -- Found rosidl_generator_cpp: 3.1.5 (/opt/ros/humble/share/rosidl_generator_cpp/cmake)
[0.302s] -- Using all available rosidl_typesupport_c: rosidl_typesupport_fastrtps_c;rosidl_typesupport_introspection_c
[0.316s] -- Using all available rosidl_typesupport_cpp: rosidl_typesupport_fastrtps_cpp;rosidl_typesupport_introspection_cpp
[0.367s] -- Found rmw_implementation_cmake: 6.1.1 (/opt/ros/humble/share/rmw_implementation_cmake/cmake)
[0.368s] -- Found rmw_fastrtps_cpp: 6.2.6 (/opt/ros/humble/share/rmw_fastrtps_cpp/cmake)
[0.494s] -- Using RMW implementation 'rmw_fastrtps_cpp' as default
[0.685s] -- Configuring done
[0.690s] -- Generating done
[0.691s] -- Build files have been written to: /home/yong/ws_kari/ROS2_Test/build/acbba
[0.698s] Invoked command in '/home/yong/ws_kari/ROS2_Test/build/acbba' returned '0': CMAKE_PREFIX_PATH=/home/yong/ws_kari/ROS2_Test/install/srv_test:/home/yong/ws_kari/ROS2_Test/install/multi_agent_comm:/opt/ros/humble:/home/yong/ws_kari/ROS2_Test/install/auction_node:/home/yong/ws_kari/ROS2_Test/install/custom_interfaces:/home/yong/ws_kari/ROS2_Test/install/acbba /usr/bin/cmake /home/yong/ws_kari/ROS2_Test/src/acbba -DCMAKE_INSTALL_PREFIX=/home/yong/ws_kari/ROS2_Test/install/acbba
[0.700s] Invoking command in '/home/yong/ws_kari/ROS2_Test/build/acbba': CMAKE_PREFIX_PATH=/home/yong/ws_kari/ROS2_Test/install/srv_test:/home/yong/ws_kari/ROS2_Test/install/multi_agent_comm:/opt/ros/humble:/home/yong/ws_kari/ROS2_Test/install/auction_node:/home/yong/ws_kari/ROS2_Test/install/custom_interfaces:/home/yong/ws_kari/ROS2_Test/install/acbba /usr/bin/cmake --build /home/yong/ws_kari/ROS2_Test/build/acbba -- -j16 -l16
[0.739s] Invoked command in '/home/yong/ws_kari/ROS2_Test/build/acbba' returned '0': CMAKE_PREFIX_PATH=/home/yong/ws_kari/ROS2_Test/install/srv_test:/home/yong/ws_kari/ROS2_Test/install/multi_agent_comm:/opt/ros/humble:/home/yong/ws_kari/ROS2_Test/install/auction_node:/home/yong/ws_kari/ROS2_Test/install/custom_interfaces:/home/yong/ws_kari/ROS2_Test/install/acbba /usr/bin/cmake --build /home/yong/ws_kari/ROS2_Test/build/acbba -- -j16 -l16
[0.771s] Invoking command in '/home/yong/ws_kari/ROS2_Test/build/acbba': CMAKE_PREFIX_PATH=/home/yong/ws_kari/ROS2_Test/install/srv_test:/home/yong/ws_kari/ROS2_Test/install/multi_agent_comm:/opt/ros/humble:/home/yong/ws_kari/ROS2_Test/install/auction_node:/home/yong/ws_kari/ROS2_Test/install/custom_interfaces:/home/yong/ws_kari/ROS2_Test/install/acbba /usr/bin/cmake --install /home/yong/ws_kari/ROS2_Test/build/acbba
[0.778s] -- Install configuration: ""
[0.778s] -- Up-to-date: /home/yong/ws_kari/ROS2_Test/install/acbba/share/ament_index/resource_index/package_run_dependencies/acbba
[0.778s] -- Installing: /home/yong/ws_kari/ROS2_Test/install/acbba/share/ament_index/resource_index/parent_prefix_path/acbba
[0.779s] -- Up-to-date: /home/yong/ws_kari/ROS2_Test/install/acbba/share/acbba/environment/ament_prefix_path.sh
[0.779s] -- Installing: /home/yong/ws_kari/ROS2_Test/install/acbba/share/acbba/environment/ament_prefix_path.dsv
[0.779s] -- Up-to-date: /home/yong/ws_kari/ROS2_Test/install/acbba/share/acbba/environment/path.sh
[0.779s] -- Installing: /home/yong/ws_kari/ROS2_Test/install/acbba/share/acbba/environment/path.dsv
[0.779s] -- Up-to-date: /home/yong/ws_kari/ROS2_Test/install/acbba/share/acbba/local_setup.bash
[0.779s] -- Up-to-date: /home/yong/ws_kari/ROS2_Test/install/acbba/share/acbba/local_setup.sh
[0.779s] -- Up-to-date: /home/yong/ws_kari/ROS2_Test/install/acbba/share/acbba/local_setup.zsh
[0.779s] -- Installing: /home/yong/ws_kari/ROS2_Test/install/acbba/share/acbba/local_setup.dsv
[0.779s] -- Installing: /home/yong/ws_kari/ROS2_Test/install/acbba/share/acbba/package.dsv
[0.780s] -- Up-to-date: /home/yong/ws_kari/ROS2_Test/install/acbba/share/ament_index/resource_index/packages/acbba
[0.780s] -- Up-to-date: /home/yong/ws_kari/ROS2_Test/install/acbba/share/acbba/cmake/acbbaConfig.cmake
[0.780s] -- Up-to-date: /home/yong/ws_kari/ROS2_Test/install/acbba/share/acbba/cmake/acbbaConfig-version.cmake
[0.780s] -- Up-to-date: /home/yong/ws_kari/ROS2_Test/install/acbba/share/acbba/package.xml
[0.782s] Invoked command in '/home/yong/ws_kari/ROS2_Test/build/acbba' returned '0': CMAKE_PREFIX_PATH=/home/yong/ws_kari/ROS2_Test/install/srv_test:/home/yong/ws_kari/ROS2_Test/install/multi_agent_comm:/opt/ros/humble:/home/yong/ws_kari/ROS2_Test/install/auction_node:/home/yong/ws_kari/ROS2_Test/install/custom_interfaces:/home/yong/ws_kari/ROS2_Test/install/acbba /usr/bin/cmake --install /home/yong/ws_kari/ROS2_Test/build/acbba
