[0.931s] DEBUG:colcon:Command line arguments: ['/usr/bin/colcon', 'build']
[0.931s] DEBUG:colcon:Parsed command line arguments: Namespace(log_base=None, log_level=None, verb_name='build', build_base='build', install_base='install', merge_install=False, symlink_install=False, test_result_base=None, continue_on_error=False, executor='parallel', parallel_workers=16, event_handlers=None, ignore_user_meta=False, metas=['./colcon.meta'], base_paths=['.'], packages_ignore=None, packages_ignore_regex=None, paths=None, packages_up_to=None, packages_up_to_regex=None, packages_above=None, packages_above_and_dependencies=None, packages_above_depth=None, packages_select_by_dep=None, packages_skip_by_dep=None, packages_skip_up_to=None, packages_select_build_failed=False, packages_skip_build_finished=False, packages_select_test_failures=False, packages_skip_test_passed=False, packages_select=None, packages_skip=None, packages_select_regex=None, packages_skip_regex=None, packages_start=None, packages_end=None, allow_overriding=[], cmake_args=None, cmake_target=None, cmake_target_skip_unavailable=False, cmake_clean_cache=False, cmake_clean_first=False, cmake_force_configure=False, ament_cmake_args=None, catkin_cmake_args=None, catkin_skip_building_tests=False, verb_parser=<colcon_defaults.argument_parser.defaults.DefaultArgumentsDecorator object at 0x7a5845e854b0>, verb_extension=<colcon_core.verb.build.BuildVerb object at 0x7a5845e84b20>, main=<bound method BuildVerb.main of <colcon_core.verb.build.BuildVerb object at 0x7a5845e84b20>>)
[0.983s] Level 1:colcon.colcon_core.package_discovery:discover_packages(colcon_meta) check parameters
[0.983s] Level 1:colcon.colcon_core.package_discovery:discover_packages(recursive) check parameters
[0.983s] Level 1:colcon.colcon_core.package_discovery:discover_packages(ignore) check parameters
[0.983s] Level 1:colcon.colcon_core.package_discovery:discover_packages(path) check parameters
[0.983s] Level 1:colcon.colcon_core.package_discovery:discover_packages(colcon_meta) discover
[0.983s] Level 1:colcon.colcon_core.package_discovery:discover_packages(recursive) discover
[0.983s] INFO:colcon.colcon_core.package_discovery:Crawling recursively for packages in '/home/yong/ws_kari/ROS2_Test'
[0.983s] Level 1:colcon.colcon_core.package_identification:_identify(.) by extensions ['ignore', 'ignore_ament_install']
[0.983s] Level 1:colcon.colcon_core.package_identification:_identify(.) by extension 'ignore'
[0.983s] Level 1:colcon.colcon_core.package_identification:_identify(.) by extension 'ignore_ament_install'
[0.983s] Level 1:colcon.colcon_core.package_identification:_identify(.) by extensions ['colcon_pkg']
[0.983s] Level 1:colcon.colcon_core.package_identification:_identify(.) by extension 'colcon_pkg'
[0.983s] Level 1:colcon.colcon_core.package_identification:_identify(.) by extensions ['colcon_meta']
[0.983s] Level 1:colcon.colcon_core.package_identification:_identify(.) by extension 'colcon_meta'
[0.983s] Level 1:colcon.colcon_core.package_identification:_identify(.) by extensions ['ros']
[0.983s] Level 1:colcon.colcon_core.package_identification:_identify(.) by extension 'ros'
[0.995s] Level 1:colcon.colcon_core.package_identification:_identify(.) by extensions ['cmake', 'python']
[0.996s] Level 1:colcon.colcon_core.package_identification:_identify(.) by extension 'cmake'
[0.996s] Level 1:colcon.colcon_core.package_identification:_identify(.) by extension 'python'
[0.996s] Level 1:colcon.colcon_core.package_identification:_identify(.) by extensions ['python_setup_py']
[0.996s] Level 1:colcon.colcon_core.package_identification:_identify(.) by extension 'python_setup_py'
[0.996s] Level 1:colcon.colcon_core.package_identification:_identify(ROS2_Test) by extensions ['ignore', 'ignore_ament_install']
[0.996s] Level 1:colcon.colcon_core.package_identification:_identify(ROS2_Test) by extension 'ignore'
[0.996s] Level 1:colcon.colcon_core.package_identification:_identify(ROS2_Test) by extension 'ignore_ament_install'
[0.996s] Level 1:colcon.colcon_core.package_identification:_identify(ROS2_Test) by extensions ['colcon_pkg']
[0.996s] Level 1:colcon.colcon_core.package_identification:_identify(ROS2_Test) by extension 'colcon_pkg'
[0.996s] Level 1:colcon.colcon_core.package_identification:_identify(ROS2_Test) by extensions ['colcon_meta']
[0.996s] Level 1:colcon.colcon_core.package_identification:_identify(ROS2_Test) by extension 'colcon_meta'
[0.996s] Level 1:colcon.colcon_core.package_identification:_identify(ROS2_Test) by extensions ['ros']
[0.996s] Level 1:colcon.colcon_core.package_identification:_identify(ROS2_Test) by extension 'ros'
[0.996s] Level 1:colcon.colcon_core.package_identification:_identify(ROS2_Test) by extensions ['cmake', 'python']
[0.996s] Level 1:colcon.colcon_core.package_identification:_identify(ROS2_Test) by extension 'cmake'
[0.996s] Level 1:colcon.colcon_core.package_identification:_identify(ROS2_Test) by extension 'python'
[0.996s] Level 1:colcon.colcon_core.package_identification:_identify(ROS2_Test) by extensions ['python_setup_py']
[0.996s] Level 1:colcon.colcon_core.package_identification:_identify(ROS2_Test) by extension 'python_setup_py'
[0.996s] Level 1:colcon.colcon_core.package_identification:_identify(build) by extensions ['ignore', 'ignore_ament_install']
[0.996s] Level 1:colcon.colcon_core.package_identification:_identify(build) by extension 'ignore'
[0.996s] Level 1:colcon.colcon_core.package_identification:_identify(build) ignored
[0.996s] Level 1:colcon.colcon_core.package_identification:_identify(install) by extensions ['ignore', 'ignore_ament_install']
[0.997s] Level 1:colcon.colcon_core.package_identification:_identify(install) by extension 'ignore'
[0.997s] Level 1:colcon.colcon_core.package_identification:_identify(install) ignored
[0.997s] Level 1:colcon.colcon_core.package_identification:_identify(log) by extensions ['ignore', 'ignore_ament_install']
[0.997s] Level 1:colcon.colcon_core.package_identification:_identify(log) by extension 'ignore'
[0.997s] Level 1:colcon.colcon_core.package_identification:_identify(log) ignored
[0.997s] Level 1:colcon.colcon_core.package_identification:_identify(src) by extensions ['ignore', 'ignore_ament_install']
[0.997s] Level 1:colcon.colcon_core.package_identification:_identify(src) by extension 'ignore'
[0.997s] Level 1:colcon.colcon_core.package_identification:_identify(src) by extension 'ignore_ament_install'
[0.997s] Level 1:colcon.colcon_core.package_identification:_identify(src) by extensions ['colcon_pkg']
[0.997s] Level 1:colcon.colcon_core.package_identification:_identify(src) by extension 'colcon_pkg'
[0.997s] Level 1:colcon.colcon_core.package_identification:_identify(src) by extensions ['colcon_meta']
[0.997s] Level 1:colcon.colcon_core.package_identification:_identify(src) by extension 'colcon_meta'
[0.997s] Level 1:colcon.colcon_core.package_identification:_identify(src) by extensions ['ros']
[0.997s] Level 1:colcon.colcon_core.package_identification:_identify(src) by extension 'ros'
[0.997s] Level 1:colcon.colcon_core.package_identification:_identify(src) by extensions ['cmake', 'python']
[0.997s] Level 1:colcon.colcon_core.package_identification:_identify(src) by extension 'cmake'
[0.997s] Level 1:colcon.colcon_core.package_identification:_identify(src) by extension 'python'
[0.997s] Level 1:colcon.colcon_core.package_identification:_identify(src) by extensions ['python_setup_py']
[0.997s] Level 1:colcon.colcon_core.package_identification:_identify(src) by extension 'python_setup_py'
[0.997s] Level 1:colcon.colcon_core.package_identification:_identify(src/acbba) by extensions ['ignore', 'ignore_ament_install']
[0.997s] Level 1:colcon.colcon_core.package_identification:_identify(src/acbba) by extension 'ignore'
[0.997s] Level 1:colcon.colcon_core.package_identification:_identify(src/acbba) by extension 'ignore_ament_install'
[0.998s] Level 1:colcon.colcon_core.package_identification:_identify(src/acbba) by extensions ['colcon_pkg']
[0.998s] Level 1:colcon.colcon_core.package_identification:_identify(src/acbba) by extension 'colcon_pkg'
[0.998s] Level 1:colcon.colcon_core.package_identification:_identify(src/acbba) by extensions ['colcon_meta']
[0.998s] Level 1:colcon.colcon_core.package_identification:_identify(src/acbba) by extension 'colcon_meta'
[0.998s] Level 1:colcon.colcon_core.package_identification:_identify(src/acbba) by extensions ['ros']
[0.998s] Level 1:colcon.colcon_core.package_identification:_identify(src/acbba) by extension 'ros'
[1.000s] DEBUG:colcon.colcon_core.package_identification:Package 'src/acbba' with type 'ros.ament_cmake' and name 'acbba'
[1.000s] Level 1:colcon.colcon_core.package_identification:_identify(src/auction) by extensions ['ignore', 'ignore_ament_install']
[1.000s] Level 1:colcon.colcon_core.package_identification:_identify(src/auction) by extension 'ignore'
[1.000s] Level 1:colcon.colcon_core.package_identification:_identify(src/auction) by extension 'ignore_ament_install'
[1.000s] Level 1:colcon.colcon_core.package_identification:_identify(src/auction) by extensions ['colcon_pkg']
[1.000s] Level 1:colcon.colcon_core.package_identification:_identify(src/auction) by extension 'colcon_pkg'
[1.000s] Level 1:colcon.colcon_core.package_identification:_identify(src/auction) by extensions ['colcon_meta']
[1.000s] Level 1:colcon.colcon_core.package_identification:_identify(src/auction) by extension 'colcon_meta'
[1.000s] Level 1:colcon.colcon_core.package_identification:_identify(src/auction) by extensions ['ros']
[1.000s] Level 1:colcon.colcon_core.package_identification:_identify(src/auction) by extension 'ros'
[1.001s] DEBUG:colcon.colcon_core.package_identification:Package 'src/auction' with type 'ros.ament_cmake' and name 'auction_node'
[1.001s] Level 1:colcon.colcon_core.package_identification:_identify(src/custom_interfaces) by extensions ['ignore', 'ignore_ament_install']
[1.001s] Level 1:colcon.colcon_core.package_identification:_identify(src/custom_interfaces) by extension 'ignore'
[1.001s] Level 1:colcon.colcon_core.package_identification:_identify(src/custom_interfaces) by extension 'ignore_ament_install'
[1.001s] Level 1:colcon.colcon_core.package_identification:_identify(src/custom_interfaces) by extensions ['colcon_pkg']
[1.001s] Level 1:colcon.colcon_core.package_identification:_identify(src/custom_interfaces) by extension 'colcon_pkg'
[1.001s] Level 1:colcon.colcon_core.package_identification:_identify(src/custom_interfaces) by extensions ['colcon_meta']
[1.001s] Level 1:colcon.colcon_core.package_identification:_identify(src/custom_interfaces) by extension 'colcon_meta'
[1.001s] Level 1:colcon.colcon_core.package_identification:_identify(src/custom_interfaces) by extensions ['ros']
[1.001s] Level 1:colcon.colcon_core.package_identification:_identify(src/custom_interfaces) by extension 'ros'
[1.002s] DEBUG:colcon.colcon_core.package_identification:Package 'src/custom_interfaces' with type 'ros.ament_cmake' and name 'custom_interfaces'
[1.002s] Level 1:colcon.colcon_core.package_identification:_identify(src/multi_agent_comm) by extensions ['ignore', 'ignore_ament_install']
[1.002s] Level 1:colcon.colcon_core.package_identification:_identify(src/multi_agent_comm) by extension 'ignore'
[1.002s] Level 1:colcon.colcon_core.package_identification:_identify(src/multi_agent_comm) by extension 'ignore_ament_install'
[1.002s] Level 1:colcon.colcon_core.package_identification:_identify(src/multi_agent_comm) by extensions ['colcon_pkg']
[1.002s] Level 1:colcon.colcon_core.package_identification:_identify(src/multi_agent_comm) by extension 'colcon_pkg'
[1.002s] Level 1:colcon.colcon_core.package_identification:_identify(src/multi_agent_comm) by extensions ['colcon_meta']
[1.002s] Level 1:colcon.colcon_core.package_identification:_identify(src/multi_agent_comm) by extension 'colcon_meta'
[1.002s] Level 1:colcon.colcon_core.package_identification:_identify(src/multi_agent_comm) by extensions ['ros']
[1.002s] Level 1:colcon.colcon_core.package_identification:_identify(src/multi_agent_comm) by extension 'ros'
[1.002s] DEBUG:colcon.colcon_core.package_identification:Package 'src/multi_agent_comm' with type 'ros.ament_cmake' and name 'multi_agent_comm'
[1.003s] Level 1:colcon.colcon_core.package_identification:_identify(src/srv_test) by extensions ['ignore', 'ignore_ament_install']
[1.003s] Level 1:colcon.colcon_core.package_identification:_identify(src/srv_test) by extension 'ignore'
[1.003s] Level 1:colcon.colcon_core.package_identification:_identify(src/srv_test) by extension 'ignore_ament_install'
[1.003s] Level 1:colcon.colcon_core.package_identification:_identify(src/srv_test) by extensions ['colcon_pkg']
[1.003s] Level 1:colcon.colcon_core.package_identification:_identify(src/srv_test) by extension 'colcon_pkg'
[1.003s] Level 1:colcon.colcon_core.package_identification:_identify(src/srv_test) by extensions ['colcon_meta']
[1.003s] Level 1:colcon.colcon_core.package_identification:_identify(src/srv_test) by extension 'colcon_meta'
[1.003s] Level 1:colcon.colcon_core.package_identification:_identify(src/srv_test) by extensions ['ros']
[1.003s] Level 1:colcon.colcon_core.package_identification:_identify(src/srv_test) by extension 'ros'
[1.003s] DEBUG:colcon.colcon_core.package_identification:Package 'src/srv_test' with type 'ros.ament_cmake' and name 'srv_test'
[1.003s] Level 1:colcon.colcon_core.package_discovery:discover_packages(recursive) using defaults
[1.003s] Level 1:colcon.colcon_core.package_discovery:discover_packages(ignore) discover
[1.003s] Level 1:colcon.colcon_core.package_discovery:discover_packages(ignore) using defaults
[1.003s] Level 1:colcon.colcon_core.package_discovery:discover_packages(path) discover
[1.004s] Level 1:colcon.colcon_core.package_discovery:discover_packages(path) using defaults
[1.086s] Level 1:colcon.colcon_core.package_discovery:discover_packages(prefix_path) check parameters
[1.086s] Level 1:colcon.colcon_core.package_discovery:discover_packages(prefix_path) discover
[1.116s] DEBUG:colcon.colcon_installed_package_information.package_discovery:Found 1 installed packages in /home/yong/ws_kari/install
[1.131s] DEBUG:colcon.colcon_installed_package_information.package_discovery:Found 291 installed packages in /opt/ros/humble
[1.132s] Level 1:colcon.colcon_core.package_discovery:discover_packages(prefix_path) using defaults
[1.200s] Level 5:colcon.colcon_core.verb:set package 'acbba' build argument 'cmake_args' from command line to 'None'
[1.200s] Level 5:colcon.colcon_core.verb:set package 'acbba' build argument 'cmake_target' from command line to 'None'
[1.200s] Level 5:colcon.colcon_core.verb:set package 'acbba' build argument 'cmake_target_skip_unavailable' from command line to 'False'
[1.201s] Level 5:colcon.colcon_core.verb:set package 'acbba' build argument 'cmake_clean_cache' from command line to 'False'
[1.201s] Level 5:colcon.colcon_core.verb:set package 'acbba' build argument 'cmake_clean_first' from command line to 'False'
[1.201s] Level 5:colcon.colcon_core.verb:set package 'acbba' build argument 'cmake_force_configure' from command line to 'False'
[1.201s] Level 5:colcon.colcon_core.verb:set package 'acbba' build argument 'ament_cmake_args' from command line to 'None'
[1.201s] Level 5:colcon.colcon_core.verb:set package 'acbba' build argument 'catkin_cmake_args' from command line to 'None'
[1.201s] Level 5:colcon.colcon_core.verb:set package 'acbba' build argument 'catkin_skip_building_tests' from command line to 'False'
[1.201s] DEBUG:colcon.colcon_core.verb:Building package 'acbba' with the following arguments: {'ament_cmake_args': None, 'build_base': '/home/yong/ws_kari/ROS2_Test/build/acbba', 'catkin_cmake_args': None, 'catkin_skip_building_tests': False, 'cmake_args': None, 'cmake_clean_cache': False, 'cmake_clean_first': False, 'cmake_force_configure': False, 'cmake_target': None, 'cmake_target_skip_unavailable': False, 'install_base': '/home/yong/ws_kari/ROS2_Test/install/acbba', 'merge_install': False, 'path': '/home/yong/ws_kari/ROS2_Test/src/acbba', 'symlink_install': False, 'test_result_base': None}
[1.213s] Level 5:colcon.colcon_core.verb:set package 'custom_interfaces' build argument 'cmake_args' from command line to 'None'
[1.213s] Level 5:colcon.colcon_core.verb:set package 'custom_interfaces' build argument 'cmake_target' from command line to 'None'
[1.213s] Level 5:colcon.colcon_core.verb:set package 'custom_interfaces' build argument 'cmake_target_skip_unavailable' from command line to 'False'
[1.213s] Level 5:colcon.colcon_core.verb:set package 'custom_interfaces' build argument 'cmake_clean_cache' from command line to 'False'
[1.213s] Level 5:colcon.colcon_core.verb:set package 'custom_interfaces' build argument 'cmake_clean_first' from command line to 'False'
[1.213s] Level 5:colcon.colcon_core.verb:set package 'custom_interfaces' build argument 'cmake_force_configure' from command line to 'False'
[1.214s] Level 5:colcon.colcon_core.verb:set package 'custom_interfaces' build argument 'ament_cmake_args' from command line to 'None'
[1.214s] Level 5:colcon.colcon_core.verb:set package 'custom_interfaces' build argument 'catkin_cmake_args' from command line to 'None'
[1.214s] Level 5:colcon.colcon_core.verb:set package 'custom_interfaces' build argument 'catkin_skip_building_tests' from command line to 'False'
[1.214s] DEBUG:colcon.colcon_core.verb:Building package 'custom_interfaces' with the following arguments: {'ament_cmake_args': None, 'build_base': '/home/yong/ws_kari/ROS2_Test/build/custom_interfaces', 'catkin_cmake_args': None, 'catkin_skip_building_tests': False, 'cmake_args': None, 'cmake_clean_cache': False, 'cmake_clean_first': False, 'cmake_force_configure': False, 'cmake_target': None, 'cmake_target_skip_unavailable': False, 'install_base': '/home/yong/ws_kari/ROS2_Test/install/custom_interfaces', 'merge_install': False, 'path': '/home/yong/ws_kari/ROS2_Test/src/custom_interfaces', 'symlink_install': False, 'test_result_base': None}
[1.227s] Level 5:colcon.colcon_core.verb:set package 'multi_agent_comm' build argument 'cmake_args' from command line to 'None'
[1.227s] Level 5:colcon.colcon_core.verb:set package 'multi_agent_comm' build argument 'cmake_target' from command line to 'None'
[1.227s] Level 5:colcon.colcon_core.verb:set package 'multi_agent_comm' build argument 'cmake_target_skip_unavailable' from command line to 'False'
[1.227s] Level 5:colcon.colcon_core.verb:set package 'multi_agent_comm' build argument 'cmake_clean_cache' from command line to 'False'
[1.227s] Level 5:colcon.colcon_core.verb:set package 'multi_agent_comm' build argument 'cmake_clean_first' from command line to 'False'
[1.227s] Level 5:colcon.colcon_core.verb:set package 'multi_agent_comm' build argument 'cmake_force_configure' from command line to 'False'
[1.227s] Level 5:colcon.colcon_core.verb:set package 'multi_agent_comm' build argument 'ament_cmake_args' from command line to 'None'
[1.227s] Level 5:colcon.colcon_core.verb:set package 'multi_agent_comm' build argument 'catkin_cmake_args' from command line to 'None'
[1.227s] Level 5:colcon.colcon_core.verb:set package 'multi_agent_comm' build argument 'catkin_skip_building_tests' from command line to 'False'
[1.227s] DEBUG:colcon.colcon_core.verb:Building package 'multi_agent_comm' with the following arguments: {'ament_cmake_args': None, 'build_base': '/home/yong/ws_kari/ROS2_Test/build/multi_agent_comm', 'catkin_cmake_args': None, 'catkin_skip_building_tests': False, 'cmake_args': None, 'cmake_clean_cache': False, 'cmake_clean_first': False, 'cmake_force_configure': False, 'cmake_target': None, 'cmake_target_skip_unavailable': False, 'install_base': '/home/yong/ws_kari/ROS2_Test/install/multi_agent_comm', 'merge_install': False, 'path': '/home/yong/ws_kari/ROS2_Test/src/multi_agent_comm', 'symlink_install': False, 'test_result_base': None}
[1.251s] Level 5:colcon.colcon_core.verb:set package 'auction_node' build argument 'cmake_args' from command line to 'None'
[1.251s] Level 5:colcon.colcon_core.verb:set package 'auction_node' build argument 'cmake_target' from command line to 'None'
[1.251s] Level 5:colcon.colcon_core.verb:set package 'auction_node' build argument 'cmake_target_skip_unavailable' from command line to 'False'
[1.251s] Level 5:colcon.colcon_core.verb:set package 'auction_node' build argument 'cmake_clean_cache' from command line to 'False'
[1.251s] Level 5:colcon.colcon_core.verb:set package 'auction_node' build argument 'cmake_clean_first' from command line to 'False'
[1.251s] Level 5:colcon.colcon_core.verb:set package 'auction_node' build argument 'cmake_force_configure' from command line to 'False'
[1.251s] Level 5:colcon.colcon_core.verb:set package 'auction_node' build argument 'ament_cmake_args' from command line to 'None'
[1.251s] Level 5:colcon.colcon_core.verb:set package 'auction_node' build argument 'catkin_cmake_args' from command line to 'None'
[1.251s] Level 5:colcon.colcon_core.verb:set package 'auction_node' build argument 'catkin_skip_building_tests' from command line to 'False'
[1.251s] DEBUG:colcon.colcon_core.verb:Building package 'auction_node' with the following arguments: {'ament_cmake_args': None, 'build_base': '/home/yong/ws_kari/ROS2_Test/build/auction_node', 'catkin_cmake_args': None, 'catkin_skip_building_tests': False, 'cmake_args': None, 'cmake_clean_cache': False, 'cmake_clean_first': False, 'cmake_force_configure': False, 'cmake_target': None, 'cmake_target_skip_unavailable': False, 'install_base': '/home/yong/ws_kari/ROS2_Test/install/auction_node', 'merge_install': False, 'path': '/home/yong/ws_kari/ROS2_Test/src/auction', 'symlink_install': False, 'test_result_base': None}
[1.264s] Level 5:colcon.colcon_core.verb:set package 'srv_test' build argument 'cmake_args' from command line to 'None'
[1.264s] Level 5:colcon.colcon_core.verb:set package 'srv_test' build argument 'cmake_target' from command line to 'None'
[1.264s] Level 5:colcon.colcon_core.verb:set package 'srv_test' build argument 'cmake_target_skip_unavailable' from command line to 'False'
[1.264s] Level 5:colcon.colcon_core.verb:set package 'srv_test' build argument 'cmake_clean_cache' from command line to 'False'
[1.264s] Level 5:colcon.colcon_core.verb:set package 'srv_test' build argument 'cmake_clean_first' from command line to 'False'
[1.264s] Level 5:colcon.colcon_core.verb:set package 'srv_test' build argument 'cmake_force_configure' from command line to 'False'
[1.264s] Level 5:colcon.colcon_core.verb:set package 'srv_test' build argument 'ament_cmake_args' from command line to 'None'
[1.264s] Level 5:colcon.colcon_core.verb:set package 'srv_test' build argument 'catkin_cmake_args' from command line to 'None'
[1.264s] Level 5:colcon.colcon_core.verb:set package 'srv_test' build argument 'catkin_skip_building_tests' from command line to 'False'
[1.264s] DEBUG:colcon.colcon_core.verb:Building package 'srv_test' with the following arguments: {'ament_cmake_args': None, 'build_base': '/home/yong/ws_kari/ROS2_Test/build/srv_test', 'catkin_cmake_args': None, 'catkin_skip_building_tests': False, 'cmake_args': None, 'cmake_clean_cache': False, 'cmake_clean_first': False, 'cmake_force_configure': False, 'cmake_target': None, 'cmake_target_skip_unavailable': False, 'install_base': '/home/yong/ws_kari/ROS2_Test/install/srv_test', 'merge_install': False, 'path': '/home/yong/ws_kari/ROS2_Test/src/srv_test', 'symlink_install': False, 'test_result_base': None}
[1.277s] INFO:colcon.colcon_core.executor:Executing jobs using 'parallel' executor
[1.291s] DEBUG:colcon.colcon_parallel_executor.executor.parallel:run_until_complete
[1.291s] INFO:colcon.colcon_ros.task.ament_cmake.build:Building ROS package in '/home/yong/ws_kari/ROS2_Test/src/custom_interfaces' with build type 'ament_cmake'
[1.291s] INFO:colcon.colcon_cmake.task.cmake.build:Building CMake package in '/home/yong/ws_kari/ROS2_Test/src/custom_interfaces'
[1.310s] INFO:colcon.colcon_core.plugin_system:Skipping extension 'colcon_core.shell.bat': Not used on non-Windows systems
[1.310s] INFO:colcon.colcon_core.shell:Skip shell extension 'powershell' for command environment: Not usable outside of PowerShell
[1.310s] DEBUG:colcon.colcon_core.shell:Skip shell extension 'dsv' for command environment
[1.352s] INFO:colcon.colcon_ros.task.ament_cmake.build:Building ROS package in '/home/yong/ws_kari/ROS2_Test/src/acbba' with build type 'ament_cmake'
[1.352s] INFO:colcon.colcon_cmake.task.cmake.build:Building CMake package in '/home/yong/ws_kari/ROS2_Test/src/acbba'
[1.365s] INFO:colcon.colcon_core.shell:Skip shell extension 'powershell' for command environment: Not usable outside of PowerShell
[1.365s] DEBUG:colcon.colcon_core.shell:Skip shell extension 'dsv' for command environment
[1.407s] INFO:colcon.colcon_ros.task.ament_cmake.build:Building ROS package in '/home/yong/ws_kari/ROS2_Test/src/multi_agent_comm' with build type 'ament_cmake'
[1.407s] INFO:colcon.colcon_cmake.task.cmake.build:Building CMake package in '/home/yong/ws_kari/ROS2_Test/src/multi_agent_comm'
[1.420s] INFO:colcon.colcon_core.shell:Skip shell extension 'powershell' for command environment: Not usable outside of PowerShell
[1.420s] DEBUG:colcon.colcon_core.shell:Skip shell extension 'dsv' for command environment
[1.468s] DEBUG:colcon.colcon_core.event_handler.log_command:Invoking command in '/home/yong/ws_kari/ROS2_Test/build/custom_interfaces': CMAKE_PREFIX_PATH=${CMAKE_PREFIX_PATH}:/opt/ros/humble /usr/bin/cmake --build /home/yong/ws_kari/ROS2_Test/build/custom_interfaces -- -j16 -l16
[1.471s] DEBUG:colcon.colcon_core.event_handler.log_command:Invoking command in '/home/yong/ws_kari/ROS2_Test/build/acbba': CMAKE_PREFIX_PATH=${CMAKE_PREFIX_PATH}:/opt/ros/humble /usr/bin/cmake --build /home/yong/ws_kari/ROS2_Test/build/acbba -- -j16 -l16
[1.475s] DEBUG:colcon.colcon_core.event_handler.log_command:Invoking command in '/home/yong/ws_kari/ROS2_Test/build/multi_agent_comm': CMAKE_PREFIX_PATH=${CMAKE_PREFIX_PATH}:/opt/ros/humble /usr/bin/cmake --build /home/yong/ws_kari/ROS2_Test/build/multi_agent_comm -- -j16 -l16
[1.511s] DEBUG:colcon.colcon_core.event_handler.log_command:Invoked command in '/home/yong/ws_kari/ROS2_Test/build/acbba' returned '0': CMAKE_PREFIX_PATH=${CMAKE_PREFIX_PATH}:/opt/ros/humble /usr/bin/cmake --build /home/yong/ws_kari/ROS2_Test/build/acbba -- -j16 -l16
[1.597s] DEBUG:colcon.colcon_core.event_handler.log_command:Invoking command in '/home/yong/ws_kari/ROS2_Test/build/acbba': CMAKE_PREFIX_PATH=${CMAKE_PREFIX_PATH}:/opt/ros/humble /usr/bin/cmake --install /home/yong/ws_kari/ROS2_Test/build/acbba
[1.611s] Level 1:colcon.colcon_core.environment:create_environment_scripts_only(acbba)
[1.612s] DEBUG:colcon.colcon_core.event_handler.log_command:Invoked command in '/home/yong/ws_kari/ROS2_Test/build/acbba' returned '0': CMAKE_PREFIX_PATH=${CMAKE_PREFIX_PATH}:/opt/ros/humble /usr/bin/cmake --install /home/yong/ws_kari/ROS2_Test/build/acbba
[1.638s] Level 1:colcon.colcon_core.environment:checking '/home/yong/ws_kari/ROS2_Test/install/acbba' for CMake module files
[1.639s] Level 1:colcon.colcon_core.environment:checking '/home/yong/ws_kari/ROS2_Test/install/acbba' for CMake config files
[1.639s] Level 1:colcon.colcon_core.shell:create_environment_hook('acbba', 'cmake_prefix_path')
[1.661s] INFO:colcon.colcon_core.shell:Creating environment hook '/home/yong/ws_kari/ROS2_Test/install/acbba/share/acbba/hook/cmake_prefix_path.ps1'
[1.662s] INFO:colcon.colcon_core.shell:Creating environment descriptor '/home/yong/ws_kari/ROS2_Test/install/acbba/share/acbba/hook/cmake_prefix_path.dsv'
[1.663s] INFO:colcon.colcon_core.shell:Creating environment hook '/home/yong/ws_kari/ROS2_Test/install/acbba/share/acbba/hook/cmake_prefix_path.sh'
[1.664s] Level 1:colcon.colcon_core.environment:checking '/home/yong/ws_kari/ROS2_Test/install/acbba/bin'
[1.664s] Level 1:colcon.colcon_core.environment:checking '/home/yong/ws_kari/ROS2_Test/install/acbba/lib/pkgconfig/acbba.pc'
[1.664s] Level 1:colcon.colcon_core.environment:checking '/home/yong/ws_kari/ROS2_Test/install/acbba/lib/python3.10/site-packages'
[1.664s] Level 1:colcon.colcon_core.environment:checking '/home/yong/ws_kari/ROS2_Test/install/acbba/bin'
[1.680s] INFO:colcon.colcon_core.shell:Creating package script '/home/yong/ws_kari/ROS2_Test/install/acbba/share/acbba/package.ps1'
[1.680s] INFO:colcon.colcon_core.shell:Creating package descriptor '/home/yong/ws_kari/ROS2_Test/install/acbba/share/acbba/package.dsv'
[1.681s] INFO:colcon.colcon_core.shell:Creating package script '/home/yong/ws_kari/ROS2_Test/install/acbba/share/acbba/package.sh'
[1.681s] INFO:colcon.colcon_core.shell:Creating package script '/home/yong/ws_kari/ROS2_Test/install/acbba/share/acbba/package.bash'
[1.682s] INFO:colcon.colcon_core.shell:Creating package script '/home/yong/ws_kari/ROS2_Test/install/acbba/share/acbba/package.zsh'
[1.683s] Level 1:colcon.colcon_core.environment:create_file_with_runtime_dependencies(/home/yong/ws_kari/ROS2_Test/install/acbba/share/colcon-core/packages/acbba)
[1.732s] Level 1:colcon.colcon_core.environment:create_environment_scripts_only(acbba)
[1.746s] Level 1:colcon.colcon_core.environment:checking '/home/yong/ws_kari/ROS2_Test/install/acbba' for CMake module files
[1.746s] Level 1:colcon.colcon_core.environment:checking '/home/yong/ws_kari/ROS2_Test/install/acbba' for CMake config files
[1.746s] Level 1:colcon.colcon_core.shell:create_environment_hook('acbba', 'cmake_prefix_path')
[1.760s] INFO:colcon.colcon_core.shell:Creating environment hook '/home/yong/ws_kari/ROS2_Test/install/acbba/share/acbba/hook/cmake_prefix_path.ps1'
[1.761s] INFO:colcon.colcon_core.shell:Creating environment descriptor '/home/yong/ws_kari/ROS2_Test/install/acbba/share/acbba/hook/cmake_prefix_path.dsv'
[1.761s] INFO:colcon.colcon_core.shell:Creating environment hook '/home/yong/ws_kari/ROS2_Test/install/acbba/share/acbba/hook/cmake_prefix_path.sh'
[1.762s] Level 1:colcon.colcon_core.environment:checking '/home/yong/ws_kari/ROS2_Test/install/acbba/bin'
[1.762s] Level 1:colcon.colcon_core.environment:checking '/home/yong/ws_kari/ROS2_Test/install/acbba/lib/pkgconfig/acbba.pc'
[1.762s] Level 1:colcon.colcon_core.environment:checking '/home/yong/ws_kari/ROS2_Test/install/acbba/lib/python3.10/site-packages'
[1.762s] Level 1:colcon.colcon_core.environment:checking '/home/yong/ws_kari/ROS2_Test/install/acbba/bin'
[1.775s] INFO:colcon.colcon_core.shell:Creating package script '/home/yong/ws_kari/ROS2_Test/install/acbba/share/acbba/package.ps1'
[1.776s] INFO:colcon.colcon_core.shell:Creating package descriptor '/home/yong/ws_kari/ROS2_Test/install/acbba/share/acbba/package.dsv'
[1.777s] INFO:colcon.colcon_core.shell:Creating package script '/home/yong/ws_kari/ROS2_Test/install/acbba/share/acbba/package.sh'
[1.777s] INFO:colcon.colcon_core.shell:Creating package script '/home/yong/ws_kari/ROS2_Test/install/acbba/share/acbba/package.bash'
[1.777s] INFO:colcon.colcon_core.shell:Creating package script '/home/yong/ws_kari/ROS2_Test/install/acbba/share/acbba/package.zsh'
[1.778s] Level 1:colcon.colcon_core.environment:create_file_with_runtime_dependencies(/home/yong/ws_kari/ROS2_Test/install/acbba/share/colcon-core/packages/acbba)
[1.888s] DEBUG:colcon.colcon_core.event_handler.log_command:Invoked command in '/home/yong/ws_kari/ROS2_Test/build/multi_agent_comm' returned '0': CMAKE_PREFIX_PATH=${CMAKE_PREFIX_PATH}:/opt/ros/humble /usr/bin/cmake --build /home/yong/ws_kari/ROS2_Test/build/multi_agent_comm -- -j16 -l16
[1.915s] DEBUG:colcon.colcon_core.event_handler.log_command:Invoked command in '/home/yong/ws_kari/ROS2_Test/build/custom_interfaces' returned '0': CMAKE_PREFIX_PATH=${CMAKE_PREFIX_PATH}:/opt/ros/humble /usr/bin/cmake --build /home/yong/ws_kari/ROS2_Test/build/custom_interfaces -- -j16 -l16
[1.969s] DEBUG:colcon.colcon_core.event_handler.log_command:Invoking command in '/home/yong/ws_kari/ROS2_Test/build/multi_agent_comm': CMAKE_PREFIX_PATH=${CMAKE_PREFIX_PATH}:/opt/ros/humble /usr/bin/cmake --install /home/yong/ws_kari/ROS2_Test/build/multi_agent_comm
[2.022s] Level 1:colcon.colcon_core.environment:create_environment_scripts_only(multi_agent_comm)
[2.023s] DEBUG:colcon.colcon_core.event_handler.log_command:Invoked command in '/home/yong/ws_kari/ROS2_Test/build/multi_agent_comm' returned '0': CMAKE_PREFIX_PATH=${CMAKE_PREFIX_PATH}:/opt/ros/humble /usr/bin/cmake --install /home/yong/ws_kari/ROS2_Test/build/multi_agent_comm
[2.037s] Level 1:colcon.colcon_core.environment:checking '/home/yong/ws_kari/ROS2_Test/install/multi_agent_comm' for CMake module files
[2.037s] Level 1:colcon.colcon_core.environment:checking '/home/yong/ws_kari/ROS2_Test/install/multi_agent_comm' for CMake config files
[2.038s] Level 1:colcon.colcon_core.shell:create_environment_hook('multi_agent_comm', 'cmake_prefix_path')
[2.051s] INFO:colcon.colcon_core.shell:Creating environment hook '/home/yong/ws_kari/ROS2_Test/install/multi_agent_comm/share/multi_agent_comm/hook/cmake_prefix_path.ps1'
[2.052s] INFO:colcon.colcon_core.shell:Creating environment descriptor '/home/yong/ws_kari/ROS2_Test/install/multi_agent_comm/share/multi_agent_comm/hook/cmake_prefix_path.dsv'
[2.052s] INFO:colcon.colcon_core.shell:Creating environment hook '/home/yong/ws_kari/ROS2_Test/install/multi_agent_comm/share/multi_agent_comm/hook/cmake_prefix_path.sh'
[2.052s] Level 1:colcon.colcon_core.environment:checking '/home/yong/ws_kari/ROS2_Test/install/multi_agent_comm/lib'
[2.053s] Level 1:colcon.colcon_core.shell:create_environment_hook('multi_agent_comm', 'ld_library_path_lib')
[2.066s] INFO:colcon.colcon_core.shell:Creating environment hook '/home/yong/ws_kari/ROS2_Test/install/multi_agent_comm/share/multi_agent_comm/hook/ld_library_path_lib.ps1'
[2.066s] INFO:colcon.colcon_core.shell:Creating environment descriptor '/home/yong/ws_kari/ROS2_Test/install/multi_agent_comm/share/multi_agent_comm/hook/ld_library_path_lib.dsv'
[2.067s] INFO:colcon.colcon_core.shell:Creating environment hook '/home/yong/ws_kari/ROS2_Test/install/multi_agent_comm/share/multi_agent_comm/hook/ld_library_path_lib.sh'
[2.067s] Level 1:colcon.colcon_core.environment:checking '/home/yong/ws_kari/ROS2_Test/install/multi_agent_comm/bin'
[2.067s] Level 1:colcon.colcon_core.environment:checking '/home/yong/ws_kari/ROS2_Test/install/multi_agent_comm/lib/pkgconfig/multi_agent_comm.pc'
[2.067s] Level 1:colcon.colcon_core.environment:checking '/home/yong/ws_kari/ROS2_Test/install/multi_agent_comm/lib/python3.10/site-packages'
[2.067s] Level 1:colcon.colcon_core.environment:checking '/home/yong/ws_kari/ROS2_Test/install/multi_agent_comm/bin'
[2.081s] INFO:colcon.colcon_core.shell:Creating package script '/home/yong/ws_kari/ROS2_Test/install/multi_agent_comm/share/multi_agent_comm/package.ps1'
[2.081s] INFO:colcon.colcon_core.shell:Creating package descriptor '/home/yong/ws_kari/ROS2_Test/install/multi_agent_comm/share/multi_agent_comm/package.dsv'
[2.082s] INFO:colcon.colcon_core.shell:Creating package script '/home/yong/ws_kari/ROS2_Test/install/multi_agent_comm/share/multi_agent_comm/package.sh'
[2.082s] INFO:colcon.colcon_core.shell:Creating package script '/home/yong/ws_kari/ROS2_Test/install/multi_agent_comm/share/multi_agent_comm/package.bash'
[2.082s] INFO:colcon.colcon_core.shell:Creating package script '/home/yong/ws_kari/ROS2_Test/install/multi_agent_comm/share/multi_agent_comm/package.zsh'
[2.082s] Level 1:colcon.colcon_core.environment:create_file_with_runtime_dependencies(/home/yong/ws_kari/ROS2_Test/install/multi_agent_comm/share/colcon-core/packages/multi_agent_comm)
[2.085s] DEBUG:colcon.colcon_core.event_handler.log_command:Invoking command in '/home/yong/ws_kari/ROS2_Test/build/custom_interfaces': CMAKE_PREFIX_PATH=${CMAKE_PREFIX_PATH}:/opt/ros/humble /usr/bin/cmake --install /home/yong/ws_kari/ROS2_Test/build/custom_interfaces
[2.140s] Level 1:colcon.colcon_core.environment:create_environment_scripts_only(custom_interfaces)
[2.140s] DEBUG:colcon.colcon_core.event_handler.log_command:Invoked command in '/home/yong/ws_kari/ROS2_Test/build/custom_interfaces' returned '0': CMAKE_PREFIX_PATH=${CMAKE_PREFIX_PATH}:/opt/ros/humble /usr/bin/cmake --install /home/yong/ws_kari/ROS2_Test/build/custom_interfaces
[2.153s] Level 1:colcon.colcon_core.environment:checking '/home/yong/ws_kari/ROS2_Test/install/custom_interfaces' for CMake module files
[2.154s] Level 1:colcon.colcon_core.environment:checking '/home/yong/ws_kari/ROS2_Test/install/custom_interfaces' for CMake config files
[2.155s] Level 1:colcon.colcon_core.shell:create_environment_hook('custom_interfaces', 'cmake_prefix_path')
[2.168s] INFO:colcon.colcon_core.shell:Creating environment hook '/home/yong/ws_kari/ROS2_Test/install/custom_interfaces/share/custom_interfaces/hook/cmake_prefix_path.ps1'
[2.168s] INFO:colcon.colcon_core.shell:Creating environment descriptor '/home/yong/ws_kari/ROS2_Test/install/custom_interfaces/share/custom_interfaces/hook/cmake_prefix_path.dsv'
[2.168s] INFO:colcon.colcon_core.shell:Creating environment hook '/home/yong/ws_kari/ROS2_Test/install/custom_interfaces/share/custom_interfaces/hook/cmake_prefix_path.sh'
[2.169s] Level 1:colcon.colcon_core.environment:checking '/home/yong/ws_kari/ROS2_Test/install/custom_interfaces/lib'
[2.169s] Level 1:colcon.colcon_core.shell:create_environment_hook('custom_interfaces', 'ld_library_path_lib')
[2.183s] INFO:colcon.colcon_core.shell:Creating environment hook '/home/yong/ws_kari/ROS2_Test/install/custom_interfaces/share/custom_interfaces/hook/ld_library_path_lib.ps1'
[2.183s] INFO:colcon.colcon_core.shell:Creating environment descriptor '/home/yong/ws_kari/ROS2_Test/install/custom_interfaces/share/custom_interfaces/hook/ld_library_path_lib.dsv'
[2.183s] INFO:colcon.colcon_core.shell:Creating environment hook '/home/yong/ws_kari/ROS2_Test/install/custom_interfaces/share/custom_interfaces/hook/ld_library_path_lib.sh'
[2.183s] Level 1:colcon.colcon_core.environment:checking '/home/yong/ws_kari/ROS2_Test/install/custom_interfaces/bin'
[2.184s] Level 1:colcon.colcon_core.environment:checking '/home/yong/ws_kari/ROS2_Test/install/custom_interfaces/lib/pkgconfig/custom_interfaces.pc'
[2.184s] Level 1:colcon.colcon_core.environment:checking '/home/yong/ws_kari/ROS2_Test/install/custom_interfaces/lib/python3.10/site-packages'
[2.184s] Level 1:colcon.colcon_core.environment:checking '/home/yong/ws_kari/ROS2_Test/install/custom_interfaces/bin'
[2.197s] INFO:colcon.colcon_core.shell:Creating package script '/home/yong/ws_kari/ROS2_Test/install/custom_interfaces/share/custom_interfaces/package.ps1'
[2.198s] INFO:colcon.colcon_core.shell:Creating package descriptor '/home/yong/ws_kari/ROS2_Test/install/custom_interfaces/share/custom_interfaces/package.dsv'
[2.198s] INFO:colcon.colcon_core.shell:Creating package script '/home/yong/ws_kari/ROS2_Test/install/custom_interfaces/share/custom_interfaces/package.sh'
[2.198s] INFO:colcon.colcon_core.shell:Creating package script '/home/yong/ws_kari/ROS2_Test/install/custom_interfaces/share/custom_interfaces/package.bash'
[2.199s] INFO:colcon.colcon_core.shell:Creating package script '/home/yong/ws_kari/ROS2_Test/install/custom_interfaces/share/custom_interfaces/package.zsh'
[2.199s] Level 1:colcon.colcon_core.environment:create_file_with_runtime_dependencies(/home/yong/ws_kari/ROS2_Test/install/custom_interfaces/share/colcon-core/packages/custom_interfaces)
[2.214s] Level 1:colcon.colcon_core.environment:create_environment_scripts_only(multi_agent_comm)
[2.227s] Level 1:colcon.colcon_core.environment:checking '/home/yong/ws_kari/ROS2_Test/install/multi_agent_comm' for CMake module files
[2.228s] Level 1:colcon.colcon_core.environment:checking '/home/yong/ws_kari/ROS2_Test/install/multi_agent_comm' for CMake config files
[2.229s] Level 1:colcon.colcon_core.shell:create_environment_hook('multi_agent_comm', 'cmake_prefix_path')
[2.242s] INFO:colcon.colcon_core.shell:Creating environment hook '/home/yong/ws_kari/ROS2_Test/install/multi_agent_comm/share/multi_agent_comm/hook/cmake_prefix_path.ps1'
[2.242s] INFO:colcon.colcon_core.shell:Creating environment descriptor '/home/yong/ws_kari/ROS2_Test/install/multi_agent_comm/share/multi_agent_comm/hook/cmake_prefix_path.dsv'
[2.243s] INFO:colcon.colcon_core.shell:Creating environment hook '/home/yong/ws_kari/ROS2_Test/install/multi_agent_comm/share/multi_agent_comm/hook/cmake_prefix_path.sh'
[2.243s] Level 1:colcon.colcon_core.environment:checking '/home/yong/ws_kari/ROS2_Test/install/multi_agent_comm/lib'
[2.243s] Level 1:colcon.colcon_core.shell:create_environment_hook('multi_agent_comm', 'ld_library_path_lib')
[2.257s] INFO:colcon.colcon_core.shell:Creating environment hook '/home/yong/ws_kari/ROS2_Test/install/multi_agent_comm/share/multi_agent_comm/hook/ld_library_path_lib.ps1'
[2.257s] INFO:colcon.colcon_core.shell:Creating environment descriptor '/home/yong/ws_kari/ROS2_Test/install/multi_agent_comm/share/multi_agent_comm/hook/ld_library_path_lib.dsv'
[2.258s] INFO:colcon.colcon_core.shell:Creating environment hook '/home/yong/ws_kari/ROS2_Test/install/multi_agent_comm/share/multi_agent_comm/hook/ld_library_path_lib.sh'
[2.258s] Level 1:colcon.colcon_core.environment:checking '/home/yong/ws_kari/ROS2_Test/install/multi_agent_comm/bin'
[2.258s] Level 1:colcon.colcon_core.environment:checking '/home/yong/ws_kari/ROS2_Test/install/multi_agent_comm/lib/pkgconfig/multi_agent_comm.pc'
[2.258s] Level 1:colcon.colcon_core.environment:checking '/home/yong/ws_kari/ROS2_Test/install/multi_agent_comm/lib/python3.10/site-packages'
[2.258s] Level 1:colcon.colcon_core.environment:checking '/home/yong/ws_kari/ROS2_Test/install/multi_agent_comm/bin'
[2.272s] INFO:colcon.colcon_core.shell:Creating package script '/home/yong/ws_kari/ROS2_Test/install/multi_agent_comm/share/multi_agent_comm/package.ps1'
[2.272s] INFO:colcon.colcon_core.shell:Creating package descriptor '/home/yong/ws_kari/ROS2_Test/install/multi_agent_comm/share/multi_agent_comm/package.dsv'
[2.273s] INFO:colcon.colcon_core.shell:Creating package script '/home/yong/ws_kari/ROS2_Test/install/multi_agent_comm/share/multi_agent_comm/package.sh'
[2.273s] INFO:colcon.colcon_core.shell:Creating package script '/home/yong/ws_kari/ROS2_Test/install/multi_agent_comm/share/multi_agent_comm/package.bash'
[2.273s] INFO:colcon.colcon_core.shell:Creating package script '/home/yong/ws_kari/ROS2_Test/install/multi_agent_comm/share/multi_agent_comm/package.zsh'
[2.273s] Level 1:colcon.colcon_core.environment:create_file_with_runtime_dependencies(/home/yong/ws_kari/ROS2_Test/install/multi_agent_comm/share/colcon-core/packages/multi_agent_comm)
[2.365s] Level 1:colcon.colcon_core.environment:create_environment_scripts_only(custom_interfaces)
[2.377s] Level 1:colcon.colcon_core.environment:checking '/home/yong/ws_kari/ROS2_Test/install/custom_interfaces' for CMake module files
[2.378s] Level 1:colcon.colcon_core.environment:checking '/home/yong/ws_kari/ROS2_Test/install/custom_interfaces' for CMake config files
[2.379s] Level 1:colcon.colcon_core.shell:create_environment_hook('custom_interfaces', 'cmake_prefix_path')
[2.392s] INFO:colcon.colcon_core.shell:Creating environment hook '/home/yong/ws_kari/ROS2_Test/install/custom_interfaces/share/custom_interfaces/hook/cmake_prefix_path.ps1'
[2.392s] INFO:colcon.colcon_core.shell:Creating environment descriptor '/home/yong/ws_kari/ROS2_Test/install/custom_interfaces/share/custom_interfaces/hook/cmake_prefix_path.dsv'
[2.393s] INFO:colcon.colcon_core.shell:Creating environment hook '/home/yong/ws_kari/ROS2_Test/install/custom_interfaces/share/custom_interfaces/hook/cmake_prefix_path.sh'
[2.393s] Level 1:colcon.colcon_core.environment:checking '/home/yong/ws_kari/ROS2_Test/install/custom_interfaces/lib'
[2.393s] Level 1:colcon.colcon_core.shell:create_environment_hook('custom_interfaces', 'ld_library_path_lib')
[2.407s] INFO:colcon.colcon_core.shell:Creating environment hook '/home/yong/ws_kari/ROS2_Test/install/custom_interfaces/share/custom_interfaces/hook/ld_library_path_lib.ps1'
[2.407s] INFO:colcon.colcon_core.shell:Creating environment descriptor '/home/yong/ws_kari/ROS2_Test/install/custom_interfaces/share/custom_interfaces/hook/ld_library_path_lib.dsv'
[2.407s] INFO:colcon.colcon_core.shell:Creating environment hook '/home/yong/ws_kari/ROS2_Test/install/custom_interfaces/share/custom_interfaces/hook/ld_library_path_lib.sh'
[2.408s] Level 1:colcon.colcon_core.environment:checking '/home/yong/ws_kari/ROS2_Test/install/custom_interfaces/bin'
[2.408s] Level 1:colcon.colcon_core.environment:checking '/home/yong/ws_kari/ROS2_Test/install/custom_interfaces/lib/pkgconfig/custom_interfaces.pc'
[2.408s] Level 1:colcon.colcon_core.environment:checking '/home/yong/ws_kari/ROS2_Test/install/custom_interfaces/lib/python3.10/site-packages'
[2.408s] Level 1:colcon.colcon_core.environment:checking '/home/yong/ws_kari/ROS2_Test/install/custom_interfaces/bin'
[2.422s] INFO:colcon.colcon_core.shell:Creating package script '/home/yong/ws_kari/ROS2_Test/install/custom_interfaces/share/custom_interfaces/package.ps1'
[2.423s] INFO:colcon.colcon_core.shell:Creating package descriptor '/home/yong/ws_kari/ROS2_Test/install/custom_interfaces/share/custom_interfaces/package.dsv'
[2.424s] INFO:colcon.colcon_core.shell:Creating package script '/home/yong/ws_kari/ROS2_Test/install/custom_interfaces/share/custom_interfaces/package.sh'
[2.424s] INFO:colcon.colcon_core.shell:Creating package script '/home/yong/ws_kari/ROS2_Test/install/custom_interfaces/share/custom_interfaces/package.bash'
[2.425s] INFO:colcon.colcon_core.shell:Creating package script '/home/yong/ws_kari/ROS2_Test/install/custom_interfaces/share/custom_interfaces/package.zsh'
[2.425s] Level 1:colcon.colcon_core.environment:create_file_with_runtime_dependencies(/home/yong/ws_kari/ROS2_Test/install/custom_interfaces/share/colcon-core/packages/custom_interfaces)
[2.426s] INFO:colcon.colcon_ros.task.ament_cmake.build:Building ROS package in '/home/yong/ws_kari/ROS2_Test/src/auction' with build type 'ament_cmake'
[2.426s] INFO:colcon.colcon_cmake.task.cmake.build:Building CMake package in '/home/yong/ws_kari/ROS2_Test/src/auction'
[2.440s] INFO:colcon.colcon_core.shell:Skip shell extension 'powershell' for command environment: Not usable outside of PowerShell
[2.440s] DEBUG:colcon.colcon_core.shell:Skip shell extension 'dsv' for command environment
[2.482s] INFO:colcon.colcon_ros.task.ament_cmake.build:Building ROS package in '/home/yong/ws_kari/ROS2_Test/src/srv_test' with build type 'ament_cmake'
[2.482s] INFO:colcon.colcon_cmake.task.cmake.build:Building CMake package in '/home/yong/ws_kari/ROS2_Test/src/srv_test'
[2.496s] INFO:colcon.colcon_core.shell:Skip shell extension 'powershell' for command environment: Not usable outside of PowerShell
[2.496s] DEBUG:colcon.colcon_core.shell:Skip shell extension 'dsv' for command environment
[2.552s] DEBUG:colcon.colcon_core.event_handler.log_command:Invoking command in '/home/yong/ws_kari/ROS2_Test/build/auction_node': AMENT_PREFIX_PATH=/home/yong/ws_kari/ROS2_Test/install/custom_interfaces:${AMENT_PREFIX_PATH} CMAKE_PREFIX_PATH=/home/yong/ws_kari/ROS2_Test/install/custom_interfaces:/home/yong/ws_kari/install/project_dma_2024:/opt/ros/humble LD_LIBRARY_PATH=/home/yong/ws_kari/ROS2_Test/install/custom_interfaces/lib:${LD_LIBRARY_PATH} PYTHONPATH=/home/yong/ws_kari/ROS2_Test/install/custom_interfaces/local/lib/python3.10/dist-packages:${PYTHONPATH} /usr/bin/cmake --build /home/yong/ws_kari/ROS2_Test/build/auction_node -- -j16 -l16
[2.555s] DEBUG:colcon.colcon_core.event_handler.log_command:Invoking command in '/home/yong/ws_kari/ROS2_Test/build/srv_test': AMENT_PREFIX_PATH=/home/yong/ws_kari/ROS2_Test/install/custom_interfaces:${AMENT_PREFIX_PATH} CMAKE_PREFIX_PATH=/home/yong/ws_kari/ROS2_Test/install/custom_interfaces:/home/yong/ws_kari/install/project_dma_2024:/opt/ros/humble LD_LIBRARY_PATH=/home/yong/ws_kari/ROS2_Test/install/custom_interfaces/lib:${LD_LIBRARY_PATH} PYTHONPATH=/home/yong/ws_kari/ROS2_Test/install/custom_interfaces/local/lib/python3.10/dist-packages:${PYTHONPATH} /usr/bin/cmake --build /home/yong/ws_kari/ROS2_Test/build/srv_test -- -j16 -l16
[2.638s] DEBUG:colcon.colcon_core.event_handler.log_command:Invoked command in '/home/yong/ws_kari/ROS2_Test/build/srv_test' returned '0': AMENT_PREFIX_PATH=/home/yong/ws_kari/ROS2_Test/install/custom_interfaces:${AMENT_PREFIX_PATH} CMAKE_PREFIX_PATH=/home/yong/ws_kari/ROS2_Test/install/custom_interfaces:/home/yong/ws_kari/install/project_dma_2024:/opt/ros/humble LD_LIBRARY_PATH=/home/yong/ws_kari/ROS2_Test/install/custom_interfaces/lib:${LD_LIBRARY_PATH} PYTHONPATH=/home/yong/ws_kari/ROS2_Test/install/custom_interfaces/local/lib/python3.10/dist-packages:${PYTHONPATH} /usr/bin/cmake --build /home/yong/ws_kari/ROS2_Test/build/srv_test -- -j16 -l16
[2.673s] DEBUG:colcon.colcon_core.event_handler.log_command:Invoking command in '/home/yong/ws_kari/ROS2_Test/build/srv_test': AMENT_PREFIX_PATH=/home/yong/ws_kari/ROS2_Test/install/custom_interfaces:${AMENT_PREFIX_PATH} CMAKE_PREFIX_PATH=/home/yong/ws_kari/ROS2_Test/install/custom_interfaces:/home/yong/ws_kari/install/project_dma_2024:/opt/ros/humble LD_LIBRARY_PATH=/home/yong/ws_kari/ROS2_Test/install/custom_interfaces/lib:${LD_LIBRARY_PATH} PYTHONPATH=/home/yong/ws_kari/ROS2_Test/install/custom_interfaces/local/lib/python3.10/dist-packages:${PYTHONPATH} /usr/bin/cmake --install /home/yong/ws_kari/ROS2_Test/build/srv_test
[2.705s] Level 1:colcon.colcon_core.environment:create_environment_scripts_only(srv_test)
[2.705s] DEBUG:colcon.colcon_core.event_handler.log_command:Invoked command in '/home/yong/ws_kari/ROS2_Test/build/srv_test' returned '0': AMENT_PREFIX_PATH=/home/yong/ws_kari/ROS2_Test/install/custom_interfaces:${AMENT_PREFIX_PATH} CMAKE_PREFIX_PATH=/home/yong/ws_kari/ROS2_Test/install/custom_interfaces:/home/yong/ws_kari/install/project_dma_2024:/opt/ros/humble LD_LIBRARY_PATH=/home/yong/ws_kari/ROS2_Test/install/custom_interfaces/lib:${LD_LIBRARY_PATH} PYTHONPATH=/home/yong/ws_kari/ROS2_Test/install/custom_interfaces/local/lib/python3.10/dist-packages:${PYTHONPATH} /usr/bin/cmake --install /home/yong/ws_kari/ROS2_Test/build/srv_test
[2.718s] Level 1:colcon.colcon_core.environment:checking '/home/yong/ws_kari/ROS2_Test/install/srv_test' for CMake module files
[2.719s] Level 1:colcon.colcon_core.environment:checking '/home/yong/ws_kari/ROS2_Test/install/srv_test' for CMake config files
[2.719s] Level 1:colcon.colcon_core.shell:create_environment_hook('srv_test', 'cmake_prefix_path')
[2.732s] INFO:colcon.colcon_core.shell:Creating environment hook '/home/yong/ws_kari/ROS2_Test/install/srv_test/share/srv_test/hook/cmake_prefix_path.ps1'
[2.733s] INFO:colcon.colcon_core.shell:Creating environment descriptor '/home/yong/ws_kari/ROS2_Test/install/srv_test/share/srv_test/hook/cmake_prefix_path.dsv'
[2.733s] INFO:colcon.colcon_core.shell:Creating environment hook '/home/yong/ws_kari/ROS2_Test/install/srv_test/share/srv_test/hook/cmake_prefix_path.sh'
[2.734s] Level 1:colcon.colcon_core.environment:checking '/home/yong/ws_kari/ROS2_Test/install/srv_test/lib'
[2.734s] Level 1:colcon.colcon_core.environment:checking '/home/yong/ws_kari/ROS2_Test/install/srv_test/bin'
[2.734s] Level 1:colcon.colcon_core.environment:checking '/home/yong/ws_kari/ROS2_Test/install/srv_test/lib/pkgconfig/srv_test.pc'
[2.734s] Level 1:colcon.colcon_core.environment:checking '/home/yong/ws_kari/ROS2_Test/install/srv_test/lib/python3.10/site-packages'
[2.734s] Level 1:colcon.colcon_core.environment:checking '/home/yong/ws_kari/ROS2_Test/install/srv_test/bin'
[2.747s] INFO:colcon.colcon_core.shell:Creating package script '/home/yong/ws_kari/ROS2_Test/install/srv_test/share/srv_test/package.ps1'
[2.748s] INFO:colcon.colcon_core.shell:Creating package descriptor '/home/yong/ws_kari/ROS2_Test/install/srv_test/share/srv_test/package.dsv'
[2.748s] INFO:colcon.colcon_core.shell:Creating package script '/home/yong/ws_kari/ROS2_Test/install/srv_test/share/srv_test/package.sh'
[2.748s] INFO:colcon.colcon_core.shell:Creating package script '/home/yong/ws_kari/ROS2_Test/install/srv_test/share/srv_test/package.bash'
[2.748s] INFO:colcon.colcon_core.shell:Creating package script '/home/yong/ws_kari/ROS2_Test/install/srv_test/share/srv_test/package.zsh'
[2.749s] Level 1:colcon.colcon_core.environment:create_file_with_runtime_dependencies(/home/yong/ws_kari/ROS2_Test/install/srv_test/share/colcon-core/packages/srv_test)
[2.797s] Level 1:colcon.colcon_core.environment:create_environment_scripts_only(srv_test)
[2.810s] Level 1:colcon.colcon_core.environment:checking '/home/yong/ws_kari/ROS2_Test/install/srv_test' for CMake module files
[2.811s] Level 1:colcon.colcon_core.environment:checking '/home/yong/ws_kari/ROS2_Test/install/srv_test' for CMake config files
[2.811s] Level 1:colcon.colcon_core.shell:create_environment_hook('srv_test', 'cmake_prefix_path')
[2.824s] INFO:colcon.colcon_core.shell:Creating environment hook '/home/yong/ws_kari/ROS2_Test/install/srv_test/share/srv_test/hook/cmake_prefix_path.ps1'
[2.825s] INFO:colcon.colcon_core.shell:Creating environment descriptor '/home/yong/ws_kari/ROS2_Test/install/srv_test/share/srv_test/hook/cmake_prefix_path.dsv'
[2.825s] INFO:colcon.colcon_core.shell:Creating environment hook '/home/yong/ws_kari/ROS2_Test/install/srv_test/share/srv_test/hook/cmake_prefix_path.sh'
[2.825s] Level 1:colcon.colcon_core.environment:checking '/home/yong/ws_kari/ROS2_Test/install/srv_test/lib'
[2.825s] Level 1:colcon.colcon_core.environment:checking '/home/yong/ws_kari/ROS2_Test/install/srv_test/bin'
[2.825s] Level 1:colcon.colcon_core.environment:checking '/home/yong/ws_kari/ROS2_Test/install/srv_test/lib/pkgconfig/srv_test.pc'
[2.826s] Level 1:colcon.colcon_core.environment:checking '/home/yong/ws_kari/ROS2_Test/install/srv_test/lib/python3.10/site-packages'
[2.826s] Level 1:colcon.colcon_core.environment:checking '/home/yong/ws_kari/ROS2_Test/install/srv_test/bin'
[2.839s] INFO:colcon.colcon_core.shell:Creating package script '/home/yong/ws_kari/ROS2_Test/install/srv_test/share/srv_test/package.ps1'
[2.840s] INFO:colcon.colcon_core.shell:Creating package descriptor '/home/yong/ws_kari/ROS2_Test/install/srv_test/share/srv_test/package.dsv'
[2.840s] INFO:colcon.colcon_core.shell:Creating package script '/home/yong/ws_kari/ROS2_Test/install/srv_test/share/srv_test/package.sh'
[2.840s] INFO:colcon.colcon_core.shell:Creating package script '/home/yong/ws_kari/ROS2_Test/install/srv_test/share/srv_test/package.bash'
[2.841s] INFO:colcon.colcon_core.shell:Creating package script '/home/yong/ws_kari/ROS2_Test/install/srv_test/share/srv_test/package.zsh'
[2.841s] Level 1:colcon.colcon_core.environment:create_file_with_runtime_dependencies(/home/yong/ws_kari/ROS2_Test/install/srv_test/share/colcon-core/packages/srv_test)
[12.513s] DEBUG:colcon.colcon_core.event_handler.log_command:Invoked command in '/home/yong/ws_kari/ROS2_Test/build/auction_node' returned '0': AMENT_PREFIX_PATH=/home/yong/ws_kari/ROS2_Test/install/custom_interfaces:${AMENT_PREFIX_PATH} CMAKE_PREFIX_PATH=/home/yong/ws_kari/ROS2_Test/install/custom_interfaces:/home/yong/ws_kari/install/project_dma_2024:/opt/ros/humble LD_LIBRARY_PATH=/home/yong/ws_kari/ROS2_Test/install/custom_interfaces/lib:${LD_LIBRARY_PATH} PYTHONPATH=/home/yong/ws_kari/ROS2_Test/install/custom_interfaces/local/lib/python3.10/dist-packages:${PYTHONPATH} /usr/bin/cmake --build /home/yong/ws_kari/ROS2_Test/build/auction_node -- -j16 -l16
[12.540s] DEBUG:colcon.colcon_core.event_handler.log_command:Invoking command in '/home/yong/ws_kari/ROS2_Test/build/auction_node': AMENT_PREFIX_PATH=/home/yong/ws_kari/ROS2_Test/install/custom_interfaces:${AMENT_PREFIX_PATH} CMAKE_PREFIX_PATH=/home/yong/ws_kari/ROS2_Test/install/custom_interfaces:/home/yong/ws_kari/install/project_dma_2024:/opt/ros/humble LD_LIBRARY_PATH=/home/yong/ws_kari/ROS2_Test/install/custom_interfaces/lib:${LD_LIBRARY_PATH} PYTHONPATH=/home/yong/ws_kari/ROS2_Test/install/custom_interfaces/local/lib/python3.10/dist-packages:${PYTHONPATH} /usr/bin/cmake --install /home/yong/ws_kari/ROS2_Test/build/auction_node
[12.564s] Level 1:colcon.colcon_core.environment:create_environment_scripts_only(auction_node)
[12.565s] DEBUG:colcon.colcon_core.event_handler.log_command:Invoked command in '/home/yong/ws_kari/ROS2_Test/build/auction_node' returned '0': AMENT_PREFIX_PATH=/home/yong/ws_kari/ROS2_Test/install/custom_interfaces:${AMENT_PREFIX_PATH} CMAKE_PREFIX_PATH=/home/yong/ws_kari/ROS2_Test/install/custom_interfaces:/home/yong/ws_kari/install/project_dma_2024:/opt/ros/humble LD_LIBRARY_PATH=/home/yong/ws_kari/ROS2_Test/install/custom_interfaces/lib:${LD_LIBRARY_PATH} PYTHONPATH=/home/yong/ws_kari/ROS2_Test/install/custom_interfaces/local/lib/python3.10/dist-packages:${PYTHONPATH} /usr/bin/cmake --install /home/yong/ws_kari/ROS2_Test/build/auction_node
[12.579s] Level 1:colcon.colcon_core.environment:checking '/home/yong/ws_kari/ROS2_Test/install/auction_node' for CMake module files
[12.580s] Level 1:colcon.colcon_core.environment:checking '/home/yong/ws_kari/ROS2_Test/install/auction_node' for CMake config files
[12.580s] Level 1:colcon.colcon_core.shell:create_environment_hook('auction_node', 'cmake_prefix_path')
[12.593s] INFO:colcon.colcon_core.shell:Creating environment hook '/home/yong/ws_kari/ROS2_Test/install/auction_node/share/auction_node/hook/cmake_prefix_path.ps1'
[12.594s] INFO:colcon.colcon_core.shell:Creating environment descriptor '/home/yong/ws_kari/ROS2_Test/install/auction_node/share/auction_node/hook/cmake_prefix_path.dsv'
[12.594s] INFO:colcon.colcon_core.shell:Creating environment hook '/home/yong/ws_kari/ROS2_Test/install/auction_node/share/auction_node/hook/cmake_prefix_path.sh'
[12.595s] Level 1:colcon.colcon_core.environment:checking '/home/yong/ws_kari/ROS2_Test/install/auction_node/lib'
[12.595s] Level 1:colcon.colcon_core.environment:checking '/home/yong/ws_kari/ROS2_Test/install/auction_node/bin'
[12.595s] Level 1:colcon.colcon_core.environment:checking '/home/yong/ws_kari/ROS2_Test/install/auction_node/lib/pkgconfig/auction_node.pc'
[12.595s] Level 1:colcon.colcon_core.environment:checking '/home/yong/ws_kari/ROS2_Test/install/auction_node/lib/python3.10/site-packages'
[12.595s] Level 1:colcon.colcon_core.environment:checking '/home/yong/ws_kari/ROS2_Test/install/auction_node/bin'
[12.609s] INFO:colcon.colcon_core.shell:Creating package script '/home/yong/ws_kari/ROS2_Test/install/auction_node/share/auction_node/package.ps1'
[12.610s] INFO:colcon.colcon_core.shell:Creating package descriptor '/home/yong/ws_kari/ROS2_Test/install/auction_node/share/auction_node/package.dsv'
[12.610s] INFO:colcon.colcon_core.shell:Creating package script '/home/yong/ws_kari/ROS2_Test/install/auction_node/share/auction_node/package.sh'
[12.611s] INFO:colcon.colcon_core.shell:Creating package script '/home/yong/ws_kari/ROS2_Test/install/auction_node/share/auction_node/package.bash'
[12.611s] INFO:colcon.colcon_core.shell:Creating package script '/home/yong/ws_kari/ROS2_Test/install/auction_node/share/auction_node/package.zsh'
[12.611s] Level 1:colcon.colcon_core.environment:create_file_with_runtime_dependencies(/home/yong/ws_kari/ROS2_Test/install/auction_node/share/colcon-core/packages/auction_node)
[12.651s] Level 1:colcon.colcon_core.environment:create_environment_scripts_only(auction_node)
[12.663s] Level 1:colcon.colcon_core.environment:checking '/home/yong/ws_kari/ROS2_Test/install/auction_node' for CMake module files
[12.664s] Level 1:colcon.colcon_core.environment:checking '/home/yong/ws_kari/ROS2_Test/install/auction_node' for CMake config files
[12.664s] Level 1:colcon.colcon_core.shell:create_environment_hook('auction_node', 'cmake_prefix_path')
[12.677s] INFO:colcon.colcon_core.shell:Creating environment hook '/home/yong/ws_kari/ROS2_Test/install/auction_node/share/auction_node/hook/cmake_prefix_path.ps1'
[12.677s] INFO:colcon.colcon_core.shell:Creating environment descriptor '/home/yong/ws_kari/ROS2_Test/install/auction_node/share/auction_node/hook/cmake_prefix_path.dsv'
[12.677s] INFO:colcon.colcon_core.shell:Creating environment hook '/home/yong/ws_kari/ROS2_Test/install/auction_node/share/auction_node/hook/cmake_prefix_path.sh'
[12.678s] Level 1:colcon.colcon_core.environment:checking '/home/yong/ws_kari/ROS2_Test/install/auction_node/lib'
[12.678s] Level 1:colcon.colcon_core.environment:checking '/home/yong/ws_kari/ROS2_Test/install/auction_node/bin'
[12.678s] Level 1:colcon.colcon_core.environment:checking '/home/yong/ws_kari/ROS2_Test/install/auction_node/lib/pkgconfig/auction_node.pc'
[12.678s] Level 1:colcon.colcon_core.environment:checking '/home/yong/ws_kari/ROS2_Test/install/auction_node/lib/python3.10/site-packages'
[12.678s] Level 1:colcon.colcon_core.environment:checking '/home/yong/ws_kari/ROS2_Test/install/auction_node/bin'
[12.691s] INFO:colcon.colcon_core.shell:Creating package script '/home/yong/ws_kari/ROS2_Test/install/auction_node/share/auction_node/package.ps1'
[12.692s] INFO:colcon.colcon_core.shell:Creating package descriptor '/home/yong/ws_kari/ROS2_Test/install/auction_node/share/auction_node/package.dsv'
[12.692s] INFO:colcon.colcon_core.shell:Creating package script '/home/yong/ws_kari/ROS2_Test/install/auction_node/share/auction_node/package.sh'
[12.692s] INFO:colcon.colcon_core.shell:Creating package script '/home/yong/ws_kari/ROS2_Test/install/auction_node/share/auction_node/package.bash'
[12.692s] INFO:colcon.colcon_core.shell:Creating package script '/home/yong/ws_kari/ROS2_Test/install/auction_node/share/auction_node/package.zsh'
[12.693s] Level 1:colcon.colcon_core.environment:create_file_with_runtime_dependencies(/home/yong/ws_kari/ROS2_Test/install/auction_node/share/colcon-core/packages/auction_node)
[12.693s] DEBUG:colcon.colcon_parallel_executor.executor.parallel:closing loop
[12.693s] DEBUG:colcon.colcon_parallel_executor.executor.parallel:loop closed
[12.693s] DEBUG:colcon.colcon_parallel_executor.executor.parallel:run_until_complete finished with '0'
[12.693s] DEBUG:colcon.colcon_core.event_reactor:joining thread
[12.710s] INFO:colcon.colcon_core.plugin_system:Skipping extension 'colcon_notification.desktop_notification.terminal_notifier': Not used on non-Darwin systems
[12.710s] INFO:colcon.colcon_core.plugin_system:Skipping extension 'colcon_notification.desktop_notification.win32': Not used on non-Windows systems
[12.710s] INFO:colcon.colcon_notification.desktop_notification:Sending desktop notification using 'notify2'
[12.721s] DEBUG:colcon.colcon_core.event_reactor:joined thread
[12.746s] INFO:colcon.colcon_core.shell:Creating prefix script '/home/yong/ws_kari/ROS2_Test/install/local_setup.ps1'
[12.747s] INFO:colcon.colcon_core.shell:Creating prefix util module '/home/yong/ws_kari/ROS2_Test/install/_local_setup_util_ps1.py'
[12.748s] INFO:colcon.colcon_core.shell:Creating prefix chain script '/home/yong/ws_kari/ROS2_Test/install/setup.ps1'
[12.761s] INFO:colcon.colcon_core.shell:Creating prefix script '/home/yong/ws_kari/ROS2_Test/install/local_setup.sh'
[12.762s] INFO:colcon.colcon_core.shell:Creating prefix util module '/home/yong/ws_kari/ROS2_Test/install/_local_setup_util_sh.py'
[12.762s] INFO:colcon.colcon_core.shell:Creating prefix chain script '/home/yong/ws_kari/ROS2_Test/install/setup.sh'
[12.775s] INFO:colcon.colcon_core.shell:Creating prefix script '/home/yong/ws_kari/ROS2_Test/install/local_setup.bash'
[12.776s] INFO:colcon.colcon_core.shell:Creating prefix chain script '/home/yong/ws_kari/ROS2_Test/install/setup.bash'
[12.789s] INFO:colcon.colcon_core.shell:Creating prefix script '/home/yong/ws_kari/ROS2_Test/install/local_setup.zsh'
[12.790s] INFO:colcon.colcon_core.shell:Creating prefix chain script '/home/yong/ws_kari/ROS2_Test/install/setup.zsh'
