[0.137s] Invoking command in '/home/yong/ws_kari/ROS2_Test/build/auction_node': AMENT_PREFIX_PATH=/home/yong/ws_kari/ROS2_Test/install/custom_interfaces:${AMENT_PREFIX_PATH} CMAKE_PREFIX_PATH=/home/yong/ws_kari/ROS2_Test/install/custom_interfaces LD_LIBRARY_PATH=/home/yong/ws_kari/ROS2_Test/install/custom_interfaces/lib:/home/yong/ws_kari/ROS2_Test/install/multi_agent_comm/lib:/opt/ros/humble/opt/rviz_ogre_vendor/lib:/opt/ros/humble/lib/x86_64-linux-gnu:/opt/ros/humble/lib /usr/bin/cmake /home/yong/ws_kari/ROS2_Test/src/auction -DBUILD_TESTING=OFF -DCATKIN_INSTALL_INTO_PREFIX_ROOT=0 -DCMAKE_INSTALL_PREFIX=/home/yong/ws_kari/ROS2_Test/install/auction_node
[0.206s] -- The C compiler identification is GNU 11.4.0
[0.281s] -- The CXX compiler identification is GNU 11.4.0
[0.291s] -- Detecting C compiler ABI info
[0.390s] -- Detecting C compiler ABI info - done
[0.400s] -- Check for working C compiler: /usr/bin/cc - skipped
[0.400s] -- Detecting C compile features
[0.401s] -- Detecting C compile features - done
[0.405s] -- Detecting CXX compiler ABI info
[0.529s] -- Detecting CXX compiler ABI info - done
[0.539s] -- Check for working CXX compiler: /usr/bin/c++ - skipped
[0.540s] -- Detecting CXX compile features
[0.540s] -- Detecting CXX compile features - done
[0.544s] -- Found ament_cmake: 1.3.7 (/opt/ros/humble/share/ament_cmake/cmake)
[1.030s] -- Found Python3: /usr/bin/python3.10 (found version "3.10.12") found components: Interpreter 
[1.132s] -- Found rclcpp: 16.0.8 (/opt/ros/humble/share/rclcpp/cmake)
[1.177s] -- Found rosidl_generator_c: 3.1.5 (/opt/ros/humble/share/rosidl_generator_c/cmake)
[1.182s] -- Found rosidl_adapter: 3.1.5 (/opt/ros/humble/share/rosidl_adapter/cmake)
[1.191s] -- Found rosidl_generator_cpp: 3.1.5 (/opt/ros/humble/share/rosidl_generator_cpp/cmake)
[1.206s] -- Using all available rosidl_typesupport_c: rosidl_typesupport_fastrtps_c;rosidl_typesupport_introspection_c
[1.234s] -- Using all available rosidl_typesupport_cpp: rosidl_typesupport_fastrtps_cpp;rosidl_typesupport_introspection_cpp
[1.311s] -- Found rmw_implementation_cmake: 6.1.1 (/opt/ros/humble/share/rmw_implementation_cmake/cmake)
[1.314s] -- Found rmw_fastrtps_cpp: 6.2.6 (/opt/ros/humble/share/rmw_fastrtps_cpp/cmake)
[1.439s] -- Found OpenSSL: /usr/lib/x86_64-linux-gnu/libcrypto.so (found version "3.0.2")  
[1.473s] -- Found FastRTPS: /opt/ros/humble/include  
[1.530s] -- Using RMW implementation 'rmw_fastrtps_cpp' as default
[1.540s] -- Looking for pthread.h
[1.626s] -- Looking for pthread.h - found
[1.627s] -- Performing Test CMAKE_HAVE_LIBC_PTHREAD
[1.737s] -- Performing Test CMAKE_HAVE_LIBC_PTHREAD - Success
[1.739s] -- Found Threads: TRUE  
[1.976s] -- Found geometry_msgs: 4.2.3 (/opt/ros/humble/share/geometry_msgs/cmake)
[2.043s] -- Found custom_interfaces: 0.1.0 (/home/yong/ws_kari/ROS2_Test/install/custom_interfaces/share/custom_interfaces/cmake)
[2.207s] -- Configuring done
[2.226s] -- Generating done
[2.228s] [33mCMake Warning:
[2.228s]   Manually-specified variables were not used by the project:
[2.228s] 
[2.228s]     CATKIN_INSTALL_INTO_PREFIX_ROOT
[2.228s] 
[2.228s] [0m
[2.229s] -- Build files have been written to: /home/yong/ws_kari/ROS2_Test/build/auction_node
[2.247s] Invoked command in '/home/yong/ws_kari/ROS2_Test/build/auction_node' returned '0': AMENT_PREFIX_PATH=/home/yong/ws_kari/ROS2_Test/install/custom_interfaces:${AMENT_PREFIX_PATH} CMAKE_PREFIX_PATH=/home/yong/ws_kari/ROS2_Test/install/custom_interfaces LD_LIBRARY_PATH=/home/yong/ws_kari/ROS2_Test/install/custom_interfaces/lib:/home/yong/ws_kari/ROS2_Test/install/multi_agent_comm/lib:/opt/ros/humble/opt/rviz_ogre_vendor/lib:/opt/ros/humble/lib/x86_64-linux-gnu:/opt/ros/humble/lib /usr/bin/cmake /home/yong/ws_kari/ROS2_Test/src/auction -DBUILD_TESTING=OFF -DCATKIN_INSTALL_INTO_PREFIX_ROOT=0 -DCMAKE_INSTALL_PREFIX=/home/yong/ws_kari/ROS2_Test/install/auction_node
[2.249s] Invoking command in '/home/yong/ws_kari/ROS2_Test/build/auction_node': AMENT_PREFIX_PATH=/home/yong/ws_kari/ROS2_Test/install/custom_interfaces:${AMENT_PREFIX_PATH} CMAKE_PREFIX_PATH=/home/yong/ws_kari/ROS2_Test/install/custom_interfaces LD_LIBRARY_PATH=/home/yong/ws_kari/ROS2_Test/install/custom_interfaces/lib:/home/yong/ws_kari/ROS2_Test/install/multi_agent_comm/lib:/opt/ros/humble/opt/rviz_ogre_vendor/lib:/opt/ros/humble/lib/x86_64-linux-gnu:/opt/ros/humble/lib /usr/bin/cmake --build /home/yong/ws_kari/ROS2_Test/build/auction_node -- -j16 -l16
[2.315s] [ 50%] [32mBuilding CXX object CMakeFiles/auction_node.dir/src/auction.cpp.o[0m
[2.316s] [ 50%] [32mBuilding CXX object CMakeFiles/task_publisher.dir/src/task_publisher.cpp.o[0m
[8.192s] [ 75%] [32m[1mLinking CXX executable task_publisher[0m
[8.467s] [ 75%] Built target task_publisher
[14.624s] [100%] [32m[1mLinking CXX executable auction_node[0m
[15.214s] [100%] Built target auction_node
[15.226s] Invoked command in '/home/yong/ws_kari/ROS2_Test/build/auction_node' returned '0': AMENT_PREFIX_PATH=/home/yong/ws_kari/ROS2_Test/install/custom_interfaces:${AMENT_PREFIX_PATH} CMAKE_PREFIX_PATH=/home/yong/ws_kari/ROS2_Test/install/custom_interfaces LD_LIBRARY_PATH=/home/yong/ws_kari/ROS2_Test/install/custom_interfaces/lib:/home/yong/ws_kari/ROS2_Test/install/multi_agent_comm/lib:/opt/ros/humble/opt/rviz_ogre_vendor/lib:/opt/ros/humble/lib/x86_64-linux-gnu:/opt/ros/humble/lib /usr/bin/cmake --build /home/yong/ws_kari/ROS2_Test/build/auction_node -- -j16 -l16
[15.284s] Invoking command in '/home/yong/ws_kari/ROS2_Test/build/auction_node': AMENT_PREFIX_PATH=/home/yong/ws_kari/ROS2_Test/install/custom_interfaces:${AMENT_PREFIX_PATH} CMAKE_PREFIX_PATH=/home/yong/ws_kari/ROS2_Test/install/custom_interfaces LD_LIBRARY_PATH=/home/yong/ws_kari/ROS2_Test/install/custom_interfaces/lib:/home/yong/ws_kari/ROS2_Test/install/multi_agent_comm/lib:/opt/ros/humble/opt/rviz_ogre_vendor/lib:/opt/ros/humble/lib/x86_64-linux-gnu:/opt/ros/humble/lib /usr/bin/cmake --install /home/yong/ws_kari/ROS2_Test/build/auction_node
[15.291s] -- Install configuration: ""
[15.291s] -- Installing: /home/yong/ws_kari/ROS2_Test/install/auction_node/lib/auction_node/auction_node
[15.299s] -- Set runtime path of "/home/yong/ws_kari/ROS2_Test/install/auction_node/lib/auction_node/auction_node" to ""
[15.299s] -- Installing: /home/yong/ws_kari/ROS2_Test/install/auction_node/lib/auction_node/task_publisher
[15.300s] -- Set runtime path of "/home/yong/ws_kari/ROS2_Test/install/auction_node/lib/auction_node/task_publisher" to ""
[15.300s] -- Installing: /home/yong/ws_kari/ROS2_Test/install/auction_node/share/ament_index/resource_index/package_run_dependencies/auction_node
[15.300s] -- Installing: /home/yong/ws_kari/ROS2_Test/install/auction_node/share/ament_index/resource_index/parent_prefix_path/auction_node
[15.301s] -- Installing: /home/yong/ws_kari/ROS2_Test/install/auction_node/share/auction_node/environment/ament_prefix_path.sh
[15.301s] -- Installing: /home/yong/ws_kari/ROS2_Test/install/auction_node/share/auction_node/environment/ament_prefix_path.dsv
[15.301s] -- Installing: /home/yong/ws_kari/ROS2_Test/install/auction_node/share/auction_node/environment/path.sh
[15.301s] -- Installing: /home/yong/ws_kari/ROS2_Test/install/auction_node/share/auction_node/environment/path.dsv
[15.301s] -- Installing: /home/yong/ws_kari/ROS2_Test/install/auction_node/share/auction_node/local_setup.bash
[15.301s] -- Installing: /home/yong/ws_kari/ROS2_Test/install/auction_node/share/auction_node/local_setup.sh
[15.301s] -- Installing: /home/yong/ws_kari/ROS2_Test/install/auction_node/share/auction_node/local_setup.zsh
[15.302s] -- Installing: /home/yong/ws_kari/ROS2_Test/install/auction_node/share/auction_node/local_setup.dsv
[15.302s] -- Installing: /home/yong/ws_kari/ROS2_Test/install/auction_node/share/auction_node/package.dsv
[15.302s] -- Installing: /home/yong/ws_kari/ROS2_Test/install/auction_node/share/ament_index/resource_index/packages/auction_node
[15.302s] -- Installing: /home/yong/ws_kari/ROS2_Test/install/auction_node/share/auction_node/cmake/auction_nodeConfig.cmake
[15.302s] -- Installing: /home/yong/ws_kari/ROS2_Test/install/auction_node/share/auction_node/cmake/auction_nodeConfig-version.cmake
[15.302s] -- Installing: /home/yong/ws_kari/ROS2_Test/install/auction_node/share/auction_node/package.xml
[15.304s] Invoked command in '/home/yong/ws_kari/ROS2_Test/build/auction_node' returned '0': AMENT_PREFIX_PATH=/home/yong/ws_kari/ROS2_Test/install/custom_interfaces:${AMENT_PREFIX_PATH} CMAKE_PREFIX_PATH=/home/yong/ws_kari/ROS2_Test/install/custom_interfaces LD_LIBRARY_PATH=/home/yong/ws_kari/ROS2_Test/install/custom_interfaces/lib:/home/yong/ws_kari/ROS2_Test/install/multi_agent_comm/lib:/opt/ros/humble/opt/rviz_ogre_vendor/lib:/opt/ros/humble/lib/x86_64-linux-gnu:/opt/ros/humble/lib /usr/bin/cmake --install /home/yong/ws_kari/ROS2_Test/build/auction_node
