[0.856s] DEBUG:colcon:Command line arguments: ['/usr/bin/colcon', 'build']
[0.856s] DEBUG:colcon:Parsed command line arguments: Namespace(log_base=None, log_level=None, verb_name='build', build_base='build', install_base='install', merge_install=False, symlink_install=False, test_result_base=None, continue_on_error=False, executor='parallel', parallel_workers=16, event_handlers=None, ignore_user_meta=False, metas=['./colcon.meta'], base_paths=['.'], packages_ignore=None, packages_ignore_regex=None, paths=None, packages_up_to=None, packages_up_to_regex=None, packages_above=None, packages_above_and_dependencies=None, packages_above_depth=None, packages_select_by_dep=None, packages_skip_by_dep=None, packages_skip_up_to=None, packages_select_build_failed=False, packages_skip_build_finished=False, packages_select_test_failures=False, packages_skip_test_passed=False, packages_select=None, packages_skip=None, packages_select_regex=None, packages_skip_regex=None, packages_start=None, packages_end=None, allow_overriding=[], cmake_args=None, cmake_target=None, cmake_target_skip_unavailable=False, cmake_clean_cache=False, cmake_clean_first=False, cmake_force_configure=False, ament_cmake_args=None, catkin_cmake_args=None, catkin_skip_building_tests=False, verb_parser=<colcon_defaults.argument_parser.defaults.DefaultArgumentsDecorator object at 0x71631c405750>, verb_extension=<colcon_core.verb.build.BuildVerb object at 0x71631c404dc0>, main=<bound method BuildVerb.main of <colcon_core.verb.build.BuildVerb object at 0x71631c404dc0>>)
[0.902s] Level 1:colcon.colcon_core.package_discovery:discover_packages(colcon_meta) check parameters
[0.902s] Level 1:colcon.colcon_core.package_discovery:discover_packages(recursive) check parameters
[0.902s] Level 1:colcon.colcon_core.package_discovery:discover_packages(ignore) check parameters
[0.902s] Level 1:colcon.colcon_core.package_discovery:discover_packages(path) check parameters
[0.902s] Level 1:colcon.colcon_core.package_discovery:discover_packages(colcon_meta) discover
[0.903s] Level 1:colcon.colcon_core.package_discovery:discover_packages(recursive) discover
[0.903s] INFO:colcon.colcon_core.package_discovery:Crawling recursively for packages in '/home/yong/ws_kari/ROS2_Test'
[0.903s] Level 1:colcon.colcon_core.package_identification:_identify(.) by extensions ['ignore', 'ignore_ament_install']
[0.903s] Level 1:colcon.colcon_core.package_identification:_identify(.) by extension 'ignore'
[0.903s] Level 1:colcon.colcon_core.package_identification:_identify(.) by extension 'ignore_ament_install'
[0.903s] Level 1:colcon.colcon_core.package_identification:_identify(.) by extensions ['colcon_pkg']
[0.903s] Level 1:colcon.colcon_core.package_identification:_identify(.) by extension 'colcon_pkg'
[0.903s] Level 1:colcon.colcon_core.package_identification:_identify(.) by extensions ['colcon_meta']
[0.903s] Level 1:colcon.colcon_core.package_identification:_identify(.) by extension 'colcon_meta'
[0.903s] Level 1:colcon.colcon_core.package_identification:_identify(.) by extensions ['ros']
[0.903s] Level 1:colcon.colcon_core.package_identification:_identify(.) by extension 'ros'
[0.914s] Level 1:colcon.colcon_core.package_identification:_identify(.) by extensions ['cmake', 'python']
[0.914s] Level 1:colcon.colcon_core.package_identification:_identify(.) by extension 'cmake'
[0.915s] Level 1:colcon.colcon_core.package_identification:_identify(.) by extension 'python'
[0.915s] Level 1:colcon.colcon_core.package_identification:_identify(.) by extensions ['python_setup_py']
[0.915s] Level 1:colcon.colcon_core.package_identification:_identify(.) by extension 'python_setup_py'
[0.915s] Level 1:colcon.colcon_core.package_identification:_identify(ROS2_Test) by extensions ['ignore', 'ignore_ament_install']
[0.915s] Level 1:colcon.colcon_core.package_identification:_identify(ROS2_Test) by extension 'ignore'
[0.915s] Level 1:colcon.colcon_core.package_identification:_identify(ROS2_Test) by extension 'ignore_ament_install'
[0.915s] Level 1:colcon.colcon_core.package_identification:_identify(ROS2_Test) by extensions ['colcon_pkg']
[0.915s] Level 1:colcon.colcon_core.package_identification:_identify(ROS2_Test) by extension 'colcon_pkg'
[0.915s] Level 1:colcon.colcon_core.package_identification:_identify(ROS2_Test) by extensions ['colcon_meta']
[0.915s] Level 1:colcon.colcon_core.package_identification:_identify(ROS2_Test) by extension 'colcon_meta'
[0.915s] Level 1:colcon.colcon_core.package_identification:_identify(ROS2_Test) by extensions ['ros']
[0.915s] Level 1:colcon.colcon_core.package_identification:_identify(ROS2_Test) by extension 'ros'
[0.915s] Level 1:colcon.colcon_core.package_identification:_identify(ROS2_Test) by extensions ['cmake', 'python']
[0.915s] Level 1:colcon.colcon_core.package_identification:_identify(ROS2_Test) by extension 'cmake'
[0.915s] Level 1:colcon.colcon_core.package_identification:_identify(ROS2_Test) by extension 'python'
[0.915s] Level 1:colcon.colcon_core.package_identification:_identify(ROS2_Test) by extensions ['python_setup_py']
[0.915s] Level 1:colcon.colcon_core.package_identification:_identify(ROS2_Test) by extension 'python_setup_py'
[0.915s] Level 1:colcon.colcon_core.package_identification:_identify(build) by extensions ['ignore', 'ignore_ament_install']
[0.915s] Level 1:colcon.colcon_core.package_identification:_identify(build) by extension 'ignore'
[0.915s] Level 1:colcon.colcon_core.package_identification:_identify(build) ignored
[0.915s] Level 1:colcon.colcon_core.package_identification:_identify(install) by extensions ['ignore', 'ignore_ament_install']
[0.916s] Level 1:colcon.colcon_core.package_identification:_identify(install) by extension 'ignore'
[0.916s] Level 1:colcon.colcon_core.package_identification:_identify(install) ignored
[0.916s] Level 1:colcon.colcon_core.package_identification:_identify(log) by extensions ['ignore', 'ignore_ament_install']
[0.916s] Level 1:colcon.colcon_core.package_identification:_identify(log) by extension 'ignore'
[0.916s] Level 1:colcon.colcon_core.package_identification:_identify(log) ignored
[0.916s] Level 1:colcon.colcon_core.package_identification:_identify(src) by extensions ['ignore', 'ignore_ament_install']
[0.916s] Level 1:colcon.colcon_core.package_identification:_identify(src) by extension 'ignore'
[0.916s] Level 1:colcon.colcon_core.package_identification:_identify(src) by extension 'ignore_ament_install'
[0.916s] Level 1:colcon.colcon_core.package_identification:_identify(src) by extensions ['colcon_pkg']
[0.916s] Level 1:colcon.colcon_core.package_identification:_identify(src) by extension 'colcon_pkg'
[0.916s] Level 1:colcon.colcon_core.package_identification:_identify(src) by extensions ['colcon_meta']
[0.916s] Level 1:colcon.colcon_core.package_identification:_identify(src) by extension 'colcon_meta'
[0.916s] Level 1:colcon.colcon_core.package_identification:_identify(src) by extensions ['ros']
[0.916s] Level 1:colcon.colcon_core.package_identification:_identify(src) by extension 'ros'
[0.916s] Level 1:colcon.colcon_core.package_identification:_identify(src) by extensions ['cmake', 'python']
[0.916s] Level 1:colcon.colcon_core.package_identification:_identify(src) by extension 'cmake'
[0.916s] Level 1:colcon.colcon_core.package_identification:_identify(src) by extension 'python'
[0.916s] Level 1:colcon.colcon_core.package_identification:_identify(src) by extensions ['python_setup_py']
[0.916s] Level 1:colcon.colcon_core.package_identification:_identify(src) by extension 'python_setup_py'
[0.916s] Level 1:colcon.colcon_core.package_identification:_identify(src/acbba) by extensions ['ignore', 'ignore_ament_install']
[0.916s] Level 1:colcon.colcon_core.package_identification:_identify(src/acbba) by extension 'ignore'
[0.916s] Level 1:colcon.colcon_core.package_identification:_identify(src/acbba) by extension 'ignore_ament_install'
[0.917s] Level 1:colcon.colcon_core.package_identification:_identify(src/acbba) by extensions ['colcon_pkg']
[0.917s] Level 1:colcon.colcon_core.package_identification:_identify(src/acbba) by extension 'colcon_pkg'
[0.917s] Level 1:colcon.colcon_core.package_identification:_identify(src/acbba) by extensions ['colcon_meta']
[0.917s] Level 1:colcon.colcon_core.package_identification:_identify(src/acbba) by extension 'colcon_meta'
[0.917s] Level 1:colcon.colcon_core.package_identification:_identify(src/acbba) by extensions ['ros']
[0.917s] Level 1:colcon.colcon_core.package_identification:_identify(src/acbba) by extension 'ros'
[0.918s] DEBUG:colcon.colcon_core.package_identification:Package 'src/acbba' with type 'ros.ament_cmake' and name 'acbba'
[0.919s] Level 1:colcon.colcon_core.package_identification:_identify(src/auction) by extensions ['ignore', 'ignore_ament_install']
[0.919s] Level 1:colcon.colcon_core.package_identification:_identify(src/auction) by extension 'ignore'
[0.919s] Level 1:colcon.colcon_core.package_identification:_identify(src/auction) by extension 'ignore_ament_install'
[0.919s] Level 1:colcon.colcon_core.package_identification:_identify(src/auction) by extensions ['colcon_pkg']
[0.919s] Level 1:colcon.colcon_core.package_identification:_identify(src/auction) by extension 'colcon_pkg'
[0.919s] Level 1:colcon.colcon_core.package_identification:_identify(src/auction) by extensions ['colcon_meta']
[0.919s] Level 1:colcon.colcon_core.package_identification:_identify(src/auction) by extension 'colcon_meta'
[0.919s] Level 1:colcon.colcon_core.package_identification:_identify(src/auction) by extensions ['ros']
[0.919s] Level 1:colcon.colcon_core.package_identification:_identify(src/auction) by extension 'ros'
[0.919s] DEBUG:colcon.colcon_core.package_identification:Package 'src/auction' with type 'ros.catkin' and name 'auction_node'
[0.919s] Level 1:colcon.colcon_core.package_identification:_identify(src/custom_interfaces) by extensions ['ignore', 'ignore_ament_install']
[0.919s] Level 1:colcon.colcon_core.package_identification:_identify(src/custom_interfaces) by extension 'ignore'
[0.919s] Level 1:colcon.colcon_core.package_identification:_identify(src/custom_interfaces) by extension 'ignore_ament_install'
[0.919s] Level 1:colcon.colcon_core.package_identification:_identify(src/custom_interfaces) by extensions ['colcon_pkg']
[0.920s] Level 1:colcon.colcon_core.package_identification:_identify(src/custom_interfaces) by extension 'colcon_pkg'
[0.920s] Level 1:colcon.colcon_core.package_identification:_identify(src/custom_interfaces) by extensions ['colcon_meta']
[0.920s] Level 1:colcon.colcon_core.package_identification:_identify(src/custom_interfaces) by extension 'colcon_meta'
[0.920s] Level 1:colcon.colcon_core.package_identification:_identify(src/custom_interfaces) by extensions ['ros']
[0.920s] Level 1:colcon.colcon_core.package_identification:_identify(src/custom_interfaces) by extension 'ros'
[0.920s] DEBUG:colcon.colcon_core.package_identification:Package 'src/custom_interfaces' with type 'ros.ament_cmake' and name 'custom_interfaces'
[0.920s] Level 1:colcon.colcon_core.package_identification:_identify(src/multi_agent_comm) by extensions ['ignore', 'ignore_ament_install']
[0.920s] Level 1:colcon.colcon_core.package_identification:_identify(src/multi_agent_comm) by extension 'ignore'
[0.920s] Level 1:colcon.colcon_core.package_identification:_identify(src/multi_agent_comm) by extension 'ignore_ament_install'
[0.920s] Level 1:colcon.colcon_core.package_identification:_identify(src/multi_agent_comm) by extensions ['colcon_pkg']
[0.920s] Level 1:colcon.colcon_core.package_identification:_identify(src/multi_agent_comm) by extension 'colcon_pkg'
[0.920s] Level 1:colcon.colcon_core.package_identification:_identify(src/multi_agent_comm) by extensions ['colcon_meta']
[0.920s] Level 1:colcon.colcon_core.package_identification:_identify(src/multi_agent_comm) by extension 'colcon_meta'
[0.921s] Level 1:colcon.colcon_core.package_identification:_identify(src/multi_agent_comm) by extensions ['ros']
[0.921s] Level 1:colcon.colcon_core.package_identification:_identify(src/multi_agent_comm) by extension 'ros'
[0.921s] DEBUG:colcon.colcon_core.package_identification:Package 'src/multi_agent_comm' with type 'ros.ament_cmake' and name 'multi_agent_comm'
[0.921s] Level 1:colcon.colcon_core.package_identification:_identify(src/srv_test) by extensions ['ignore', 'ignore_ament_install']
[0.921s] Level 1:colcon.colcon_core.package_identification:_identify(src/srv_test) by extension 'ignore'
[0.921s] Level 1:colcon.colcon_core.package_identification:_identify(src/srv_test) by extension 'ignore_ament_install'
[0.921s] Level 1:colcon.colcon_core.package_identification:_identify(src/srv_test) by extensions ['colcon_pkg']
[0.921s] Level 1:colcon.colcon_core.package_identification:_identify(src/srv_test) by extension 'colcon_pkg'
[0.921s] Level 1:colcon.colcon_core.package_identification:_identify(src/srv_test) by extensions ['colcon_meta']
[0.921s] Level 1:colcon.colcon_core.package_identification:_identify(src/srv_test) by extension 'colcon_meta'
[0.921s] Level 1:colcon.colcon_core.package_identification:_identify(src/srv_test) by extensions ['ros']
[0.921s] Level 1:colcon.colcon_core.package_identification:_identify(src/srv_test) by extension 'ros'
[0.922s] DEBUG:colcon.colcon_core.package_identification:Package 'src/srv_test' with type 'ros.ament_cmake' and name 'srv_test'
[0.922s] Level 1:colcon.colcon_core.package_discovery:discover_packages(recursive) using defaults
[0.922s] Level 1:colcon.colcon_core.package_discovery:discover_packages(ignore) discover
[0.922s] Level 1:colcon.colcon_core.package_discovery:discover_packages(ignore) using defaults
[0.922s] Level 1:colcon.colcon_core.package_discovery:discover_packages(path) discover
[0.922s] Level 1:colcon.colcon_core.package_discovery:discover_packages(path) using defaults
[1.002s] Level 1:colcon.colcon_core.package_discovery:discover_packages(prefix_path) check parameters
[1.003s] Level 1:colcon.colcon_core.package_discovery:discover_packages(prefix_path) discover
[1.030s] DEBUG:colcon.colcon_installed_package_information.package_discovery:Found 6 installed packages in /home/yong/ws_kari/ROS2_Test/install
[1.043s] DEBUG:colcon.colcon_installed_package_information.package_discovery:Found 3 installed packages in /home/yong/ws_kari/install
[1.057s] DEBUG:colcon.colcon_installed_package_information.package_discovery:Found 291 installed packages in /opt/ros/humble
[1.058s] Level 1:colcon.colcon_core.package_discovery:discover_packages(prefix_path) using defaults
[1.123s] Level 5:colcon.colcon_core.verb:set package 'acbba' build argument 'cmake_args' from command line to 'None'
[1.123s] Level 5:colcon.colcon_core.verb:set package 'acbba' build argument 'cmake_target' from command line to 'None'
[1.123s] Level 5:colcon.colcon_core.verb:set package 'acbba' build argument 'cmake_target_skip_unavailable' from command line to 'False'
[1.123s] Level 5:colcon.colcon_core.verb:set package 'acbba' build argument 'cmake_clean_cache' from command line to 'False'
[1.123s] Level 5:colcon.colcon_core.verb:set package 'acbba' build argument 'cmake_clean_first' from command line to 'False'
[1.123s] Level 5:colcon.colcon_core.verb:set package 'acbba' build argument 'cmake_force_configure' from command line to 'False'
[1.123s] Level 5:colcon.colcon_core.verb:set package 'acbba' build argument 'ament_cmake_args' from command line to 'None'
[1.123s] Level 5:colcon.colcon_core.verb:set package 'acbba' build argument 'catkin_cmake_args' from command line to 'None'
[1.123s] Level 5:colcon.colcon_core.verb:set package 'acbba' build argument 'catkin_skip_building_tests' from command line to 'False'
[1.123s] DEBUG:colcon.colcon_core.verb:Building package 'acbba' with the following arguments: {'ament_cmake_args': None, 'build_base': '/home/yong/ws_kari/ROS2_Test/build/acbba', 'catkin_cmake_args': None, 'catkin_skip_building_tests': False, 'cmake_args': None, 'cmake_clean_cache': False, 'cmake_clean_first': False, 'cmake_force_configure': False, 'cmake_target': None, 'cmake_target_skip_unavailable': False, 'install_base': '/home/yong/ws_kari/ROS2_Test/install/acbba', 'merge_install': False, 'path': '/home/yong/ws_kari/ROS2_Test/src/acbba', 'symlink_install': False, 'test_result_base': None}
[1.136s] Level 5:colcon.colcon_core.verb:set package 'custom_interfaces' build argument 'cmake_args' from command line to 'None'
[1.136s] Level 5:colcon.colcon_core.verb:set package 'custom_interfaces' build argument 'cmake_target' from command line to 'None'
[1.136s] Level 5:colcon.colcon_core.verb:set package 'custom_interfaces' build argument 'cmake_target_skip_unavailable' from command line to 'False'
[1.136s] Level 5:colcon.colcon_core.verb:set package 'custom_interfaces' build argument 'cmake_clean_cache' from command line to 'False'
[1.136s] Level 5:colcon.colcon_core.verb:set package 'custom_interfaces' build argument 'cmake_clean_first' from command line to 'False'
[1.136s] Level 5:colcon.colcon_core.verb:set package 'custom_interfaces' build argument 'cmake_force_configure' from command line to 'False'
[1.136s] Level 5:colcon.colcon_core.verb:set package 'custom_interfaces' build argument 'ament_cmake_args' from command line to 'None'
[1.136s] Level 5:colcon.colcon_core.verb:set package 'custom_interfaces' build argument 'catkin_cmake_args' from command line to 'None'
[1.136s] Level 5:colcon.colcon_core.verb:set package 'custom_interfaces' build argument 'catkin_skip_building_tests' from command line to 'False'
[1.136s] DEBUG:colcon.colcon_core.verb:Building package 'custom_interfaces' with the following arguments: {'ament_cmake_args': None, 'build_base': '/home/yong/ws_kari/ROS2_Test/build/custom_interfaces', 'catkin_cmake_args': None, 'catkin_skip_building_tests': False, 'cmake_args': None, 'cmake_clean_cache': False, 'cmake_clean_first': False, 'cmake_force_configure': False, 'cmake_target': None, 'cmake_target_skip_unavailable': False, 'install_base': '/home/yong/ws_kari/ROS2_Test/install/custom_interfaces', 'merge_install': False, 'path': '/home/yong/ws_kari/ROS2_Test/src/custom_interfaces', 'symlink_install': False, 'test_result_base': None}
[1.160s] Level 5:colcon.colcon_core.verb:set package 'multi_agent_comm' build argument 'cmake_args' from command line to 'None'
[1.160s] Level 5:colcon.colcon_core.verb:set package 'multi_agent_comm' build argument 'cmake_target' from command line to 'None'
[1.160s] Level 5:colcon.colcon_core.verb:set package 'multi_agent_comm' build argument 'cmake_target_skip_unavailable' from command line to 'False'
[1.160s] Level 5:colcon.colcon_core.verb:set package 'multi_agent_comm' build argument 'cmake_clean_cache' from command line to 'False'
[1.160s] Level 5:colcon.colcon_core.verb:set package 'multi_agent_comm' build argument 'cmake_clean_first' from command line to 'False'
[1.160s] Level 5:colcon.colcon_core.verb:set package 'multi_agent_comm' build argument 'cmake_force_configure' from command line to 'False'
[1.160s] Level 5:colcon.colcon_core.verb:set package 'multi_agent_comm' build argument 'ament_cmake_args' from command line to 'None'
[1.160s] Level 5:colcon.colcon_core.verb:set package 'multi_agent_comm' build argument 'catkin_cmake_args' from command line to 'None'
[1.160s] Level 5:colcon.colcon_core.verb:set package 'multi_agent_comm' build argument 'catkin_skip_building_tests' from command line to 'False'
[1.160s] DEBUG:colcon.colcon_core.verb:Building package 'multi_agent_comm' with the following arguments: {'ament_cmake_args': None, 'build_base': '/home/yong/ws_kari/ROS2_Test/build/multi_agent_comm', 'catkin_cmake_args': None, 'catkin_skip_building_tests': False, 'cmake_args': None, 'cmake_clean_cache': False, 'cmake_clean_first': False, 'cmake_force_configure': False, 'cmake_target': None, 'cmake_target_skip_unavailable': False, 'install_base': '/home/yong/ws_kari/ROS2_Test/install/multi_agent_comm', 'merge_install': False, 'path': '/home/yong/ws_kari/ROS2_Test/src/multi_agent_comm', 'symlink_install': False, 'test_result_base': None}
[1.173s] Level 5:colcon.colcon_core.verb:set package 'auction_node' build argument 'cmake_args' from command line to 'None'
[1.173s] Level 5:colcon.colcon_core.verb:set package 'auction_node' build argument 'cmake_target' from command line to 'None'
[1.173s] Level 5:colcon.colcon_core.verb:set package 'auction_node' build argument 'cmake_target_skip_unavailable' from command line to 'False'
[1.173s] Level 5:colcon.colcon_core.verb:set package 'auction_node' build argument 'cmake_clean_cache' from command line to 'False'
[1.173s] Level 5:colcon.colcon_core.verb:set package 'auction_node' build argument 'cmake_clean_first' from command line to 'False'
[1.173s] Level 5:colcon.colcon_core.verb:set package 'auction_node' build argument 'cmake_force_configure' from command line to 'False'
[1.173s] Level 5:colcon.colcon_core.verb:set package 'auction_node' build argument 'ament_cmake_args' from command line to 'None'
[1.173s] Level 5:colcon.colcon_core.verb:set package 'auction_node' build argument 'catkin_cmake_args' from command line to 'None'
[1.173s] Level 5:colcon.colcon_core.verb:set package 'auction_node' build argument 'catkin_skip_building_tests' from command line to 'False'
[1.174s] DEBUG:colcon.colcon_core.verb:Building package 'auction_node' with the following arguments: {'ament_cmake_args': None, 'build_base': '/home/yong/ws_kari/ROS2_Test/build/auction_node', 'catkin_cmake_args': None, 'catkin_skip_building_tests': False, 'cmake_args': None, 'cmake_clean_cache': False, 'cmake_clean_first': False, 'cmake_force_configure': False, 'cmake_target': None, 'cmake_target_skip_unavailable': False, 'install_base': '/home/yong/ws_kari/ROS2_Test/install/auction_node', 'merge_install': False, 'path': '/home/yong/ws_kari/ROS2_Test/src/auction', 'symlink_install': False, 'test_result_base': None}
[1.187s] Level 5:colcon.colcon_core.verb:set package 'srv_test' build argument 'cmake_args' from command line to 'None'
[1.187s] Level 5:colcon.colcon_core.verb:set package 'srv_test' build argument 'cmake_target' from command line to 'None'
[1.187s] Level 5:colcon.colcon_core.verb:set package 'srv_test' build argument 'cmake_target_skip_unavailable' from command line to 'False'
[1.187s] Level 5:colcon.colcon_core.verb:set package 'srv_test' build argument 'cmake_clean_cache' from command line to 'False'
[1.187s] Level 5:colcon.colcon_core.verb:set package 'srv_test' build argument 'cmake_clean_first' from command line to 'False'
[1.187s] Level 5:colcon.colcon_core.verb:set package 'srv_test' build argument 'cmake_force_configure' from command line to 'False'
[1.187s] Level 5:colcon.colcon_core.verb:set package 'srv_test' build argument 'ament_cmake_args' from command line to 'None'
[1.187s] Level 5:colcon.colcon_core.verb:set package 'srv_test' build argument 'catkin_cmake_args' from command line to 'None'
[1.187s] Level 5:colcon.colcon_core.verb:set package 'srv_test' build argument 'catkin_skip_building_tests' from command line to 'False'
[1.187s] DEBUG:colcon.colcon_core.verb:Building package 'srv_test' with the following arguments: {'ament_cmake_args': None, 'build_base': '/home/yong/ws_kari/ROS2_Test/build/srv_test', 'catkin_cmake_args': None, 'catkin_skip_building_tests': False, 'cmake_args': None, 'cmake_clean_cache': False, 'cmake_clean_first': False, 'cmake_force_configure': False, 'cmake_target': None, 'cmake_target_skip_unavailable': False, 'install_base': '/home/yong/ws_kari/ROS2_Test/install/srv_test', 'merge_install': False, 'path': '/home/yong/ws_kari/ROS2_Test/src/srv_test', 'symlink_install': False, 'test_result_base': None}
[1.200s] INFO:colcon.colcon_core.executor:Executing jobs using 'parallel' executor
[1.213s] DEBUG:colcon.colcon_parallel_executor.executor.parallel:run_until_complete
[1.214s] INFO:colcon.colcon_ros.task.ament_cmake.build:Building ROS package in '/home/yong/ws_kari/ROS2_Test/src/custom_interfaces' with build type 'ament_cmake'
[1.214s] INFO:colcon.colcon_cmake.task.cmake.build:Building CMake package in '/home/yong/ws_kari/ROS2_Test/src/custom_interfaces'
[1.228s] INFO:colcon.colcon_core.plugin_system:Skipping extension 'colcon_core.shell.bat': Not used on non-Windows systems
[1.229s] INFO:colcon.colcon_core.shell:Skip shell extension 'powershell' for command environment: Not usable outside of PowerShell
[1.229s] DEBUG:colcon.colcon_core.shell:Skip shell extension 'dsv' for command environment
[1.283s] INFO:colcon.colcon_ros.task.ament_cmake.build:Building ROS package in '/home/yong/ws_kari/ROS2_Test/src/acbba' with build type 'ament_cmake'
[1.284s] INFO:colcon.colcon_cmake.task.cmake.build:Building CMake package in '/home/yong/ws_kari/ROS2_Test/src/acbba'
[1.297s] INFO:colcon.colcon_core.shell:Skip shell extension 'powershell' for command environment: Not usable outside of PowerShell
[1.297s] DEBUG:colcon.colcon_core.shell:Skip shell extension 'dsv' for command environment
[1.352s] INFO:colcon.colcon_ros.task.ament_cmake.build:Building ROS package in '/home/yong/ws_kari/ROS2_Test/src/multi_agent_comm' with build type 'ament_cmake'
[1.352s] INFO:colcon.colcon_cmake.task.cmake.build:Building CMake package in '/home/yong/ws_kari/ROS2_Test/src/multi_agent_comm'
[1.365s] INFO:colcon.colcon_core.shell:Skip shell extension 'powershell' for command environment: Not usable outside of PowerShell
[1.366s] DEBUG:colcon.colcon_core.shell:Skip shell extension 'dsv' for command environment
[1.425s] DEBUG:colcon.colcon_core.event_handler.log_command:Invoking command in '/home/yong/ws_kari/ROS2_Test/build/custom_interfaces': CMAKE_PREFIX_PATH=${CMAKE_PREFIX_PATH}:/opt/ros/humble /usr/bin/cmake --build /home/yong/ws_kari/ROS2_Test/build/custom_interfaces -- -j16 -l16
[1.428s] DEBUG:colcon.colcon_core.event_handler.log_command:Invoking command in '/home/yong/ws_kari/ROS2_Test/build/acbba': CMAKE_PREFIX_PATH=${CMAKE_PREFIX_PATH}:/opt/ros/humble /usr/bin/cmake --build /home/yong/ws_kari/ROS2_Test/build/acbba -- -j16 -l16
[1.432s] DEBUG:colcon.colcon_core.event_handler.log_command:Invoking command in '/home/yong/ws_kari/ROS2_Test/build/multi_agent_comm': CMAKE_PREFIX_PATH=${CMAKE_PREFIX_PATH}:/opt/ros/humble /usr/bin/cmake --build /home/yong/ws_kari/ROS2_Test/build/multi_agent_comm -- -j16 -l16
[1.474s] DEBUG:colcon.colcon_core.event_handler.log_command:Invoked command in '/home/yong/ws_kari/ROS2_Test/build/acbba' returned '0': CMAKE_PREFIX_PATH=${CMAKE_PREFIX_PATH}:/opt/ros/humble /usr/bin/cmake --build /home/yong/ws_kari/ROS2_Test/build/acbba -- -j16 -l16
[1.523s] DEBUG:colcon.colcon_core.event_handler.log_command:Invoking command in '/home/yong/ws_kari/ROS2_Test/build/acbba': CMAKE_PREFIX_PATH=${CMAKE_PREFIX_PATH}:/opt/ros/humble /usr/bin/cmake --install /home/yong/ws_kari/ROS2_Test/build/acbba
[1.539s] Level 1:colcon.colcon_core.environment:create_environment_scripts_only(acbba)
[1.541s] DEBUG:colcon.colcon_core.event_handler.log_command:Invoked command in '/home/yong/ws_kari/ROS2_Test/build/acbba' returned '0': CMAKE_PREFIX_PATH=${CMAKE_PREFIX_PATH}:/opt/ros/humble /usr/bin/cmake --install /home/yong/ws_kari/ROS2_Test/build/acbba
[1.564s] Level 1:colcon.colcon_core.environment:checking '/home/yong/ws_kari/ROS2_Test/install/acbba' for CMake module files
[1.565s] Level 1:colcon.colcon_core.environment:checking '/home/yong/ws_kari/ROS2_Test/install/acbba' for CMake config files
[1.565s] Level 1:colcon.colcon_core.shell:create_environment_hook('acbba', 'cmake_prefix_path')
[1.579s] INFO:colcon.colcon_core.shell:Creating environment hook '/home/yong/ws_kari/ROS2_Test/install/acbba/share/acbba/hook/cmake_prefix_path.ps1'
[1.580s] INFO:colcon.colcon_core.shell:Creating environment descriptor '/home/yong/ws_kari/ROS2_Test/install/acbba/share/acbba/hook/cmake_prefix_path.dsv'
[1.580s] INFO:colcon.colcon_core.shell:Creating environment hook '/home/yong/ws_kari/ROS2_Test/install/acbba/share/acbba/hook/cmake_prefix_path.sh'
[1.581s] Level 1:colcon.colcon_core.environment:checking '/home/yong/ws_kari/ROS2_Test/install/acbba/bin'
[1.581s] Level 1:colcon.colcon_core.environment:checking '/home/yong/ws_kari/ROS2_Test/install/acbba/lib/pkgconfig/acbba.pc'
[1.581s] Level 1:colcon.colcon_core.environment:checking '/home/yong/ws_kari/ROS2_Test/install/acbba/lib/python3.10/site-packages'
[1.581s] Level 1:colcon.colcon_core.environment:checking '/home/yong/ws_kari/ROS2_Test/install/acbba/bin'
[1.596s] INFO:colcon.colcon_core.shell:Creating package script '/home/yong/ws_kari/ROS2_Test/install/acbba/share/acbba/package.ps1'
[1.596s] INFO:colcon.colcon_core.shell:Creating package descriptor '/home/yong/ws_kari/ROS2_Test/install/acbba/share/acbba/package.dsv'
[1.597s] INFO:colcon.colcon_core.shell:Creating package script '/home/yong/ws_kari/ROS2_Test/install/acbba/share/acbba/package.sh'
[1.598s] INFO:colcon.colcon_core.shell:Creating package script '/home/yong/ws_kari/ROS2_Test/install/acbba/share/acbba/package.bash'
[1.599s] INFO:colcon.colcon_core.shell:Creating package script '/home/yong/ws_kari/ROS2_Test/install/acbba/share/acbba/package.zsh'
[1.599s] Level 1:colcon.colcon_core.environment:create_file_with_runtime_dependencies(/home/yong/ws_kari/ROS2_Test/install/acbba/share/colcon-core/packages/acbba)
[1.646s] Level 1:colcon.colcon_core.environment:create_environment_scripts_only(acbba)
[1.663s] Level 1:colcon.colcon_core.environment:checking '/home/yong/ws_kari/ROS2_Test/install/acbba' for CMake module files
[1.664s] Level 1:colcon.colcon_core.environment:checking '/home/yong/ws_kari/ROS2_Test/install/acbba' for CMake config files
[1.664s] Level 1:colcon.colcon_core.shell:create_environment_hook('acbba', 'cmake_prefix_path')
[1.678s] INFO:colcon.colcon_core.shell:Creating environment hook '/home/yong/ws_kari/ROS2_Test/install/acbba/share/acbba/hook/cmake_prefix_path.ps1'
[1.678s] INFO:colcon.colcon_core.shell:Creating environment descriptor '/home/yong/ws_kari/ROS2_Test/install/acbba/share/acbba/hook/cmake_prefix_path.dsv'
[1.679s] INFO:colcon.colcon_core.shell:Creating environment hook '/home/yong/ws_kari/ROS2_Test/install/acbba/share/acbba/hook/cmake_prefix_path.sh'
[1.679s] Level 1:colcon.colcon_core.environment:checking '/home/yong/ws_kari/ROS2_Test/install/acbba/bin'
[1.679s] Level 1:colcon.colcon_core.environment:checking '/home/yong/ws_kari/ROS2_Test/install/acbba/lib/pkgconfig/acbba.pc'
[1.679s] Level 1:colcon.colcon_core.environment:checking '/home/yong/ws_kari/ROS2_Test/install/acbba/lib/python3.10/site-packages'
[1.679s] Level 1:colcon.colcon_core.environment:checking '/home/yong/ws_kari/ROS2_Test/install/acbba/bin'
[1.693s] INFO:colcon.colcon_core.shell:Creating package script '/home/yong/ws_kari/ROS2_Test/install/acbba/share/acbba/package.ps1'
[1.693s] INFO:colcon.colcon_core.shell:Creating package descriptor '/home/yong/ws_kari/ROS2_Test/install/acbba/share/acbba/package.dsv'
[1.694s] INFO:colcon.colcon_core.shell:Creating package script '/home/yong/ws_kari/ROS2_Test/install/acbba/share/acbba/package.sh'
[1.694s] INFO:colcon.colcon_core.shell:Creating package script '/home/yong/ws_kari/ROS2_Test/install/acbba/share/acbba/package.bash'
[1.695s] INFO:colcon.colcon_core.shell:Creating package script '/home/yong/ws_kari/ROS2_Test/install/acbba/share/acbba/package.zsh'
[1.695s] Level 1:colcon.colcon_core.environment:create_file_with_runtime_dependencies(/home/yong/ws_kari/ROS2_Test/install/acbba/share/colcon-core/packages/acbba)
[1.805s] DEBUG:colcon.colcon_core.event_handler.log_command:Invoked command in '/home/yong/ws_kari/ROS2_Test/build/custom_interfaces' returned '0': CMAKE_PREFIX_PATH=${CMAKE_PREFIX_PATH}:/opt/ros/humble /usr/bin/cmake --build /home/yong/ws_kari/ROS2_Test/build/custom_interfaces -- -j16 -l16
[1.815s] DEBUG:colcon.colcon_core.event_handler.log_command:Invoked command in '/home/yong/ws_kari/ROS2_Test/build/multi_agent_comm' returned '0': CMAKE_PREFIX_PATH=${CMAKE_PREFIX_PATH}:/opt/ros/humble /usr/bin/cmake --build /home/yong/ws_kari/ROS2_Test/build/multi_agent_comm -- -j16 -l16
[1.903s] DEBUG:colcon.colcon_core.event_handler.log_command:Invoking command in '/home/yong/ws_kari/ROS2_Test/build/multi_agent_comm': CMAKE_PREFIX_PATH=${CMAKE_PREFIX_PATH}:/opt/ros/humble /usr/bin/cmake --install /home/yong/ws_kari/ROS2_Test/build/multi_agent_comm
[1.969s] Level 1:colcon.colcon_core.environment:create_environment_scripts_only(multi_agent_comm)
[1.970s] DEBUG:colcon.colcon_core.event_handler.log_command:Invoked command in '/home/yong/ws_kari/ROS2_Test/build/multi_agent_comm' returned '0': CMAKE_PREFIX_PATH=${CMAKE_PREFIX_PATH}:/opt/ros/humble /usr/bin/cmake --install /home/yong/ws_kari/ROS2_Test/build/multi_agent_comm
[1.983s] Level 1:colcon.colcon_core.environment:checking '/home/yong/ws_kari/ROS2_Test/install/multi_agent_comm' for CMake module files
[1.984s] Level 1:colcon.colcon_core.environment:checking '/home/yong/ws_kari/ROS2_Test/install/multi_agent_comm' for CMake config files
[1.985s] Level 1:colcon.colcon_core.shell:create_environment_hook('multi_agent_comm', 'cmake_prefix_path')
[1.998s] INFO:colcon.colcon_core.shell:Creating environment hook '/home/yong/ws_kari/ROS2_Test/install/multi_agent_comm/share/multi_agent_comm/hook/cmake_prefix_path.ps1'
[1.999s] INFO:colcon.colcon_core.shell:Creating environment descriptor '/home/yong/ws_kari/ROS2_Test/install/multi_agent_comm/share/multi_agent_comm/hook/cmake_prefix_path.dsv'
[1.999s] INFO:colcon.colcon_core.shell:Creating environment hook '/home/yong/ws_kari/ROS2_Test/install/multi_agent_comm/share/multi_agent_comm/hook/cmake_prefix_path.sh'
[1.999s] Level 1:colcon.colcon_core.environment:checking '/home/yong/ws_kari/ROS2_Test/install/multi_agent_comm/lib'
[1.999s] Level 1:colcon.colcon_core.shell:create_environment_hook('multi_agent_comm', 'ld_library_path_lib')
[2.013s] INFO:colcon.colcon_core.shell:Creating environment hook '/home/yong/ws_kari/ROS2_Test/install/multi_agent_comm/share/multi_agent_comm/hook/ld_library_path_lib.ps1'
[2.013s] INFO:colcon.colcon_core.shell:Creating environment descriptor '/home/yong/ws_kari/ROS2_Test/install/multi_agent_comm/share/multi_agent_comm/hook/ld_library_path_lib.dsv'
[2.013s] INFO:colcon.colcon_core.shell:Creating environment hook '/home/yong/ws_kari/ROS2_Test/install/multi_agent_comm/share/multi_agent_comm/hook/ld_library_path_lib.sh'
[2.014s] Level 1:colcon.colcon_core.environment:checking '/home/yong/ws_kari/ROS2_Test/install/multi_agent_comm/bin'
[2.014s] Level 1:colcon.colcon_core.environment:checking '/home/yong/ws_kari/ROS2_Test/install/multi_agent_comm/lib/pkgconfig/multi_agent_comm.pc'
[2.014s] Level 1:colcon.colcon_core.environment:checking '/home/yong/ws_kari/ROS2_Test/install/multi_agent_comm/lib/python3.10/site-packages'
[2.014s] Level 1:colcon.colcon_core.environment:checking '/home/yong/ws_kari/ROS2_Test/install/multi_agent_comm/bin'
[2.028s] INFO:colcon.colcon_core.shell:Creating package script '/home/yong/ws_kari/ROS2_Test/install/multi_agent_comm/share/multi_agent_comm/package.ps1'
[2.028s] INFO:colcon.colcon_core.shell:Creating package descriptor '/home/yong/ws_kari/ROS2_Test/install/multi_agent_comm/share/multi_agent_comm/package.dsv'
[2.029s] INFO:colcon.colcon_core.shell:Creating package script '/home/yong/ws_kari/ROS2_Test/install/multi_agent_comm/share/multi_agent_comm/package.sh'
[2.029s] INFO:colcon.colcon_core.shell:Creating package script '/home/yong/ws_kari/ROS2_Test/install/multi_agent_comm/share/multi_agent_comm/package.bash'
[2.029s] INFO:colcon.colcon_core.shell:Creating package script '/home/yong/ws_kari/ROS2_Test/install/multi_agent_comm/share/multi_agent_comm/package.zsh'
[2.029s] Level 1:colcon.colcon_core.environment:create_file_with_runtime_dependencies(/home/yong/ws_kari/ROS2_Test/install/multi_agent_comm/share/colcon-core/packages/multi_agent_comm)
[2.032s] DEBUG:colcon.colcon_core.event_handler.log_command:Invoking command in '/home/yong/ws_kari/ROS2_Test/build/custom_interfaces': CMAKE_PREFIX_PATH=${CMAKE_PREFIX_PATH}:/opt/ros/humble /usr/bin/cmake --install /home/yong/ws_kari/ROS2_Test/build/custom_interfaces
[2.109s] Level 1:colcon.colcon_core.environment:create_environment_scripts_only(custom_interfaces)
[2.110s] DEBUG:colcon.colcon_core.event_handler.log_command:Invoked command in '/home/yong/ws_kari/ROS2_Test/build/custom_interfaces' returned '0': CMAKE_PREFIX_PATH=${CMAKE_PREFIX_PATH}:/opt/ros/humble /usr/bin/cmake --install /home/yong/ws_kari/ROS2_Test/build/custom_interfaces
[2.123s] Level 1:colcon.colcon_core.environment:checking '/home/yong/ws_kari/ROS2_Test/install/custom_interfaces' for CMake module files
[2.124s] Level 1:colcon.colcon_core.environment:checking '/home/yong/ws_kari/ROS2_Test/install/custom_interfaces' for CMake config files
[2.126s] Level 1:colcon.colcon_core.shell:create_environment_hook('custom_interfaces', 'cmake_prefix_path')
[2.139s] INFO:colcon.colcon_core.shell:Creating environment hook '/home/yong/ws_kari/ROS2_Test/install/custom_interfaces/share/custom_interfaces/hook/cmake_prefix_path.ps1'
[2.140s] INFO:colcon.colcon_core.shell:Creating environment descriptor '/home/yong/ws_kari/ROS2_Test/install/custom_interfaces/share/custom_interfaces/hook/cmake_prefix_path.dsv'
[2.140s] INFO:colcon.colcon_core.shell:Creating environment hook '/home/yong/ws_kari/ROS2_Test/install/custom_interfaces/share/custom_interfaces/hook/cmake_prefix_path.sh'
[2.141s] Level 1:colcon.colcon_core.environment:checking '/home/yong/ws_kari/ROS2_Test/install/custom_interfaces/lib'
[2.141s] Level 1:colcon.colcon_core.shell:create_environment_hook('custom_interfaces', 'ld_library_path_lib')
[2.154s] INFO:colcon.colcon_core.shell:Creating environment hook '/home/yong/ws_kari/ROS2_Test/install/custom_interfaces/share/custom_interfaces/hook/ld_library_path_lib.ps1'
[2.155s] INFO:colcon.colcon_core.shell:Creating environment descriptor '/home/yong/ws_kari/ROS2_Test/install/custom_interfaces/share/custom_interfaces/hook/ld_library_path_lib.dsv'
[2.155s] INFO:colcon.colcon_core.shell:Creating environment hook '/home/yong/ws_kari/ROS2_Test/install/custom_interfaces/share/custom_interfaces/hook/ld_library_path_lib.sh'
[2.155s] Level 1:colcon.colcon_core.environment:checking '/home/yong/ws_kari/ROS2_Test/install/custom_interfaces/bin'
[2.155s] Level 1:colcon.colcon_core.environment:checking '/home/yong/ws_kari/ROS2_Test/install/custom_interfaces/lib/pkgconfig/custom_interfaces.pc'
[2.156s] Level 1:colcon.colcon_core.environment:checking '/home/yong/ws_kari/ROS2_Test/install/custom_interfaces/lib/python3.10/site-packages'
[2.156s] Level 1:colcon.colcon_core.environment:checking '/home/yong/ws_kari/ROS2_Test/install/custom_interfaces/bin'
[2.172s] INFO:colcon.colcon_core.shell:Creating package script '/home/yong/ws_kari/ROS2_Test/install/custom_interfaces/share/custom_interfaces/package.ps1'
[2.173s] INFO:colcon.colcon_core.shell:Creating package descriptor '/home/yong/ws_kari/ROS2_Test/install/custom_interfaces/share/custom_interfaces/package.dsv'
[2.173s] INFO:colcon.colcon_core.shell:Creating package script '/home/yong/ws_kari/ROS2_Test/install/custom_interfaces/share/custom_interfaces/package.sh'
[2.174s] INFO:colcon.colcon_core.shell:Creating package script '/home/yong/ws_kari/ROS2_Test/install/custom_interfaces/share/custom_interfaces/package.bash'
[2.175s] INFO:colcon.colcon_core.shell:Creating package script '/home/yong/ws_kari/ROS2_Test/install/custom_interfaces/share/custom_interfaces/package.zsh'
[2.175s] Level 1:colcon.colcon_core.environment:create_file_with_runtime_dependencies(/home/yong/ws_kari/ROS2_Test/install/custom_interfaces/share/colcon-core/packages/custom_interfaces)
[2.195s] Level 1:colcon.colcon_core.environment:create_environment_scripts_only(multi_agent_comm)
[2.209s] Level 1:colcon.colcon_core.environment:checking '/home/yong/ws_kari/ROS2_Test/install/multi_agent_comm' for CMake module files
[2.210s] Level 1:colcon.colcon_core.environment:checking '/home/yong/ws_kari/ROS2_Test/install/multi_agent_comm' for CMake config files
[2.211s] Level 1:colcon.colcon_core.shell:create_environment_hook('multi_agent_comm', 'cmake_prefix_path')
[2.224s] INFO:colcon.colcon_core.shell:Creating environment hook '/home/yong/ws_kari/ROS2_Test/install/multi_agent_comm/share/multi_agent_comm/hook/cmake_prefix_path.ps1'
[2.225s] INFO:colcon.colcon_core.shell:Creating environment descriptor '/home/yong/ws_kari/ROS2_Test/install/multi_agent_comm/share/multi_agent_comm/hook/cmake_prefix_path.dsv'
[2.225s] INFO:colcon.colcon_core.shell:Creating environment hook '/home/yong/ws_kari/ROS2_Test/install/multi_agent_comm/share/multi_agent_comm/hook/cmake_prefix_path.sh'
[2.226s] Level 1:colcon.colcon_core.environment:checking '/home/yong/ws_kari/ROS2_Test/install/multi_agent_comm/lib'
[2.226s] Level 1:colcon.colcon_core.shell:create_environment_hook('multi_agent_comm', 'ld_library_path_lib')
[2.239s] INFO:colcon.colcon_core.shell:Creating environment hook '/home/yong/ws_kari/ROS2_Test/install/multi_agent_comm/share/multi_agent_comm/hook/ld_library_path_lib.ps1'
[2.240s] INFO:colcon.colcon_core.shell:Creating environment descriptor '/home/yong/ws_kari/ROS2_Test/install/multi_agent_comm/share/multi_agent_comm/hook/ld_library_path_lib.dsv'
[2.240s] INFO:colcon.colcon_core.shell:Creating environment hook '/home/yong/ws_kari/ROS2_Test/install/multi_agent_comm/share/multi_agent_comm/hook/ld_library_path_lib.sh'
[2.240s] Level 1:colcon.colcon_core.environment:checking '/home/yong/ws_kari/ROS2_Test/install/multi_agent_comm/bin'
[2.240s] Level 1:colcon.colcon_core.environment:checking '/home/yong/ws_kari/ROS2_Test/install/multi_agent_comm/lib/pkgconfig/multi_agent_comm.pc'
[2.240s] Level 1:colcon.colcon_core.environment:checking '/home/yong/ws_kari/ROS2_Test/install/multi_agent_comm/lib/python3.10/site-packages'
[2.241s] Level 1:colcon.colcon_core.environment:checking '/home/yong/ws_kari/ROS2_Test/install/multi_agent_comm/bin'
[2.254s] INFO:colcon.colcon_core.shell:Creating package script '/home/yong/ws_kari/ROS2_Test/install/multi_agent_comm/share/multi_agent_comm/package.ps1'
[2.255s] INFO:colcon.colcon_core.shell:Creating package descriptor '/home/yong/ws_kari/ROS2_Test/install/multi_agent_comm/share/multi_agent_comm/package.dsv'
[2.255s] INFO:colcon.colcon_core.shell:Creating package script '/home/yong/ws_kari/ROS2_Test/install/multi_agent_comm/share/multi_agent_comm/package.sh'
[2.256s] INFO:colcon.colcon_core.shell:Creating package script '/home/yong/ws_kari/ROS2_Test/install/multi_agent_comm/share/multi_agent_comm/package.bash'
[2.256s] INFO:colcon.colcon_core.shell:Creating package script '/home/yong/ws_kari/ROS2_Test/install/multi_agent_comm/share/multi_agent_comm/package.zsh'
[2.256s] Level 1:colcon.colcon_core.environment:create_file_with_runtime_dependencies(/home/yong/ws_kari/ROS2_Test/install/multi_agent_comm/share/colcon-core/packages/multi_agent_comm)
[2.358s] Level 1:colcon.colcon_core.environment:create_environment_scripts_only(custom_interfaces)
[2.370s] Level 1:colcon.colcon_core.environment:checking '/home/yong/ws_kari/ROS2_Test/install/custom_interfaces' for CMake module files
[2.371s] Level 1:colcon.colcon_core.environment:checking '/home/yong/ws_kari/ROS2_Test/install/custom_interfaces' for CMake config files
[2.372s] Level 1:colcon.colcon_core.shell:create_environment_hook('custom_interfaces', 'cmake_prefix_path')
[2.385s] INFO:colcon.colcon_core.shell:Creating environment hook '/home/yong/ws_kari/ROS2_Test/install/custom_interfaces/share/custom_interfaces/hook/cmake_prefix_path.ps1'
[2.386s] INFO:colcon.colcon_core.shell:Creating environment descriptor '/home/yong/ws_kari/ROS2_Test/install/custom_interfaces/share/custom_interfaces/hook/cmake_prefix_path.dsv'
[2.386s] INFO:colcon.colcon_core.shell:Creating environment hook '/home/yong/ws_kari/ROS2_Test/install/custom_interfaces/share/custom_interfaces/hook/cmake_prefix_path.sh'
[2.386s] Level 1:colcon.colcon_core.environment:checking '/home/yong/ws_kari/ROS2_Test/install/custom_interfaces/lib'
[2.386s] Level 1:colcon.colcon_core.shell:create_environment_hook('custom_interfaces', 'ld_library_path_lib')
[2.399s] INFO:colcon.colcon_core.shell:Creating environment hook '/home/yong/ws_kari/ROS2_Test/install/custom_interfaces/share/custom_interfaces/hook/ld_library_path_lib.ps1'
[2.400s] INFO:colcon.colcon_core.shell:Creating environment descriptor '/home/yong/ws_kari/ROS2_Test/install/custom_interfaces/share/custom_interfaces/hook/ld_library_path_lib.dsv'
[2.400s] INFO:colcon.colcon_core.shell:Creating environment hook '/home/yong/ws_kari/ROS2_Test/install/custom_interfaces/share/custom_interfaces/hook/ld_library_path_lib.sh'
[2.400s] Level 1:colcon.colcon_core.environment:checking '/home/yong/ws_kari/ROS2_Test/install/custom_interfaces/bin'
[2.400s] Level 1:colcon.colcon_core.environment:checking '/home/yong/ws_kari/ROS2_Test/install/custom_interfaces/lib/pkgconfig/custom_interfaces.pc'
[2.400s] Level 1:colcon.colcon_core.environment:checking '/home/yong/ws_kari/ROS2_Test/install/custom_interfaces/lib/python3.10/site-packages'
[2.400s] Level 1:colcon.colcon_core.environment:checking '/home/yong/ws_kari/ROS2_Test/install/custom_interfaces/bin'
[2.413s] INFO:colcon.colcon_core.shell:Creating package script '/home/yong/ws_kari/ROS2_Test/install/custom_interfaces/share/custom_interfaces/package.ps1'
[2.414s] INFO:colcon.colcon_core.shell:Creating package descriptor '/home/yong/ws_kari/ROS2_Test/install/custom_interfaces/share/custom_interfaces/package.dsv'
[2.414s] INFO:colcon.colcon_core.shell:Creating package script '/home/yong/ws_kari/ROS2_Test/install/custom_interfaces/share/custom_interfaces/package.sh'
[2.414s] INFO:colcon.colcon_core.shell:Creating package script '/home/yong/ws_kari/ROS2_Test/install/custom_interfaces/share/custom_interfaces/package.bash'
[2.415s] INFO:colcon.colcon_core.shell:Creating package script '/home/yong/ws_kari/ROS2_Test/install/custom_interfaces/share/custom_interfaces/package.zsh'
[2.415s] Level 1:colcon.colcon_core.environment:create_file_with_runtime_dependencies(/home/yong/ws_kari/ROS2_Test/install/custom_interfaces/share/colcon-core/packages/custom_interfaces)
[2.415s] INFO:colcon.colcon_ros.task.catkin.build:Building ROS package in '/home/yong/ws_kari/ROS2_Test/src/auction' with build type 'catkin'
[2.416s] INFO:colcon.colcon_cmake.task.cmake.build:Building CMake package in '/home/yong/ws_kari/ROS2_Test/src/auction'
[2.430s] INFO:colcon.colcon_core.shell:Skip shell extension 'powershell' for command environment: Not usable outside of PowerShell
[2.430s] DEBUG:colcon.colcon_core.shell:Skip shell extension 'dsv' for command environment
[2.485s] INFO:colcon.colcon_ros.task.ament_cmake.build:Building ROS package in '/home/yong/ws_kari/ROS2_Test/src/srv_test' with build type 'ament_cmake'
[2.485s] INFO:colcon.colcon_cmake.task.cmake.build:Building CMake package in '/home/yong/ws_kari/ROS2_Test/src/srv_test'
[2.499s] INFO:colcon.colcon_core.shell:Skip shell extension 'powershell' for command environment: Not usable outside of PowerShell
[2.499s] DEBUG:colcon.colcon_core.shell:Skip shell extension 'dsv' for command environment
[2.558s] DEBUG:colcon.colcon_core.event_handler.log_command:Invoking command in '/home/yong/ws_kari/ROS2_Test/build/auction_node': CMAKE_PREFIX_PATH=/home/yong/ws_kari/ROS2_Test/install/custom_interfaces:/home/yong/ws_kari/ROS2_Test/install/srv_test:/home/yong/ws_kari/ROS2_Test/install/multi_agent_comm:/home/yong/ws_kari/ROS2_Test/install/cbba:/home/yong/ws_kari/ROS2_Test/install/acbba:/home/yong/ws_kari/install/project_dma_2024:/home/yong/ws_kari/install/multi_agent_comm:/home/yong/ws_kari/install/cbba LD_LIBRARY_PATH=/home/yong/ws_kari/ROS2_Test/install/custom_interfaces/lib:/home/yong/ws_kari/ROS2_Test/install/multi_agent_comm/lib:/home/yong/ws_kari/install/project_dma_2024/lib:/home/yong/ws_kari/install/multi_agent_comm/lib:/opt/ros/humble/opt/rviz_ogre_vendor/lib:/opt/ros/humble/lib/x86_64-linux-gnu:/opt/ros/humble/lib /usr/bin/cmake /home/yong/ws_kari/ROS2_Test/src/auction -DCATKIN_INSTALL_INTO_PREFIX_ROOT=0 -DCMAKE_INSTALL_PREFIX=/home/yong/ws_kari/ROS2_Test/install/auction_node
[2.562s] DEBUG:colcon.colcon_core.event_handler.log_command:Invoking command in '/home/yong/ws_kari/ROS2_Test/build/srv_test': CMAKE_PREFIX_PATH=/home/yong/ws_kari/ROS2_Test/install/custom_interfaces:/home/yong/ws_kari/ROS2_Test/install/srv_test:/home/yong/ws_kari/ROS2_Test/install/multi_agent_comm:/home/yong/ws_kari/ROS2_Test/install/cbba:/home/yong/ws_kari/ROS2_Test/install/acbba:/home/yong/ws_kari/install/project_dma_2024:/home/yong/ws_kari/install/multi_agent_comm:/home/yong/ws_kari/install/cbba:/opt/ros/humble LD_LIBRARY_PATH=/home/yong/ws_kari/ROS2_Test/install/custom_interfaces/lib:/home/yong/ws_kari/ROS2_Test/install/multi_agent_comm/lib:/home/yong/ws_kari/install/project_dma_2024/lib:/home/yong/ws_kari/install/multi_agent_comm/lib:/opt/ros/humble/opt/rviz_ogre_vendor/lib:/opt/ros/humble/lib/x86_64-linux-gnu:/opt/ros/humble/lib /usr/bin/cmake --build /home/yong/ws_kari/ROS2_Test/build/srv_test -- -j16 -l16
[2.639s] DEBUG:colcon.colcon_core.event_handler.log_command:Invoked command in '/home/yong/ws_kari/ROS2_Test/build/srv_test' returned '0': CMAKE_PREFIX_PATH=/home/yong/ws_kari/ROS2_Test/install/custom_interfaces:/home/yong/ws_kari/ROS2_Test/install/srv_test:/home/yong/ws_kari/ROS2_Test/install/multi_agent_comm:/home/yong/ws_kari/ROS2_Test/install/cbba:/home/yong/ws_kari/ROS2_Test/install/acbba:/home/yong/ws_kari/install/project_dma_2024:/home/yong/ws_kari/install/multi_agent_comm:/home/yong/ws_kari/install/cbba:/opt/ros/humble LD_LIBRARY_PATH=/home/yong/ws_kari/ROS2_Test/install/custom_interfaces/lib:/home/yong/ws_kari/ROS2_Test/install/multi_agent_comm/lib:/home/yong/ws_kari/install/project_dma_2024/lib:/home/yong/ws_kari/install/multi_agent_comm/lib:/opt/ros/humble/opt/rviz_ogre_vendor/lib:/opt/ros/humble/lib/x86_64-linux-gnu:/opt/ros/humble/lib /usr/bin/cmake --build /home/yong/ws_kari/ROS2_Test/build/srv_test -- -j16 -l16
[2.678s] DEBUG:colcon.colcon_core.event_handler.log_command:Invoking command in '/home/yong/ws_kari/ROS2_Test/build/srv_test': CMAKE_PREFIX_PATH=/home/yong/ws_kari/ROS2_Test/install/custom_interfaces:/home/yong/ws_kari/ROS2_Test/install/srv_test:/home/yong/ws_kari/ROS2_Test/install/multi_agent_comm:/home/yong/ws_kari/ROS2_Test/install/cbba:/home/yong/ws_kari/ROS2_Test/install/acbba:/home/yong/ws_kari/install/project_dma_2024:/home/yong/ws_kari/install/multi_agent_comm:/home/yong/ws_kari/install/cbba:/opt/ros/humble LD_LIBRARY_PATH=/home/yong/ws_kari/ROS2_Test/install/custom_interfaces/lib:/home/yong/ws_kari/ROS2_Test/install/multi_agent_comm/lib:/home/yong/ws_kari/install/project_dma_2024/lib:/home/yong/ws_kari/install/multi_agent_comm/lib:/opt/ros/humble/opt/rviz_ogre_vendor/lib:/opt/ros/humble/lib/x86_64-linux-gnu:/opt/ros/humble/lib /usr/bin/cmake --install /home/yong/ws_kari/ROS2_Test/build/srv_test
[2.718s] Level 1:colcon.colcon_core.environment:create_environment_scripts_only(srv_test)
[2.719s] DEBUG:colcon.colcon_core.event_handler.log_command:Invoked command in '/home/yong/ws_kari/ROS2_Test/build/srv_test' returned '0': CMAKE_PREFIX_PATH=/home/yong/ws_kari/ROS2_Test/install/custom_interfaces:/home/yong/ws_kari/ROS2_Test/install/srv_test:/home/yong/ws_kari/ROS2_Test/install/multi_agent_comm:/home/yong/ws_kari/ROS2_Test/install/cbba:/home/yong/ws_kari/ROS2_Test/install/acbba:/home/yong/ws_kari/install/project_dma_2024:/home/yong/ws_kari/install/multi_agent_comm:/home/yong/ws_kari/install/cbba:/opt/ros/humble LD_LIBRARY_PATH=/home/yong/ws_kari/ROS2_Test/install/custom_interfaces/lib:/home/yong/ws_kari/ROS2_Test/install/multi_agent_comm/lib:/home/yong/ws_kari/install/project_dma_2024/lib:/home/yong/ws_kari/install/multi_agent_comm/lib:/opt/ros/humble/opt/rviz_ogre_vendor/lib:/opt/ros/humble/lib/x86_64-linux-gnu:/opt/ros/humble/lib /usr/bin/cmake --install /home/yong/ws_kari/ROS2_Test/build/srv_test
[2.739s] Level 1:colcon.colcon_core.environment:checking '/home/yong/ws_kari/ROS2_Test/install/srv_test' for CMake module files
[2.740s] Level 1:colcon.colcon_core.environment:checking '/home/yong/ws_kari/ROS2_Test/install/srv_test' for CMake config files
[2.740s] Level 1:colcon.colcon_core.shell:create_environment_hook('srv_test', 'cmake_prefix_path')
[2.758s] INFO:colcon.colcon_core.shell:Creating environment hook '/home/yong/ws_kari/ROS2_Test/install/srv_test/share/srv_test/hook/cmake_prefix_path.ps1'
[2.759s] INFO:colcon.colcon_core.shell:Creating environment descriptor '/home/yong/ws_kari/ROS2_Test/install/srv_test/share/srv_test/hook/cmake_prefix_path.dsv'
[2.759s] INFO:colcon.colcon_core.shell:Creating environment hook '/home/yong/ws_kari/ROS2_Test/install/srv_test/share/srv_test/hook/cmake_prefix_path.sh'
[2.760s] Level 1:colcon.colcon_core.environment:checking '/home/yong/ws_kari/ROS2_Test/install/srv_test/lib'
[2.760s] Level 1:colcon.colcon_core.environment:checking '/home/yong/ws_kari/ROS2_Test/install/srv_test/bin'
[2.760s] Level 1:colcon.colcon_core.environment:checking '/home/yong/ws_kari/ROS2_Test/install/srv_test/lib/pkgconfig/srv_test.pc'
[2.760s] Level 1:colcon.colcon_core.environment:checking '/home/yong/ws_kari/ROS2_Test/install/srv_test/lib/python3.10/site-packages'
[2.760s] Level 1:colcon.colcon_core.environment:checking '/home/yong/ws_kari/ROS2_Test/install/srv_test/bin'
[2.774s] INFO:colcon.colcon_core.shell:Creating package script '/home/yong/ws_kari/ROS2_Test/install/srv_test/share/srv_test/package.ps1'
[2.774s] INFO:colcon.colcon_core.shell:Creating package descriptor '/home/yong/ws_kari/ROS2_Test/install/srv_test/share/srv_test/package.dsv'
[2.775s] INFO:colcon.colcon_core.shell:Creating package script '/home/yong/ws_kari/ROS2_Test/install/srv_test/share/srv_test/package.sh'
[2.775s] INFO:colcon.colcon_core.shell:Creating package script '/home/yong/ws_kari/ROS2_Test/install/srv_test/share/srv_test/package.bash'
[2.775s] INFO:colcon.colcon_core.shell:Creating package script '/home/yong/ws_kari/ROS2_Test/install/srv_test/share/srv_test/package.zsh'
[2.776s] Level 1:colcon.colcon_core.environment:create_file_with_runtime_dependencies(/home/yong/ws_kari/ROS2_Test/install/srv_test/share/colcon-core/packages/srv_test)
[2.826s] Level 1:colcon.colcon_core.environment:create_environment_scripts_only(srv_test)
[2.840s] Level 1:colcon.colcon_core.environment:checking '/home/yong/ws_kari/ROS2_Test/install/srv_test' for CMake module files
[2.841s] Level 1:colcon.colcon_core.environment:checking '/home/yong/ws_kari/ROS2_Test/install/srv_test' for CMake config files
[2.841s] Level 1:colcon.colcon_core.shell:create_environment_hook('srv_test', 'cmake_prefix_path')
[2.855s] INFO:colcon.colcon_core.shell:Creating environment hook '/home/yong/ws_kari/ROS2_Test/install/srv_test/share/srv_test/hook/cmake_prefix_path.ps1'
[2.855s] INFO:colcon.colcon_core.shell:Creating environment descriptor '/home/yong/ws_kari/ROS2_Test/install/srv_test/share/srv_test/hook/cmake_prefix_path.dsv'
[2.856s] INFO:colcon.colcon_core.shell:Creating environment hook '/home/yong/ws_kari/ROS2_Test/install/srv_test/share/srv_test/hook/cmake_prefix_path.sh'
[2.856s] Level 1:colcon.colcon_core.environment:checking '/home/yong/ws_kari/ROS2_Test/install/srv_test/lib'
[2.856s] Level 1:colcon.colcon_core.environment:checking '/home/yong/ws_kari/ROS2_Test/install/srv_test/bin'
[2.856s] Level 1:colcon.colcon_core.environment:checking '/home/yong/ws_kari/ROS2_Test/install/srv_test/lib/pkgconfig/srv_test.pc'
[2.856s] Level 1:colcon.colcon_core.environment:checking '/home/yong/ws_kari/ROS2_Test/install/srv_test/lib/python3.10/site-packages'
[2.856s] Level 1:colcon.colcon_core.environment:checking '/home/yong/ws_kari/ROS2_Test/install/srv_test/bin'
[2.870s] INFO:colcon.colcon_core.shell:Creating package script '/home/yong/ws_kari/ROS2_Test/install/srv_test/share/srv_test/package.ps1'
[2.871s] INFO:colcon.colcon_core.shell:Creating package descriptor '/home/yong/ws_kari/ROS2_Test/install/srv_test/share/srv_test/package.dsv'
[2.871s] INFO:colcon.colcon_core.shell:Creating package script '/home/yong/ws_kari/ROS2_Test/install/srv_test/share/srv_test/package.sh'
[2.871s] INFO:colcon.colcon_core.shell:Creating package script '/home/yong/ws_kari/ROS2_Test/install/srv_test/share/srv_test/package.bash'
[2.872s] INFO:colcon.colcon_core.shell:Creating package script '/home/yong/ws_kari/ROS2_Test/install/srv_test/share/srv_test/package.zsh'
[2.872s] Level 1:colcon.colcon_core.environment:create_file_with_runtime_dependencies(/home/yong/ws_kari/ROS2_Test/install/srv_test/share/colcon-core/packages/srv_test)
[3.259s] DEBUG:colcon.colcon_core.event_handler.log_command:Invoked command in '/home/yong/ws_kari/ROS2_Test/build/auction_node' returned '0': CMAKE_PREFIX_PATH=/home/yong/ws_kari/ROS2_Test/install/custom_interfaces:/home/yong/ws_kari/ROS2_Test/install/srv_test:/home/yong/ws_kari/ROS2_Test/install/multi_agent_comm:/home/yong/ws_kari/ROS2_Test/install/cbba:/home/yong/ws_kari/ROS2_Test/install/acbba:/home/yong/ws_kari/install/project_dma_2024:/home/yong/ws_kari/install/multi_agent_comm:/home/yong/ws_kari/install/cbba LD_LIBRARY_PATH=/home/yong/ws_kari/ROS2_Test/install/custom_interfaces/lib:/home/yong/ws_kari/ROS2_Test/install/multi_agent_comm/lib:/home/yong/ws_kari/install/project_dma_2024/lib:/home/yong/ws_kari/install/multi_agent_comm/lib:/opt/ros/humble/opt/rviz_ogre_vendor/lib:/opt/ros/humble/lib/x86_64-linux-gnu:/opt/ros/humble/lib /usr/bin/cmake /home/yong/ws_kari/ROS2_Test/src/auction -DCATKIN_INSTALL_INTO_PREFIX_ROOT=0 -DCMAKE_INSTALL_PREFIX=/home/yong/ws_kari/ROS2_Test/install/auction_node
[3.260s] DEBUG:colcon.colcon_core.event_handler.log_command:Invoking command in '/home/yong/ws_kari/ROS2_Test/build/auction_node': CMAKE_PREFIX_PATH=/home/yong/ws_kari/ROS2_Test/install/custom_interfaces:/home/yong/ws_kari/ROS2_Test/install/srv_test:/home/yong/ws_kari/ROS2_Test/install/multi_agent_comm:/home/yong/ws_kari/ROS2_Test/install/cbba:/home/yong/ws_kari/ROS2_Test/install/acbba:/home/yong/ws_kari/install/project_dma_2024:/home/yong/ws_kari/install/multi_agent_comm:/home/yong/ws_kari/install/cbba LD_LIBRARY_PATH=/home/yong/ws_kari/ROS2_Test/install/custom_interfaces/lib:/home/yong/ws_kari/ROS2_Test/install/multi_agent_comm/lib:/home/yong/ws_kari/install/project_dma_2024/lib:/home/yong/ws_kari/install/multi_agent_comm/lib:/opt/ros/humble/opt/rviz_ogre_vendor/lib:/opt/ros/humble/lib/x86_64-linux-gnu:/opt/ros/humble/lib /usr/bin/cmake --build /home/yong/ws_kari/ROS2_Test/build/auction_node -- -j16 -l16
[3.552s] DEBUG:colcon.colcon_core.event_handler.log_command:Invoked command in '/home/yong/ws_kari/ROS2_Test/build/auction_node' returned '2': CMAKE_PREFIX_PATH=/home/yong/ws_kari/ROS2_Test/install/custom_interfaces:/home/yong/ws_kari/ROS2_Test/install/srv_test:/home/yong/ws_kari/ROS2_Test/install/multi_agent_comm:/home/yong/ws_kari/ROS2_Test/install/cbba:/home/yong/ws_kari/ROS2_Test/install/acbba:/home/yong/ws_kari/install/project_dma_2024:/home/yong/ws_kari/install/multi_agent_comm:/home/yong/ws_kari/install/cbba LD_LIBRARY_PATH=/home/yong/ws_kari/ROS2_Test/install/custom_interfaces/lib:/home/yong/ws_kari/ROS2_Test/install/multi_agent_comm/lib:/home/yong/ws_kari/install/project_dma_2024/lib:/home/yong/ws_kari/install/multi_agent_comm/lib:/opt/ros/humble/opt/rviz_ogre_vendor/lib:/opt/ros/humble/lib/x86_64-linux-gnu:/opt/ros/humble/lib /usr/bin/cmake --build /home/yong/ws_kari/ROS2_Test/build/auction_node -- -j16 -l16
[3.579s] Level 1:colcon.colcon_core.shell:create_environment_hook('auction_node', 'ros_package_path')
[3.592s] INFO:colcon.colcon_core.shell:Creating environment hook '/home/yong/ws_kari/ROS2_Test/install/auction_node/share/auction_node/hook/ros_package_path.ps1'
[3.592s] INFO:colcon.colcon_core.shell:Creating environment descriptor '/home/yong/ws_kari/ROS2_Test/install/auction_node/share/auction_node/hook/ros_package_path.dsv'
[3.593s] INFO:colcon.colcon_core.shell:Creating environment hook '/home/yong/ws_kari/ROS2_Test/install/auction_node/share/auction_node/hook/ros_package_path.sh'
[3.593s] Level 1:colcon.colcon_core.shell:create_environment_hook('auction_node', 'pkg_config_path')
[3.606s] INFO:colcon.colcon_core.shell:Creating environment hook '/home/yong/ws_kari/ROS2_Test/install/auction_node/share/auction_node/hook/pkg_config_path.ps1'
[3.606s] INFO:colcon.colcon_core.shell:Creating environment descriptor '/home/yong/ws_kari/ROS2_Test/install/auction_node/share/auction_node/hook/pkg_config_path.dsv'
[3.606s] INFO:colcon.colcon_core.shell:Creating environment hook '/home/yong/ws_kari/ROS2_Test/install/auction_node/share/auction_node/hook/pkg_config_path.sh'
[3.608s] Level 1:colcon.colcon_core.shell:create_environment_hook('auction_node', 'pkg_config_path_multiarch')
[3.622s] INFO:colcon.colcon_core.shell:Creating environment hook '/home/yong/ws_kari/ROS2_Test/install/auction_node/share/auction_node/hook/pkg_config_path_multiarch.ps1'
[3.622s] INFO:colcon.colcon_core.shell:Creating environment descriptor '/home/yong/ws_kari/ROS2_Test/install/auction_node/share/auction_node/hook/pkg_config_path_multiarch.dsv'
[3.623s] INFO:colcon.colcon_core.shell:Creating environment hook '/home/yong/ws_kari/ROS2_Test/install/auction_node/share/auction_node/hook/pkg_config_path_multiarch.sh'
[3.648s] Level 1:colcon.colcon_core.environment:create_environment_scripts_only(auction_node)
[3.661s] Level 1:colcon.colcon_core.environment:checking '/home/yong/ws_kari/ROS2_Test/install/auction_node' for CMake module files
[3.662s] Level 1:colcon.colcon_core.environment:checking '/home/yong/ws_kari/ROS2_Test/install/auction_node' for CMake config files
[3.662s] Level 1:colcon.colcon_core.environment:checking '/home/yong/ws_kari/ROS2_Test/install/auction_node/bin'
[3.662s] Level 1:colcon.colcon_core.environment:checking '/home/yong/ws_kari/ROS2_Test/install/auction_node/lib/pkgconfig/auction_node.pc'
[3.662s] Level 1:colcon.colcon_core.environment:checking '/home/yong/ws_kari/ROS2_Test/install/auction_node/lib/python3.10/site-packages'
[3.662s] Level 1:colcon.colcon_core.environment:checking '/home/yong/ws_kari/ROS2_Test/install/auction_node/bin'
[3.675s] INFO:colcon.colcon_core.shell:Creating package script '/home/yong/ws_kari/ROS2_Test/install/auction_node/share/auction_node/package.ps1'
[3.676s] INFO:colcon.colcon_core.shell:Creating package descriptor '/home/yong/ws_kari/ROS2_Test/install/auction_node/share/auction_node/package.dsv'
[3.676s] INFO:colcon.colcon_core.shell:Creating package script '/home/yong/ws_kari/ROS2_Test/install/auction_node/share/auction_node/package.sh'
[3.677s] INFO:colcon.colcon_core.shell:Creating package script '/home/yong/ws_kari/ROS2_Test/install/auction_node/share/auction_node/package.bash'
[3.677s] INFO:colcon.colcon_core.shell:Creating package script '/home/yong/ws_kari/ROS2_Test/install/auction_node/share/auction_node/package.zsh'
[3.677s] Level 1:colcon.colcon_core.environment:create_file_with_runtime_dependencies(/home/yong/ws_kari/ROS2_Test/install/auction_node/share/colcon-core/packages/auction_node)
[3.687s] DEBUG:colcon.colcon_parallel_executor.executor.parallel:closing loop
[3.688s] DEBUG:colcon.colcon_parallel_executor.executor.parallel:loop closed
[3.688s] DEBUG:colcon.colcon_parallel_executor.executor.parallel:run_until_complete finished with '2'
[3.688s] DEBUG:colcon.colcon_core.event_reactor:joining thread
[3.706s] INFO:colcon.colcon_core.plugin_system:Skipping extension 'colcon_notification.desktop_notification.terminal_notifier': Not used on non-Darwin systems
[3.706s] INFO:colcon.colcon_core.plugin_system:Skipping extension 'colcon_notification.desktop_notification.win32': Not used on non-Windows systems
[3.706s] INFO:colcon.colcon_notification.desktop_notification:Sending desktop notification using 'notify2'
[3.715s] DEBUG:colcon.colcon_core.event_reactor:joined thread
[3.729s] INFO:colcon.colcon_core.shell:Creating prefix script '/home/yong/ws_kari/ROS2_Test/install/local_setup.ps1'
[3.729s] INFO:colcon.colcon_core.shell:Creating prefix util module '/home/yong/ws_kari/ROS2_Test/install/_local_setup_util_ps1.py'
[3.731s] INFO:colcon.colcon_core.shell:Creating prefix chain script '/home/yong/ws_kari/ROS2_Test/install/setup.ps1'
[3.745s] INFO:colcon.colcon_core.shell:Creating prefix script '/home/yong/ws_kari/ROS2_Test/install/local_setup.sh'
[3.746s] INFO:colcon.colcon_core.shell:Creating prefix util module '/home/yong/ws_kari/ROS2_Test/install/_local_setup_util_sh.py'
[3.746s] INFO:colcon.colcon_core.shell:Creating prefix chain script '/home/yong/ws_kari/ROS2_Test/install/setup.sh'
[3.761s] INFO:colcon.colcon_core.shell:Creating prefix script '/home/yong/ws_kari/ROS2_Test/install/local_setup.bash'
[3.761s] INFO:colcon.colcon_core.shell:Creating prefix chain script '/home/yong/ws_kari/ROS2_Test/install/setup.bash'
[3.775s] INFO:colcon.colcon_core.shell:Creating prefix script '/home/yong/ws_kari/ROS2_Test/install/local_setup.zsh'
[3.776s] INFO:colcon.colcon_core.shell:Creating prefix chain script '/home/yong/ws_kari/ROS2_Test/install/setup.zsh'
