[0.110s] Invoking command in '/home/yong/ws_kari/ROS2_Test/build/auction_node': CMAKE_PREFIX_PATH=/home/yong/ws_kari/ROS2_Test/install/custom_interfaces:/home/yong/ws_kari/ROS2_Test/install/srv_test:/home/yong/ws_kari/ROS2_Test/install/multi_agent_comm:/opt/ros/humble:/home/yong/ws_kari/ROS2_Test/install/auction_node:/home/yong/ws_kari/ROS2_Test/install/acbba LD_LIBRARY_PATH=/home/yong/ws_kari/ROS2_Test/install/custom_interfaces/lib:/home/yong/ws_kari/ROS2_Test/install/multi_agent_comm/lib:/opt/ros/humble/opt/rviz_ogre_vendor/lib:/opt/ros/humble/lib/x86_64-linux-gnu:/opt/ros/humble/lib /usr/bin/cmake --build /home/yong/ws_kari/ROS2_Test/build/auction_node -- -j16 -l16
[0.133s] -- Found ament_cmake: 1.3.7 (/opt/ros/humble/share/ament_cmake/cmake)
[0.256s] -- Found rclcpp: 16.0.8 (/opt/ros/humble/share/rclcpp/cmake)
[0.283s] -- Found rosidl_generator_c: 3.1.5 (/opt/ros/humble/share/rosidl_generator_c/cmake)
[0.285s] -- Found rosidl_adapter: 3.1.5 (/opt/ros/humble/share/rosidl_adapter/cmake)
[0.291s] -- Found rosidl_generator_cpp: 3.1.5 (/opt/ros/humble/share/rosidl_generator_cpp/cmake)
[0.302s] -- Using all available rosidl_typesupport_c: rosidl_typesupport_fastrtps_c;rosidl_typesupport_introspection_c
[0.316s] -- Using all available rosidl_typesupport_cpp: rosidl_typesupport_fastrtps_cpp;rosidl_typesupport_introspection_cpp
[0.366s] -- Found rmw_implementation_cmake: 6.1.1 (/opt/ros/humble/share/rmw_implementation_cmake/cmake)
[0.367s] -- Found rmw_fastrtps_cpp: 6.2.6 (/opt/ros/humble/share/rmw_fastrtps_cpp/cmake)
[0.490s] -- Using RMW implementation 'rmw_fastrtps_cpp' as default
[0.622s] -- Found geometry_msgs: 4.2.3 (/opt/ros/humble/share/geometry_msgs/cmake)
[0.658s] -- Found custom_interfaces: 0.1.0 (/home/yong/ws_kari/ROS2_Test/install/custom_interfaces/share/custom_interfaces/cmake)
[0.769s] -- Configuring done
[0.781s] -- Generating done
[0.783s] -- Build files have been written to: /home/yong/ws_kari/ROS2_Test/build/auction_node
[0.807s] [35m[1mConsolidate compiler generated dependencies of target task_publisher[0m
[0.807s] [35m[1mConsolidate compiler generated dependencies of target auction_node[0m
[0.827s] [ 50%] [32mBuilding CXX object CMakeFiles/task_publisher.dir/src/task_publisher.cpp.o[0m
[0.827s] [ 50%] [32mBuilding CXX object CMakeFiles/auction_node.dir/src/auction.cpp.o[0m
[4.846s] [ 75%] [32m[1mLinking CXX executable task_publisher[0m
[5.090s] [ 75%] Built target task_publisher
[10.977s] [100%] [32m[1mLinking CXX executable auction_node[0m
[11.531s] [100%] Built target auction_node
[11.620s] Invoked command in '/home/yong/ws_kari/ROS2_Test/build/auction_node' returned '0': CMAKE_PREFIX_PATH=/home/yong/ws_kari/ROS2_Test/install/custom_interfaces:/home/yong/ws_kari/ROS2_Test/install/srv_test:/home/yong/ws_kari/ROS2_Test/install/multi_agent_comm:/opt/ros/humble:/home/yong/ws_kari/ROS2_Test/install/auction_node:/home/yong/ws_kari/ROS2_Test/install/acbba LD_LIBRARY_PATH=/home/yong/ws_kari/ROS2_Test/install/custom_interfaces/lib:/home/yong/ws_kari/ROS2_Test/install/multi_agent_comm/lib:/opt/ros/humble/opt/rviz_ogre_vendor/lib:/opt/ros/humble/lib/x86_64-linux-gnu:/opt/ros/humble/lib /usr/bin/cmake --build /home/yong/ws_kari/ROS2_Test/build/auction_node -- -j16 -l16
[11.649s] Invoking command in '/home/yong/ws_kari/ROS2_Test/build/auction_node': CMAKE_PREFIX_PATH=/home/yong/ws_kari/ROS2_Test/install/custom_interfaces:/home/yong/ws_kari/ROS2_Test/install/srv_test:/home/yong/ws_kari/ROS2_Test/install/multi_agent_comm:/opt/ros/humble:/home/yong/ws_kari/ROS2_Test/install/auction_node:/home/yong/ws_kari/ROS2_Test/install/acbba LD_LIBRARY_PATH=/home/yong/ws_kari/ROS2_Test/install/custom_interfaces/lib:/home/yong/ws_kari/ROS2_Test/install/multi_agent_comm/lib:/opt/ros/humble/opt/rviz_ogre_vendor/lib:/opt/ros/humble/lib/x86_64-linux-gnu:/opt/ros/humble/lib /usr/bin/cmake --install /home/yong/ws_kari/ROS2_Test/build/auction_node
[11.656s] -- Install configuration: ""
[11.656s] -- Installing: /home/yong/ws_kari/ROS2_Test/install/auction_node/lib/auction_node/auction_node
[11.664s] -- Set runtime path of "/home/yong/ws_kari/ROS2_Test/install/auction_node/lib/auction_node/auction_node" to ""
[11.664s] -- Installing: /home/yong/ws_kari/ROS2_Test/install/auction_node/lib/auction_node/task_publisher
[11.665s] -- Set runtime path of "/home/yong/ws_kari/ROS2_Test/install/auction_node/lib/auction_node/task_publisher" to ""
[11.666s] -- Up-to-date: /home/yong/ws_kari/ROS2_Test/install/auction_node/share/ament_index/resource_index/package_run_dependencies/auction_node
[11.666s] -- Installing: /home/yong/ws_kari/ROS2_Test/install/auction_node/share/ament_index/resource_index/parent_prefix_path/auction_node
[11.666s] -- Up-to-date: /home/yong/ws_kari/ROS2_Test/install/auction_node/share/auction_node/environment/ament_prefix_path.sh
[11.666s] -- Installing: /home/yong/ws_kari/ROS2_Test/install/auction_node/share/auction_node/environment/ament_prefix_path.dsv
[11.666s] -- Up-to-date: /home/yong/ws_kari/ROS2_Test/install/auction_node/share/auction_node/environment/path.sh
[11.666s] -- Installing: /home/yong/ws_kari/ROS2_Test/install/auction_node/share/auction_node/environment/path.dsv
[11.666s] -- Up-to-date: /home/yong/ws_kari/ROS2_Test/install/auction_node/share/auction_node/local_setup.bash
[11.666s] -- Up-to-date: /home/yong/ws_kari/ROS2_Test/install/auction_node/share/auction_node/local_setup.sh
[11.666s] -- Up-to-date: /home/yong/ws_kari/ROS2_Test/install/auction_node/share/auction_node/local_setup.zsh
[11.666s] -- Installing: /home/yong/ws_kari/ROS2_Test/install/auction_node/share/auction_node/local_setup.dsv
[11.666s] -- Installing: /home/yong/ws_kari/ROS2_Test/install/auction_node/share/auction_node/package.dsv
[11.667s] -- Up-to-date: /home/yong/ws_kari/ROS2_Test/install/auction_node/share/ament_index/resource_index/packages/auction_node
[11.667s] -- Up-to-date: /home/yong/ws_kari/ROS2_Test/install/auction_node/share/auction_node/cmake/auction_nodeConfig.cmake
[11.667s] -- Up-to-date: /home/yong/ws_kari/ROS2_Test/install/auction_node/share/auction_node/cmake/auction_nodeConfig-version.cmake
[11.667s] -- Up-to-date: /home/yong/ws_kari/ROS2_Test/install/auction_node/share/auction_node/package.xml
[11.669s] Invoked command in '/home/yong/ws_kari/ROS2_Test/build/auction_node' returned '0': CMAKE_PREFIX_PATH=/home/yong/ws_kari/ROS2_Test/install/custom_interfaces:/home/yong/ws_kari/ROS2_Test/install/srv_test:/home/yong/ws_kari/ROS2_Test/install/multi_agent_comm:/opt/ros/humble:/home/yong/ws_kari/ROS2_Test/install/auction_node:/home/yong/ws_kari/ROS2_Test/install/acbba LD_LIBRARY_PATH=/home/yong/ws_kari/ROS2_Test/install/custom_interfaces/lib:/home/yong/ws_kari/ROS2_Test/install/multi_agent_comm/lib:/opt/ros/humble/opt/rviz_ogre_vendor/lib:/opt/ros/humble/lib/x86_64-linux-gnu:/opt/ros/humble/lib /usr/bin/cmake --install /home/yong/ws_kari/ROS2_Test/build/auction_node
