[0.091s] Invoking command in '/home/yong/ws_kari/ROS2_Test/build/acbba': CMAKE_PREFIX_PATH=/opt/ros/humble /usr/bin/cmake /home/yong/ws_kari/ROS2_Test/src/acbba -DCMAKE_INSTALL_PREFIX=/home/yong/ws_kari/ROS2_Test/install/acbba
[0.251s] -- The C compiler identification is GNU 11.4.0
[0.364s] -- The CXX compiler identification is GNU 11.4.0
[0.375s] -- Detecting C compiler ABI info
[0.444s] -- Detecting C compiler ABI info - done
[0.450s] -- Check for working C compiler: /usr/bin/cc - skipped
[0.451s] -- Detecting C compile features
[0.451s] -- Detecting C compile features - done
[0.455s] -- Detecting CXX compiler ABI info
[0.536s] -- Detecting CXX compiler ABI info - done
[0.543s] -- Check for working CXX compiler: /usr/bin/c++ - skipped
[0.543s] -- Detecting CXX compile features
[0.544s] -- Detecting CXX compile features - done
[0.548s] -- Found ament_cmake: 1.3.7 (/opt/ros/humble/share/ament_cmake/cmake)
[0.869s] -- Found Python3: /usr/bin/python3.10 (found version "3.10.12") found components: Interpreter 
[0.976s] -- Found rclcpp: 16.0.8 (/opt/ros/humble/share/rclcpp/cmake)
[1.035s] -- Found rosidl_generator_c: 3.1.5 (/opt/ros/humble/share/rosidl_generator_c/cmake)
[1.040s] -- Found rosidl_adapter: 3.1.5 (/opt/ros/humble/share/rosidl_adapter/cmake)
[1.055s] -- Found rosidl_generator_cpp: 3.1.5 (/opt/ros/humble/share/rosidl_generator_cpp/cmake)
[1.071s] -- Using all available rosidl_typesupport_c: rosidl_typesupport_fastrtps_c;rosidl_typesupport_introspection_c
[1.093s] -- Using all available rosidl_typesupport_cpp: rosidl_typesupport_fastrtps_cpp;rosidl_typesupport_introspection_cpp
[1.170s] -- Found rmw_implementation_cmake: 6.1.1 (/opt/ros/humble/share/rmw_implementation_cmake/cmake)
[1.174s] -- Found rmw_fastrtps_cpp: 6.2.6 (/opt/ros/humble/share/rmw_fastrtps_cpp/cmake)
[1.295s] -- Found OpenSSL: /usr/lib/x86_64-linux-gnu/libcrypto.so (found version "3.0.2")  
[1.324s] -- Found FastRTPS: /opt/ros/humble/include  
[1.374s] -- Using RMW implementation 'rmw_fastrtps_cpp' as default
[1.385s] -- Looking for pthread.h
[1.459s] -- Looking for pthread.h - found
[1.459s] -- Performing Test CMAKE_HAVE_LIBC_PTHREAD
[1.527s] -- Performing Test CMAKE_HAVE_LIBC_PTHREAD - Success
[1.528s] -- Found Threads: TRUE  
[1.678s] -- Found ament_lint_auto: 0.12.10 (/opt/ros/humble/share/ament_lint_auto/cmake)
[1.747s] -- Added test 'cppcheck' to perform static code analysis on C / C++ code
[1.747s] -- Configured cppcheck include dirs: 
[1.748s] -- Configured cppcheck exclude dirs and/or files: 
[1.748s] -- Added test 'lint_cmake' to check CMake code style
[1.750s] -- Added test 'uncrustify' to check C / C++ code style
[1.750s] -- Configured uncrustify additional arguments: 
[1.751s] -- Added test 'xmllint' to check XML markup files
[1.752s] -- Configuring done
[1.757s] -- Generating done
[1.759s] -- Build files have been written to: /home/yong/ws_kari/ROS2_Test/build/acbba
[1.768s] Invoked command in '/home/yong/ws_kari/ROS2_Test/build/acbba' returned '0': CMAKE_PREFIX_PATH=/opt/ros/humble /usr/bin/cmake /home/yong/ws_kari/ROS2_Test/src/acbba -DCMAKE_INSTALL_PREFIX=/home/yong/ws_kari/ROS2_Test/install/acbba
[1.769s] Invoking command in '/home/yong/ws_kari/ROS2_Test/build/acbba': CMAKE_PREFIX_PATH=/opt/ros/humble /usr/bin/cmake --build /home/yong/ws_kari/ROS2_Test/build/acbba -- -j16 -l16
[1.806s] Invoked command in '/home/yong/ws_kari/ROS2_Test/build/acbba' returned '0': CMAKE_PREFIX_PATH=/opt/ros/humble /usr/bin/cmake --build /home/yong/ws_kari/ROS2_Test/build/acbba -- -j16 -l16
[1.826s] Invoking command in '/home/yong/ws_kari/ROS2_Test/build/acbba': CMAKE_PREFIX_PATH=/opt/ros/humble /usr/bin/cmake --install /home/yong/ws_kari/ROS2_Test/build/acbba
[1.833s] -- Install configuration: ""
[1.833s] -- Installing: /home/yong/ws_kari/ROS2_Test/install/acbba/share/ament_index/resource_index/package_run_dependencies/acbba
[1.833s] -- Installing: /home/yong/ws_kari/ROS2_Test/install/acbba/share/ament_index/resource_index/parent_prefix_path/acbba
[1.833s] -- Installing: /home/yong/ws_kari/ROS2_Test/install/acbba/share/acbba/environment/ament_prefix_path.sh
[1.833s] -- Installing: /home/yong/ws_kari/ROS2_Test/install/acbba/share/acbba/environment/ament_prefix_path.dsv
[1.833s] -- Installing: /home/yong/ws_kari/ROS2_Test/install/acbba/share/acbba/environment/path.sh
[1.834s] -- Installing: /home/yong/ws_kari/ROS2_Test/install/acbba/share/acbba/environment/path.dsv
[1.834s] -- Installing: /home/yong/ws_kari/ROS2_Test/install/acbba/share/acbba/local_setup.bash
[1.834s] -- Installing: /home/yong/ws_kari/ROS2_Test/install/acbba/share/acbba/local_setup.sh
[1.834s] -- Installing: /home/yong/ws_kari/ROS2_Test/install/acbba/share/acbba/local_setup.zsh
[1.834s] -- Installing: /home/yong/ws_kari/ROS2_Test/install/acbba/share/acbba/local_setup.dsv
[1.834s] -- Installing: /home/yong/ws_kari/ROS2_Test/install/acbba/share/acbba/package.dsv
[1.834s] -- Installing: /home/yong/ws_kari/ROS2_Test/install/acbba/share/ament_index/resource_index/packages/acbba
[1.835s] -- Installing: /home/yong/ws_kari/ROS2_Test/install/acbba/share/acbba/cmake/acbbaConfig.cmake
[1.835s] -- Installing: /home/yong/ws_kari/ROS2_Test/install/acbba/share/acbba/cmake/acbbaConfig-version.cmake
[1.835s] -- Installing: /home/yong/ws_kari/ROS2_Test/install/acbba/share/acbba/package.xml
[1.837s] Invoked command in '/home/yong/ws_kari/ROS2_Test/build/acbba' returned '0': CMAKE_PREFIX_PATH=/opt/ros/humble /usr/bin/cmake --install /home/yong/ws_kari/ROS2_Test/build/acbba
