[0.165s] Invoking command in '/home/yong/ws_kari/ROS2_Test/build/custom_interfaces': CMAKE_PREFIX_PATH=${CMAKE_PREFIX_PATH}:/opt/ros/humble /usr/bin/cmake --build /home/yong/ws_kari/ROS2_Test/build/custom_interfaces -- -j16 -l16
[0.214s] [  2%] Built target custom_interfaces__cpp
[0.216s] [ 12%] Built target custom_interfaces__rosidl_generator_c
[0.223s] [ 12%] Built target ament_cmake_python_symlink_custom_interfaces
[0.247s] [ 41%] Built target custom_interfaces__rosidl_typesupport_introspection_cpp
[0.247s] [ 43%] Built target custom_interfaces__rosidl_typesupport_fastrtps_cpp
[0.247s] [ 43%] Built target custom_interfaces__rosidl_typesupport_cpp
[0.247s] [ 64%] Built target custom_interfaces__rosidl_typesupport_introspection_c
[0.247s] [ 64%] Built target custom_interfaces__rosidl_typesupport_c
[0.248s] [ 74%] Built target custom_interfaces__rosidl_typesupport_fastrtps_c
[0.275s] [ 74%] Built target custom_interfaces
[0.299s] [ 76%] Built target custom_interfaces__py
[0.322s] [ 84%] Built target custom_interfaces__rosidl_generator_py
[0.347s] [ 94%] Built target custom_interfaces__rosidl_typesupport_introspection_c__pyext
[0.347s] [ 94%] Built target custom_interfaces__rosidl_typesupport_fastrtps_c__pyext
[0.351s] [100%] Built target custom_interfaces__rosidl_typesupport_c__pyext
[0.425s] running egg_info
[0.440s] writing custom_interfaces.egg-info/PKG-INFO
[0.440s] writing dependency_links to custom_interfaces.egg-info/dependency_links.txt
[0.440s] writing top-level names to custom_interfaces.egg-info/top_level.txt
[0.481s] reading manifest file 'custom_interfaces.egg-info/SOURCES.txt'
[0.481s] writing manifest file 'custom_interfaces.egg-info/SOURCES.txt'
[0.510s] [100%] Built target ament_cmake_python_build_custom_interfaces_egg
[0.522s] Invoked command in '/home/yong/ws_kari/ROS2_Test/build/custom_interfaces' returned '0': CMAKE_PREFIX_PATH=${CMAKE_PREFIX_PATH}:/opt/ros/humble /usr/bin/cmake --build /home/yong/ws_kari/ROS2_Test/build/custom_interfaces -- -j16 -l16
[0.599s] Invoking command in '/home/yong/ws_kari/ROS2_Test/build/custom_interfaces': CMAKE_PREFIX_PATH=${CMAKE_PREFIX_PATH}:/opt/ros/humble /usr/bin/cmake --install /home/yong/ws_kari/ROS2_Test/build/custom_interfaces
[0.606s] -- Install configuration: ""
[0.606s] -- Execute custom install script
[0.607s] -- Up-to-date symlink: /home/yong/ws_kari/ROS2_Test/install/custom_interfaces/share/ament_index/resource_index/rosidl_interfaces/custom_interfaces
[0.607s] -- Up-to-date symlink: /home/yong/ws_kari/ROS2_Test/install/custom_interfaces/include/custom_interfaces/custom_interfaces/msg/detail/status__functions.h
[0.607s] -- Up-to-date symlink: /home/yong/ws_kari/ROS2_Test/install/custom_interfaces/include/custom_interfaces/custom_interfaces/msg/detail/status__struct.h
[0.607s] -- Up-to-date symlink: /home/yong/ws_kari/ROS2_Test/install/custom_interfaces/include/custom_interfaces/custom_interfaces/msg/detail/status__type_support.h
[0.607s] -- Up-to-date symlink: /home/yong/ws_kari/ROS2_Test/install/custom_interfaces/include/custom_interfaces/custom_interfaces/msg/rosidl_generator_c__visibility_control.h
[0.607s] -- Up-to-date symlink: /home/yong/ws_kari/ROS2_Test/install/custom_interfaces/include/custom_interfaces/custom_interfaces/msg/status.h
[0.608s] -- Up-to-date symlink: /home/yong/ws_kari/ROS2_Test/install/custom_interfaces/include/custom_interfaces/custom_interfaces/srv/check_name.h
[0.608s] -- Up-to-date symlink: /home/yong/ws_kari/ROS2_Test/install/custom_interfaces/include/custom_interfaces/custom_interfaces/srv/detail/check_name__functions.h
[0.608s] -- Up-to-date symlink: /home/yong/ws_kari/ROS2_Test/install/custom_interfaces/include/custom_interfaces/custom_interfaces/srv/detail/check_name__struct.h
[0.608s] -- Up-to-date symlink: /home/yong/ws_kari/ROS2_Test/install/custom_interfaces/include/custom_interfaces/custom_interfaces/srv/detail/check_name__type_support.h
[0.608s] -- Up-to-date symlink: /home/yong/ws_kari/ROS2_Test/install/custom_interfaces/share/custom_interfaces/environment/library_path.sh
[0.608s] -- Up-to-date symlink: /home/yong/ws_kari/ROS2_Test/install/custom_interfaces/share/custom_interfaces/environment/library_path.dsv
[0.609s] -- Up-to-date symlink: /home/yong/ws_kari/ROS2_Test/install/custom_interfaces/include/custom_interfaces/custom_interfaces/msg/detail/status__rosidl_typesupport_fastrtps_c.h
[0.609s] -- Up-to-date symlink: /home/yong/ws_kari/ROS2_Test/install/custom_interfaces/include/custom_interfaces/custom_interfaces/msg/rosidl_typesupport_fastrtps_c__visibility_control.h
[0.609s] -- Up-to-date symlink: /home/yong/ws_kari/ROS2_Test/install/custom_interfaces/include/custom_interfaces/custom_interfaces/srv/detail/check_name__rosidl_typesupport_fastrtps_c.h
[0.609s] -- Up-to-date symlink: /home/yong/ws_kari/ROS2_Test/install/custom_interfaces/include/custom_interfaces/custom_interfaces/msg/detail/status__builder.hpp
[0.609s] -- Up-to-date symlink: /home/yong/ws_kari/ROS2_Test/install/custom_interfaces/include/custom_interfaces/custom_interfaces/msg/detail/status__struct.hpp
[0.610s] -- Up-to-date symlink: /home/yong/ws_kari/ROS2_Test/install/custom_interfaces/include/custom_interfaces/custom_interfaces/msg/detail/status__traits.hpp
[0.610s] -- Up-to-date symlink: /home/yong/ws_kari/ROS2_Test/install/custom_interfaces/include/custom_interfaces/custom_interfaces/msg/status.hpp
[0.610s] -- Up-to-date symlink: /home/yong/ws_kari/ROS2_Test/install/custom_interfaces/include/custom_interfaces/custom_interfaces/srv/check_name.hpp
[0.610s] -- Up-to-date symlink: /home/yong/ws_kari/ROS2_Test/install/custom_interfaces/include/custom_interfaces/custom_interfaces/srv/detail/check_name__builder.hpp
[0.610s] -- Up-to-date symlink: /home/yong/ws_kari/ROS2_Test/install/custom_interfaces/include/custom_interfaces/custom_interfaces/srv/detail/check_name__struct.hpp
[0.610s] -- Up-to-date symlink: /home/yong/ws_kari/ROS2_Test/install/custom_interfaces/include/custom_interfaces/custom_interfaces/srv/detail/check_name__traits.hpp
[0.611s] -- Up-to-date symlink: /home/yong/ws_kari/ROS2_Test/install/custom_interfaces/include/custom_interfaces/custom_interfaces/msg/detail/status__rosidl_typesupport_fastrtps_cpp.hpp
[0.611s] -- Up-to-date symlink: /home/yong/ws_kari/ROS2_Test/install/custom_interfaces/include/custom_interfaces/custom_interfaces/msg/rosidl_typesupport_fastrtps_cpp__visibility_control.h
[0.611s] -- Up-to-date symlink: /home/yong/ws_kari/ROS2_Test/install/custom_interfaces/include/custom_interfaces/custom_interfaces/srv/detail/check_name__rosidl_typesupport_fastrtps_cpp.hpp
[0.611s] -- Up-to-date symlink: /home/yong/ws_kari/ROS2_Test/install/custom_interfaces/include/custom_interfaces/custom_interfaces/msg/detail/status__rosidl_typesupport_introspection_c.h
[0.611s] -- Up-to-date symlink: /home/yong/ws_kari/ROS2_Test/install/custom_interfaces/include/custom_interfaces/custom_interfaces/msg/rosidl_typesupport_introspection_c__visibility_control.h
[0.612s] -- Up-to-date symlink: /home/yong/ws_kari/ROS2_Test/install/custom_interfaces/include/custom_interfaces/custom_interfaces/srv/detail/check_name__rosidl_typesupport_introspection_c.h
[0.612s] -- Up-to-date symlink: /home/yong/ws_kari/ROS2_Test/install/custom_interfaces/include/custom_interfaces/custom_interfaces/msg/detail/status__rosidl_typesupport_introspection_cpp.hpp
[0.612s] -- Up-to-date symlink: /home/yong/ws_kari/ROS2_Test/install/custom_interfaces/include/custom_interfaces/custom_interfaces/srv/detail/check_name__rosidl_typesupport_introspection_cpp.hpp
[0.612s] -- Up-to-date symlink: /home/yong/ws_kari/ROS2_Test/install/custom_interfaces/share/custom_interfaces/environment/pythonpath.sh
[0.612s] -- Up-to-date symlink: /home/yong/ws_kari/ROS2_Test/install/custom_interfaces/share/custom_interfaces/environment/pythonpath.dsv
[0.613s] -- Up-to-date symlink: /home/yong/ws_kari/ROS2_Test/install/custom_interfaces/local/lib/python3.10/dist-packages/custom_interfaces-0.1.0-py3.10.egg-info/PKG-INFO
[0.613s] -- Up-to-date symlink: /home/yong/ws_kari/ROS2_Test/install/custom_interfaces/local/lib/python3.10/dist-packages/custom_interfaces-0.1.0-py3.10.egg-info/SOURCES.txt
[0.613s] -- Up-to-date symlink: /home/yong/ws_kari/ROS2_Test/install/custom_interfaces/local/lib/python3.10/dist-packages/custom_interfaces-0.1.0-py3.10.egg-info/dependency_links.txt
[0.613s] -- Up-to-date symlink: /home/yong/ws_kari/ROS2_Test/install/custom_interfaces/local/lib/python3.10/dist-packages/custom_interfaces-0.1.0-py3.10.egg-info/top_level.txt
[0.613s] -- Up-to-date symlink: /home/yong/ws_kari/ROS2_Test/install/custom_interfaces/local/lib/python3.10/dist-packages/custom_interfaces/__init__.py
[0.614s] -- Up-to-date symlink: /home/yong/ws_kari/ROS2_Test/install/custom_interfaces/local/lib/python3.10/dist-packages/custom_interfaces/_custom_interfaces_s.ep.rosidl_typesupport_c.c
[0.614s] -- Up-to-date symlink: /home/yong/ws_kari/ROS2_Test/install/custom_interfaces/local/lib/python3.10/dist-packages/custom_interfaces/_custom_interfaces_s.ep.rosidl_typesupport_fastrtps_c.c
[0.614s] -- Up-to-date symlink: /home/yong/ws_kari/ROS2_Test/install/custom_interfaces/local/lib/python3.10/dist-packages/custom_interfaces/_custom_interfaces_s.ep.rosidl_typesupport_introspection_c.c
[0.614s] -- Up-to-date symlink: /home/yong/ws_kari/ROS2_Test/install/custom_interfaces/local/lib/python3.10/dist-packages/custom_interfaces/custom_interfaces_s__rosidl_typesupport_c.cpython-310-x86_64-linux-gnu.so
[0.614s] -- Up-to-date symlink: /home/yong/ws_kari/ROS2_Test/install/custom_interfaces/local/lib/python3.10/dist-packages/custom_interfaces/custom_interfaces_s__rosidl_typesupport_fastrtps_c.cpython-310-x86_64-linux-gnu.so
[0.614s] -- Up-to-date symlink: /home/yong/ws_kari/ROS2_Test/install/custom_interfaces/local/lib/python3.10/dist-packages/custom_interfaces/custom_interfaces_s__rosidl_typesupport_introspection_c.cpython-310-x86_64-linux-gnu.so
[0.614s] -- Up-to-date symlink: /home/yong/ws_kari/ROS2_Test/install/custom_interfaces/local/lib/python3.10/dist-packages/custom_interfaces/libcustom_interfaces__rosidl_generator_py.so
[0.615s] -- Up-to-date symlink: /home/yong/ws_kari/ROS2_Test/install/custom_interfaces/local/lib/python3.10/dist-packages/custom_interfaces/msg/__init__.py
[0.615s] -- Up-to-date symlink: /home/yong/ws_kari/ROS2_Test/install/custom_interfaces/local/lib/python3.10/dist-packages/custom_interfaces/msg/_status.py
[0.615s] -- Up-to-date symlink: /home/yong/ws_kari/ROS2_Test/install/custom_interfaces/local/lib/python3.10/dist-packages/custom_interfaces/msg/_status_s.c
[0.615s] -- Up-to-date symlink: /home/yong/ws_kari/ROS2_Test/install/custom_interfaces/local/lib/python3.10/dist-packages/custom_interfaces/srv/__init__.py
[0.615s] -- Up-to-date symlink: /home/yong/ws_kari/ROS2_Test/install/custom_interfaces/local/lib/python3.10/dist-packages/custom_interfaces/srv/_check_name.py
[0.615s] -- Up-to-date symlink: /home/yong/ws_kari/ROS2_Test/install/custom_interfaces/local/lib/python3.10/dist-packages/custom_interfaces/srv/_check_name_s.c
[0.615s] -- Up-to-date symlink: /home/yong/ws_kari/ROS2_Test/install/custom_interfaces/local/lib/python3.10/dist-packages/custom_interfaces/custom_interfaces_s__rosidl_typesupport_fastrtps_c.cpython-310-x86_64-linux-gnu.so
[0.615s] -- Up-to-date symlink: /home/yong/ws_kari/ROS2_Test/install/custom_interfaces/local/lib/python3.10/dist-packages/custom_interfaces/custom_interfaces_s__rosidl_typesupport_introspection_c.cpython-310-x86_64-linux-gnu.so
[0.616s] -- Up-to-date symlink: /home/yong/ws_kari/ROS2_Test/install/custom_interfaces/local/lib/python3.10/dist-packages/custom_interfaces/custom_interfaces_s__rosidl_typesupport_c.cpython-310-x86_64-linux-gnu.so
[0.616s] -- Up-to-date symlink: /home/yong/ws_kari/ROS2_Test/install/custom_interfaces/share/custom_interfaces/srv/CheckName.idl
[0.616s] -- Up-to-date symlink: /home/yong/ws_kari/ROS2_Test/install/custom_interfaces/share/custom_interfaces/msg/Status.idl
[0.616s] -- Up-to-date symlink: /home/yong/ws_kari/ROS2_Test/install/custom_interfaces/share/custom_interfaces/srv/CheckName.srv
[0.616s] -- Up-to-date symlink: /home/yong/ws_kari/ROS2_Test/install/custom_interfaces/share/custom_interfaces/srv/CheckName_Request.msg
[0.616s] -- Up-to-date symlink: /home/yong/ws_kari/ROS2_Test/install/custom_interfaces/share/custom_interfaces/srv/CheckName_Response.msg
[0.617s] -- Up-to-date symlink: /home/yong/ws_kari/ROS2_Test/install/custom_interfaces/share/custom_interfaces/msg/Status.msg
[0.617s] -- Up-to-date symlink: /home/yong/ws_kari/ROS2_Test/install/custom_interfaces/share/ament_index/resource_index/package_run_dependencies/custom_interfaces
[0.617s] -- Up-to-date symlink: /home/yong/ws_kari/ROS2_Test/install/custom_interfaces/share/ament_index/resource_index/parent_prefix_path/custom_interfaces
[0.617s] -- Up-to-date symlink: /home/yong/ws_kari/ROS2_Test/install/custom_interfaces/share/custom_interfaces/environment/ament_prefix_path.sh
[0.617s] -- Up-to-date symlink: /home/yong/ws_kari/ROS2_Test/install/custom_interfaces/share/custom_interfaces/environment/ament_prefix_path.dsv
[0.617s] -- Up-to-date symlink: /home/yong/ws_kari/ROS2_Test/install/custom_interfaces/share/custom_interfaces/environment/path.sh
[0.618s] -- Up-to-date symlink: /home/yong/ws_kari/ROS2_Test/install/custom_interfaces/share/custom_interfaces/environment/path.dsv
[0.618s] -- Up-to-date symlink: /home/yong/ws_kari/ROS2_Test/install/custom_interfaces/share/custom_interfaces/local_setup.bash
[0.618s] -- Up-to-date symlink: /home/yong/ws_kari/ROS2_Test/install/custom_interfaces/share/custom_interfaces/local_setup.sh
[0.618s] -- Up-to-date symlink: /home/yong/ws_kari/ROS2_Test/install/custom_interfaces/share/custom_interfaces/local_setup.zsh
[0.618s] -- Up-to-date symlink: /home/yong/ws_kari/ROS2_Test/install/custom_interfaces/share/custom_interfaces/local_setup.dsv
[0.618s] -- Symlinking: /home/yong/ws_kari/ROS2_Test/install/custom_interfaces/share/custom_interfaces/package.dsv
[0.627s] -- Up-to-date symlink: /home/yong/ws_kari/ROS2_Test/install/custom_interfaces/share/ament_index/resource_index/packages/custom_interfaces
[0.627s] -- Up-to-date symlink: /home/yong/ws_kari/ROS2_Test/install/custom_interfaces/share/custom_interfaces/cmake/rosidl_cmake-extras.cmake
[0.628s] -- Up-to-date symlink: /home/yong/ws_kari/ROS2_Test/install/custom_interfaces/share/custom_interfaces/cmake/ament_cmake_export_include_directories-extras.cmake
[0.628s] -- Up-to-date symlink: /home/yong/ws_kari/ROS2_Test/install/custom_interfaces/share/custom_interfaces/cmake/ament_cmake_export_libraries-extras.cmake
[0.628s] -- Up-to-date symlink: /home/yong/ws_kari/ROS2_Test/install/custom_interfaces/share/custom_interfaces/cmake/ament_cmake_export_targets-extras.cmake
[0.628s] -- Up-to-date symlink: /home/yong/ws_kari/ROS2_Test/install/custom_interfaces/share/custom_interfaces/cmake/rosidl_cmake_export_typesupport_targets-extras.cmake
[0.628s] -- Up-to-date symlink: /home/yong/ws_kari/ROS2_Test/install/custom_interfaces/share/custom_interfaces/cmake/ament_cmake_export_dependencies-extras.cmake
[0.628s] -- Up-to-date symlink: /home/yong/ws_kari/ROS2_Test/install/custom_interfaces/share/custom_interfaces/cmake/rosidl_cmake_export_typesupport_libraries-extras.cmake
[0.629s] -- Up-to-date symlink: /home/yong/ws_kari/ROS2_Test/install/custom_interfaces/share/custom_interfaces/cmake/custom_interfacesConfig.cmake
[0.629s] -- Up-to-date symlink: /home/yong/ws_kari/ROS2_Test/install/custom_interfaces/share/custom_interfaces/cmake/custom_interfacesConfig-version.cmake
[0.629s] -- Up-to-date symlink: /home/yong/ws_kari/ROS2_Test/install/custom_interfaces/share/custom_interfaces/package.xml
[0.629s] -- Up-to-date: /home/yong/ws_kari/ROS2_Test/install/custom_interfaces/lib/libcustom_interfaces__rosidl_generator_c.so
[0.629s] -- Up-to-date: /home/yong/ws_kari/ROS2_Test/install/custom_interfaces/lib/libcustom_interfaces__rosidl_typesupport_fastrtps_c.so
[0.629s] -- Up-to-date: /home/yong/ws_kari/ROS2_Test/install/custom_interfaces/lib/libcustom_interfaces__rosidl_typesupport_fastrtps_cpp.so
[0.630s] -- Up-to-date: /home/yong/ws_kari/ROS2_Test/install/custom_interfaces/lib/libcustom_interfaces__rosidl_typesupport_introspection_c.so
[0.630s] -- Up-to-date: /home/yong/ws_kari/ROS2_Test/install/custom_interfaces/lib/libcustom_interfaces__rosidl_typesupport_c.so
[0.630s] -- Up-to-date: /home/yong/ws_kari/ROS2_Test/install/custom_interfaces/lib/libcustom_interfaces__rosidl_typesupport_introspection_cpp.so
[0.631s] -- Up-to-date: /home/yong/ws_kari/ROS2_Test/install/custom_interfaces/lib/libcustom_interfaces__rosidl_typesupport_cpp.so
[0.659s] Listing '/home/yong/ws_kari/ROS2_Test/install/custom_interfaces/local/lib/python3.10/dist-packages/custom_interfaces'...
[0.659s] Listing '/home/yong/ws_kari/ROS2_Test/install/custom_interfaces/local/lib/python3.10/dist-packages/custom_interfaces/msg'...
[0.660s] Listing '/home/yong/ws_kari/ROS2_Test/install/custom_interfaces/local/lib/python3.10/dist-packages/custom_interfaces/srv'...
[0.665s] -- Up-to-date: /home/yong/ws_kari/ROS2_Test/install/custom_interfaces/lib/libcustom_interfaces__rosidl_generator_py.so
[0.665s] -- Up-to-date: /home/yong/ws_kari/ROS2_Test/install/custom_interfaces/share/custom_interfaces/cmake/export_custom_interfaces__rosidl_generator_cExport.cmake
[0.665s] -- Up-to-date: /home/yong/ws_kari/ROS2_Test/install/custom_interfaces/share/custom_interfaces/cmake/export_custom_interfaces__rosidl_generator_cExport-noconfig.cmake
[0.665s] -- Up-to-date: /home/yong/ws_kari/ROS2_Test/install/custom_interfaces/share/custom_interfaces/cmake/export_custom_interfaces__rosidl_typesupport_fastrtps_cExport.cmake
[0.665s] -- Up-to-date: /home/yong/ws_kari/ROS2_Test/install/custom_interfaces/share/custom_interfaces/cmake/export_custom_interfaces__rosidl_typesupport_fastrtps_cExport-noconfig.cmake
[0.665s] -- Up-to-date: /home/yong/ws_kari/ROS2_Test/install/custom_interfaces/share/custom_interfaces/cmake/export_custom_interfaces__rosidl_generator_cppExport.cmake
[0.665s] -- Up-to-date: /home/yong/ws_kari/ROS2_Test/install/custom_interfaces/share/custom_interfaces/cmake/export_custom_interfaces__rosidl_typesupport_fastrtps_cppExport.cmake
[0.665s] -- Up-to-date: /home/yong/ws_kari/ROS2_Test/install/custom_interfaces/share/custom_interfaces/cmake/export_custom_interfaces__rosidl_typesupport_fastrtps_cppExport-noconfig.cmake
[0.665s] -- Up-to-date: /home/yong/ws_kari/ROS2_Test/install/custom_interfaces/share/custom_interfaces/cmake/custom_interfaces__rosidl_typesupport_introspection_cExport.cmake
[0.666s] -- Up-to-date: /home/yong/ws_kari/ROS2_Test/install/custom_interfaces/share/custom_interfaces/cmake/custom_interfaces__rosidl_typesupport_introspection_cExport-noconfig.cmake
[0.666s] -- Up-to-date: /home/yong/ws_kari/ROS2_Test/install/custom_interfaces/share/custom_interfaces/cmake/custom_interfaces__rosidl_typesupport_cExport.cmake
[0.666s] -- Up-to-date: /home/yong/ws_kari/ROS2_Test/install/custom_interfaces/share/custom_interfaces/cmake/custom_interfaces__rosidl_typesupport_cExport-noconfig.cmake
[0.666s] -- Up-to-date: /home/yong/ws_kari/ROS2_Test/install/custom_interfaces/share/custom_interfaces/cmake/custom_interfaces__rosidl_typesupport_introspection_cppExport.cmake
[0.666s] -- Up-to-date: /home/yong/ws_kari/ROS2_Test/install/custom_interfaces/share/custom_interfaces/cmake/custom_interfaces__rosidl_typesupport_introspection_cppExport-noconfig.cmake
[0.666s] -- Up-to-date: /home/yong/ws_kari/ROS2_Test/install/custom_interfaces/share/custom_interfaces/cmake/custom_interfaces__rosidl_typesupport_cppExport.cmake
[0.666s] -- Up-to-date: /home/yong/ws_kari/ROS2_Test/install/custom_interfaces/share/custom_interfaces/cmake/custom_interfaces__rosidl_typesupport_cppExport-noconfig.cmake
[0.666s] -- Up-to-date: /home/yong/ws_kari/ROS2_Test/install/custom_interfaces/share/custom_interfaces/cmake/export_custom_interfaces__rosidl_generator_pyExport.cmake
[0.666s] -- Up-to-date: /home/yong/ws_kari/ROS2_Test/install/custom_interfaces/share/custom_interfaces/cmake/export_custom_interfaces__rosidl_generator_pyExport-noconfig.cmake
[0.728s] Invoked command in '/home/yong/ws_kari/ROS2_Test/build/custom_interfaces' returned '0': CMAKE_PREFIX_PATH=${CMAKE_PREFIX_PATH}:/opt/ros/humble /usr/bin/cmake --install /home/yong/ws_kari/ROS2_Test/build/custom_interfaces
