[0.163s] Invoking command in '/home/yong/ws_kari/ROS2_Test/build/custom_interfaces': CMAKE_PREFIX_PATH=/home/yong/ws_kari/ROS2_Test/install/srv_test:/home/yong/ws_kari/ROS2_Test/install/multi_agent_comm:/opt/ros/humble:/home/yong/ws_kari/ROS2_Test/install/auction_node:/home/yong/ws_kari/ROS2_Test/install/custom_interfaces:/home/yong/ws_kari/ROS2_Test/install/acbba /usr/bin/cmake --build /home/yong/ws_kari/ROS2_Test/build/custom_interfaces -- -j16 -l16
[0.187s] -- Found ament_cmake: 1.3.7 (/opt/ros/humble/share/ament_cmake/cmake)
[0.343s] -- Found rclcpp: 16.0.8 (/opt/ros/humble/share/rclcpp/cmake)
[0.371s] -- Found rosidl_generator_c: 3.1.5 (/opt/ros/humble/share/rosidl_generator_c/cmake)
[0.373s] -- Found rosidl_adapter: 3.1.5 (/opt/ros/humble/share/rosidl_adapter/cmake)
[0.378s] -- Found rosidl_generator_cpp: 3.1.5 (/opt/ros/humble/share/rosidl_generator_cpp/cmake)
[0.389s] -- Using all available rosidl_typesupport_c: rosidl_typesupport_fastrtps_c;rosidl_typesupport_introspection_c
[0.403s] -- Using all available rosidl_typesupport_cpp: rosidl_typesupport_fastrtps_cpp;rosidl_typesupport_introspection_cpp
[0.453s] -- Found rmw_implementation_cmake: 6.1.1 (/opt/ros/humble/share/rmw_implementation_cmake/cmake)
[0.454s] -- Found rmw_fastrtps_cpp: 6.2.6 (/opt/ros/humble/share/rmw_fastrtps_cpp/cmake)
[0.576s] -- Using RMW implementation 'rmw_fastrtps_cpp' as default
[0.710s] -- Found rosidl_default_generators: 1.2.0 (/opt/ros/humble/share/rosidl_default_generators/cmake)
[0.716s] -- Found geometry_msgs: 4.2.3 (/opt/ros/humble/share/geometry_msgs/cmake)
[1.004s] -- Found ament_cmake_ros: 0.10.0 (/opt/ros/humble/share/ament_cmake_ros/cmake)
[1.357s] -- Using all available rosidl_typesupport_c: rosidl_typesupport_fastrtps_c;rosidl_typesupport_introspection_c
[1.496s] -- Using all available rosidl_typesupport_cpp: rosidl_typesupport_fastrtps_cpp;rosidl_typesupport_introspection_cpp
[1.516s] -- Found python_cmake_module: 0.10.0 (/opt/ros/humble/share/python_cmake_module/cmake)
[1.536s] -- Using PYTHON_EXECUTABLE: /usr/bin/python3
[1.536s] -- Using PYTHON_INCLUDE_DIRS: /usr/include/python3.10
[1.536s] -- Using PYTHON_LIBRARIES: /usr/lib/x86_64-linux-gnu/libpython3.10.so
[1.574s] -- Configuring done
[1.615s] -- Generating done
[1.618s] -- Build files have been written to: /home/yong/ws_kari/ROS2_Test/build/custom_interfaces
[1.645s] [  1%] [34m[1mGenerating C code for ROS interfaces[0m
[1.655s] [  2%] [34m[1mGenerating C++ code for ROS interfaces[0m
[1.665s] [  2%] Built target ament_cmake_python_copy_custom_interfaces
[1.826s] running egg_info
[1.841s] writing custom_interfaces.egg-info/PKG-INFO
[1.842s] writing dependency_links to custom_interfaces.egg-info/dependency_links.txt
[1.842s] writing top-level names to custom_interfaces.egg-info/top_level.txt
[1.882s] reading manifest file 'custom_interfaces.egg-info/SOURCES.txt'
[1.883s] writing manifest file 'custom_interfaces.egg-info/SOURCES.txt'
[1.909s] [  2%] Built target ament_cmake_python_build_custom_interfaces_egg
[2.058s] [  2%] Built target custom_interfaces__cpp
[2.076s] [  4%] [34m[1mGenerating C++ type support dispatch for ROS interfaces[0m
[2.078s] [  5%] [34m[1mGenerating C++ type support for eProsima Fast-RTPS[0m
[2.078s] [  7%] [34m[1mGenerating C++ introspection for ROS interfaces[0m
[2.092s] [35m[1mConsolidate compiler generated dependencies of target custom_interfaces__rosidl_generator_c[0m
[2.107s] [ 11%] [32mBuilding C object CMakeFiles/custom_interfaces__rosidl_generator_c.dir/rosidl_generator_c/custom_interfaces/srv/detail/check_name__functions.c.o[0m
[2.107s] [ 11%] [32mBuilding C object CMakeFiles/custom_interfaces__rosidl_generator_c.dir/rosidl_generator_c/custom_interfaces/msg/detail/tasklist__functions.c.o[0m
[2.107s] [ 11%] [32mBuilding C object CMakeFiles/custom_interfaces__rosidl_generator_c.dir/rosidl_generator_c/custom_interfaces/msg/detail/task__functions.c.o[0m
[2.108s] [ 12%] [32mBuilding C object CMakeFiles/custom_interfaces__rosidl_generator_c.dir/rosidl_generator_c/custom_interfaces/msg/detail/auctioninfo__functions.c.o[0m
[2.108s] [ 15%] [32mBuilding C object CMakeFiles/custom_interfaces__rosidl_generator_c.dir/rosidl_generator_c/custom_interfaces/msg/detail/vehiclestate__functions.c.o[0m
[2.108s] [ 15%] [32mBuilding C object CMakeFiles/custom_interfaces__rosidl_generator_c.dir/rosidl_generator_c/custom_interfaces/msg/detail/status__functions.c.o[0m
[2.173s] [ 16%] [32m[1mLinking C shared library libcustom_interfaces__rosidl_generator_c.so[0m
[2.211s] [ 16%] Built target custom_interfaces__rosidl_generator_c
[2.222s] [ 21%] [34m[1mGenerating C type support dispatch for ROS interfaces[0m
[2.222s] [ 21%] [34m[1mGenerating C introspection for ROS interfaces[0m
[2.222s] [ 21%] [34m[1mGenerating C type support for eProsima Fast-RTPS[0m
[2.373s] [35m[1mConsolidate compiler generated dependencies of target custom_interfaces__rosidl_typesupport_cpp[0m
[2.394s] [ 25%] [32mBuilding CXX object CMakeFiles/custom_interfaces__rosidl_typesupport_cpp.dir/rosidl_typesupport_cpp/custom_interfaces/msg/auctioninfo__type_support.cpp.o[0m
[2.394s] [ 25%] [32mBuilding CXX object CMakeFiles/custom_interfaces__rosidl_typesupport_cpp.dir/rosidl_typesupport_cpp/custom_interfaces/msg/task__type_support.cpp.o[0m
[2.394s] [ 25%] [32mBuilding CXX object CMakeFiles/custom_interfaces__rosidl_typesupport_cpp.dir/rosidl_typesupport_cpp/custom_interfaces/msg/vehiclestate__type_support.cpp.o[0m
[2.395s] [ 26%] [32mBuilding CXX object CMakeFiles/custom_interfaces__rosidl_typesupport_cpp.dir/rosidl_typesupport_cpp/custom_interfaces/msg/status__type_support.cpp.o[0m
[2.395s] [ 28%] [32mBuilding CXX object CMakeFiles/custom_interfaces__rosidl_typesupport_cpp.dir/rosidl_typesupport_cpp/custom_interfaces/srv/check_name__type_support.cpp.o[0m
[2.397s] [ 29%] [32mBuilding CXX object CMakeFiles/custom_interfaces__rosidl_typesupport_cpp.dir/rosidl_typesupport_cpp/custom_interfaces/msg/tasklist__type_support.cpp.o[0m
[2.449s] [35m[1mConsolidate compiler generated dependencies of target custom_interfaces__rosidl_typesupport_introspection_cpp[0m
[2.476s] [ 30%] [32mBuilding CXX object CMakeFiles/custom_interfaces__rosidl_typesupport_introspection_cpp.dir/rosidl_typesupport_introspection_cpp/custom_interfaces/srv/detail/check_name__type_support.cpp.o[0m
[2.491s] [ 32%] [32mBuilding CXX object CMakeFiles/custom_interfaces__rosidl_typesupport_introspection_cpp.dir/rosidl_typesupport_introspection_cpp/custom_interfaces/msg/detail/status__type_support.cpp.o[0m
[2.491s] [ 33%] [32mBuilding CXX object CMakeFiles/custom_interfaces__rosidl_typesupport_introspection_cpp.dir/rosidl_typesupport_introspection_cpp/custom_interfaces/msg/detail/task__type_support.cpp.o[0m
[2.491s] [ 35%] [32mBuilding CXX object CMakeFiles/custom_interfaces__rosidl_typesupport_introspection_cpp.dir/rosidl_typesupport_introspection_cpp/custom_interfaces/msg/detail/auctioninfo__type_support.cpp.o[0m
[2.491s] [ 36%] [32mBuilding CXX object CMakeFiles/custom_interfaces__rosidl_typesupport_introspection_cpp.dir/rosidl_typesupport_introspection_cpp/custom_interfaces/msg/detail/tasklist__type_support.cpp.o[0m
[2.492s] [ 38%] [32mBuilding CXX object CMakeFiles/custom_interfaces__rosidl_typesupport_introspection_cpp.dir/rosidl_typesupport_introspection_cpp/custom_interfaces/msg/detail/vehiclestate__type_support.cpp.o[0m
[2.492s] [35m[1mConsolidate compiler generated dependencies of target custom_interfaces__rosidl_typesupport_fastrtps_cpp[0m
[2.525s] [ 39%] [32mBuilding CXX object CMakeFiles/custom_interfaces__rosidl_typesupport_fastrtps_cpp.dir/rosidl_typesupport_fastrtps_cpp/custom_interfaces/srv/detail/dds_fastrtps/check_name__type_support.cpp.o[0m
[2.738s] [35m[1mConsolidate compiler generated dependencies of target custom_interfaces__rosidl_typesupport_c[0m
[2.759s] [ 40%] [32mBuilding CXX object CMakeFiles/custom_interfaces__rosidl_typesupport_fastrtps_cpp.dir/rosidl_typesupport_fastrtps_cpp/custom_interfaces/msg/detail/dds_fastrtps/status__type_support.cpp.o[0m
[2.765s] [ 42%] [32mBuilding CXX object CMakeFiles/custom_interfaces__rosidl_typesupport_c.dir/rosidl_typesupport_c/custom_interfaces/srv/check_name__type_support.cpp.o[0m
[2.792s] [ 43%] [32mBuilding CXX object CMakeFiles/custom_interfaces__rosidl_typesupport_c.dir/rosidl_typesupport_c/custom_interfaces/msg/status__type_support.cpp.o[0m
[2.796s] [ 45%] [32mBuilding CXX object CMakeFiles/custom_interfaces__rosidl_typesupport_fastrtps_cpp.dir/rosidl_typesupport_fastrtps_cpp/custom_interfaces/msg/detail/dds_fastrtps/vehiclestate__type_support.cpp.o[0m
[2.800s] [ 46%] [32m[1mLinking CXX shared library libcustom_interfaces__rosidl_typesupport_cpp.so[0m
[2.823s] [ 47%] [32mBuilding CXX object CMakeFiles/custom_interfaces__rosidl_typesupport_c.dir/rosidl_typesupport_c/custom_interfaces/msg/vehiclestate__type_support.cpp.o[0m
[2.843s] [ 49%] [32mBuilding CXX object CMakeFiles/custom_interfaces__rosidl_typesupport_c.dir/rosidl_typesupport_c/custom_interfaces/msg/auctioninfo__type_support.cpp.o[0m
[2.856s] [35m[1mConsolidate compiler generated dependencies of target custom_interfaces__rosidl_typesupport_introspection_c[0m
[2.857s] [ 50%] [32mBuilding CXX object CMakeFiles/custom_interfaces__rosidl_typesupport_c.dir/rosidl_typesupport_c/custom_interfaces/msg/task__type_support.cpp.o[0m
[2.870s] [ 52%] [32mBuilding CXX object CMakeFiles/custom_interfaces__rosidl_typesupport_c.dir/rosidl_typesupport_c/custom_interfaces/msg/tasklist__type_support.cpp.o[0m
[2.876s] [35m[1mConsolidate compiler generated dependencies of target custom_interfaces__rosidl_typesupport_fastrtps_c[0m
[2.876s] [ 53%] [32mBuilding CXX object CMakeFiles/custom_interfaces__rosidl_typesupport_fastrtps_cpp.dir/rosidl_typesupport_fastrtps_cpp/custom_interfaces/msg/detail/dds_fastrtps/auctioninfo__type_support.cpp.o[0m
[2.889s] [ 53%] Built target custom_interfaces__rosidl_typesupport_cpp
[2.899s] [ 54%] [32mBuilding C object CMakeFiles/custom_interfaces__rosidl_typesupport_introspection_c.dir/rosidl_typesupport_introspection_c/custom_interfaces/srv/detail/check_name__type_support.c.o[0m
[2.905s] [ 56%] [32mBuilding C object CMakeFiles/custom_interfaces__rosidl_typesupport_introspection_c.dir/rosidl_typesupport_introspection_c/custom_interfaces/msg/detail/status__type_support.c.o[0m
[2.912s] [ 57%] [32mBuilding CXX object CMakeFiles/custom_interfaces__rosidl_typesupport_fastrtps_cpp.dir/rosidl_typesupport_fastrtps_cpp/custom_interfaces/msg/detail/dds_fastrtps/tasklist__type_support.cpp.o[0m
[2.912s] [ 59%] [32mBuilding CXX object CMakeFiles/custom_interfaces__rosidl_typesupport_fastrtps_cpp.dir/rosidl_typesupport_fastrtps_cpp/custom_interfaces/msg/detail/dds_fastrtps/task__type_support.cpp.o[0m
[2.922s] [ 60%] [32mBuilding CXX object CMakeFiles/custom_interfaces__rosidl_typesupport_fastrtps_c.dir/rosidl_typesupport_fastrtps_c/custom_interfaces/srv/detail/check_name__type_support_c.cpp.o[0m
[2.926s] [ 61%] [32m[1mLinking CXX shared library libcustom_interfaces__rosidl_typesupport_c.so[0m
[2.962s] [ 63%] [32mBuilding C object CMakeFiles/custom_interfaces__rosidl_typesupport_introspection_c.dir/rosidl_typesupport_introspection_c/custom_interfaces/msg/detail/vehiclestate__type_support.c.o[0m
[2.974s] [ 64%] [32mBuilding C object CMakeFiles/custom_interfaces__rosidl_typesupport_introspection_c.dir/rosidl_typesupport_introspection_c/custom_interfaces/msg/detail/auctioninfo__type_support.c.o[0m
[3.049s] [ 67%] [32mBuilding C object CMakeFiles/custom_interfaces__rosidl_typesupport_introspection_c.dir/rosidl_typesupport_introspection_c/custom_interfaces/msg/detail/task__type_support.c.o[0m
[3.050s] [ 67%] [32mBuilding CXX object CMakeFiles/custom_interfaces__rosidl_typesupport_fastrtps_c.dir/rosidl_typesupport_fastrtps_c/custom_interfaces/msg/detail/status__type_support_c.cpp.o[0m
[3.055s] [ 69%] [32mBuilding C object CMakeFiles/custom_interfaces__rosidl_typesupport_introspection_c.dir/rosidl_typesupport_introspection_c/custom_interfaces/msg/detail/tasklist__type_support.c.o[0m
[3.062s] [ 71%] [32mBuilding CXX object CMakeFiles/custom_interfaces__rosidl_typesupport_fastrtps_c.dir/rosidl_typesupport_fastrtps_c/custom_interfaces/msg/detail/auctioninfo__type_support_c.cpp.o[0m
[3.063s] [ 71%] [32mBuilding CXX object CMakeFiles/custom_interfaces__rosidl_typesupport_fastrtps_c.dir/rosidl_typesupport_fastrtps_c/custom_interfaces/msg/detail/vehiclestate__type_support_c.cpp.o[0m
[3.063s] [ 71%] Built target custom_interfaces__rosidl_typesupport_c
[3.094s] [ 73%] [32mBuilding CXX object CMakeFiles/custom_interfaces__rosidl_typesupport_fastrtps_c.dir/rosidl_typesupport_fastrtps_c/custom_interfaces/msg/detail/task__type_support_c.cpp.o[0m
[3.107s] [ 74%] [32mBuilding CXX object CMakeFiles/custom_interfaces__rosidl_typesupport_fastrtps_c.dir/rosidl_typesupport_fastrtps_c/custom_interfaces/msg/detail/tasklist__type_support_c.cpp.o[0m
[3.125s] [ 76%] [32m[1mLinking C shared library libcustom_interfaces__rosidl_typesupport_introspection_c.so[0m
[3.190s] [ 76%] Built target custom_interfaces__rosidl_typesupport_introspection_c
[3.208s] [ 77%] [32m[1mLinking CXX shared library libcustom_interfaces__rosidl_typesupport_introspection_cpp.so[0m
[3.350s] [ 77%] Built target custom_interfaces__rosidl_typesupport_introspection_cpp
[3.506s] [ 78%] [32m[1mLinking CXX shared library libcustom_interfaces__rosidl_typesupport_fastrtps_c.so[0m
[3.513s] [ 80%] [32m[1mLinking CXX shared library libcustom_interfaces__rosidl_typesupport_fastrtps_cpp.so[0m
[3.599s] [ 80%] Built target custom_interfaces__rosidl_typesupport_fastrtps_c
[3.603s] [ 80%] Built target custom_interfaces__rosidl_typesupport_fastrtps_cpp
[3.623s] [ 80%] Built target custom_interfaces
[3.643s] [ 81%] [34m[1mGenerating Python code for ROS interfaces[0m
[4.249s] [ 81%] Built target custom_interfaces__py
[4.260s] [35m[1mConsolidate compiler generated dependencies of target custom_interfaces__rosidl_generator_py[0m
[4.281s] [ 85%] [32mBuilding C object CMakeFiles/custom_interfaces__rosidl_generator_py.dir/rosidl_generator_py/custom_interfaces/msg/_vehiclestate_s.c.o[0m
[4.281s] [ 85%] [32mBuilding C object CMakeFiles/custom_interfaces__rosidl_generator_py.dir/rosidl_generator_py/custom_interfaces/srv/_check_name_s.c.o[0m
[4.281s] [ 85%] [32mBuilding C object CMakeFiles/custom_interfaces__rosidl_generator_py.dir/rosidl_generator_py/custom_interfaces/msg/_status_s.c.o[0m
[4.282s] [ 87%] [32mBuilding C object CMakeFiles/custom_interfaces__rosidl_generator_py.dir/rosidl_generator_py/custom_interfaces/msg/_task_s.c.o[0m
[4.282s] [ 90%] [32mBuilding C object CMakeFiles/custom_interfaces__rosidl_generator_py.dir/rosidl_generator_py/custom_interfaces/msg/_auctioninfo_s.c.o[0m
[4.282s] [ 90%] [32mBuilding C object CMakeFiles/custom_interfaces__rosidl_generator_py.dir/rosidl_generator_py/custom_interfaces/msg/_tasklist_s.c.o[0m
[4.387s] [ 91%] [32m[1mLinking C shared library rosidl_generator_py/custom_interfaces/libcustom_interfaces__rosidl_generator_py.so[0m
[4.427s] [ 91%] Built target custom_interfaces__rosidl_generator_py
[4.438s] [35m[1mConsolidate compiler generated dependencies of target custom_interfaces__rosidl_typesupport_c__pyext[0m
[4.438s] [35m[1mConsolidate compiler generated dependencies of target custom_interfaces__rosidl_typesupport_introspection_c__pyext[0m
[4.438s] [35m[1mConsolidate compiler generated dependencies of target custom_interfaces__rosidl_typesupport_fastrtps_c__pyext[0m
[4.452s] [ 95%] [32mBuilding C object CMakeFiles/custom_interfaces__rosidl_typesupport_c__pyext.dir/rosidl_generator_py/custom_interfaces/_custom_interfaces_s.ep.rosidl_typesupport_c.c.o[0m
[4.452s] [ 95%] [32mBuilding C object CMakeFiles/custom_interfaces__rosidl_typesupport_introspection_c__pyext.dir/rosidl_generator_py/custom_interfaces/_custom_interfaces_s.ep.rosidl_typesupport_introspection_c.c.o[0m
[4.452s] [ 95%] [32mBuilding C object CMakeFiles/custom_interfaces__rosidl_typesupport_fastrtps_c__pyext.dir/rosidl_generator_py/custom_interfaces/_custom_interfaces_s.ep.rosidl_typesupport_fastrtps_c.c.o[0m
[4.559s] [ 97%] [32m[1mLinking C shared library rosidl_generator_py/custom_interfaces/custom_interfaces_s__rosidl_typesupport_c.cpython-310-x86_64-linux-gnu.so[0m
[4.559s] [ 98%] [32m[1mLinking C shared library rosidl_generator_py/custom_interfaces/custom_interfaces_s__rosidl_typesupport_fastrtps_c.cpython-310-x86_64-linux-gnu.so[0m
[4.564s] [100%] [32m[1mLinking C shared library rosidl_generator_py/custom_interfaces/custom_interfaces_s__rosidl_typesupport_introspection_c.cpython-310-x86_64-linux-gnu.so[0m
[4.598s] [100%] Built target custom_interfaces__rosidl_typesupport_c__pyext
[4.598s] [100%] Built target custom_interfaces__rosidl_typesupport_fastrtps_c__pyext
[4.605s] [100%] Built target custom_interfaces__rosidl_typesupport_introspection_c__pyext
[4.618s] Invoked command in '/home/yong/ws_kari/ROS2_Test/build/custom_interfaces' returned '0': CMAKE_PREFIX_PATH=/home/yong/ws_kari/ROS2_Test/install/srv_test:/home/yong/ws_kari/ROS2_Test/install/multi_agent_comm:/opt/ros/humble:/home/yong/ws_kari/ROS2_Test/install/auction_node:/home/yong/ws_kari/ROS2_Test/install/custom_interfaces:/home/yong/ws_kari/ROS2_Test/install/acbba /usr/bin/cmake --build /home/yong/ws_kari/ROS2_Test/build/custom_interfaces -- -j16 -l16
[4.762s] Invoking command in '/home/yong/ws_kari/ROS2_Test/build/custom_interfaces': CMAKE_PREFIX_PATH=/home/yong/ws_kari/ROS2_Test/install/srv_test:/home/yong/ws_kari/ROS2_Test/install/multi_agent_comm:/opt/ros/humble:/home/yong/ws_kari/ROS2_Test/install/auction_node:/home/yong/ws_kari/ROS2_Test/install/custom_interfaces:/home/yong/ws_kari/ROS2_Test/install/acbba /usr/bin/cmake --install /home/yong/ws_kari/ROS2_Test/build/custom_interfaces
[4.770s] -- Install configuration: ""
[4.770s] -- Up-to-date: /home/yong/ws_kari/ROS2_Test/install/custom_interfaces/share/ament_index/resource_index/rosidl_interfaces/custom_interfaces
[4.770s] -- Up-to-date: /home/yong/ws_kari/ROS2_Test/install/custom_interfaces/include/custom_interfaces/custom_interfaces
[4.770s] -- Up-to-date: /home/yong/ws_kari/ROS2_Test/install/custom_interfaces/include/custom_interfaces/custom_interfaces/srv
[4.770s] -- Installing: /home/yong/ws_kari/ROS2_Test/install/custom_interfaces/include/custom_interfaces/custom_interfaces/srv/check_name.h
[4.770s] -- Up-to-date: /home/yong/ws_kari/ROS2_Test/install/custom_interfaces/include/custom_interfaces/custom_interfaces/srv/detail
[4.770s] -- Installing: /home/yong/ws_kari/ROS2_Test/install/custom_interfaces/include/custom_interfaces/custom_interfaces/srv/detail/check_name__functions.c
[4.770s] -- Installing: /home/yong/ws_kari/ROS2_Test/install/custom_interfaces/include/custom_interfaces/custom_interfaces/srv/detail/check_name__functions.h
[4.770s] -- Installing: /home/yong/ws_kari/ROS2_Test/install/custom_interfaces/include/custom_interfaces/custom_interfaces/srv/detail/check_name__type_support.h
[4.771s] -- Installing: /home/yong/ws_kari/ROS2_Test/install/custom_interfaces/include/custom_interfaces/custom_interfaces/srv/detail/check_name__struct.h
[4.771s] -- Up-to-date: /home/yong/ws_kari/ROS2_Test/install/custom_interfaces/include/custom_interfaces/custom_interfaces/msg
[4.771s] -- Installing: /home/yong/ws_kari/ROS2_Test/install/custom_interfaces/include/custom_interfaces/custom_interfaces/msg/task.h
[4.771s] -- Installing: /home/yong/ws_kari/ROS2_Test/install/custom_interfaces/include/custom_interfaces/custom_interfaces/msg/tasklist.h
[4.771s] -- Up-to-date: /home/yong/ws_kari/ROS2_Test/install/custom_interfaces/include/custom_interfaces/custom_interfaces/msg/detail
[4.771s] -- Installing: /home/yong/ws_kari/ROS2_Test/install/custom_interfaces/include/custom_interfaces/custom_interfaces/msg/detail/status__functions.c
[4.771s] -- Installing: /home/yong/ws_kari/ROS2_Test/install/custom_interfaces/include/custom_interfaces/custom_interfaces/msg/detail/vehiclestate__struct.h
[4.771s] -- Installing: /home/yong/ws_kari/ROS2_Test/install/custom_interfaces/include/custom_interfaces/custom_interfaces/msg/detail/auctioninfo__struct.h
[4.771s] -- Installing: /home/yong/ws_kari/ROS2_Test/install/custom_interfaces/include/custom_interfaces/custom_interfaces/msg/detail/task__functions.c
[4.772s] -- Installing: /home/yong/ws_kari/ROS2_Test/install/custom_interfaces/include/custom_interfaces/custom_interfaces/msg/detail/tasklist__functions.c
[4.772s] -- Installing: /home/yong/ws_kari/ROS2_Test/install/custom_interfaces/include/custom_interfaces/custom_interfaces/msg/detail/task__type_support.h
[4.772s] -- Installing: /home/yong/ws_kari/ROS2_Test/install/custom_interfaces/include/custom_interfaces/custom_interfaces/msg/detail/auctioninfo__type_support.h
[4.772s] -- Installing: /home/yong/ws_kari/ROS2_Test/install/custom_interfaces/include/custom_interfaces/custom_interfaces/msg/detail/vehiclestate__functions.c
[4.772s] -- Installing: /home/yong/ws_kari/ROS2_Test/install/custom_interfaces/include/custom_interfaces/custom_interfaces/msg/detail/task__functions.h
[4.772s] -- Installing: /home/yong/ws_kari/ROS2_Test/install/custom_interfaces/include/custom_interfaces/custom_interfaces/msg/detail/tasklist__type_support.h
[4.772s] -- Installing: /home/yong/ws_kari/ROS2_Test/install/custom_interfaces/include/custom_interfaces/custom_interfaces/msg/detail/status__struct.h
[4.773s] -- Installing: /home/yong/ws_kari/ROS2_Test/install/custom_interfaces/include/custom_interfaces/custom_interfaces/msg/detail/task__struct.h
[4.773s] -- Installing: /home/yong/ws_kari/ROS2_Test/install/custom_interfaces/include/custom_interfaces/custom_interfaces/msg/detail/tasklist__struct.h
[4.773s] -- Installing: /home/yong/ws_kari/ROS2_Test/install/custom_interfaces/include/custom_interfaces/custom_interfaces/msg/detail/tasklist__functions.h
[4.773s] -- Installing: /home/yong/ws_kari/ROS2_Test/install/custom_interfaces/include/custom_interfaces/custom_interfaces/msg/detail/vehiclestate__type_support.h
[4.773s] -- Installing: /home/yong/ws_kari/ROS2_Test/install/custom_interfaces/include/custom_interfaces/custom_interfaces/msg/detail/status__type_support.h
[4.773s] -- Installing: /home/yong/ws_kari/ROS2_Test/install/custom_interfaces/include/custom_interfaces/custom_interfaces/msg/detail/auctioninfo__functions.h
[4.774s] -- Installing: /home/yong/ws_kari/ROS2_Test/install/custom_interfaces/include/custom_interfaces/custom_interfaces/msg/detail/vehiclestate__functions.h
[4.774s] -- Installing: /home/yong/ws_kari/ROS2_Test/install/custom_interfaces/include/custom_interfaces/custom_interfaces/msg/detail/auctioninfo__functions.c
[4.774s] -- Installing: /home/yong/ws_kari/ROS2_Test/install/custom_interfaces/include/custom_interfaces/custom_interfaces/msg/detail/status__functions.h
[4.774s] -- Installing: /home/yong/ws_kari/ROS2_Test/install/custom_interfaces/include/custom_interfaces/custom_interfaces/msg/auctioninfo.h
[4.774s] -- Up-to-date: /home/yong/ws_kari/ROS2_Test/install/custom_interfaces/include/custom_interfaces/custom_interfaces/msg/rosidl_generator_c__visibility_control.h
[4.774s] -- Installing: /home/yong/ws_kari/ROS2_Test/install/custom_interfaces/include/custom_interfaces/custom_interfaces/msg/status.h
[4.774s] -- Installing: /home/yong/ws_kari/ROS2_Test/install/custom_interfaces/include/custom_interfaces/custom_interfaces/msg/vehiclestate.h
[4.774s] -- Up-to-date: /home/yong/ws_kari/ROS2_Test/install/custom_interfaces/share/custom_interfaces/environment/library_path.sh
[4.775s] -- Installing: /home/yong/ws_kari/ROS2_Test/install/custom_interfaces/share/custom_interfaces/environment/library_path.dsv
[4.775s] -- Installing: /home/yong/ws_kari/ROS2_Test/install/custom_interfaces/lib/libcustom_interfaces__rosidl_generator_c.so
[4.775s] -- Set runtime path of "/home/yong/ws_kari/ROS2_Test/install/custom_interfaces/lib/libcustom_interfaces__rosidl_generator_c.so" to ""
[4.775s] -- Up-to-date: /home/yong/ws_kari/ROS2_Test/install/custom_interfaces/include/custom_interfaces/custom_interfaces
[4.775s] -- Up-to-date: /home/yong/ws_kari/ROS2_Test/install/custom_interfaces/include/custom_interfaces/custom_interfaces/srv
[4.775s] -- Up-to-date: /home/yong/ws_kari/ROS2_Test/install/custom_interfaces/include/custom_interfaces/custom_interfaces/srv/detail
[4.776s] -- Installing: /home/yong/ws_kari/ROS2_Test/install/custom_interfaces/include/custom_interfaces/custom_interfaces/srv/detail/check_name__rosidl_typesupport_fastrtps_c.h
[4.776s] -- Up-to-date: /home/yong/ws_kari/ROS2_Test/install/custom_interfaces/include/custom_interfaces/custom_interfaces/msg
[4.776s] -- Up-to-date: /home/yong/ws_kari/ROS2_Test/install/custom_interfaces/include/custom_interfaces/custom_interfaces/msg/detail
[4.776s] -- Installing: /home/yong/ws_kari/ROS2_Test/install/custom_interfaces/include/custom_interfaces/custom_interfaces/msg/detail/vehiclestate__rosidl_typesupport_fastrtps_c.h
[4.776s] -- Installing: /home/yong/ws_kari/ROS2_Test/install/custom_interfaces/include/custom_interfaces/custom_interfaces/msg/detail/auctioninfo__rosidl_typesupport_fastrtps_c.h
[4.776s] -- Installing: /home/yong/ws_kari/ROS2_Test/install/custom_interfaces/include/custom_interfaces/custom_interfaces/msg/detail/tasklist__rosidl_typesupport_fastrtps_c.h
[4.776s] -- Installing: /home/yong/ws_kari/ROS2_Test/install/custom_interfaces/include/custom_interfaces/custom_interfaces/msg/detail/task__rosidl_typesupport_fastrtps_c.h
[4.776s] -- Installing: /home/yong/ws_kari/ROS2_Test/install/custom_interfaces/include/custom_interfaces/custom_interfaces/msg/detail/status__rosidl_typesupport_fastrtps_c.h
[4.776s] -- Up-to-date: /home/yong/ws_kari/ROS2_Test/install/custom_interfaces/include/custom_interfaces/custom_interfaces/msg/rosidl_typesupport_fastrtps_c__visibility_control.h
[4.777s] -- Installing: /home/yong/ws_kari/ROS2_Test/install/custom_interfaces/lib/libcustom_interfaces__rosidl_typesupport_fastrtps_c.so
[4.777s] -- Set runtime path of "/home/yong/ws_kari/ROS2_Test/install/custom_interfaces/lib/libcustom_interfaces__rosidl_typesupport_fastrtps_c.so" to ""
[4.777s] -- Up-to-date: /home/yong/ws_kari/ROS2_Test/install/custom_interfaces/include/custom_interfaces/custom_interfaces
[4.777s] -- Up-to-date: /home/yong/ws_kari/ROS2_Test/install/custom_interfaces/include/custom_interfaces/custom_interfaces/srv
[4.777s] -- Installing: /home/yong/ws_kari/ROS2_Test/install/custom_interfaces/include/custom_interfaces/custom_interfaces/srv/check_name.hpp
[4.777s] -- Up-to-date: /home/yong/ws_kari/ROS2_Test/install/custom_interfaces/include/custom_interfaces/custom_interfaces/srv/detail
[4.777s] -- Installing: /home/yong/ws_kari/ROS2_Test/install/custom_interfaces/include/custom_interfaces/custom_interfaces/srv/detail/check_name__builder.hpp
[4.777s] -- Installing: /home/yong/ws_kari/ROS2_Test/install/custom_interfaces/include/custom_interfaces/custom_interfaces/srv/detail/check_name__traits.hpp
[4.778s] -- Installing: /home/yong/ws_kari/ROS2_Test/install/custom_interfaces/include/custom_interfaces/custom_interfaces/srv/detail/check_name__struct.hpp
[4.778s] -- Up-to-date: /home/yong/ws_kari/ROS2_Test/install/custom_interfaces/include/custom_interfaces/custom_interfaces/msg
[4.778s] -- Installing: /home/yong/ws_kari/ROS2_Test/install/custom_interfaces/include/custom_interfaces/custom_interfaces/msg/status.hpp
[4.778s] -- Installing: /home/yong/ws_kari/ROS2_Test/install/custom_interfaces/include/custom_interfaces/custom_interfaces/msg/tasklist.hpp
[4.778s] -- Up-to-date: /home/yong/ws_kari/ROS2_Test/install/custom_interfaces/include/custom_interfaces/custom_interfaces/msg/detail
[4.778s] -- Installing: /home/yong/ws_kari/ROS2_Test/install/custom_interfaces/include/custom_interfaces/custom_interfaces/msg/detail/vehiclestate__traits.hpp
[4.778s] -- Installing: /home/yong/ws_kari/ROS2_Test/install/custom_interfaces/include/custom_interfaces/custom_interfaces/msg/detail/task__builder.hpp
[4.778s] -- Installing: /home/yong/ws_kari/ROS2_Test/install/custom_interfaces/include/custom_interfaces/custom_interfaces/msg/detail/status__struct.hpp
[4.778s] -- Installing: /home/yong/ws_kari/ROS2_Test/install/custom_interfaces/include/custom_interfaces/custom_interfaces/msg/detail/auctioninfo__builder.hpp
[4.779s] -- Installing: /home/yong/ws_kari/ROS2_Test/install/custom_interfaces/include/custom_interfaces/custom_interfaces/msg/detail/tasklist__builder.hpp
[4.779s] -- Installing: /home/yong/ws_kari/ROS2_Test/install/custom_interfaces/include/custom_interfaces/custom_interfaces/msg/detail/vehiclestate__builder.hpp
[4.779s] -- Installing: /home/yong/ws_kari/ROS2_Test/install/custom_interfaces/include/custom_interfaces/custom_interfaces/msg/detail/status__traits.hpp
[4.779s] -- Installing: /home/yong/ws_kari/ROS2_Test/install/custom_interfaces/include/custom_interfaces/custom_interfaces/msg/detail/tasklist__struct.hpp
[4.779s] -- Installing: /home/yong/ws_kari/ROS2_Test/install/custom_interfaces/include/custom_interfaces/custom_interfaces/msg/detail/task__struct.hpp
[4.779s] -- Installing: /home/yong/ws_kari/ROS2_Test/install/custom_interfaces/include/custom_interfaces/custom_interfaces/msg/detail/auctioninfo__traits.hpp
[4.779s] -- Installing: /home/yong/ws_kari/ROS2_Test/install/custom_interfaces/include/custom_interfaces/custom_interfaces/msg/detail/status__builder.hpp
[4.780s] -- Installing: /home/yong/ws_kari/ROS2_Test/install/custom_interfaces/include/custom_interfaces/custom_interfaces/msg/detail/vehiclestate__struct.hpp
[4.780s] -- Installing: /home/yong/ws_kari/ROS2_Test/install/custom_interfaces/include/custom_interfaces/custom_interfaces/msg/detail/task__traits.hpp
[4.780s] -- Installing: /home/yong/ws_kari/ROS2_Test/install/custom_interfaces/include/custom_interfaces/custom_interfaces/msg/detail/tasklist__traits.hpp
[4.780s] -- Installing: /home/yong/ws_kari/ROS2_Test/install/custom_interfaces/include/custom_interfaces/custom_interfaces/msg/detail/auctioninfo__struct.hpp
[4.780s] -- Installing: /home/yong/ws_kari/ROS2_Test/install/custom_interfaces/include/custom_interfaces/custom_interfaces/msg/task.hpp
[4.780s] -- Installing: /home/yong/ws_kari/ROS2_Test/install/custom_interfaces/include/custom_interfaces/custom_interfaces/msg/vehiclestate.hpp
[4.780s] -- Installing: /home/yong/ws_kari/ROS2_Test/install/custom_interfaces/include/custom_interfaces/custom_interfaces/msg/auctioninfo.hpp
[4.781s] -- Up-to-date: /home/yong/ws_kari/ROS2_Test/install/custom_interfaces/include/custom_interfaces/custom_interfaces
[4.781s] -- Up-to-date: /home/yong/ws_kari/ROS2_Test/install/custom_interfaces/include/custom_interfaces/custom_interfaces/srv
[4.781s] -- Up-to-date: /home/yong/ws_kari/ROS2_Test/install/custom_interfaces/include/custom_interfaces/custom_interfaces/srv/detail
[4.781s] -- Up-to-date: /home/yong/ws_kari/ROS2_Test/install/custom_interfaces/include/custom_interfaces/custom_interfaces/srv/detail/dds_fastrtps
[4.781s] -- Installing: /home/yong/ws_kari/ROS2_Test/install/custom_interfaces/include/custom_interfaces/custom_interfaces/srv/detail/check_name__rosidl_typesupport_fastrtps_cpp.hpp
[4.781s] -- Up-to-date: /home/yong/ws_kari/ROS2_Test/install/custom_interfaces/include/custom_interfaces/custom_interfaces/msg
[4.781s] -- Up-to-date: /home/yong/ws_kari/ROS2_Test/install/custom_interfaces/include/custom_interfaces/custom_interfaces/msg/detail
[4.781s] -- Installing: /home/yong/ws_kari/ROS2_Test/install/custom_interfaces/include/custom_interfaces/custom_interfaces/msg/detail/tasklist__rosidl_typesupport_fastrtps_cpp.hpp
[4.781s] -- Installing: /home/yong/ws_kari/ROS2_Test/install/custom_interfaces/include/custom_interfaces/custom_interfaces/msg/detail/task__rosidl_typesupport_fastrtps_cpp.hpp
[4.781s] -- Installing: /home/yong/ws_kari/ROS2_Test/install/custom_interfaces/include/custom_interfaces/custom_interfaces/msg/detail/vehiclestate__rosidl_typesupport_fastrtps_cpp.hpp
[4.781s] -- Installing: /home/yong/ws_kari/ROS2_Test/install/custom_interfaces/include/custom_interfaces/custom_interfaces/msg/detail/status__rosidl_typesupport_fastrtps_cpp.hpp
[4.781s] -- Up-to-date: /home/yong/ws_kari/ROS2_Test/install/custom_interfaces/include/custom_interfaces/custom_interfaces/msg/detail/dds_fastrtps
[4.782s] -- Installing: /home/yong/ws_kari/ROS2_Test/install/custom_interfaces/include/custom_interfaces/custom_interfaces/msg/detail/auctioninfo__rosidl_typesupport_fastrtps_cpp.hpp
[4.782s] -- Up-to-date: /home/yong/ws_kari/ROS2_Test/install/custom_interfaces/include/custom_interfaces/custom_interfaces/msg/rosidl_typesupport_fastrtps_cpp__visibility_control.h
[4.782s] -- Installing: /home/yong/ws_kari/ROS2_Test/install/custom_interfaces/lib/libcustom_interfaces__rosidl_typesupport_fastrtps_cpp.so
[4.782s] -- Set runtime path of "/home/yong/ws_kari/ROS2_Test/install/custom_interfaces/lib/libcustom_interfaces__rosidl_typesupport_fastrtps_cpp.so" to ""
[4.782s] -- Up-to-date: /home/yong/ws_kari/ROS2_Test/install/custom_interfaces/include/custom_interfaces/custom_interfaces
[4.782s] -- Up-to-date: /home/yong/ws_kari/ROS2_Test/install/custom_interfaces/include/custom_interfaces/custom_interfaces/srv
[4.783s] -- Up-to-date: /home/yong/ws_kari/ROS2_Test/install/custom_interfaces/include/custom_interfaces/custom_interfaces/srv/detail
[4.783s] -- Installing: /home/yong/ws_kari/ROS2_Test/install/custom_interfaces/include/custom_interfaces/custom_interfaces/srv/detail/check_name__type_support.c
[4.783s] -- Installing: /home/yong/ws_kari/ROS2_Test/install/custom_interfaces/include/custom_interfaces/custom_interfaces/srv/detail/check_name__rosidl_typesupport_introspection_c.h
[4.783s] -- Up-to-date: /home/yong/ws_kari/ROS2_Test/install/custom_interfaces/include/custom_interfaces/custom_interfaces/msg
[4.783s] -- Up-to-date: /home/yong/ws_kari/ROS2_Test/install/custom_interfaces/include/custom_interfaces/custom_interfaces/msg/detail
[4.783s] -- Installing: /home/yong/ws_kari/ROS2_Test/install/custom_interfaces/include/custom_interfaces/custom_interfaces/msg/detail/task__rosidl_typesupport_introspection_c.h
[4.783s] -- Installing: /home/yong/ws_kari/ROS2_Test/install/custom_interfaces/include/custom_interfaces/custom_interfaces/msg/detail/task__type_support.c
[4.783s] -- Installing: /home/yong/ws_kari/ROS2_Test/install/custom_interfaces/include/custom_interfaces/custom_interfaces/msg/detail/vehiclestate__type_support.c
[4.783s] -- Installing: /home/yong/ws_kari/ROS2_Test/install/custom_interfaces/include/custom_interfaces/custom_interfaces/msg/detail/tasklist__type_support.c
[4.783s] -- Installing: /home/yong/ws_kari/ROS2_Test/install/custom_interfaces/include/custom_interfaces/custom_interfaces/msg/detail/auctioninfo__rosidl_typesupport_introspection_c.h
[4.784s] -- Installing: /home/yong/ws_kari/ROS2_Test/install/custom_interfaces/include/custom_interfaces/custom_interfaces/msg/detail/vehiclestate__rosidl_typesupport_introspection_c.h
[4.784s] -- Installing: /home/yong/ws_kari/ROS2_Test/install/custom_interfaces/include/custom_interfaces/custom_interfaces/msg/detail/auctioninfo__type_support.c
[4.784s] -- Installing: /home/yong/ws_kari/ROS2_Test/install/custom_interfaces/include/custom_interfaces/custom_interfaces/msg/detail/status__rosidl_typesupport_introspection_c.h
[4.784s] -- Installing: /home/yong/ws_kari/ROS2_Test/install/custom_interfaces/include/custom_interfaces/custom_interfaces/msg/detail/status__type_support.c
[4.784s] -- Installing: /home/yong/ws_kari/ROS2_Test/install/custom_interfaces/include/custom_interfaces/custom_interfaces/msg/detail/tasklist__rosidl_typesupport_introspection_c.h
[4.784s] -- Up-to-date: /home/yong/ws_kari/ROS2_Test/install/custom_interfaces/include/custom_interfaces/custom_interfaces/msg/rosidl_typesupport_introspection_c__visibility_control.h
[4.785s] -- Installing: /home/yong/ws_kari/ROS2_Test/install/custom_interfaces/lib/libcustom_interfaces__rosidl_typesupport_introspection_c.so
[4.785s] -- Set runtime path of "/home/yong/ws_kari/ROS2_Test/install/custom_interfaces/lib/libcustom_interfaces__rosidl_typesupport_introspection_c.so" to ""
[4.785s] -- Installing: /home/yong/ws_kari/ROS2_Test/install/custom_interfaces/lib/libcustom_interfaces__rosidl_typesupport_c.so
[4.785s] -- Set runtime path of "/home/yong/ws_kari/ROS2_Test/install/custom_interfaces/lib/libcustom_interfaces__rosidl_typesupport_c.so" to ""
[4.786s] -- Up-to-date: /home/yong/ws_kari/ROS2_Test/install/custom_interfaces/include/custom_interfaces/custom_interfaces
[4.786s] -- Up-to-date: /home/yong/ws_kari/ROS2_Test/install/custom_interfaces/include/custom_interfaces/custom_interfaces/srv
[4.786s] -- Up-to-date: /home/yong/ws_kari/ROS2_Test/install/custom_interfaces/include/custom_interfaces/custom_interfaces/srv/detail
[4.786s] -- Installing: /home/yong/ws_kari/ROS2_Test/install/custom_interfaces/include/custom_interfaces/custom_interfaces/srv/detail/check_name__rosidl_typesupport_introspection_cpp.hpp
[4.786s] -- Installing: /home/yong/ws_kari/ROS2_Test/install/custom_interfaces/include/custom_interfaces/custom_interfaces/srv/detail/check_name__type_support.cpp
[4.786s] -- Up-to-date: /home/yong/ws_kari/ROS2_Test/install/custom_interfaces/include/custom_interfaces/custom_interfaces/msg
[4.786s] -- Up-to-date: /home/yong/ws_kari/ROS2_Test/install/custom_interfaces/include/custom_interfaces/custom_interfaces/msg/detail
[4.786s] -- Installing: /home/yong/ws_kari/ROS2_Test/install/custom_interfaces/include/custom_interfaces/custom_interfaces/msg/detail/status__type_support.cpp
[4.786s] -- Installing: /home/yong/ws_kari/ROS2_Test/install/custom_interfaces/include/custom_interfaces/custom_interfaces/msg/detail/status__rosidl_typesupport_introspection_cpp.hpp
[4.786s] -- Installing: /home/yong/ws_kari/ROS2_Test/install/custom_interfaces/include/custom_interfaces/custom_interfaces/msg/detail/task__type_support.cpp
[4.786s] -- Installing: /home/yong/ws_kari/ROS2_Test/install/custom_interfaces/include/custom_interfaces/custom_interfaces/msg/detail/task__rosidl_typesupport_introspection_cpp.hpp
[4.787s] -- Installing: /home/yong/ws_kari/ROS2_Test/install/custom_interfaces/include/custom_interfaces/custom_interfaces/msg/detail/auctioninfo__rosidl_typesupport_introspection_cpp.hpp
[4.787s] -- Installing: /home/yong/ws_kari/ROS2_Test/install/custom_interfaces/include/custom_interfaces/custom_interfaces/msg/detail/auctioninfo__type_support.cpp
[4.787s] -- Installing: /home/yong/ws_kari/ROS2_Test/install/custom_interfaces/include/custom_interfaces/custom_interfaces/msg/detail/tasklist__rosidl_typesupport_introspection_cpp.hpp
[4.787s] -- Installing: /home/yong/ws_kari/ROS2_Test/install/custom_interfaces/include/custom_interfaces/custom_interfaces/msg/detail/vehiclestate__type_support.cpp
[4.787s] -- Installing: /home/yong/ws_kari/ROS2_Test/install/custom_interfaces/include/custom_interfaces/custom_interfaces/msg/detail/vehiclestate__rosidl_typesupport_introspection_cpp.hpp
[4.787s] -- Installing: /home/yong/ws_kari/ROS2_Test/install/custom_interfaces/include/custom_interfaces/custom_interfaces/msg/detail/tasklist__type_support.cpp
[4.788s] -- Installing: /home/yong/ws_kari/ROS2_Test/install/custom_interfaces/lib/libcustom_interfaces__rosidl_typesupport_introspection_cpp.so
[4.788s] -- Set runtime path of "/home/yong/ws_kari/ROS2_Test/install/custom_interfaces/lib/libcustom_interfaces__rosidl_typesupport_introspection_cpp.so" to ""
[4.788s] -- Installing: /home/yong/ws_kari/ROS2_Test/install/custom_interfaces/lib/libcustom_interfaces__rosidl_typesupport_cpp.so
[4.789s] -- Set runtime path of "/home/yong/ws_kari/ROS2_Test/install/custom_interfaces/lib/libcustom_interfaces__rosidl_typesupport_cpp.so" to ""
[4.789s] -- Up-to-date: /home/yong/ws_kari/ROS2_Test/install/custom_interfaces/share/custom_interfaces/environment/pythonpath.sh
[4.789s] -- Installing: /home/yong/ws_kari/ROS2_Test/install/custom_interfaces/share/custom_interfaces/environment/pythonpath.dsv
[4.789s] -- Up-to-date: /home/yong/ws_kari/ROS2_Test/install/custom_interfaces/local/lib/python3.10/dist-packages/custom_interfaces-0.1.0-py3.10.egg-info
[4.789s] -- Installing: /home/yong/ws_kari/ROS2_Test/install/custom_interfaces/local/lib/python3.10/dist-packages/custom_interfaces-0.1.0-py3.10.egg-info/SOURCES.txt
[4.789s] -- Installing: /home/yong/ws_kari/ROS2_Test/install/custom_interfaces/local/lib/python3.10/dist-packages/custom_interfaces-0.1.0-py3.10.egg-info/dependency_links.txt
[4.789s] -- Installing: /home/yong/ws_kari/ROS2_Test/install/custom_interfaces/local/lib/python3.10/dist-packages/custom_interfaces-0.1.0-py3.10.egg-info/PKG-INFO
[4.789s] -- Installing: /home/yong/ws_kari/ROS2_Test/install/custom_interfaces/local/lib/python3.10/dist-packages/custom_interfaces-0.1.0-py3.10.egg-info/top_level.txt
[4.789s] -- Up-to-date: /home/yong/ws_kari/ROS2_Test/install/custom_interfaces/local/lib/python3.10/dist-packages/custom_interfaces
[4.790s] -- Installing: /home/yong/ws_kari/ROS2_Test/install/custom_interfaces/local/lib/python3.10/dist-packages/custom_interfaces/libcustom_interfaces__rosidl_generator_py.so
[4.790s] -- Installing: /home/yong/ws_kari/ROS2_Test/install/custom_interfaces/local/lib/python3.10/dist-packages/custom_interfaces/_custom_interfaces_s.ep.rosidl_typesupport_introspection_c.c
[4.790s] -- Installing: /home/yong/ws_kari/ROS2_Test/install/custom_interfaces/local/lib/python3.10/dist-packages/custom_interfaces/custom_interfaces_s__rosidl_typesupport_fastrtps_c.cpython-310-x86_64-linux-gnu.so
[4.790s] -- Up-to-date: /home/yong/ws_kari/ROS2_Test/install/custom_interfaces/local/lib/python3.10/dist-packages/custom_interfaces/srv
[4.790s] -- Installing: /home/yong/ws_kari/ROS2_Test/install/custom_interfaces/local/lib/python3.10/dist-packages/custom_interfaces/srv/_check_name.py
[4.790s] -- Installing: /home/yong/ws_kari/ROS2_Test/install/custom_interfaces/local/lib/python3.10/dist-packages/custom_interfaces/srv/_check_name_s.c
[4.790s] -- Installing: /home/yong/ws_kari/ROS2_Test/install/custom_interfaces/local/lib/python3.10/dist-packages/custom_interfaces/srv/__init__.py
[4.791s] -- Installing: /home/yong/ws_kari/ROS2_Test/install/custom_interfaces/local/lib/python3.10/dist-packages/custom_interfaces/custom_interfaces_s__rosidl_typesupport_c.cpython-310-x86_64-linux-gnu.so
[4.791s] -- Installing: /home/yong/ws_kari/ROS2_Test/install/custom_interfaces/local/lib/python3.10/dist-packages/custom_interfaces/_custom_interfaces_s.ep.rosidl_typesupport_fastrtps_c.c
[4.791s] -- Installing: /home/yong/ws_kari/ROS2_Test/install/custom_interfaces/local/lib/python3.10/dist-packages/custom_interfaces/__init__.py
[4.791s] -- Installing: /home/yong/ws_kari/ROS2_Test/install/custom_interfaces/local/lib/python3.10/dist-packages/custom_interfaces/custom_interfaces_s__rosidl_typesupport_introspection_c.cpython-310-x86_64-linux-gnu.so
[4.791s] -- Up-to-date: /home/yong/ws_kari/ROS2_Test/install/custom_interfaces/local/lib/python3.10/dist-packages/custom_interfaces/msg
[4.791s] -- Installing: /home/yong/ws_kari/ROS2_Test/install/custom_interfaces/local/lib/python3.10/dist-packages/custom_interfaces/msg/_vehiclestate_s.c
[4.791s] -- Installing: /home/yong/ws_kari/ROS2_Test/install/custom_interfaces/local/lib/python3.10/dist-packages/custom_interfaces/msg/_status_s.c
[4.792s] -- Installing: /home/yong/ws_kari/ROS2_Test/install/custom_interfaces/local/lib/python3.10/dist-packages/custom_interfaces/msg/_tasklist.py
[4.792s] -- Installing: /home/yong/ws_kari/ROS2_Test/install/custom_interfaces/local/lib/python3.10/dist-packages/custom_interfaces/msg/__init__.py
[4.792s] -- Installing: /home/yong/ws_kari/ROS2_Test/install/custom_interfaces/local/lib/python3.10/dist-packages/custom_interfaces/msg/_task.py
[4.792s] -- Installing: /home/yong/ws_kari/ROS2_Test/install/custom_interfaces/local/lib/python3.10/dist-packages/custom_interfaces/msg/_tasklist_s.c
[4.792s] -- Installing: /home/yong/ws_kari/ROS2_Test/install/custom_interfaces/local/lib/python3.10/dist-packages/custom_interfaces/msg/_status.py
[4.792s] -- Installing: /home/yong/ws_kari/ROS2_Test/install/custom_interfaces/local/lib/python3.10/dist-packages/custom_interfaces/msg/_auctioninfo_s.c
[4.792s] -- Installing: /home/yong/ws_kari/ROS2_Test/install/custom_interfaces/local/lib/python3.10/dist-packages/custom_interfaces/msg/_vehiclestate.py
[4.793s] -- Installing: /home/yong/ws_kari/ROS2_Test/install/custom_interfaces/local/lib/python3.10/dist-packages/custom_interfaces/msg/_task_s.c
[4.793s] -- Installing: /home/yong/ws_kari/ROS2_Test/install/custom_interfaces/local/lib/python3.10/dist-packages/custom_interfaces/msg/_auctioninfo.py
[4.793s] -- Installing: /home/yong/ws_kari/ROS2_Test/install/custom_interfaces/local/lib/python3.10/dist-packages/custom_interfaces/_custom_interfaces_s.ep.rosidl_typesupport_c.c
[4.829s] Listing '/home/yong/ws_kari/ROS2_Test/install/custom_interfaces/local/lib/python3.10/dist-packages/custom_interfaces'...
[4.829s] Compiling '/home/yong/ws_kari/ROS2_Test/install/custom_interfaces/local/lib/python3.10/dist-packages/custom_interfaces/__init__.py'...
[4.829s] Listing '/home/yong/ws_kari/ROS2_Test/install/custom_interfaces/local/lib/python3.10/dist-packages/custom_interfaces/msg'...
[4.829s] Compiling '/home/yong/ws_kari/ROS2_Test/install/custom_interfaces/local/lib/python3.10/dist-packages/custom_interfaces/msg/__init__.py'...
[4.829s] Compiling '/home/yong/ws_kari/ROS2_Test/install/custom_interfaces/local/lib/python3.10/dist-packages/custom_interfaces/msg/_auctioninfo.py'...
[4.830s] Compiling '/home/yong/ws_kari/ROS2_Test/install/custom_interfaces/local/lib/python3.10/dist-packages/custom_interfaces/msg/_status.py'...
[4.830s] Compiling '/home/yong/ws_kari/ROS2_Test/install/custom_interfaces/local/lib/python3.10/dist-packages/custom_interfaces/msg/_task.py'...
[4.830s] Compiling '/home/yong/ws_kari/ROS2_Test/install/custom_interfaces/local/lib/python3.10/dist-packages/custom_interfaces/msg/_tasklist.py'...
[4.830s] Compiling '/home/yong/ws_kari/ROS2_Test/install/custom_interfaces/local/lib/python3.10/dist-packages/custom_interfaces/msg/_vehiclestate.py'...
[4.830s] Listing '/home/yong/ws_kari/ROS2_Test/install/custom_interfaces/local/lib/python3.10/dist-packages/custom_interfaces/srv'...
[4.830s] Compiling '/home/yong/ws_kari/ROS2_Test/install/custom_interfaces/local/lib/python3.10/dist-packages/custom_interfaces/srv/__init__.py'...
[4.830s] Compiling '/home/yong/ws_kari/ROS2_Test/install/custom_interfaces/local/lib/python3.10/dist-packages/custom_interfaces/srv/_check_name.py'...
[4.835s] -- Installing: /home/yong/ws_kari/ROS2_Test/install/custom_interfaces/local/lib/python3.10/dist-packages/custom_interfaces/custom_interfaces_s__rosidl_typesupport_fastrtps_c.cpython-310-x86_64-linux-gnu.so
[4.835s] -- Set runtime path of "/home/yong/ws_kari/ROS2_Test/install/custom_interfaces/local/lib/python3.10/dist-packages/custom_interfaces/custom_interfaces_s__rosidl_typesupport_fastrtps_c.cpython-310-x86_64-linux-gnu.so" to ""
[4.835s] -- Installing: /home/yong/ws_kari/ROS2_Test/install/custom_interfaces/local/lib/python3.10/dist-packages/custom_interfaces/custom_interfaces_s__rosidl_typesupport_introspection_c.cpython-310-x86_64-linux-gnu.so
[4.836s] -- Set runtime path of "/home/yong/ws_kari/ROS2_Test/install/custom_interfaces/local/lib/python3.10/dist-packages/custom_interfaces/custom_interfaces_s__rosidl_typesupport_introspection_c.cpython-310-x86_64-linux-gnu.so" to ""
[4.836s] -- Installing: /home/yong/ws_kari/ROS2_Test/install/custom_interfaces/local/lib/python3.10/dist-packages/custom_interfaces/custom_interfaces_s__rosidl_typesupport_c.cpython-310-x86_64-linux-gnu.so
[4.836s] -- Set runtime path of "/home/yong/ws_kari/ROS2_Test/install/custom_interfaces/local/lib/python3.10/dist-packages/custom_interfaces/custom_interfaces_s__rosidl_typesupport_c.cpython-310-x86_64-linux-gnu.so" to ""
[4.837s] -- Installing: /home/yong/ws_kari/ROS2_Test/install/custom_interfaces/lib/libcustom_interfaces__rosidl_generator_py.so
[4.837s] -- Set runtime path of "/home/yong/ws_kari/ROS2_Test/install/custom_interfaces/lib/libcustom_interfaces__rosidl_generator_py.so" to ""
[4.837s] -- Up-to-date: /home/yong/ws_kari/ROS2_Test/install/custom_interfaces/share/custom_interfaces/srv/CheckName.idl
[4.837s] -- Up-to-date: /home/yong/ws_kari/ROS2_Test/install/custom_interfaces/share/custom_interfaces/msg/Status.idl
[4.837s] -- Up-to-date: /home/yong/ws_kari/ROS2_Test/install/custom_interfaces/share/custom_interfaces/msg/Vehiclestate.idl
[4.838s] -- Up-to-date: /home/yong/ws_kari/ROS2_Test/install/custom_interfaces/share/custom_interfaces/msg/Auctioninfo.idl
[4.838s] -- Up-to-date: /home/yong/ws_kari/ROS2_Test/install/custom_interfaces/share/custom_interfaces/msg/Task.idl
[4.838s] -- Installing: /home/yong/ws_kari/ROS2_Test/install/custom_interfaces/share/custom_interfaces/msg/Tasklist.idl
[4.838s] -- Up-to-date: /home/yong/ws_kari/ROS2_Test/install/custom_interfaces/share/custom_interfaces/srv/CheckName.srv
[4.838s] -- Up-to-date: /home/yong/ws_kari/ROS2_Test/install/custom_interfaces/share/custom_interfaces/srv/CheckName_Request.msg
[4.838s] -- Up-to-date: /home/yong/ws_kari/ROS2_Test/install/custom_interfaces/share/custom_interfaces/srv/CheckName_Response.msg
[4.838s] -- Up-to-date: /home/yong/ws_kari/ROS2_Test/install/custom_interfaces/share/custom_interfaces/msg/Status.msg
[4.838s] -- Up-to-date: /home/yong/ws_kari/ROS2_Test/install/custom_interfaces/share/custom_interfaces/msg/Vehiclestate.msg
[4.838s] -- Up-to-date: /home/yong/ws_kari/ROS2_Test/install/custom_interfaces/share/custom_interfaces/msg/Auctioninfo.msg
[4.838s] -- Up-to-date: /home/yong/ws_kari/ROS2_Test/install/custom_interfaces/share/custom_interfaces/msg/Task.msg
[4.839s] -- Installing: /home/yong/ws_kari/ROS2_Test/install/custom_interfaces/share/custom_interfaces/msg/Tasklist.msg
[4.839s] -- Up-to-date: /home/yong/ws_kari/ROS2_Test/install/custom_interfaces/share/ament_index/resource_index/package_run_dependencies/custom_interfaces
[4.839s] -- Installing: /home/yong/ws_kari/ROS2_Test/install/custom_interfaces/share/ament_index/resource_index/parent_prefix_path/custom_interfaces
[4.839s] -- Up-to-date: /home/yong/ws_kari/ROS2_Test/install/custom_interfaces/share/custom_interfaces/environment/ament_prefix_path.sh
[4.839s] -- Installing: /home/yong/ws_kari/ROS2_Test/install/custom_interfaces/share/custom_interfaces/environment/ament_prefix_path.dsv
[4.839s] -- Up-to-date: /home/yong/ws_kari/ROS2_Test/install/custom_interfaces/share/custom_interfaces/environment/path.sh
[4.839s] -- Installing: /home/yong/ws_kari/ROS2_Test/install/custom_interfaces/share/custom_interfaces/environment/path.dsv
[4.839s] -- Up-to-date: /home/yong/ws_kari/ROS2_Test/install/custom_interfaces/share/custom_interfaces/local_setup.bash
[4.839s] -- Up-to-date: /home/yong/ws_kari/ROS2_Test/install/custom_interfaces/share/custom_interfaces/local_setup.sh
[4.840s] -- Up-to-date: /home/yong/ws_kari/ROS2_Test/install/custom_interfaces/share/custom_interfaces/local_setup.zsh
[4.840s] -- Installing: /home/yong/ws_kari/ROS2_Test/install/custom_interfaces/share/custom_interfaces/local_setup.dsv
[4.840s] -- Installing: /home/yong/ws_kari/ROS2_Test/install/custom_interfaces/share/custom_interfaces/package.dsv
[4.840s] -- Up-to-date: /home/yong/ws_kari/ROS2_Test/install/custom_interfaces/share/ament_index/resource_index/packages/custom_interfaces
[4.840s] -- Old export file "/home/yong/ws_kari/ROS2_Test/install/custom_interfaces/share/custom_interfaces/cmake/export_custom_interfaces__rosidl_generator_cExport.cmake" will be replaced.  Removing files [/home/yong/ws_kari/ROS2_Test/install/custom_interfaces/share/custom_interfaces/cmake/export_custom_interfaces__rosidl_generator_cExport-noconfig.cmake].
[4.840s] -- Installing: /home/yong/ws_kari/ROS2_Test/install/custom_interfaces/share/custom_interfaces/cmake/export_custom_interfaces__rosidl_generator_cExport.cmake
[4.840s] -- Installing: /home/yong/ws_kari/ROS2_Test/install/custom_interfaces/share/custom_interfaces/cmake/export_custom_interfaces__rosidl_generator_cExport-noconfig.cmake
[4.841s] -- Old export file "/home/yong/ws_kari/ROS2_Test/install/custom_interfaces/share/custom_interfaces/cmake/export_custom_interfaces__rosidl_typesupport_fastrtps_cExport.cmake" will be replaced.  Removing files [/home/yong/ws_kari/ROS2_Test/install/custom_interfaces/share/custom_interfaces/cmake/export_custom_interfaces__rosidl_typesupport_fastrtps_cExport-noconfig.cmake].
[4.841s] -- Installing: /home/yong/ws_kari/ROS2_Test/install/custom_interfaces/share/custom_interfaces/cmake/export_custom_interfaces__rosidl_typesupport_fastrtps_cExport.cmake
[4.841s] -- Installing: /home/yong/ws_kari/ROS2_Test/install/custom_interfaces/share/custom_interfaces/cmake/export_custom_interfaces__rosidl_typesupport_fastrtps_cExport-noconfig.cmake
[4.841s] -- Installing: /home/yong/ws_kari/ROS2_Test/install/custom_interfaces/share/custom_interfaces/cmake/export_custom_interfaces__rosidl_generator_cppExport.cmake
[4.842s] -- Old export file "/home/yong/ws_kari/ROS2_Test/install/custom_interfaces/share/custom_interfaces/cmake/export_custom_interfaces__rosidl_typesupport_fastrtps_cppExport.cmake" will be replaced.  Removing files [/home/yong/ws_kari/ROS2_Test/install/custom_interfaces/share/custom_interfaces/cmake/export_custom_interfaces__rosidl_typesupport_fastrtps_cppExport-noconfig.cmake].
[4.842s] -- Installing: /home/yong/ws_kari/ROS2_Test/install/custom_interfaces/share/custom_interfaces/cmake/export_custom_interfaces__rosidl_typesupport_fastrtps_cppExport.cmake
[4.842s] -- Installing: /home/yong/ws_kari/ROS2_Test/install/custom_interfaces/share/custom_interfaces/cmake/export_custom_interfaces__rosidl_typesupport_fastrtps_cppExport-noconfig.cmake
[4.842s] -- Old export file "/home/yong/ws_kari/ROS2_Test/install/custom_interfaces/share/custom_interfaces/cmake/custom_interfaces__rosidl_typesupport_introspection_cExport.cmake" will be replaced.  Removing files [/home/yong/ws_kari/ROS2_Test/install/custom_interfaces/share/custom_interfaces/cmake/custom_interfaces__rosidl_typesupport_introspection_cExport-noconfig.cmake].
[4.842s] -- Installing: /home/yong/ws_kari/ROS2_Test/install/custom_interfaces/share/custom_interfaces/cmake/custom_interfaces__rosidl_typesupport_introspection_cExport.cmake
[4.842s] -- Installing: /home/yong/ws_kari/ROS2_Test/install/custom_interfaces/share/custom_interfaces/cmake/custom_interfaces__rosidl_typesupport_introspection_cExport-noconfig.cmake
[4.843s] -- Old export file "/home/yong/ws_kari/ROS2_Test/install/custom_interfaces/share/custom_interfaces/cmake/custom_interfaces__rosidl_typesupport_cExport.cmake" will be replaced.  Removing files [/home/yong/ws_kari/ROS2_Test/install/custom_interfaces/share/custom_interfaces/cmake/custom_interfaces__rosidl_typesupport_cExport-noconfig.cmake].
[4.843s] -- Installing: /home/yong/ws_kari/ROS2_Test/install/custom_interfaces/share/custom_interfaces/cmake/custom_interfaces__rosidl_typesupport_cExport.cmake
[4.843s] -- Installing: /home/yong/ws_kari/ROS2_Test/install/custom_interfaces/share/custom_interfaces/cmake/custom_interfaces__rosidl_typesupport_cExport-noconfig.cmake
[4.843s] -- Old export file "/home/yong/ws_kari/ROS2_Test/install/custom_interfaces/share/custom_interfaces/cmake/custom_interfaces__rosidl_typesupport_introspection_cppExport.cmake" will be replaced.  Removing files [/home/yong/ws_kari/ROS2_Test/install/custom_interfaces/share/custom_interfaces/cmake/custom_interfaces__rosidl_typesupport_introspection_cppExport-noconfig.cmake].
[4.843s] -- Installing: /home/yong/ws_kari/ROS2_Test/install/custom_interfaces/share/custom_interfaces/cmake/custom_interfaces__rosidl_typesupport_introspection_cppExport.cmake
[4.844s] -- Installing: /home/yong/ws_kari/ROS2_Test/install/custom_interfaces/share/custom_interfaces/cmake/custom_interfaces__rosidl_typesupport_introspection_cppExport-noconfig.cmake
[4.844s] -- Old export file "/home/yong/ws_kari/ROS2_Test/install/custom_interfaces/share/custom_interfaces/cmake/custom_interfaces__rosidl_typesupport_cppExport.cmake" will be replaced.  Removing files [/home/yong/ws_kari/ROS2_Test/install/custom_interfaces/share/custom_interfaces/cmake/custom_interfaces__rosidl_typesupport_cppExport-noconfig.cmake].
[4.844s] -- Installing: /home/yong/ws_kari/ROS2_Test/install/custom_interfaces/share/custom_interfaces/cmake/custom_interfaces__rosidl_typesupport_cppExport.cmake
[4.844s] -- Installing: /home/yong/ws_kari/ROS2_Test/install/custom_interfaces/share/custom_interfaces/cmake/custom_interfaces__rosidl_typesupport_cppExport-noconfig.cmake
[4.844s] -- Old export file "/home/yong/ws_kari/ROS2_Test/install/custom_interfaces/share/custom_interfaces/cmake/export_custom_interfaces__rosidl_generator_pyExport.cmake" will be replaced.  Removing files [/home/yong/ws_kari/ROS2_Test/install/custom_interfaces/share/custom_interfaces/cmake/export_custom_interfaces__rosidl_generator_pyExport-noconfig.cmake].
[4.844s] -- Installing: /home/yong/ws_kari/ROS2_Test/install/custom_interfaces/share/custom_interfaces/cmake/export_custom_interfaces__rosidl_generator_pyExport.cmake
[4.845s] -- Installing: /home/yong/ws_kari/ROS2_Test/install/custom_interfaces/share/custom_interfaces/cmake/export_custom_interfaces__rosidl_generator_pyExport-noconfig.cmake
[4.845s] -- Up-to-date: /home/yong/ws_kari/ROS2_Test/install/custom_interfaces/share/custom_interfaces/cmake/rosidl_cmake-extras.cmake
[4.845s] -- Installing: /home/yong/ws_kari/ROS2_Test/install/custom_interfaces/share/custom_interfaces/cmake/ament_cmake_export_dependencies-extras.cmake
[4.845s] -- Up-to-date: /home/yong/ws_kari/ROS2_Test/install/custom_interfaces/share/custom_interfaces/cmake/ament_cmake_export_include_directories-extras.cmake
[4.845s] -- Up-to-date: /home/yong/ws_kari/ROS2_Test/install/custom_interfaces/share/custom_interfaces/cmake/ament_cmake_export_libraries-extras.cmake
[4.845s] -- Up-to-date: /home/yong/ws_kari/ROS2_Test/install/custom_interfaces/share/custom_interfaces/cmake/ament_cmake_export_targets-extras.cmake
[4.845s] -- Up-to-date: /home/yong/ws_kari/ROS2_Test/install/custom_interfaces/share/custom_interfaces/cmake/rosidl_cmake_export_typesupport_targets-extras.cmake
[4.845s] -- Up-to-date: /home/yong/ws_kari/ROS2_Test/install/custom_interfaces/share/custom_interfaces/cmake/rosidl_cmake_export_typesupport_libraries-extras.cmake
[4.846s] -- Up-to-date: /home/yong/ws_kari/ROS2_Test/install/custom_interfaces/share/custom_interfaces/cmake/custom_interfacesConfig.cmake
[4.846s] -- Up-to-date: /home/yong/ws_kari/ROS2_Test/install/custom_interfaces/share/custom_interfaces/cmake/custom_interfacesConfig-version.cmake
[4.846s] -- Up-to-date: /home/yong/ws_kari/ROS2_Test/install/custom_interfaces/share/custom_interfaces/package.xml
[4.848s] Invoked command in '/home/yong/ws_kari/ROS2_Test/build/custom_interfaces' returned '0': CMAKE_PREFIX_PATH=/home/yong/ws_kari/ROS2_Test/install/srv_test:/home/yong/ws_kari/ROS2_Test/install/multi_agent_comm:/opt/ros/humble:/home/yong/ws_kari/ROS2_Test/install/auction_node:/home/yong/ws_kari/ROS2_Test/install/custom_interfaces:/home/yong/ws_kari/ROS2_Test/install/acbba /usr/bin/cmake --install /home/yong/ws_kari/ROS2_Test/build/custom_interfaces
