[0.167s] Invoking command in '/home/yong/ws_kari/ROS2_Test/build/custom_interfaces': CMAKE_PREFIX_PATH=/home/yong/ws_kari/ROS2_Test/install/srv_test:/home/yong/ws_kari/ROS2_Test/install/multi_agent_comm:/opt/ros/humble:/home/yong/ws_kari/ROS2_Test/install/auction_node:/home/yong/ws_kari/ROS2_Test/install/custom_interfaces:/home/yong/ws_kari/ROS2_Test/install/acbba /usr/bin/cmake --build /home/yong/ws_kari/ROS2_Test/build/custom_interfaces -- -j16 -l16
[0.191s] -- Found ament_cmake: 1.3.7 (/opt/ros/humble/share/ament_cmake/cmake)
[0.350s] -- Found rclcpp: 16.0.8 (/opt/ros/humble/share/rclcpp/cmake)
[0.385s] -- Found rosidl_generator_c: 3.1.5 (/opt/ros/humble/share/rosidl_generator_c/cmake)
[0.387s] -- Found rosidl_adapter: 3.1.5 (/opt/ros/humble/share/rosidl_adapter/cmake)
[0.392s] -- Found rosidl_generator_cpp: 3.1.5 (/opt/ros/humble/share/rosidl_generator_cpp/cmake)
[0.403s] -- Using all available rosidl_typesupport_c: rosidl_typesupport_fastrtps_c;rosidl_typesupport_introspection_c
[0.418s] -- Using all available rosidl_typesupport_cpp: rosidl_typesupport_fastrtps_cpp;rosidl_typesupport_introspection_cpp
[0.470s] -- Found rmw_implementation_cmake: 6.1.1 (/opt/ros/humble/share/rmw_implementation_cmake/cmake)
[0.471s] -- Found rmw_fastrtps_cpp: 6.2.6 (/opt/ros/humble/share/rmw_fastrtps_cpp/cmake)
[0.595s] -- Using RMW implementation 'rmw_fastrtps_cpp' as default
[0.728s] -- Found rosidl_default_generators: 1.2.0 (/opt/ros/humble/share/rosidl_default_generators/cmake)
[0.734s] -- Found geometry_msgs: 4.2.3 (/opt/ros/humble/share/geometry_msgs/cmake)
[1.025s] -- Found ament_cmake_ros: 0.10.0 (/opt/ros/humble/share/ament_cmake_ros/cmake)
[1.379s] -- Using all available rosidl_typesupport_c: rosidl_typesupport_fastrtps_c;rosidl_typesupport_introspection_c
[1.518s] -- Using all available rosidl_typesupport_cpp: rosidl_typesupport_fastrtps_cpp;rosidl_typesupport_introspection_cpp
[1.538s] -- Found python_cmake_module: 0.10.0 (/opt/ros/humble/share/python_cmake_module/cmake)
[1.557s] -- Using PYTHON_EXECUTABLE: /usr/bin/python3
[1.557s] -- Using PYTHON_INCLUDE_DIRS: /usr/include/python3.10
[1.557s] -- Using PYTHON_LIBRARIES: /usr/lib/x86_64-linux-gnu/libpython3.10.so
[1.595s] -- Configuring done
[1.637s] -- Generating done
[1.640s] -- Build files have been written to: /home/yong/ws_kari/ROS2_Test/build/custom_interfaces
[1.667s] [  1%] [34m[1mGenerating C code for ROS interfaces[0m
[1.677s] [  2%] [34m[1mGenerating C++ code for ROS interfaces[0m
[1.687s] [  2%] Built target ament_cmake_python_copy_custom_interfaces
[1.855s] running egg_info
[1.869s] writing custom_interfaces.egg-info/PKG-INFO
[1.869s] writing dependency_links to custom_interfaces.egg-info/dependency_links.txt
[1.870s] writing top-level names to custom_interfaces.egg-info/top_level.txt
[1.909s] reading manifest file 'custom_interfaces.egg-info/SOURCES.txt'
[1.909s] writing manifest file 'custom_interfaces.egg-info/SOURCES.txt'
[1.939s] [  2%] Built target ament_cmake_python_build_custom_interfaces_egg
[2.090s] [  2%] Built target custom_interfaces__cpp
[2.103s] [  5%] [34m[1mGenerating C++ type support for eProsima Fast-RTPS[0m
[2.103s] [  5%] [34m[1mGenerating C++ type support dispatch for ROS interfaces[0m
[2.105s] [  7%] [34m[1mGenerating C++ introspection for ROS interfaces[0m
[2.107s] [35m[1mConsolidate compiler generated dependencies of target custom_interfaces__rosidl_generator_c[0m
[2.123s] [  8%] [32mBuilding C object CMakeFiles/custom_interfaces__rosidl_generator_c.dir/rosidl_generator_c/custom_interfaces/msg/detail/vehiclestate__functions.c.o[0m
[2.124s] [ 14%] [32mBuilding C object CMakeFiles/custom_interfaces__rosidl_generator_c.dir/rosidl_generator_c/custom_interfaces/srv/detail/check_name__functions.c.o[0m
[2.124s] [ 14%] [32mBuilding C object CMakeFiles/custom_interfaces__rosidl_generator_c.dir/rosidl_generator_c/custom_interfaces/msg/detail/tasklist__functions.c.o[0m
[2.124s] [ 14%] [32mBuilding C object CMakeFiles/custom_interfaces__rosidl_generator_c.dir/rosidl_generator_c/custom_interfaces/msg/detail/auctioninfo__functions.c.o[0m
[2.124s] [ 14%] [32mBuilding C object CMakeFiles/custom_interfaces__rosidl_generator_c.dir/rosidl_generator_c/custom_interfaces/msg/detail/status__functions.c.o[0m
[2.126s] [ 15%] [32mBuilding C object CMakeFiles/custom_interfaces__rosidl_generator_c.dir/rosidl_generator_c/custom_interfaces/msg/detail/task__functions.c.o[0m
[2.182s] [ 16%] [32m[1mLinking C shared library libcustom_interfaces__rosidl_generator_c.so[0m
[2.220s] [ 16%] Built target custom_interfaces__rosidl_generator_c
[2.231s] [ 19%] [34m[1mGenerating C introspection for ROS interfaces[0m
[2.231s] [ 19%] [34m[1mGenerating C type support for eProsima Fast-RTPS[0m
[2.231s] [ 21%] [34m[1mGenerating C type support dispatch for ROS interfaces[0m
[2.402s] [35m[1mConsolidate compiler generated dependencies of target custom_interfaces__rosidl_typesupport_cpp[0m
[2.423s] [ 25%] [32mBuilding CXX object CMakeFiles/custom_interfaces__rosidl_typesupport_cpp.dir/rosidl_typesupport_cpp/custom_interfaces/msg/auctioninfo__type_support.cpp.o[0m
[2.423s] [ 25%] [32mBuilding CXX object CMakeFiles/custom_interfaces__rosidl_typesupport_cpp.dir/rosidl_typesupport_cpp/custom_interfaces/msg/task__type_support.cpp.o[0m
[2.423s] [ 26%] [32mBuilding CXX object CMakeFiles/custom_interfaces__rosidl_typesupport_cpp.dir/rosidl_typesupport_cpp/custom_interfaces/srv/check_name__type_support.cpp.o[0m
[2.423s] [ 26%] [32mBuilding CXX object CMakeFiles/custom_interfaces__rosidl_typesupport_cpp.dir/rosidl_typesupport_cpp/custom_interfaces/msg/status__type_support.cpp.o[0m
[2.423s] [ 28%] [32mBuilding CXX object CMakeFiles/custom_interfaces__rosidl_typesupport_cpp.dir/rosidl_typesupport_cpp/custom_interfaces/msg/vehiclestate__type_support.cpp.o[0m
[2.427s] [ 29%] [32mBuilding CXX object CMakeFiles/custom_interfaces__rosidl_typesupport_cpp.dir/rosidl_typesupport_cpp/custom_interfaces/msg/tasklist__type_support.cpp.o[0m
[2.473s] [35m[1mConsolidate compiler generated dependencies of target custom_interfaces__rosidl_typesupport_introspection_cpp[0m
[2.501s] [ 32%] [32mBuilding CXX object CMakeFiles/custom_interfaces__rosidl_typesupport_introspection_cpp.dir/rosidl_typesupport_introspection_cpp/custom_interfaces/msg/detail/status__type_support.cpp.o[0m
[2.501s] [ 32%] [32mBuilding CXX object CMakeFiles/custom_interfaces__rosidl_typesupport_introspection_cpp.dir/rosidl_typesupport_introspection_cpp/custom_interfaces/srv/detail/check_name__type_support.cpp.o[0m
[2.501s] [ 33%] [32mBuilding CXX object CMakeFiles/custom_interfaces__rosidl_typesupport_introspection_cpp.dir/rosidl_typesupport_introspection_cpp/custom_interfaces/msg/detail/vehiclestate__type_support.cpp.o[0m
[2.502s] [ 35%] [32mBuilding CXX object CMakeFiles/custom_interfaces__rosidl_typesupport_introspection_cpp.dir/rosidl_typesupport_introspection_cpp/custom_interfaces/msg/detail/auctioninfo__type_support.cpp.o[0m
[2.503s] [ 36%] [32mBuilding CXX object CMakeFiles/custom_interfaces__rosidl_typesupport_introspection_cpp.dir/rosidl_typesupport_introspection_cpp/custom_interfaces/msg/detail/task__type_support.cpp.o[0m
[2.512s] [ 38%] [32mBuilding CXX object CMakeFiles/custom_interfaces__rosidl_typesupport_introspection_cpp.dir/rosidl_typesupport_introspection_cpp/custom_interfaces/msg/detail/tasklist__type_support.cpp.o[0m
[2.646s] [35m[1mConsolidate compiler generated dependencies of target custom_interfaces__rosidl_typesupport_c[0m
[2.704s] [ 39%] [32mBuilding CXX object CMakeFiles/custom_interfaces__rosidl_typesupport_c.dir/rosidl_typesupport_c/custom_interfaces/srv/check_name__type_support.cpp.o[0m
[2.726s] [35m[1mConsolidate compiler generated dependencies of target custom_interfaces__rosidl_typesupport_fastrtps_cpp[0m
[2.776s] [ 40%] [32mBuilding CXX object CMakeFiles/custom_interfaces__rosidl_typesupport_c.dir/rosidl_typesupport_c/custom_interfaces/msg/status__type_support.cpp.o[0m
[2.786s] [ 42%] [32mBuilding CXX object CMakeFiles/custom_interfaces__rosidl_typesupport_fastrtps_cpp.dir/rosidl_typesupport_fastrtps_cpp/custom_interfaces/srv/detail/dds_fastrtps/check_name__type_support.cpp.o[0m
[2.799s] [ 43%] [32mBuilding CXX object CMakeFiles/custom_interfaces__rosidl_typesupport_fastrtps_cpp.dir/rosidl_typesupport_fastrtps_cpp/custom_interfaces/msg/detail/dds_fastrtps/status__type_support.cpp.o[0m
[2.803s] [ 45%] [32mBuilding CXX object CMakeFiles/custom_interfaces__rosidl_typesupport_fastrtps_cpp.dir/rosidl_typesupport_fastrtps_cpp/custom_interfaces/msg/detail/dds_fastrtps/vehiclestate__type_support.cpp.o[0m
[2.829s] [ 47%] [32mBuilding CXX object CMakeFiles/custom_interfaces__rosidl_typesupport_c.dir/rosidl_typesupport_c/custom_interfaces/msg/vehiclestate__type_support.cpp.o[0m
[2.829s] [ 47%] [32mBuilding CXX object CMakeFiles/custom_interfaces__rosidl_typesupport_fastrtps_cpp.dir/rosidl_typesupport_fastrtps_cpp/custom_interfaces/msg/detail/dds_fastrtps/task__type_support.cpp.o[0m
[2.830s] [ 49%] [32mBuilding CXX object CMakeFiles/custom_interfaces__rosidl_typesupport_fastrtps_cpp.dir/rosidl_typesupport_fastrtps_cpp/custom_interfaces/msg/detail/dds_fastrtps/auctioninfo__type_support.cpp.o[0m
[2.844s] [ 50%] [32m[1mLinking CXX shared library libcustom_interfaces__rosidl_typesupport_cpp.so[0m
[2.865s] [35m[1mConsolidate compiler generated dependencies of target custom_interfaces__rosidl_typesupport_introspection_c[0m
[2.869s] [ 52%] [32mBuilding CXX object CMakeFiles/custom_interfaces__rosidl_typesupport_fastrtps_cpp.dir/rosidl_typesupport_fastrtps_cpp/custom_interfaces/msg/detail/dds_fastrtps/tasklist__type_support.cpp.o[0m
[2.879s] [ 53%] [32mBuilding CXX object CMakeFiles/custom_interfaces__rosidl_typesupport_c.dir/rosidl_typesupport_c/custom_interfaces/msg/auctioninfo__type_support.cpp.o[0m
[2.887s] [35m[1mConsolidate compiler generated dependencies of target custom_interfaces__rosidl_typesupport_fastrtps_c[0m
[2.905s] [ 54%] [32mBuilding C object CMakeFiles/custom_interfaces__rosidl_typesupport_introspection_c.dir/rosidl_typesupport_introspection_c/custom_interfaces/srv/detail/check_name__type_support.c.o[0m
[2.911s] [ 54%] Built target custom_interfaces__rosidl_typesupport_cpp
[2.931s] [ 56%] [32mBuilding CXX object CMakeFiles/custom_interfaces__rosidl_typesupport_fastrtps_c.dir/rosidl_typesupport_fastrtps_c/custom_interfaces/srv/detail/check_name__type_support_c.cpp.o[0m
[2.943s] [ 57%] [32mBuilding CXX object CMakeFiles/custom_interfaces__rosidl_typesupport_c.dir/rosidl_typesupport_c/custom_interfaces/msg/task__type_support.cpp.o[0m
[2.987s] [ 59%] [32mBuilding CXX object CMakeFiles/custom_interfaces__rosidl_typesupport_fastrtps_c.dir/rosidl_typesupport_fastrtps_c/custom_interfaces/msg/detail/status__type_support_c.cpp.o[0m
[3.002s] [ 60%] [32mBuilding CXX object CMakeFiles/custom_interfaces__rosidl_typesupport_c.dir/rosidl_typesupport_c/custom_interfaces/msg/tasklist__type_support.cpp.o[0m
[3.003s] [ 61%] [32mBuilding C object CMakeFiles/custom_interfaces__rosidl_typesupport_introspection_c.dir/rosidl_typesupport_introspection_c/custom_interfaces/msg/detail/status__type_support.c.o[0m
[3.054s] [ 63%] [32mBuilding CXX object CMakeFiles/custom_interfaces__rosidl_typesupport_fastrtps_c.dir/rosidl_typesupport_fastrtps_c/custom_interfaces/msg/detail/auctioninfo__type_support_c.cpp.o[0m
[3.056s] [ 64%] [32mBuilding CXX object CMakeFiles/custom_interfaces__rosidl_typesupport_fastrtps_c.dir/rosidl_typesupport_fastrtps_c/custom_interfaces/msg/detail/vehiclestate__type_support_c.cpp.o[0m
[3.067s] [ 66%] [32m[1mLinking CXX shared library libcustom_interfaces__rosidl_typesupport_c.so[0m
[3.076s] [ 67%] [32mBuilding C object CMakeFiles/custom_interfaces__rosidl_typesupport_introspection_c.dir/rosidl_typesupport_introspection_c/custom_interfaces/msg/detail/vehiclestate__type_support.c.o[0m
[3.090s] [ 69%] [32mBuilding C object CMakeFiles/custom_interfaces__rosidl_typesupport_introspection_c.dir/rosidl_typesupport_introspection_c/custom_interfaces/msg/detail/auctioninfo__type_support.c.o[0m
[3.098s] [ 70%] [32mBuilding CXX object CMakeFiles/custom_interfaces__rosidl_typesupport_fastrtps_c.dir/rosidl_typesupport_fastrtps_c/custom_interfaces/msg/detail/task__type_support_c.cpp.o[0m
[3.164s] [ 71%] [32mBuilding C object CMakeFiles/custom_interfaces__rosidl_typesupport_introspection_c.dir/rosidl_typesupport_introspection_c/custom_interfaces/msg/detail/task__type_support.c.o[0m
[3.165s] [ 71%] Built target custom_interfaces__rosidl_typesupport_c
[3.167s] [ 73%] [32mBuilding CXX object CMakeFiles/custom_interfaces__rosidl_typesupport_fastrtps_c.dir/rosidl_typesupport_fastrtps_c/custom_interfaces/msg/detail/tasklist__type_support_c.cpp.o[0m
[3.180s] [ 74%] [32mBuilding C object CMakeFiles/custom_interfaces__rosidl_typesupport_introspection_c.dir/rosidl_typesupport_introspection_c/custom_interfaces/msg/detail/tasklist__type_support.c.o[0m
[3.252s] [ 76%] [32m[1mLinking C shared library libcustom_interfaces__rosidl_typesupport_introspection_c.so[0m
[3.271s] [ 77%] [32m[1mLinking CXX shared library libcustom_interfaces__rosidl_typesupport_introspection_cpp.so[0m
[3.317s] [ 77%] Built target custom_interfaces__rosidl_typesupport_introspection_c
[3.446s] [ 77%] Built target custom_interfaces__rosidl_typesupport_introspection_cpp
[3.509s] [ 78%] [32m[1mLinking CXX shared library libcustom_interfaces__rosidl_typesupport_fastrtps_cpp.so[0m
[3.558s] [ 80%] [32m[1mLinking CXX shared library libcustom_interfaces__rosidl_typesupport_fastrtps_c.so[0m
[3.604s] [ 80%] Built target custom_interfaces__rosidl_typesupport_fastrtps_cpp
[3.651s] [ 80%] Built target custom_interfaces__rosidl_typesupport_fastrtps_c
[3.671s] [ 80%] Built target custom_interfaces
[3.691s] [ 81%] [34m[1mGenerating Python code for ROS interfaces[0m
[4.305s] [ 81%] Built target custom_interfaces__py
[4.316s] [35m[1mConsolidate compiler generated dependencies of target custom_interfaces__rosidl_generator_py[0m
[4.336s] [ 85%] [32mBuilding C object CMakeFiles/custom_interfaces__rosidl_generator_py.dir/rosidl_generator_py/custom_interfaces/msg/_tasklist_s.c.o[0m
[4.336s] [ 85%] [32mBuilding C object CMakeFiles/custom_interfaces__rosidl_generator_py.dir/rosidl_generator_py/custom_interfaces/msg/_auctioninfo_s.c.o[0m
[4.336s] [ 88%] [32mBuilding C object CMakeFiles/custom_interfaces__rosidl_generator_py.dir/rosidl_generator_py/custom_interfaces/srv/_check_name_s.c.o[0m
[4.336s] [ 88%] [32mBuilding C object CMakeFiles/custom_interfaces__rosidl_generator_py.dir/rosidl_generator_py/custom_interfaces/msg/_status_s.c.o[0m
[4.336s] [ 88%] [32mBuilding C object CMakeFiles/custom_interfaces__rosidl_generator_py.dir/rosidl_generator_py/custom_interfaces/msg/_task_s.c.o[0m
[4.336s] [ 90%] [32mBuilding C object CMakeFiles/custom_interfaces__rosidl_generator_py.dir/rosidl_generator_py/custom_interfaces/msg/_vehiclestate_s.c.o[0m
[4.441s] [ 91%] [32m[1mLinking C shared library rosidl_generator_py/custom_interfaces/libcustom_interfaces__rosidl_generator_py.so[0m
[4.483s] [ 91%] Built target custom_interfaces__rosidl_generator_py
[4.493s] [35m[1mConsolidate compiler generated dependencies of target custom_interfaces__rosidl_typesupport_fastrtps_c__pyext[0m
[4.493s] [35m[1mConsolidate compiler generated dependencies of target custom_interfaces__rosidl_typesupport_introspection_c__pyext[0m
[4.493s] [35m[1mConsolidate compiler generated dependencies of target custom_interfaces__rosidl_typesupport_c__pyext[0m
[4.508s] [ 95%] [32mBuilding C object CMakeFiles/custom_interfaces__rosidl_typesupport_c__pyext.dir/rosidl_generator_py/custom_interfaces/_custom_interfaces_s.ep.rosidl_typesupport_c.c.o[0m
[4.508s] [ 95%] [32mBuilding C object CMakeFiles/custom_interfaces__rosidl_typesupport_introspection_c__pyext.dir/rosidl_generator_py/custom_interfaces/_custom_interfaces_s.ep.rosidl_typesupport_introspection_c.c.o[0m
[4.508s] [ 95%] [32mBuilding C object CMakeFiles/custom_interfaces__rosidl_typesupport_fastrtps_c__pyext.dir/rosidl_generator_py/custom_interfaces/_custom_interfaces_s.ep.rosidl_typesupport_fastrtps_c.c.o[0m
[4.616s] [ 98%] [32m[1mLinking C shared library rosidl_generator_py/custom_interfaces/custom_interfaces_s__rosidl_typesupport_c.cpython-310-x86_64-linux-gnu.so[0m
[4.616s] [ 98%] [32m[1mLinking C shared library rosidl_generator_py/custom_interfaces/custom_interfaces_s__rosidl_typesupport_introspection_c.cpython-310-x86_64-linux-gnu.so[0m
[4.620s] [100%] [32m[1mLinking C shared library rosidl_generator_py/custom_interfaces/custom_interfaces_s__rosidl_typesupport_fastrtps_c.cpython-310-x86_64-linux-gnu.so[0m
[4.657s] [100%] Built target custom_interfaces__rosidl_typesupport_introspection_c__pyext
[4.657s] [100%] Built target custom_interfaces__rosidl_typesupport_c__pyext
[4.660s] [100%] Built target custom_interfaces__rosidl_typesupport_fastrtps_c__pyext
[4.674s] Invoked command in '/home/yong/ws_kari/ROS2_Test/build/custom_interfaces' returned '0': CMAKE_PREFIX_PATH=/home/yong/ws_kari/ROS2_Test/install/srv_test:/home/yong/ws_kari/ROS2_Test/install/multi_agent_comm:/opt/ros/humble:/home/yong/ws_kari/ROS2_Test/install/auction_node:/home/yong/ws_kari/ROS2_Test/install/custom_interfaces:/home/yong/ws_kari/ROS2_Test/install/acbba /usr/bin/cmake --build /home/yong/ws_kari/ROS2_Test/build/custom_interfaces -- -j16 -l16
[4.830s] Invoking command in '/home/yong/ws_kari/ROS2_Test/build/custom_interfaces': CMAKE_PREFIX_PATH=/home/yong/ws_kari/ROS2_Test/install/srv_test:/home/yong/ws_kari/ROS2_Test/install/multi_agent_comm:/opt/ros/humble:/home/yong/ws_kari/ROS2_Test/install/auction_node:/home/yong/ws_kari/ROS2_Test/install/custom_interfaces:/home/yong/ws_kari/ROS2_Test/install/acbba /usr/bin/cmake --install /home/yong/ws_kari/ROS2_Test/build/custom_interfaces
[4.838s] -- Install configuration: ""
[4.838s] -- Up-to-date: /home/yong/ws_kari/ROS2_Test/install/custom_interfaces/share/ament_index/resource_index/rosidl_interfaces/custom_interfaces
[4.838s] -- Up-to-date: /home/yong/ws_kari/ROS2_Test/install/custom_interfaces/include/custom_interfaces/custom_interfaces
[4.838s] -- Up-to-date: /home/yong/ws_kari/ROS2_Test/install/custom_interfaces/include/custom_interfaces/custom_interfaces/srv
[4.838s] -- Installing: /home/yong/ws_kari/ROS2_Test/install/custom_interfaces/include/custom_interfaces/custom_interfaces/srv/check_name.h
[4.838s] -- Up-to-date: /home/yong/ws_kari/ROS2_Test/install/custom_interfaces/include/custom_interfaces/custom_interfaces/srv/detail
[4.838s] -- Installing: /home/yong/ws_kari/ROS2_Test/install/custom_interfaces/include/custom_interfaces/custom_interfaces/srv/detail/check_name__functions.c
[4.839s] -- Installing: /home/yong/ws_kari/ROS2_Test/install/custom_interfaces/include/custom_interfaces/custom_interfaces/srv/detail/check_name__functions.h
[4.839s] -- Installing: /home/yong/ws_kari/ROS2_Test/install/custom_interfaces/include/custom_interfaces/custom_interfaces/srv/detail/check_name__type_support.h
[4.839s] -- Installing: /home/yong/ws_kari/ROS2_Test/install/custom_interfaces/include/custom_interfaces/custom_interfaces/srv/detail/check_name__struct.h
[4.839s] -- Up-to-date: /home/yong/ws_kari/ROS2_Test/install/custom_interfaces/include/custom_interfaces/custom_interfaces/msg
[4.839s] -- Installing: /home/yong/ws_kari/ROS2_Test/install/custom_interfaces/include/custom_interfaces/custom_interfaces/msg/task.h
[4.839s] -- Installing: /home/yong/ws_kari/ROS2_Test/install/custom_interfaces/include/custom_interfaces/custom_interfaces/msg/tasklist.h
[4.839s] -- Up-to-date: /home/yong/ws_kari/ROS2_Test/install/custom_interfaces/include/custom_interfaces/custom_interfaces/msg/detail
[4.839s] -- Installing: /home/yong/ws_kari/ROS2_Test/install/custom_interfaces/include/custom_interfaces/custom_interfaces/msg/detail/status__functions.c
[4.840s] -- Installing: /home/yong/ws_kari/ROS2_Test/install/custom_interfaces/include/custom_interfaces/custom_interfaces/msg/detail/vehiclestate__struct.h
[4.840s] -- Installing: /home/yong/ws_kari/ROS2_Test/install/custom_interfaces/include/custom_interfaces/custom_interfaces/msg/detail/auctioninfo__struct.h
[4.840s] -- Installing: /home/yong/ws_kari/ROS2_Test/install/custom_interfaces/include/custom_interfaces/custom_interfaces/msg/detail/task__functions.c
[4.840s] -- Installing: /home/yong/ws_kari/ROS2_Test/install/custom_interfaces/include/custom_interfaces/custom_interfaces/msg/detail/tasklist__functions.c
[4.840s] -- Installing: /home/yong/ws_kari/ROS2_Test/install/custom_interfaces/include/custom_interfaces/custom_interfaces/msg/detail/task__type_support.h
[4.840s] -- Installing: /home/yong/ws_kari/ROS2_Test/install/custom_interfaces/include/custom_interfaces/custom_interfaces/msg/detail/auctioninfo__type_support.h
[4.840s] -- Installing: /home/yong/ws_kari/ROS2_Test/install/custom_interfaces/include/custom_interfaces/custom_interfaces/msg/detail/vehiclestate__functions.c
[4.840s] -- Installing: /home/yong/ws_kari/ROS2_Test/install/custom_interfaces/include/custom_interfaces/custom_interfaces/msg/detail/task__functions.h
[4.841s] -- Installing: /home/yong/ws_kari/ROS2_Test/install/custom_interfaces/include/custom_interfaces/custom_interfaces/msg/detail/tasklist__type_support.h
[4.841s] -- Installing: /home/yong/ws_kari/ROS2_Test/install/custom_interfaces/include/custom_interfaces/custom_interfaces/msg/detail/status__struct.h
[4.841s] -- Installing: /home/yong/ws_kari/ROS2_Test/install/custom_interfaces/include/custom_interfaces/custom_interfaces/msg/detail/task__struct.h
[4.841s] -- Installing: /home/yong/ws_kari/ROS2_Test/install/custom_interfaces/include/custom_interfaces/custom_interfaces/msg/detail/tasklist__struct.h
[4.841s] -- Installing: /home/yong/ws_kari/ROS2_Test/install/custom_interfaces/include/custom_interfaces/custom_interfaces/msg/detail/tasklist__functions.h
[4.841s] -- Installing: /home/yong/ws_kari/ROS2_Test/install/custom_interfaces/include/custom_interfaces/custom_interfaces/msg/detail/vehiclestate__type_support.h
[4.842s] -- Installing: /home/yong/ws_kari/ROS2_Test/install/custom_interfaces/include/custom_interfaces/custom_interfaces/msg/detail/status__type_support.h
[4.842s] -- Installing: /home/yong/ws_kari/ROS2_Test/install/custom_interfaces/include/custom_interfaces/custom_interfaces/msg/detail/auctioninfo__functions.h
[4.842s] -- Installing: /home/yong/ws_kari/ROS2_Test/install/custom_interfaces/include/custom_interfaces/custom_interfaces/msg/detail/vehiclestate__functions.h
[4.842s] -- Installing: /home/yong/ws_kari/ROS2_Test/install/custom_interfaces/include/custom_interfaces/custom_interfaces/msg/detail/auctioninfo__functions.c
[4.842s] -- Installing: /home/yong/ws_kari/ROS2_Test/install/custom_interfaces/include/custom_interfaces/custom_interfaces/msg/detail/status__functions.h
[4.842s] -- Installing: /home/yong/ws_kari/ROS2_Test/install/custom_interfaces/include/custom_interfaces/custom_interfaces/msg/auctioninfo.h
[4.842s] -- Up-to-date: /home/yong/ws_kari/ROS2_Test/install/custom_interfaces/include/custom_interfaces/custom_interfaces/msg/rosidl_generator_c__visibility_control.h
[4.843s] -- Installing: /home/yong/ws_kari/ROS2_Test/install/custom_interfaces/include/custom_interfaces/custom_interfaces/msg/status.h
[4.843s] -- Installing: /home/yong/ws_kari/ROS2_Test/install/custom_interfaces/include/custom_interfaces/custom_interfaces/msg/vehiclestate.h
[4.843s] -- Up-to-date: /home/yong/ws_kari/ROS2_Test/install/custom_interfaces/share/custom_interfaces/environment/library_path.sh
[4.843s] -- Installing: /home/yong/ws_kari/ROS2_Test/install/custom_interfaces/share/custom_interfaces/environment/library_path.dsv
[4.843s] -- Installing: /home/yong/ws_kari/ROS2_Test/install/custom_interfaces/lib/libcustom_interfaces__rosidl_generator_c.so
[4.844s] -- Set runtime path of "/home/yong/ws_kari/ROS2_Test/install/custom_interfaces/lib/libcustom_interfaces__rosidl_generator_c.so" to ""
[4.844s] -- Up-to-date: /home/yong/ws_kari/ROS2_Test/install/custom_interfaces/include/custom_interfaces/custom_interfaces
[4.844s] -- Up-to-date: /home/yong/ws_kari/ROS2_Test/install/custom_interfaces/include/custom_interfaces/custom_interfaces/srv
[4.844s] -- Up-to-date: /home/yong/ws_kari/ROS2_Test/install/custom_interfaces/include/custom_interfaces/custom_interfaces/srv/detail
[4.844s] -- Installing: /home/yong/ws_kari/ROS2_Test/install/custom_interfaces/include/custom_interfaces/custom_interfaces/srv/detail/check_name__rosidl_typesupport_fastrtps_c.h
[4.844s] -- Up-to-date: /home/yong/ws_kari/ROS2_Test/install/custom_interfaces/include/custom_interfaces/custom_interfaces/msg
[4.844s] -- Up-to-date: /home/yong/ws_kari/ROS2_Test/install/custom_interfaces/include/custom_interfaces/custom_interfaces/msg/detail
[4.844s] -- Installing: /home/yong/ws_kari/ROS2_Test/install/custom_interfaces/include/custom_interfaces/custom_interfaces/msg/detail/vehiclestate__rosidl_typesupport_fastrtps_c.h
[4.844s] -- Installing: /home/yong/ws_kari/ROS2_Test/install/custom_interfaces/include/custom_interfaces/custom_interfaces/msg/detail/auctioninfo__rosidl_typesupport_fastrtps_c.h
[4.844s] -- Installing: /home/yong/ws_kari/ROS2_Test/install/custom_interfaces/include/custom_interfaces/custom_interfaces/msg/detail/tasklist__rosidl_typesupport_fastrtps_c.h
[4.844s] -- Installing: /home/yong/ws_kari/ROS2_Test/install/custom_interfaces/include/custom_interfaces/custom_interfaces/msg/detail/task__rosidl_typesupport_fastrtps_c.h
[4.845s] -- Installing: /home/yong/ws_kari/ROS2_Test/install/custom_interfaces/include/custom_interfaces/custom_interfaces/msg/detail/status__rosidl_typesupport_fastrtps_c.h
[4.845s] -- Up-to-date: /home/yong/ws_kari/ROS2_Test/install/custom_interfaces/include/custom_interfaces/custom_interfaces/msg/rosidl_typesupport_fastrtps_c__visibility_control.h
[4.845s] -- Installing: /home/yong/ws_kari/ROS2_Test/install/custom_interfaces/lib/libcustom_interfaces__rosidl_typesupport_fastrtps_c.so
[4.845s] -- Set runtime path of "/home/yong/ws_kari/ROS2_Test/install/custom_interfaces/lib/libcustom_interfaces__rosidl_typesupport_fastrtps_c.so" to ""
[4.845s] -- Up-to-date: /home/yong/ws_kari/ROS2_Test/install/custom_interfaces/include/custom_interfaces/custom_interfaces
[4.845s] -- Up-to-date: /home/yong/ws_kari/ROS2_Test/install/custom_interfaces/include/custom_interfaces/custom_interfaces/srv
[4.845s] -- Installing: /home/yong/ws_kari/ROS2_Test/install/custom_interfaces/include/custom_interfaces/custom_interfaces/srv/check_name.hpp
[4.846s] -- Up-to-date: /home/yong/ws_kari/ROS2_Test/install/custom_interfaces/include/custom_interfaces/custom_interfaces/srv/detail
[4.846s] -- Installing: /home/yong/ws_kari/ROS2_Test/install/custom_interfaces/include/custom_interfaces/custom_interfaces/srv/detail/check_name__builder.hpp
[4.846s] -- Installing: /home/yong/ws_kari/ROS2_Test/install/custom_interfaces/include/custom_interfaces/custom_interfaces/srv/detail/check_name__traits.hpp
[4.846s] -- Installing: /home/yong/ws_kari/ROS2_Test/install/custom_interfaces/include/custom_interfaces/custom_interfaces/srv/detail/check_name__struct.hpp
[4.846s] -- Up-to-date: /home/yong/ws_kari/ROS2_Test/install/custom_interfaces/include/custom_interfaces/custom_interfaces/msg
[4.846s] -- Installing: /home/yong/ws_kari/ROS2_Test/install/custom_interfaces/include/custom_interfaces/custom_interfaces/msg/status.hpp
[4.846s] -- Installing: /home/yong/ws_kari/ROS2_Test/install/custom_interfaces/include/custom_interfaces/custom_interfaces/msg/tasklist.hpp
[4.846s] -- Up-to-date: /home/yong/ws_kari/ROS2_Test/install/custom_interfaces/include/custom_interfaces/custom_interfaces/msg/detail
[4.846s] -- Installing: /home/yong/ws_kari/ROS2_Test/install/custom_interfaces/include/custom_interfaces/custom_interfaces/msg/detail/vehiclestate__traits.hpp
[4.846s] -- Installing: /home/yong/ws_kari/ROS2_Test/install/custom_interfaces/include/custom_interfaces/custom_interfaces/msg/detail/task__builder.hpp
[4.847s] -- Installing: /home/yong/ws_kari/ROS2_Test/install/custom_interfaces/include/custom_interfaces/custom_interfaces/msg/detail/status__struct.hpp
[4.847s] -- Installing: /home/yong/ws_kari/ROS2_Test/install/custom_interfaces/include/custom_interfaces/custom_interfaces/msg/detail/auctioninfo__builder.hpp
[4.847s] -- Installing: /home/yong/ws_kari/ROS2_Test/install/custom_interfaces/include/custom_interfaces/custom_interfaces/msg/detail/tasklist__builder.hpp
[4.847s] -- Installing: /home/yong/ws_kari/ROS2_Test/install/custom_interfaces/include/custom_interfaces/custom_interfaces/msg/detail/vehiclestate__builder.hpp
[4.847s] -- Installing: /home/yong/ws_kari/ROS2_Test/install/custom_interfaces/include/custom_interfaces/custom_interfaces/msg/detail/status__traits.hpp
[4.847s] -- Installing: /home/yong/ws_kari/ROS2_Test/install/custom_interfaces/include/custom_interfaces/custom_interfaces/msg/detail/tasklist__struct.hpp
[4.847s] -- Installing: /home/yong/ws_kari/ROS2_Test/install/custom_interfaces/include/custom_interfaces/custom_interfaces/msg/detail/task__struct.hpp
[4.848s] -- Installing: /home/yong/ws_kari/ROS2_Test/install/custom_interfaces/include/custom_interfaces/custom_interfaces/msg/detail/auctioninfo__traits.hpp
[4.848s] -- Installing: /home/yong/ws_kari/ROS2_Test/install/custom_interfaces/include/custom_interfaces/custom_interfaces/msg/detail/status__builder.hpp
[4.848s] -- Installing: /home/yong/ws_kari/ROS2_Test/install/custom_interfaces/include/custom_interfaces/custom_interfaces/msg/detail/vehiclestate__struct.hpp
[4.848s] -- Installing: /home/yong/ws_kari/ROS2_Test/install/custom_interfaces/include/custom_interfaces/custom_interfaces/msg/detail/task__traits.hpp
[4.848s] -- Installing: /home/yong/ws_kari/ROS2_Test/install/custom_interfaces/include/custom_interfaces/custom_interfaces/msg/detail/tasklist__traits.hpp
[4.848s] -- Installing: /home/yong/ws_kari/ROS2_Test/install/custom_interfaces/include/custom_interfaces/custom_interfaces/msg/detail/auctioninfo__struct.hpp
[4.848s] -- Installing: /home/yong/ws_kari/ROS2_Test/install/custom_interfaces/include/custom_interfaces/custom_interfaces/msg/task.hpp
[4.849s] -- Installing: /home/yong/ws_kari/ROS2_Test/install/custom_interfaces/include/custom_interfaces/custom_interfaces/msg/vehiclestate.hpp
[4.849s] -- Installing: /home/yong/ws_kari/ROS2_Test/install/custom_interfaces/include/custom_interfaces/custom_interfaces/msg/auctioninfo.hpp
[4.849s] -- Up-to-date: /home/yong/ws_kari/ROS2_Test/install/custom_interfaces/include/custom_interfaces/custom_interfaces
[4.849s] -- Up-to-date: /home/yong/ws_kari/ROS2_Test/install/custom_interfaces/include/custom_interfaces/custom_interfaces/srv
[4.849s] -- Up-to-date: /home/yong/ws_kari/ROS2_Test/install/custom_interfaces/include/custom_interfaces/custom_interfaces/srv/detail
[4.849s] -- Up-to-date: /home/yong/ws_kari/ROS2_Test/install/custom_interfaces/include/custom_interfaces/custom_interfaces/srv/detail/dds_fastrtps
[4.849s] -- Installing: /home/yong/ws_kari/ROS2_Test/install/custom_interfaces/include/custom_interfaces/custom_interfaces/srv/detail/check_name__rosidl_typesupport_fastrtps_cpp.hpp
[4.849s] -- Up-to-date: /home/yong/ws_kari/ROS2_Test/install/custom_interfaces/include/custom_interfaces/custom_interfaces/msg
[4.849s] -- Up-to-date: /home/yong/ws_kari/ROS2_Test/install/custom_interfaces/include/custom_interfaces/custom_interfaces/msg/detail
[4.849s] -- Installing: /home/yong/ws_kari/ROS2_Test/install/custom_interfaces/include/custom_interfaces/custom_interfaces/msg/detail/tasklist__rosidl_typesupport_fastrtps_cpp.hpp
[4.850s] -- Installing: /home/yong/ws_kari/ROS2_Test/install/custom_interfaces/include/custom_interfaces/custom_interfaces/msg/detail/task__rosidl_typesupport_fastrtps_cpp.hpp
[4.850s] -- Installing: /home/yong/ws_kari/ROS2_Test/install/custom_interfaces/include/custom_interfaces/custom_interfaces/msg/detail/vehiclestate__rosidl_typesupport_fastrtps_cpp.hpp
[4.850s] -- Installing: /home/yong/ws_kari/ROS2_Test/install/custom_interfaces/include/custom_interfaces/custom_interfaces/msg/detail/status__rosidl_typesupport_fastrtps_cpp.hpp
[4.850s] -- Up-to-date: /home/yong/ws_kari/ROS2_Test/install/custom_interfaces/include/custom_interfaces/custom_interfaces/msg/detail/dds_fastrtps
[4.850s] -- Installing: /home/yong/ws_kari/ROS2_Test/install/custom_interfaces/include/custom_interfaces/custom_interfaces/msg/detail/auctioninfo__rosidl_typesupport_fastrtps_cpp.hpp
[4.850s] -- Up-to-date: /home/yong/ws_kari/ROS2_Test/install/custom_interfaces/include/custom_interfaces/custom_interfaces/msg/rosidl_typesupport_fastrtps_cpp__visibility_control.h
[4.850s] -- Installing: /home/yong/ws_kari/ROS2_Test/install/custom_interfaces/lib/libcustom_interfaces__rosidl_typesupport_fastrtps_cpp.so
[4.851s] -- Set runtime path of "/home/yong/ws_kari/ROS2_Test/install/custom_interfaces/lib/libcustom_interfaces__rosidl_typesupport_fastrtps_cpp.so" to ""
[4.851s] -- Up-to-date: /home/yong/ws_kari/ROS2_Test/install/custom_interfaces/include/custom_interfaces/custom_interfaces
[4.851s] -- Up-to-date: /home/yong/ws_kari/ROS2_Test/install/custom_interfaces/include/custom_interfaces/custom_interfaces/srv
[4.851s] -- Up-to-date: /home/yong/ws_kari/ROS2_Test/install/custom_interfaces/include/custom_interfaces/custom_interfaces/srv/detail
[4.851s] -- Installing: /home/yong/ws_kari/ROS2_Test/install/custom_interfaces/include/custom_interfaces/custom_interfaces/srv/detail/check_name__type_support.c
[4.851s] -- Installing: /home/yong/ws_kari/ROS2_Test/install/custom_interfaces/include/custom_interfaces/custom_interfaces/srv/detail/check_name__rosidl_typesupport_introspection_c.h
[4.851s] -- Up-to-date: /home/yong/ws_kari/ROS2_Test/install/custom_interfaces/include/custom_interfaces/custom_interfaces/msg
[4.852s] -- Up-to-date: /home/yong/ws_kari/ROS2_Test/install/custom_interfaces/include/custom_interfaces/custom_interfaces/msg/detail
[4.852s] -- Installing: /home/yong/ws_kari/ROS2_Test/install/custom_interfaces/include/custom_interfaces/custom_interfaces/msg/detail/task__rosidl_typesupport_introspection_c.h
[4.852s] -- Installing: /home/yong/ws_kari/ROS2_Test/install/custom_interfaces/include/custom_interfaces/custom_interfaces/msg/detail/task__type_support.c
[4.852s] -- Installing: /home/yong/ws_kari/ROS2_Test/install/custom_interfaces/include/custom_interfaces/custom_interfaces/msg/detail/vehiclestate__type_support.c
[4.852s] -- Installing: /home/yong/ws_kari/ROS2_Test/install/custom_interfaces/include/custom_interfaces/custom_interfaces/msg/detail/tasklist__type_support.c
[4.852s] -- Installing: /home/yong/ws_kari/ROS2_Test/install/custom_interfaces/include/custom_interfaces/custom_interfaces/msg/detail/auctioninfo__rosidl_typesupport_introspection_c.h
[4.852s] -- Installing: /home/yong/ws_kari/ROS2_Test/install/custom_interfaces/include/custom_interfaces/custom_interfaces/msg/detail/vehiclestate__rosidl_typesupport_introspection_c.h
[4.852s] -- Installing: /home/yong/ws_kari/ROS2_Test/install/custom_interfaces/include/custom_interfaces/custom_interfaces/msg/detail/auctioninfo__type_support.c
[4.853s] -- Installing: /home/yong/ws_kari/ROS2_Test/install/custom_interfaces/include/custom_interfaces/custom_interfaces/msg/detail/status__rosidl_typesupport_introspection_c.h
[4.853s] -- Installing: /home/yong/ws_kari/ROS2_Test/install/custom_interfaces/include/custom_interfaces/custom_interfaces/msg/detail/status__type_support.c
[4.853s] -- Installing: /home/yong/ws_kari/ROS2_Test/install/custom_interfaces/include/custom_interfaces/custom_interfaces/msg/detail/tasklist__rosidl_typesupport_introspection_c.h
[4.853s] -- Up-to-date: /home/yong/ws_kari/ROS2_Test/install/custom_interfaces/include/custom_interfaces/custom_interfaces/msg/rosidl_typesupport_introspection_c__visibility_control.h
[4.853s] -- Installing: /home/yong/ws_kari/ROS2_Test/install/custom_interfaces/lib/libcustom_interfaces__rosidl_typesupport_introspection_c.so
[4.854s] -- Set runtime path of "/home/yong/ws_kari/ROS2_Test/install/custom_interfaces/lib/libcustom_interfaces__rosidl_typesupport_introspection_c.so" to ""
[4.854s] -- Installing: /home/yong/ws_kari/ROS2_Test/install/custom_interfaces/lib/libcustom_interfaces__rosidl_typesupport_c.so
[4.854s] -- Set runtime path of "/home/yong/ws_kari/ROS2_Test/install/custom_interfaces/lib/libcustom_interfaces__rosidl_typesupport_c.so" to ""
[4.854s] -- Up-to-date: /home/yong/ws_kari/ROS2_Test/install/custom_interfaces/include/custom_interfaces/custom_interfaces
[4.854s] -- Up-to-date: /home/yong/ws_kari/ROS2_Test/install/custom_interfaces/include/custom_interfaces/custom_interfaces/srv
[4.854s] -- Up-to-date: /home/yong/ws_kari/ROS2_Test/install/custom_interfaces/include/custom_interfaces/custom_interfaces/srv/detail
[4.854s] -- Installing: /home/yong/ws_kari/ROS2_Test/install/custom_interfaces/include/custom_interfaces/custom_interfaces/srv/detail/check_name__rosidl_typesupport_introspection_cpp.hpp
[4.855s] -- Installing: /home/yong/ws_kari/ROS2_Test/install/custom_interfaces/include/custom_interfaces/custom_interfaces/srv/detail/check_name__type_support.cpp
[4.855s] -- Up-to-date: /home/yong/ws_kari/ROS2_Test/install/custom_interfaces/include/custom_interfaces/custom_interfaces/msg
[4.855s] -- Up-to-date: /home/yong/ws_kari/ROS2_Test/install/custom_interfaces/include/custom_interfaces/custom_interfaces/msg/detail
[4.855s] -- Installing: /home/yong/ws_kari/ROS2_Test/install/custom_interfaces/include/custom_interfaces/custom_interfaces/msg/detail/status__type_support.cpp
[4.855s] -- Installing: /home/yong/ws_kari/ROS2_Test/install/custom_interfaces/include/custom_interfaces/custom_interfaces/msg/detail/status__rosidl_typesupport_introspection_cpp.hpp
[4.855s] -- Installing: /home/yong/ws_kari/ROS2_Test/install/custom_interfaces/include/custom_interfaces/custom_interfaces/msg/detail/task__type_support.cpp
[4.855s] -- Installing: /home/yong/ws_kari/ROS2_Test/install/custom_interfaces/include/custom_interfaces/custom_interfaces/msg/detail/task__rosidl_typesupport_introspection_cpp.hpp
[4.855s] -- Installing: /home/yong/ws_kari/ROS2_Test/install/custom_interfaces/include/custom_interfaces/custom_interfaces/msg/detail/auctioninfo__rosidl_typesupport_introspection_cpp.hpp
[4.855s] -- Installing: /home/yong/ws_kari/ROS2_Test/install/custom_interfaces/include/custom_interfaces/custom_interfaces/msg/detail/auctioninfo__type_support.cpp
[4.856s] -- Installing: /home/yong/ws_kari/ROS2_Test/install/custom_interfaces/include/custom_interfaces/custom_interfaces/msg/detail/tasklist__rosidl_typesupport_introspection_cpp.hpp
[4.856s] -- Installing: /home/yong/ws_kari/ROS2_Test/install/custom_interfaces/include/custom_interfaces/custom_interfaces/msg/detail/vehiclestate__type_support.cpp
[4.856s] -- Installing: /home/yong/ws_kari/ROS2_Test/install/custom_interfaces/include/custom_interfaces/custom_interfaces/msg/detail/vehiclestate__rosidl_typesupport_introspection_cpp.hpp
[4.856s] -- Installing: /home/yong/ws_kari/ROS2_Test/install/custom_interfaces/include/custom_interfaces/custom_interfaces/msg/detail/tasklist__type_support.cpp
[4.856s] -- Installing: /home/yong/ws_kari/ROS2_Test/install/custom_interfaces/lib/libcustom_interfaces__rosidl_typesupport_introspection_cpp.so
[4.857s] -- Set runtime path of "/home/yong/ws_kari/ROS2_Test/install/custom_interfaces/lib/libcustom_interfaces__rosidl_typesupport_introspection_cpp.so" to ""
[4.857s] -- Installing: /home/yong/ws_kari/ROS2_Test/install/custom_interfaces/lib/libcustom_interfaces__rosidl_typesupport_cpp.so
[4.858s] -- Set runtime path of "/home/yong/ws_kari/ROS2_Test/install/custom_interfaces/lib/libcustom_interfaces__rosidl_typesupport_cpp.so" to ""
[4.858s] -- Up-to-date: /home/yong/ws_kari/ROS2_Test/install/custom_interfaces/share/custom_interfaces/environment/pythonpath.sh
[4.858s] -- Installing: /home/yong/ws_kari/ROS2_Test/install/custom_interfaces/share/custom_interfaces/environment/pythonpath.dsv
[4.858s] -- Up-to-date: /home/yong/ws_kari/ROS2_Test/install/custom_interfaces/local/lib/python3.10/dist-packages/custom_interfaces-0.1.0-py3.10.egg-info
[4.858s] -- Installing: /home/yong/ws_kari/ROS2_Test/install/custom_interfaces/local/lib/python3.10/dist-packages/custom_interfaces-0.1.0-py3.10.egg-info/SOURCES.txt
[4.858s] -- Installing: /home/yong/ws_kari/ROS2_Test/install/custom_interfaces/local/lib/python3.10/dist-packages/custom_interfaces-0.1.0-py3.10.egg-info/dependency_links.txt
[4.858s] -- Installing: /home/yong/ws_kari/ROS2_Test/install/custom_interfaces/local/lib/python3.10/dist-packages/custom_interfaces-0.1.0-py3.10.egg-info/PKG-INFO
[4.858s] -- Installing: /home/yong/ws_kari/ROS2_Test/install/custom_interfaces/local/lib/python3.10/dist-packages/custom_interfaces-0.1.0-py3.10.egg-info/top_level.txt
[4.858s] -- Up-to-date: /home/yong/ws_kari/ROS2_Test/install/custom_interfaces/local/lib/python3.10/dist-packages/custom_interfaces
[4.858s] -- Installing: /home/yong/ws_kari/ROS2_Test/install/custom_interfaces/local/lib/python3.10/dist-packages/custom_interfaces/libcustom_interfaces__rosidl_generator_py.so
[4.859s] -- Installing: /home/yong/ws_kari/ROS2_Test/install/custom_interfaces/local/lib/python3.10/dist-packages/custom_interfaces/_custom_interfaces_s.ep.rosidl_typesupport_introspection_c.c
[4.859s] -- Installing: /home/yong/ws_kari/ROS2_Test/install/custom_interfaces/local/lib/python3.10/dist-packages/custom_interfaces/custom_interfaces_s__rosidl_typesupport_fastrtps_c.cpython-310-x86_64-linux-gnu.so
[4.859s] -- Up-to-date: /home/yong/ws_kari/ROS2_Test/install/custom_interfaces/local/lib/python3.10/dist-packages/custom_interfaces/srv
[4.859s] -- Installing: /home/yong/ws_kari/ROS2_Test/install/custom_interfaces/local/lib/python3.10/dist-packages/custom_interfaces/srv/_check_name.py
[4.859s] -- Installing: /home/yong/ws_kari/ROS2_Test/install/custom_interfaces/local/lib/python3.10/dist-packages/custom_interfaces/srv/_check_name_s.c
[4.859s] -- Installing: /home/yong/ws_kari/ROS2_Test/install/custom_interfaces/local/lib/python3.10/dist-packages/custom_interfaces/srv/__init__.py
[4.860s] -- Installing: /home/yong/ws_kari/ROS2_Test/install/custom_interfaces/local/lib/python3.10/dist-packages/custom_interfaces/custom_interfaces_s__rosidl_typesupport_c.cpython-310-x86_64-linux-gnu.so
[4.860s] -- Installing: /home/yong/ws_kari/ROS2_Test/install/custom_interfaces/local/lib/python3.10/dist-packages/custom_interfaces/_custom_interfaces_s.ep.rosidl_typesupport_fastrtps_c.c
[4.860s] -- Installing: /home/yong/ws_kari/ROS2_Test/install/custom_interfaces/local/lib/python3.10/dist-packages/custom_interfaces/__init__.py
[4.860s] -- Installing: /home/yong/ws_kari/ROS2_Test/install/custom_interfaces/local/lib/python3.10/dist-packages/custom_interfaces/custom_interfaces_s__rosidl_typesupport_introspection_c.cpython-310-x86_64-linux-gnu.so
[4.860s] -- Up-to-date: /home/yong/ws_kari/ROS2_Test/install/custom_interfaces/local/lib/python3.10/dist-packages/custom_interfaces/msg
[4.860s] -- Installing: /home/yong/ws_kari/ROS2_Test/install/custom_interfaces/local/lib/python3.10/dist-packages/custom_interfaces/msg/_vehiclestate_s.c
[4.860s] -- Installing: /home/yong/ws_kari/ROS2_Test/install/custom_interfaces/local/lib/python3.10/dist-packages/custom_interfaces/msg/_status_s.c
[4.860s] -- Installing: /home/yong/ws_kari/ROS2_Test/install/custom_interfaces/local/lib/python3.10/dist-packages/custom_interfaces/msg/_tasklist.py
[4.861s] -- Installing: /home/yong/ws_kari/ROS2_Test/install/custom_interfaces/local/lib/python3.10/dist-packages/custom_interfaces/msg/__init__.py
[4.861s] -- Installing: /home/yong/ws_kari/ROS2_Test/install/custom_interfaces/local/lib/python3.10/dist-packages/custom_interfaces/msg/_task.py
[4.861s] -- Installing: /home/yong/ws_kari/ROS2_Test/install/custom_interfaces/local/lib/python3.10/dist-packages/custom_interfaces/msg/_tasklist_s.c
[4.861s] -- Installing: /home/yong/ws_kari/ROS2_Test/install/custom_interfaces/local/lib/python3.10/dist-packages/custom_interfaces/msg/_status.py
[4.861s] -- Installing: /home/yong/ws_kari/ROS2_Test/install/custom_interfaces/local/lib/python3.10/dist-packages/custom_interfaces/msg/_auctioninfo_s.c
[4.861s] -- Installing: /home/yong/ws_kari/ROS2_Test/install/custom_interfaces/local/lib/python3.10/dist-packages/custom_interfaces/msg/_vehiclestate.py
[4.861s] -- Installing: /home/yong/ws_kari/ROS2_Test/install/custom_interfaces/local/lib/python3.10/dist-packages/custom_interfaces/msg/_task_s.c
[4.862s] -- Installing: /home/yong/ws_kari/ROS2_Test/install/custom_interfaces/local/lib/python3.10/dist-packages/custom_interfaces/msg/_auctioninfo.py
[4.862s] -- Installing: /home/yong/ws_kari/ROS2_Test/install/custom_interfaces/local/lib/python3.10/dist-packages/custom_interfaces/_custom_interfaces_s.ep.rosidl_typesupport_c.c
[4.898s] Listing '/home/yong/ws_kari/ROS2_Test/install/custom_interfaces/local/lib/python3.10/dist-packages/custom_interfaces'...
[4.898s] Compiling '/home/yong/ws_kari/ROS2_Test/install/custom_interfaces/local/lib/python3.10/dist-packages/custom_interfaces/__init__.py'...
[4.898s] Listing '/home/yong/ws_kari/ROS2_Test/install/custom_interfaces/local/lib/python3.10/dist-packages/custom_interfaces/msg'...
[4.898s] Compiling '/home/yong/ws_kari/ROS2_Test/install/custom_interfaces/local/lib/python3.10/dist-packages/custom_interfaces/msg/__init__.py'...
[4.898s] Compiling '/home/yong/ws_kari/ROS2_Test/install/custom_interfaces/local/lib/python3.10/dist-packages/custom_interfaces/msg/_auctioninfo.py'...
[4.898s] Compiling '/home/yong/ws_kari/ROS2_Test/install/custom_interfaces/local/lib/python3.10/dist-packages/custom_interfaces/msg/_status.py'...
[4.898s] Compiling '/home/yong/ws_kari/ROS2_Test/install/custom_interfaces/local/lib/python3.10/dist-packages/custom_interfaces/msg/_task.py'...
[4.899s] Compiling '/home/yong/ws_kari/ROS2_Test/install/custom_interfaces/local/lib/python3.10/dist-packages/custom_interfaces/msg/_tasklist.py'...
[4.899s] Compiling '/home/yong/ws_kari/ROS2_Test/install/custom_interfaces/local/lib/python3.10/dist-packages/custom_interfaces/msg/_vehiclestate.py'...
[4.899s] Listing '/home/yong/ws_kari/ROS2_Test/install/custom_interfaces/local/lib/python3.10/dist-packages/custom_interfaces/srv'...
[4.899s] Compiling '/home/yong/ws_kari/ROS2_Test/install/custom_interfaces/local/lib/python3.10/dist-packages/custom_interfaces/srv/__init__.py'...
[4.899s] Compiling '/home/yong/ws_kari/ROS2_Test/install/custom_interfaces/local/lib/python3.10/dist-packages/custom_interfaces/srv/_check_name.py'...
[4.904s] -- Installing: /home/yong/ws_kari/ROS2_Test/install/custom_interfaces/local/lib/python3.10/dist-packages/custom_interfaces/custom_interfaces_s__rosidl_typesupport_fastrtps_c.cpython-310-x86_64-linux-gnu.so
[4.904s] -- Set runtime path of "/home/yong/ws_kari/ROS2_Test/install/custom_interfaces/local/lib/python3.10/dist-packages/custom_interfaces/custom_interfaces_s__rosidl_typesupport_fastrtps_c.cpython-310-x86_64-linux-gnu.so" to ""
[4.904s] -- Installing: /home/yong/ws_kari/ROS2_Test/install/custom_interfaces/local/lib/python3.10/dist-packages/custom_interfaces/custom_interfaces_s__rosidl_typesupport_introspection_c.cpython-310-x86_64-linux-gnu.so
[4.904s] -- Set runtime path of "/home/yong/ws_kari/ROS2_Test/install/custom_interfaces/local/lib/python3.10/dist-packages/custom_interfaces/custom_interfaces_s__rosidl_typesupport_introspection_c.cpython-310-x86_64-linux-gnu.so" to ""
[4.904s] -- Installing: /home/yong/ws_kari/ROS2_Test/install/custom_interfaces/local/lib/python3.10/dist-packages/custom_interfaces/custom_interfaces_s__rosidl_typesupport_c.cpython-310-x86_64-linux-gnu.so
[4.905s] -- Set runtime path of "/home/yong/ws_kari/ROS2_Test/install/custom_interfaces/local/lib/python3.10/dist-packages/custom_interfaces/custom_interfaces_s__rosidl_typesupport_c.cpython-310-x86_64-linux-gnu.so" to ""
[4.905s] -- Installing: /home/yong/ws_kari/ROS2_Test/install/custom_interfaces/lib/libcustom_interfaces__rosidl_generator_py.so
[4.905s] -- Set runtime path of "/home/yong/ws_kari/ROS2_Test/install/custom_interfaces/lib/libcustom_interfaces__rosidl_generator_py.so" to ""
[4.906s] -- Up-to-date: /home/yong/ws_kari/ROS2_Test/install/custom_interfaces/share/custom_interfaces/srv/CheckName.idl
[4.906s] -- Up-to-date: /home/yong/ws_kari/ROS2_Test/install/custom_interfaces/share/custom_interfaces/msg/Status.idl
[4.906s] -- Up-to-date: /home/yong/ws_kari/ROS2_Test/install/custom_interfaces/share/custom_interfaces/msg/Vehiclestate.idl
[4.906s] -- Up-to-date: /home/yong/ws_kari/ROS2_Test/install/custom_interfaces/share/custom_interfaces/msg/Auctioninfo.idl
[4.906s] -- Up-to-date: /home/yong/ws_kari/ROS2_Test/install/custom_interfaces/share/custom_interfaces/msg/Task.idl
[4.906s] -- Installing: /home/yong/ws_kari/ROS2_Test/install/custom_interfaces/share/custom_interfaces/msg/Tasklist.idl
[4.906s] -- Up-to-date: /home/yong/ws_kari/ROS2_Test/install/custom_interfaces/share/custom_interfaces/srv/CheckName.srv
[4.906s] -- Up-to-date: /home/yong/ws_kari/ROS2_Test/install/custom_interfaces/share/custom_interfaces/srv/CheckName_Request.msg
[4.906s] -- Up-to-date: /home/yong/ws_kari/ROS2_Test/install/custom_interfaces/share/custom_interfaces/srv/CheckName_Response.msg
[4.906s] -- Up-to-date: /home/yong/ws_kari/ROS2_Test/install/custom_interfaces/share/custom_interfaces/msg/Status.msg
[4.906s] -- Up-to-date: /home/yong/ws_kari/ROS2_Test/install/custom_interfaces/share/custom_interfaces/msg/Vehiclestate.msg
[4.906s] -- Up-to-date: /home/yong/ws_kari/ROS2_Test/install/custom_interfaces/share/custom_interfaces/msg/Auctioninfo.msg
[4.906s] -- Up-to-date: /home/yong/ws_kari/ROS2_Test/install/custom_interfaces/share/custom_interfaces/msg/Task.msg
[4.906s] -- Installing: /home/yong/ws_kari/ROS2_Test/install/custom_interfaces/share/custom_interfaces/msg/Tasklist.msg
[4.906s] -- Up-to-date: /home/yong/ws_kari/ROS2_Test/install/custom_interfaces/share/ament_index/resource_index/package_run_dependencies/custom_interfaces
[4.907s] -- Installing: /home/yong/ws_kari/ROS2_Test/install/custom_interfaces/share/ament_index/resource_index/parent_prefix_path/custom_interfaces
[4.907s] -- Up-to-date: /home/yong/ws_kari/ROS2_Test/install/custom_interfaces/share/custom_interfaces/environment/ament_prefix_path.sh
[4.907s] -- Installing: /home/yong/ws_kari/ROS2_Test/install/custom_interfaces/share/custom_interfaces/environment/ament_prefix_path.dsv
[4.907s] -- Up-to-date: /home/yong/ws_kari/ROS2_Test/install/custom_interfaces/share/custom_interfaces/environment/path.sh
[4.907s] -- Installing: /home/yong/ws_kari/ROS2_Test/install/custom_interfaces/share/custom_interfaces/environment/path.dsv
[4.907s] -- Up-to-date: /home/yong/ws_kari/ROS2_Test/install/custom_interfaces/share/custom_interfaces/local_setup.bash
[4.907s] -- Up-to-date: /home/yong/ws_kari/ROS2_Test/install/custom_interfaces/share/custom_interfaces/local_setup.sh
[4.907s] -- Up-to-date: /home/yong/ws_kari/ROS2_Test/install/custom_interfaces/share/custom_interfaces/local_setup.zsh
[4.907s] -- Installing: /home/yong/ws_kari/ROS2_Test/install/custom_interfaces/share/custom_interfaces/local_setup.dsv
[4.907s] -- Installing: /home/yong/ws_kari/ROS2_Test/install/custom_interfaces/share/custom_interfaces/package.dsv
[4.907s] -- Up-to-date: /home/yong/ws_kari/ROS2_Test/install/custom_interfaces/share/ament_index/resource_index/packages/custom_interfaces
[4.907s] -- Up-to-date: /home/yong/ws_kari/ROS2_Test/install/custom_interfaces/share/custom_interfaces/cmake/export_custom_interfaces__rosidl_generator_cExport.cmake
[4.908s] -- Up-to-date: /home/yong/ws_kari/ROS2_Test/install/custom_interfaces/share/custom_interfaces/cmake/export_custom_interfaces__rosidl_generator_cExport-noconfig.cmake
[4.908s] -- Up-to-date: /home/yong/ws_kari/ROS2_Test/install/custom_interfaces/share/custom_interfaces/cmake/export_custom_interfaces__rosidl_typesupport_fastrtps_cExport.cmake
[4.908s] -- Up-to-date: /home/yong/ws_kari/ROS2_Test/install/custom_interfaces/share/custom_interfaces/cmake/export_custom_interfaces__rosidl_typesupport_fastrtps_cExport-noconfig.cmake
[4.908s] -- Up-to-date: /home/yong/ws_kari/ROS2_Test/install/custom_interfaces/share/custom_interfaces/cmake/export_custom_interfaces__rosidl_generator_cppExport.cmake
[4.908s] -- Up-to-date: /home/yong/ws_kari/ROS2_Test/install/custom_interfaces/share/custom_interfaces/cmake/export_custom_interfaces__rosidl_typesupport_fastrtps_cppExport.cmake
[4.908s] -- Up-to-date: /home/yong/ws_kari/ROS2_Test/install/custom_interfaces/share/custom_interfaces/cmake/export_custom_interfaces__rosidl_typesupport_fastrtps_cppExport-noconfig.cmake
[4.908s] -- Up-to-date: /home/yong/ws_kari/ROS2_Test/install/custom_interfaces/share/custom_interfaces/cmake/custom_interfaces__rosidl_typesupport_introspection_cExport.cmake
[4.908s] -- Up-to-date: /home/yong/ws_kari/ROS2_Test/install/custom_interfaces/share/custom_interfaces/cmake/custom_interfaces__rosidl_typesupport_introspection_cExport-noconfig.cmake
[4.908s] -- Up-to-date: /home/yong/ws_kari/ROS2_Test/install/custom_interfaces/share/custom_interfaces/cmake/custom_interfaces__rosidl_typesupport_cExport.cmake
[4.908s] -- Up-to-date: /home/yong/ws_kari/ROS2_Test/install/custom_interfaces/share/custom_interfaces/cmake/custom_interfaces__rosidl_typesupport_cExport-noconfig.cmake
[4.908s] -- Up-to-date: /home/yong/ws_kari/ROS2_Test/install/custom_interfaces/share/custom_interfaces/cmake/custom_interfaces__rosidl_typesupport_introspection_cppExport.cmake
[4.908s] -- Up-to-date: /home/yong/ws_kari/ROS2_Test/install/custom_interfaces/share/custom_interfaces/cmake/custom_interfaces__rosidl_typesupport_introspection_cppExport-noconfig.cmake
[4.908s] -- Up-to-date: /home/yong/ws_kari/ROS2_Test/install/custom_interfaces/share/custom_interfaces/cmake/custom_interfaces__rosidl_typesupport_cppExport.cmake
[4.908s] -- Up-to-date: /home/yong/ws_kari/ROS2_Test/install/custom_interfaces/share/custom_interfaces/cmake/custom_interfaces__rosidl_typesupport_cppExport-noconfig.cmake
[4.909s] -- Up-to-date: /home/yong/ws_kari/ROS2_Test/install/custom_interfaces/share/custom_interfaces/cmake/export_custom_interfaces__rosidl_generator_pyExport.cmake
[4.909s] -- Up-to-date: /home/yong/ws_kari/ROS2_Test/install/custom_interfaces/share/custom_interfaces/cmake/export_custom_interfaces__rosidl_generator_pyExport-noconfig.cmake
[4.909s] -- Up-to-date: /home/yong/ws_kari/ROS2_Test/install/custom_interfaces/share/custom_interfaces/cmake/rosidl_cmake-extras.cmake
[4.909s] -- Up-to-date: /home/yong/ws_kari/ROS2_Test/install/custom_interfaces/share/custom_interfaces/cmake/ament_cmake_export_dependencies-extras.cmake
[4.909s] -- Up-to-date: /home/yong/ws_kari/ROS2_Test/install/custom_interfaces/share/custom_interfaces/cmake/ament_cmake_export_include_directories-extras.cmake
[4.909s] -- Up-to-date: /home/yong/ws_kari/ROS2_Test/install/custom_interfaces/share/custom_interfaces/cmake/ament_cmake_export_libraries-extras.cmake
[4.909s] -- Up-to-date: /home/yong/ws_kari/ROS2_Test/install/custom_interfaces/share/custom_interfaces/cmake/ament_cmake_export_targets-extras.cmake
[4.909s] -- Up-to-date: /home/yong/ws_kari/ROS2_Test/install/custom_interfaces/share/custom_interfaces/cmake/rosidl_cmake_export_typesupport_targets-extras.cmake
[4.909s] -- Up-to-date: /home/yong/ws_kari/ROS2_Test/install/custom_interfaces/share/custom_interfaces/cmake/rosidl_cmake_export_typesupport_libraries-extras.cmake
[4.909s] -- Up-to-date: /home/yong/ws_kari/ROS2_Test/install/custom_interfaces/share/custom_interfaces/cmake/custom_interfacesConfig.cmake
[4.909s] -- Up-to-date: /home/yong/ws_kari/ROS2_Test/install/custom_interfaces/share/custom_interfaces/cmake/custom_interfacesConfig-version.cmake
[4.909s] -- Up-to-date: /home/yong/ws_kari/ROS2_Test/install/custom_interfaces/share/custom_interfaces/package.xml
[4.911s] Invoked command in '/home/yong/ws_kari/ROS2_Test/build/custom_interfaces' returned '0': CMAKE_PREFIX_PATH=/home/yong/ws_kari/ROS2_Test/install/srv_test:/home/yong/ws_kari/ROS2_Test/install/multi_agent_comm:/opt/ros/humble:/home/yong/ws_kari/ROS2_Test/install/auction_node:/home/yong/ws_kari/ROS2_Test/install/custom_interfaces:/home/yong/ws_kari/ROS2_Test/install/acbba /usr/bin/cmake --install /home/yong/ws_kari/ROS2_Test/build/custom_interfaces
