-- Found ament_cmake: 1.3.7 (/opt/ros/humble/share/ament_cmake/cmake)
-- Override CMake install command with custom implementation using symlinks instead of copying resources
-- Found rclcpp: 16.0.8 (/opt/ros/humble/share/rclcpp/cmake)
-- Found rosidl_generator_c: 3.1.5 (/opt/ros/humble/share/rosidl_generator_c/cmake)
-- Found rosidl_adapter: 3.1.5 (/opt/ros/humble/share/rosidl_adapter/cmake)
-- Found rosidl_generator_cpp: 3.1.5 (/opt/ros/humble/share/rosidl_generator_cpp/cmake)
-- Using all available rosidl_typesupport_c: rosidl_typesupport_fastrtps_c;rosidl_typesupport_introspection_c
-- Using all available rosidl_typesupport_cpp: rosidl_typesupport_fastrtps_cpp;rosidl_typesupport_introspection_cpp
-- Found rmw_implementation_cmake: 6.1.1 (/opt/ros/humble/share/rmw_implementation_cmake/cmake)
-- Found rmw_fastrtps_cpp: 6.2.6 (/opt/ros/humble/share/rmw_fastrtps_cpp/cmake)
-- Using RMW implementation 'rmw_fastrtps_cpp' as default
-- Found ament_lint_auto: 0.12.10 (/opt/ros/humble/share/ament_lint_auto/cmake)
-- Added test 'cppcheck' to perform static code analysis on C / C++ code
-- Configured cppcheck include dirs: 
-- Configured cppcheck exclude dirs and/or files: 
-- Added test 'lint_cmake' to check CMake code style
-- Added test 'uncrustify' to check C / C++ code style
-- Configured uncrustify additional arguments: 
-- Added test 'xmllint' to check XML markup files
-- Configuring done
-- Generating done
-- Build files have been written to: /home/yong/ws_kari/ROS2_Test/build/cbba
-- Install configuration: ""
-- Execute custom install script
-- Up-to-date symlink: /home/yong/ws_kari/ROS2_Test/install/cbba/share/ament_index/resource_index/package_run_dependencies/cbba
-- Up-to-date symlink: /home/yong/ws_kari/ROS2_Test/install/cbba/share/ament_index/resource_index/parent_prefix_path/cbba
-- Up-to-date symlink: /home/yong/ws_kari/ROS2_Test/install/cbba/share/cbba/environment/ament_prefix_path.sh
-- Up-to-date symlink: /home/yong/ws_kari/ROS2_Test/install/cbba/share/cbba/environment/ament_prefix_path.dsv
-- Up-to-date symlink: /home/yong/ws_kari/ROS2_Test/install/cbba/share/cbba/environment/path.sh
-- Up-to-date symlink: /home/yong/ws_kari/ROS2_Test/install/cbba/share/cbba/environment/path.dsv
-- Up-to-date symlink: /home/yong/ws_kari/ROS2_Test/install/cbba/share/cbba/local_setup.bash
-- Up-to-date symlink: /home/yong/ws_kari/ROS2_Test/install/cbba/share/cbba/local_setup.sh
-- Up-to-date symlink: /home/yong/ws_kari/ROS2_Test/install/cbba/share/cbba/local_setup.zsh
-- Up-to-date symlink: /home/yong/ws_kari/ROS2_Test/install/cbba/share/cbba/local_setup.dsv
-- Up-to-date symlink: /home/yong/ws_kari/ROS2_Test/install/cbba/share/cbba/package.dsv
-- Up-to-date symlink: /home/yong/ws_kari/ROS2_Test/install/cbba/share/ament_index/resource_index/packages/cbba
-- Up-to-date symlink: /home/yong/ws_kari/ROS2_Test/install/cbba/share/cbba/cmake/cbbaConfig.cmake
-- Up-to-date symlink: /home/yong/ws_kari/ROS2_Test/install/cbba/share/cbba/cmake/cbbaConfig-version.cmake
-- Up-to-date symlink: /home/yong/ws_kari/ROS2_Test/install/cbba/share/cbba/package.xml
