[0.088s] Invoking command in '/home/yong/ws_kari/ROS2_Test/build/cbba': CMAKE_PREFIX_PATH=/opt/ros/humble /usr/bin/cmake /home/yong/ws_kari/ROS2_Test/src/cbba -DCMAKE_INSTALL_PREFIX=/home/yong/ws_kari/ROS2_Test/install/cbba
[0.098s] -- Found ament_cmake: 1.3.7 (/opt/ros/humble/share/ament_cmake/cmake)
[0.218s] -- Override CMake install command with custom implementation using symlinks instead of copying resources
[0.225s] -- Found rclcpp: 16.0.8 (/opt/ros/humble/share/rclcpp/cmake)
[0.261s] -- Found rosidl_generator_c: 3.1.5 (/opt/ros/humble/share/rosidl_generator_c/cmake)
[0.263s] -- Found rosidl_adapter: 3.1.5 (/opt/ros/humble/share/rosidl_adapter/cmake)
[0.269s] -- Found rosidl_generator_cpp: 3.1.5 (/opt/ros/humble/share/rosidl_generator_cpp/cmake)
[0.279s] -- Using all available rosidl_typesupport_c: rosidl_typesupport_fastrtps_c;rosidl_typesupport_introspection_c
[0.293s] -- Using all available rosidl_typesupport_cpp: rosidl_typesupport_fastrtps_cpp;rosidl_typesupport_introspection_cpp
[0.342s] -- Found rmw_implementation_cmake: 6.1.1 (/opt/ros/humble/share/rmw_implementation_cmake/cmake)
[0.343s] -- Found rmw_fastrtps_cpp: 6.2.6 (/opt/ros/humble/share/rmw_fastrtps_cpp/cmake)
[0.468s] -- Using RMW implementation 'rmw_fastrtps_cpp' as default
[0.600s] -- Found ament_lint_auto: 0.12.10 (/opt/ros/humble/share/ament_lint_auto/cmake)
[0.662s] -- Added test 'cppcheck' to perform static code analysis on C / C++ code
[0.662s] -- Configured cppcheck include dirs: 
[0.662s] -- Configured cppcheck exclude dirs and/or files: 
[0.663s] -- Added test 'lint_cmake' to check CMake code style
[0.663s] -- Added test 'uncrustify' to check C / C++ code style
[0.664s] -- Configured uncrustify additional arguments: 
[0.664s] -- Added test 'xmllint' to check XML markup files
[0.665s] -- Configuring done
[0.669s] -- Generating done
[0.670s] -- Build files have been written to: /home/yong/ws_kari/ROS2_Test/build/cbba
[0.678s] Invoked command in '/home/yong/ws_kari/ROS2_Test/build/cbba' returned '0': CMAKE_PREFIX_PATH=/opt/ros/humble /usr/bin/cmake /home/yong/ws_kari/ROS2_Test/src/cbba -DCMAKE_INSTALL_PREFIX=/home/yong/ws_kari/ROS2_Test/install/cbba
[0.680s] Invoking command in '/home/yong/ws_kari/ROS2_Test/build/cbba': CMAKE_PREFIX_PATH=/opt/ros/humble /usr/bin/cmake --build /home/yong/ws_kari/ROS2_Test/build/cbba -- -j16 -l16
[0.719s] Invoked command in '/home/yong/ws_kari/ROS2_Test/build/cbba' returned '0': CMAKE_PREFIX_PATH=/opt/ros/humble /usr/bin/cmake --build /home/yong/ws_kari/ROS2_Test/build/cbba -- -j16 -l16
[0.748s] Invoking command in '/home/yong/ws_kari/ROS2_Test/build/cbba': CMAKE_PREFIX_PATH=/opt/ros/humble /usr/bin/cmake --install /home/yong/ws_kari/ROS2_Test/build/cbba
[0.755s] -- Install configuration: ""
[0.756s] -- Execute custom install script
[0.756s] -- Up-to-date symlink: /home/yong/ws_kari/ROS2_Test/install/cbba/share/ament_index/resource_index/package_run_dependencies/cbba
[0.756s] -- Up-to-date symlink: /home/yong/ws_kari/ROS2_Test/install/cbba/share/ament_index/resource_index/parent_prefix_path/cbba
[0.756s] -- Up-to-date symlink: /home/yong/ws_kari/ROS2_Test/install/cbba/share/cbba/environment/ament_prefix_path.sh
[0.756s] -- Up-to-date symlink: /home/yong/ws_kari/ROS2_Test/install/cbba/share/cbba/environment/ament_prefix_path.dsv
[0.756s] -- Up-to-date symlink: /home/yong/ws_kari/ROS2_Test/install/cbba/share/cbba/environment/path.sh
[0.756s] -- Up-to-date symlink: /home/yong/ws_kari/ROS2_Test/install/cbba/share/cbba/environment/path.dsv
[0.757s] -- Up-to-date symlink: /home/yong/ws_kari/ROS2_Test/install/cbba/share/cbba/local_setup.bash
[0.757s] -- Up-to-date symlink: /home/yong/ws_kari/ROS2_Test/install/cbba/share/cbba/local_setup.sh
[0.757s] -- Up-to-date symlink: /home/yong/ws_kari/ROS2_Test/install/cbba/share/cbba/local_setup.zsh
[0.757s] -- Up-to-date symlink: /home/yong/ws_kari/ROS2_Test/install/cbba/share/cbba/local_setup.dsv
[0.757s] -- Up-to-date symlink: /home/yong/ws_kari/ROS2_Test/install/cbba/share/cbba/package.dsv
[0.757s] -- Up-to-date symlink: /home/yong/ws_kari/ROS2_Test/install/cbba/share/ament_index/resource_index/packages/cbba
[0.757s] -- Up-to-date symlink: /home/yong/ws_kari/ROS2_Test/install/cbba/share/cbba/cmake/cbbaConfig.cmake
[0.757s] -- Up-to-date symlink: /home/yong/ws_kari/ROS2_Test/install/cbba/share/cbba/cmake/cbbaConfig-version.cmake
[0.758s] -- Up-to-date symlink: /home/yong/ws_kari/ROS2_Test/install/cbba/share/cbba/package.xml
[0.760s] Invoked command in '/home/yong/ws_kari/ROS2_Test/build/cbba' returned '0': CMAKE_PREFIX_PATH=/opt/ros/humble /usr/bin/cmake --install /home/yong/ws_kari/ROS2_Test/build/cbba
