[0.205s] Invoking command in '/home/yong/ws_kari/ROS2_Test/build/custom_interfaces': CMAKE_PREFIX_PATH=${CMAKE_PREFIX_PATH}:/opt/ros/humble /usr/bin/cmake --build /home/yong/ws_kari/ROS2_Test/build/custom_interfaces -- -j16 -l16
[0.260s] [  4%] Built target custom_interfaces__cpp
[0.260s] [ 12%] Built target custom_interfaces__rosidl_generator_c
[0.272s] [ 12%] Built target ament_cmake_python_symlink_custom_interfaces
[0.294s] [ 23%] Built target custom_interfaces__rosidl_typesupport_fastrtps_c
[0.295s] [ 46%] Built target custom_interfaces__rosidl_typesupport_c
[0.295s] [ 46%] Built target custom_interfaces__rosidl_typesupport_introspection_c
[0.295s] [ 55%] Built target custom_interfaces__rosidl_typesupport_cpp
[0.298s] [ 65%] Built target custom_interfaces__rosidl_typesupport_introspection_cpp
[0.300s] [ 76%] Built target custom_interfaces__rosidl_typesupport_fastrtps_cpp
[0.332s] [ 76%] Built target custom_interfaces
[0.355s] [ 78%] Built target custom_interfaces__py
[0.380s] [ 87%] Built target custom_interfaces__rosidl_generator_py
[0.405s] [ 95%] Built target custom_interfaces__rosidl_typesupport_c__pyext
[0.406s] [ 95%] Built target custom_interfaces__rosidl_typesupport_fastrtps_c__pyext
[0.410s] [100%] Built target custom_interfaces__rosidl_typesupport_introspection_c__pyext
[0.480s] running egg_info
[0.494s] writing custom_interfaces.egg-info/PKG-INFO
[0.495s] writing dependency_links to custom_interfaces.egg-info/dependency_links.txt
[0.495s] writing top-level names to custom_interfaces.egg-info/top_level.txt
[0.535s] reading manifest file 'custom_interfaces.egg-info/SOURCES.txt'
[0.536s] writing manifest file 'custom_interfaces.egg-info/SOURCES.txt'
[0.565s] [100%] Built target ament_cmake_python_build_custom_interfaces_egg
[0.577s] Invoked command in '/home/yong/ws_kari/ROS2_Test/build/custom_interfaces' returned '0': CMAKE_PREFIX_PATH=${CMAKE_PREFIX_PATH}:/opt/ros/humble /usr/bin/cmake --build /home/yong/ws_kari/ROS2_Test/build/custom_interfaces -- -j16 -l16
[0.683s] Invoking command in '/home/yong/ws_kari/ROS2_Test/build/custom_interfaces': CMAKE_PREFIX_PATH=${CMAKE_PREFIX_PATH}:/opt/ros/humble /usr/bin/cmake --install /home/yong/ws_kari/ROS2_Test/build/custom_interfaces
[0.690s] -- Install configuration: ""
[0.691s] -- Execute custom install script
[0.691s] -- Up-to-date symlink: /home/yong/ws_kari/ROS2_Test/install/custom_interfaces/share/ament_index/resource_index/rosidl_interfaces/custom_interfaces
[0.691s] -- Up-to-date symlink: /home/yong/ws_kari/ROS2_Test/install/custom_interfaces/include/custom_interfaces/custom_interfaces/msg/detail/status__functions.h
[0.691s] -- Up-to-date symlink: /home/yong/ws_kari/ROS2_Test/install/custom_interfaces/include/custom_interfaces/custom_interfaces/msg/detail/status__struct.h
[0.692s] -- Up-to-date symlink: /home/yong/ws_kari/ROS2_Test/install/custom_interfaces/include/custom_interfaces/custom_interfaces/msg/detail/status__type_support.h
[0.692s] -- Up-to-date symlink: /home/yong/ws_kari/ROS2_Test/install/custom_interfaces/include/custom_interfaces/custom_interfaces/msg/detail/vehiclestate__functions.h
[0.692s] -- Up-to-date symlink: /home/yong/ws_kari/ROS2_Test/install/custom_interfaces/include/custom_interfaces/custom_interfaces/msg/detail/vehiclestate__struct.h
[0.692s] -- Up-to-date symlink: /home/yong/ws_kari/ROS2_Test/install/custom_interfaces/include/custom_interfaces/custom_interfaces/msg/detail/vehiclestate__type_support.h
[0.692s] -- Up-to-date symlink: /home/yong/ws_kari/ROS2_Test/install/custom_interfaces/include/custom_interfaces/custom_interfaces/msg/rosidl_generator_c__visibility_control.h
[0.692s] -- Up-to-date symlink: /home/yong/ws_kari/ROS2_Test/install/custom_interfaces/include/custom_interfaces/custom_interfaces/msg/status.h
[0.692s] -- Up-to-date symlink: /home/yong/ws_kari/ROS2_Test/install/custom_interfaces/include/custom_interfaces/custom_interfaces/msg/vehiclestate.h
[0.692s] -- Up-to-date symlink: /home/yong/ws_kari/ROS2_Test/install/custom_interfaces/include/custom_interfaces/custom_interfaces/srv/check_name.h
[0.692s] -- Up-to-date symlink: /home/yong/ws_kari/ROS2_Test/install/custom_interfaces/include/custom_interfaces/custom_interfaces/srv/detail/check_name__functions.h
[0.693s] -- Up-to-date symlink: /home/yong/ws_kari/ROS2_Test/install/custom_interfaces/include/custom_interfaces/custom_interfaces/srv/detail/check_name__struct.h
[0.693s] -- Up-to-date symlink: /home/yong/ws_kari/ROS2_Test/install/custom_interfaces/include/custom_interfaces/custom_interfaces/srv/detail/check_name__type_support.h
[0.693s] -- Up-to-date symlink: /home/yong/ws_kari/ROS2_Test/install/custom_interfaces/share/custom_interfaces/environment/library_path.sh
[0.693s] -- Up-to-date symlink: /home/yong/ws_kari/ROS2_Test/install/custom_interfaces/share/custom_interfaces/environment/library_path.dsv
[0.693s] -- Up-to-date symlink: /home/yong/ws_kari/ROS2_Test/install/custom_interfaces/include/custom_interfaces/custom_interfaces/msg/detail/status__rosidl_typesupport_fastrtps_c.h
[0.693s] -- Up-to-date symlink: /home/yong/ws_kari/ROS2_Test/install/custom_interfaces/include/custom_interfaces/custom_interfaces/msg/detail/vehiclestate__rosidl_typesupport_fastrtps_c.h
[0.694s] -- Up-to-date symlink: /home/yong/ws_kari/ROS2_Test/install/custom_interfaces/include/custom_interfaces/custom_interfaces/msg/rosidl_typesupport_fastrtps_c__visibility_control.h
[0.694s] -- Up-to-date symlink: /home/yong/ws_kari/ROS2_Test/install/custom_interfaces/include/custom_interfaces/custom_interfaces/srv/detail/check_name__rosidl_typesupport_fastrtps_c.h
[0.694s] -- Up-to-date symlink: /home/yong/ws_kari/ROS2_Test/install/custom_interfaces/include/custom_interfaces/custom_interfaces/msg/detail/status__builder.hpp
[0.694s] -- Up-to-date symlink: /home/yong/ws_kari/ROS2_Test/install/custom_interfaces/include/custom_interfaces/custom_interfaces/msg/detail/status__struct.hpp
[0.694s] -- Up-to-date symlink: /home/yong/ws_kari/ROS2_Test/install/custom_interfaces/include/custom_interfaces/custom_interfaces/msg/detail/status__traits.hpp
[0.694s] -- Up-to-date symlink: /home/yong/ws_kari/ROS2_Test/install/custom_interfaces/include/custom_interfaces/custom_interfaces/msg/detail/vehiclestate__builder.hpp
[0.695s] -- Up-to-date symlink: /home/yong/ws_kari/ROS2_Test/install/custom_interfaces/include/custom_interfaces/custom_interfaces/msg/detail/vehiclestate__struct.hpp
[0.695s] -- Up-to-date symlink: /home/yong/ws_kari/ROS2_Test/install/custom_interfaces/include/custom_interfaces/custom_interfaces/msg/detail/vehiclestate__traits.hpp
[0.695s] -- Up-to-date symlink: /home/yong/ws_kari/ROS2_Test/install/custom_interfaces/include/custom_interfaces/custom_interfaces/msg/status.hpp
[0.695s] -- Up-to-date symlink: /home/yong/ws_kari/ROS2_Test/install/custom_interfaces/include/custom_interfaces/custom_interfaces/msg/vehiclestate.hpp
[0.695s] -- Up-to-date symlink: /home/yong/ws_kari/ROS2_Test/install/custom_interfaces/include/custom_interfaces/custom_interfaces/srv/check_name.hpp
[0.695s] -- Up-to-date symlink: /home/yong/ws_kari/ROS2_Test/install/custom_interfaces/include/custom_interfaces/custom_interfaces/srv/detail/check_name__builder.hpp
[0.695s] -- Up-to-date symlink: /home/yong/ws_kari/ROS2_Test/install/custom_interfaces/include/custom_interfaces/custom_interfaces/srv/detail/check_name__struct.hpp
[0.695s] -- Up-to-date symlink: /home/yong/ws_kari/ROS2_Test/install/custom_interfaces/include/custom_interfaces/custom_interfaces/srv/detail/check_name__traits.hpp
[0.696s] -- Up-to-date symlink: /home/yong/ws_kari/ROS2_Test/install/custom_interfaces/include/custom_interfaces/custom_interfaces/msg/detail/status__rosidl_typesupport_fastrtps_cpp.hpp
[0.696s] -- Up-to-date symlink: /home/yong/ws_kari/ROS2_Test/install/custom_interfaces/include/custom_interfaces/custom_interfaces/msg/detail/vehiclestate__rosidl_typesupport_fastrtps_cpp.hpp
[0.696s] -- Up-to-date symlink: /home/yong/ws_kari/ROS2_Test/install/custom_interfaces/include/custom_interfaces/custom_interfaces/msg/rosidl_typesupport_fastrtps_cpp__visibility_control.h
[0.696s] -- Up-to-date symlink: /home/yong/ws_kari/ROS2_Test/install/custom_interfaces/include/custom_interfaces/custom_interfaces/srv/detail/check_name__rosidl_typesupport_fastrtps_cpp.hpp
[0.697s] -- Up-to-date symlink: /home/yong/ws_kari/ROS2_Test/install/custom_interfaces/include/custom_interfaces/custom_interfaces/msg/detail/status__rosidl_typesupport_introspection_c.h
[0.697s] -- Up-to-date symlink: /home/yong/ws_kari/ROS2_Test/install/custom_interfaces/include/custom_interfaces/custom_interfaces/msg/detail/vehiclestate__rosidl_typesupport_introspection_c.h
[0.697s] -- Up-to-date symlink: /home/yong/ws_kari/ROS2_Test/install/custom_interfaces/include/custom_interfaces/custom_interfaces/msg/rosidl_typesupport_introspection_c__visibility_control.h
[0.697s] -- Up-to-date symlink: /home/yong/ws_kari/ROS2_Test/install/custom_interfaces/include/custom_interfaces/custom_interfaces/srv/detail/check_name__rosidl_typesupport_introspection_c.h
[0.697s] -- Up-to-date symlink: /home/yong/ws_kari/ROS2_Test/install/custom_interfaces/include/custom_interfaces/custom_interfaces/msg/detail/status__rosidl_typesupport_introspection_cpp.hpp
[0.697s] -- Up-to-date symlink: /home/yong/ws_kari/ROS2_Test/install/custom_interfaces/include/custom_interfaces/custom_interfaces/msg/detail/vehiclestate__rosidl_typesupport_introspection_cpp.hpp
[0.697s] -- Up-to-date symlink: /home/yong/ws_kari/ROS2_Test/install/custom_interfaces/include/custom_interfaces/custom_interfaces/srv/detail/check_name__rosidl_typesupport_introspection_cpp.hpp
[0.698s] -- Up-to-date symlink: /home/yong/ws_kari/ROS2_Test/install/custom_interfaces/share/custom_interfaces/environment/pythonpath.sh
[0.698s] -- Up-to-date symlink: /home/yong/ws_kari/ROS2_Test/install/custom_interfaces/share/custom_interfaces/environment/pythonpath.dsv
[0.698s] -- Up-to-date symlink: /home/yong/ws_kari/ROS2_Test/install/custom_interfaces/local/lib/python3.10/dist-packages/custom_interfaces-0.1.0-py3.10.egg-info/PKG-INFO
[0.698s] -- Up-to-date symlink: /home/yong/ws_kari/ROS2_Test/install/custom_interfaces/local/lib/python3.10/dist-packages/custom_interfaces-0.1.0-py3.10.egg-info/SOURCES.txt
[0.698s] -- Up-to-date symlink: /home/yong/ws_kari/ROS2_Test/install/custom_interfaces/local/lib/python3.10/dist-packages/custom_interfaces-0.1.0-py3.10.egg-info/dependency_links.txt
[0.698s] -- Up-to-date symlink: /home/yong/ws_kari/ROS2_Test/install/custom_interfaces/local/lib/python3.10/dist-packages/custom_interfaces-0.1.0-py3.10.egg-info/top_level.txt
[0.699s] -- Up-to-date symlink: /home/yong/ws_kari/ROS2_Test/install/custom_interfaces/local/lib/python3.10/dist-packages/custom_interfaces/__init__.py
[0.699s] -- Up-to-date symlink: /home/yong/ws_kari/ROS2_Test/install/custom_interfaces/local/lib/python3.10/dist-packages/custom_interfaces/_custom_interfaces_s.ep.rosidl_typesupport_c.c
[0.699s] -- Up-to-date symlink: /home/yong/ws_kari/ROS2_Test/install/custom_interfaces/local/lib/python3.10/dist-packages/custom_interfaces/_custom_interfaces_s.ep.rosidl_typesupport_fastrtps_c.c
[0.699s] -- Up-to-date symlink: /home/yong/ws_kari/ROS2_Test/install/custom_interfaces/local/lib/python3.10/dist-packages/custom_interfaces/_custom_interfaces_s.ep.rosidl_typesupport_introspection_c.c
[0.699s] -- Up-to-date symlink: /home/yong/ws_kari/ROS2_Test/install/custom_interfaces/local/lib/python3.10/dist-packages/custom_interfaces/custom_interfaces_s__rosidl_typesupport_c.cpython-310-x86_64-linux-gnu.so
[0.699s] -- Up-to-date symlink: /home/yong/ws_kari/ROS2_Test/install/custom_interfaces/local/lib/python3.10/dist-packages/custom_interfaces/custom_interfaces_s__rosidl_typesupport_fastrtps_c.cpython-310-x86_64-linux-gnu.so
[0.700s] -- Up-to-date symlink: /home/yong/ws_kari/ROS2_Test/install/custom_interfaces/local/lib/python3.10/dist-packages/custom_interfaces/custom_interfaces_s__rosidl_typesupport_introspection_c.cpython-310-x86_64-linux-gnu.so
[0.700s] -- Up-to-date symlink: /home/yong/ws_kari/ROS2_Test/install/custom_interfaces/local/lib/python3.10/dist-packages/custom_interfaces/libcustom_interfaces__rosidl_generator_py.so
[0.700s] -- Up-to-date symlink: /home/yong/ws_kari/ROS2_Test/install/custom_interfaces/local/lib/python3.10/dist-packages/custom_interfaces/msg/__init__.py
[0.700s] -- Up-to-date symlink: /home/yong/ws_kari/ROS2_Test/install/custom_interfaces/local/lib/python3.10/dist-packages/custom_interfaces/msg/_status.py
[0.700s] -- Up-to-date symlink: /home/yong/ws_kari/ROS2_Test/install/custom_interfaces/local/lib/python3.10/dist-packages/custom_interfaces/msg/_status_s.c
[0.700s] -- Up-to-date symlink: /home/yong/ws_kari/ROS2_Test/install/custom_interfaces/local/lib/python3.10/dist-packages/custom_interfaces/msg/_vehiclestate.py
[0.700s] -- Up-to-date symlink: /home/yong/ws_kari/ROS2_Test/install/custom_interfaces/local/lib/python3.10/dist-packages/custom_interfaces/msg/_vehiclestate_s.c
[0.700s] -- Up-to-date symlink: /home/yong/ws_kari/ROS2_Test/install/custom_interfaces/local/lib/python3.10/dist-packages/custom_interfaces/srv/__init__.py
[0.700s] -- Up-to-date symlink: /home/yong/ws_kari/ROS2_Test/install/custom_interfaces/local/lib/python3.10/dist-packages/custom_interfaces/srv/_check_name.py
[0.701s] -- Up-to-date symlink: /home/yong/ws_kari/ROS2_Test/install/custom_interfaces/local/lib/python3.10/dist-packages/custom_interfaces/srv/_check_name_s.c
[0.701s] -- Up-to-date symlink: /home/yong/ws_kari/ROS2_Test/install/custom_interfaces/local/lib/python3.10/dist-packages/custom_interfaces/custom_interfaces_s__rosidl_typesupport_fastrtps_c.cpython-310-x86_64-linux-gnu.so
[0.701s] -- Up-to-date symlink: /home/yong/ws_kari/ROS2_Test/install/custom_interfaces/local/lib/python3.10/dist-packages/custom_interfaces/custom_interfaces_s__rosidl_typesupport_introspection_c.cpython-310-x86_64-linux-gnu.so
[0.701s] -- Up-to-date symlink: /home/yong/ws_kari/ROS2_Test/install/custom_interfaces/local/lib/python3.10/dist-packages/custom_interfaces/custom_interfaces_s__rosidl_typesupport_c.cpython-310-x86_64-linux-gnu.so
[0.701s] -- Up-to-date symlink: /home/yong/ws_kari/ROS2_Test/install/custom_interfaces/share/custom_interfaces/srv/CheckName.idl
[0.702s] -- Up-to-date symlink: /home/yong/ws_kari/ROS2_Test/install/custom_interfaces/share/custom_interfaces/msg/Status.idl
[0.702s] -- Up-to-date symlink: /home/yong/ws_kari/ROS2_Test/install/custom_interfaces/share/custom_interfaces/msg/Vehiclestate.idl
[0.702s] -- Up-to-date symlink: /home/yong/ws_kari/ROS2_Test/install/custom_interfaces/share/custom_interfaces/srv/CheckName.srv
[0.702s] -- Up-to-date symlink: /home/yong/ws_kari/ROS2_Test/install/custom_interfaces/share/custom_interfaces/srv/CheckName_Request.msg
[0.702s] -- Up-to-date symlink: /home/yong/ws_kari/ROS2_Test/install/custom_interfaces/share/custom_interfaces/srv/CheckName_Response.msg
[0.702s] -- Up-to-date symlink: /home/yong/ws_kari/ROS2_Test/install/custom_interfaces/share/custom_interfaces/msg/Status.msg
[0.702s] -- Up-to-date symlink: /home/yong/ws_kari/ROS2_Test/install/custom_interfaces/share/custom_interfaces/msg/Vehiclestate.msg
[0.702s] -- Up-to-date symlink: /home/yong/ws_kari/ROS2_Test/install/custom_interfaces/share/ament_index/resource_index/package_run_dependencies/custom_interfaces
[0.703s] -- Up-to-date symlink: /home/yong/ws_kari/ROS2_Test/install/custom_interfaces/share/ament_index/resource_index/parent_prefix_path/custom_interfaces
[0.703s] -- Up-to-date symlink: /home/yong/ws_kari/ROS2_Test/install/custom_interfaces/share/custom_interfaces/environment/ament_prefix_path.sh
[0.703s] -- Up-to-date symlink: /home/yong/ws_kari/ROS2_Test/install/custom_interfaces/share/custom_interfaces/environment/ament_prefix_path.dsv
[0.703s] -- Up-to-date symlink: /home/yong/ws_kari/ROS2_Test/install/custom_interfaces/share/custom_interfaces/environment/path.sh
[0.703s] -- Up-to-date symlink: /home/yong/ws_kari/ROS2_Test/install/custom_interfaces/share/custom_interfaces/environment/path.dsv
[0.703s] -- Up-to-date symlink: /home/yong/ws_kari/ROS2_Test/install/custom_interfaces/share/custom_interfaces/local_setup.bash
[0.703s] -- Up-to-date symlink: /home/yong/ws_kari/ROS2_Test/install/custom_interfaces/share/custom_interfaces/local_setup.sh
[0.704s] -- Up-to-date symlink: /home/yong/ws_kari/ROS2_Test/install/custom_interfaces/share/custom_interfaces/local_setup.zsh
[0.704s] -- Up-to-date symlink: /home/yong/ws_kari/ROS2_Test/install/custom_interfaces/share/custom_interfaces/local_setup.dsv
[0.704s] -- Symlinking: /home/yong/ws_kari/ROS2_Test/install/custom_interfaces/share/custom_interfaces/package.dsv
[0.714s] -- Up-to-date symlink: /home/yong/ws_kari/ROS2_Test/install/custom_interfaces/share/ament_index/resource_index/packages/custom_interfaces
[0.714s] -- Up-to-date symlink: /home/yong/ws_kari/ROS2_Test/install/custom_interfaces/share/custom_interfaces/cmake/rosidl_cmake-extras.cmake
[0.714s] -- Up-to-date symlink: /home/yong/ws_kari/ROS2_Test/install/custom_interfaces/share/custom_interfaces/cmake/ament_cmake_export_include_directories-extras.cmake
[0.714s] -- Up-to-date symlink: /home/yong/ws_kari/ROS2_Test/install/custom_interfaces/share/custom_interfaces/cmake/ament_cmake_export_libraries-extras.cmake
[0.714s] -- Up-to-date symlink: /home/yong/ws_kari/ROS2_Test/install/custom_interfaces/share/custom_interfaces/cmake/ament_cmake_export_targets-extras.cmake
[0.714s] -- Up-to-date symlink: /home/yong/ws_kari/ROS2_Test/install/custom_interfaces/share/custom_interfaces/cmake/rosidl_cmake_export_typesupport_targets-extras.cmake
[0.714s] -- Up-to-date symlink: /home/yong/ws_kari/ROS2_Test/install/custom_interfaces/share/custom_interfaces/cmake/ament_cmake_export_dependencies-extras.cmake
[0.715s] -- Up-to-date symlink: /home/yong/ws_kari/ROS2_Test/install/custom_interfaces/share/custom_interfaces/cmake/rosidl_cmake_export_typesupport_libraries-extras.cmake
[0.715s] -- Up-to-date symlink: /home/yong/ws_kari/ROS2_Test/install/custom_interfaces/share/custom_interfaces/cmake/custom_interfacesConfig.cmake
[0.715s] -- Up-to-date symlink: /home/yong/ws_kari/ROS2_Test/install/custom_interfaces/share/custom_interfaces/cmake/custom_interfacesConfig-version.cmake
[0.715s] -- Up-to-date symlink: /home/yong/ws_kari/ROS2_Test/install/custom_interfaces/share/custom_interfaces/package.xml
[0.715s] -- Up-to-date: /home/yong/ws_kari/ROS2_Test/install/custom_interfaces/lib/libcustom_interfaces__rosidl_generator_c.so
[0.715s] -- Up-to-date: /home/yong/ws_kari/ROS2_Test/install/custom_interfaces/lib/libcustom_interfaces__rosidl_typesupport_fastrtps_c.so
[0.716s] -- Up-to-date: /home/yong/ws_kari/ROS2_Test/install/custom_interfaces/lib/libcustom_interfaces__rosidl_typesupport_fastrtps_cpp.so
[0.716s] -- Up-to-date: /home/yong/ws_kari/ROS2_Test/install/custom_interfaces/lib/libcustom_interfaces__rosidl_typesupport_introspection_c.so
[0.716s] -- Up-to-date: /home/yong/ws_kari/ROS2_Test/install/custom_interfaces/lib/libcustom_interfaces__rosidl_typesupport_c.so
[0.717s] -- Up-to-date: /home/yong/ws_kari/ROS2_Test/install/custom_interfaces/lib/libcustom_interfaces__rosidl_typesupport_introspection_cpp.so
[0.717s] -- Up-to-date: /home/yong/ws_kari/ROS2_Test/install/custom_interfaces/lib/libcustom_interfaces__rosidl_typesupport_cpp.so
[0.756s] Listing '/home/yong/ws_kari/ROS2_Test/install/custom_interfaces/local/lib/python3.10/dist-packages/custom_interfaces'...
[0.757s] Listing '/home/yong/ws_kari/ROS2_Test/install/custom_interfaces/local/lib/python3.10/dist-packages/custom_interfaces/msg'...
[0.757s] Listing '/home/yong/ws_kari/ROS2_Test/install/custom_interfaces/local/lib/python3.10/dist-packages/custom_interfaces/srv'...
[0.766s] -- Up-to-date: /home/yong/ws_kari/ROS2_Test/install/custom_interfaces/lib/libcustom_interfaces__rosidl_generator_py.so
[0.766s] -- Up-to-date: /home/yong/ws_kari/ROS2_Test/install/custom_interfaces/share/custom_interfaces/cmake/export_custom_interfaces__rosidl_generator_cExport.cmake
[0.766s] -- Up-to-date: /home/yong/ws_kari/ROS2_Test/install/custom_interfaces/share/custom_interfaces/cmake/export_custom_interfaces__rosidl_generator_cExport-noconfig.cmake
[0.766s] -- Up-to-date: /home/yong/ws_kari/ROS2_Test/install/custom_interfaces/share/custom_interfaces/cmake/export_custom_interfaces__rosidl_typesupport_fastrtps_cExport.cmake
[0.767s] -- Up-to-date: /home/yong/ws_kari/ROS2_Test/install/custom_interfaces/share/custom_interfaces/cmake/export_custom_interfaces__rosidl_typesupport_fastrtps_cExport-noconfig.cmake
[0.767s] -- Up-to-date: /home/yong/ws_kari/ROS2_Test/install/custom_interfaces/share/custom_interfaces/cmake/export_custom_interfaces__rosidl_generator_cppExport.cmake
[0.767s] -- Up-to-date: /home/yong/ws_kari/ROS2_Test/install/custom_interfaces/share/custom_interfaces/cmake/export_custom_interfaces__rosidl_typesupport_fastrtps_cppExport.cmake
[0.767s] -- Up-to-date: /home/yong/ws_kari/ROS2_Test/install/custom_interfaces/share/custom_interfaces/cmake/export_custom_interfaces__rosidl_typesupport_fastrtps_cppExport-noconfig.cmake
[0.767s] -- Up-to-date: /home/yong/ws_kari/ROS2_Test/install/custom_interfaces/share/custom_interfaces/cmake/custom_interfaces__rosidl_typesupport_introspection_cExport.cmake
[0.767s] -- Up-to-date: /home/yong/ws_kari/ROS2_Test/install/custom_interfaces/share/custom_interfaces/cmake/custom_interfaces__rosidl_typesupport_introspection_cExport-noconfig.cmake
[0.767s] -- Up-to-date: /home/yong/ws_kari/ROS2_Test/install/custom_interfaces/share/custom_interfaces/cmake/custom_interfaces__rosidl_typesupport_cExport.cmake
[0.767s] -- Up-to-date: /home/yong/ws_kari/ROS2_Test/install/custom_interfaces/share/custom_interfaces/cmake/custom_interfaces__rosidl_typesupport_cExport-noconfig.cmake
[0.768s] -- Up-to-date: /home/yong/ws_kari/ROS2_Test/install/custom_interfaces/share/custom_interfaces/cmake/custom_interfaces__rosidl_typesupport_introspection_cppExport.cmake
[0.768s] -- Up-to-date: /home/yong/ws_kari/ROS2_Test/install/custom_interfaces/share/custom_interfaces/cmake/custom_interfaces__rosidl_typesupport_introspection_cppExport-noconfig.cmake
[0.768s] -- Up-to-date: /home/yong/ws_kari/ROS2_Test/install/custom_interfaces/share/custom_interfaces/cmake/custom_interfaces__rosidl_typesupport_cppExport.cmake
[0.768s] -- Up-to-date: /home/yong/ws_kari/ROS2_Test/install/custom_interfaces/share/custom_interfaces/cmake/custom_interfaces__rosidl_typesupport_cppExport-noconfig.cmake
[0.768s] -- Up-to-date: /home/yong/ws_kari/ROS2_Test/install/custom_interfaces/share/custom_interfaces/cmake/export_custom_interfaces__rosidl_generator_pyExport.cmake
[0.768s] -- Up-to-date: /home/yong/ws_kari/ROS2_Test/install/custom_interfaces/share/custom_interfaces/cmake/export_custom_interfaces__rosidl_generator_pyExport-noconfig.cmake
[0.799s] Invoked command in '/home/yong/ws_kari/ROS2_Test/build/custom_interfaces' returned '0': CMAKE_PREFIX_PATH=${CMAKE_PREFIX_PATH}:/opt/ros/humble /usr/bin/cmake --install /home/yong/ws_kari/ROS2_Test/build/custom_interfaces
