[0.094s] Invoking command in '/home/yong/ws_kari/build/cbba': CMAKE_PREFIX_PATH=/opt/ros/humble /usr/bin/cmake /home/yong/ws_kari/src/cbba -DCMAKE_INSTALL_PREFIX=/home/yong/ws_kari/install/cbba
[0.143s] -- The C compiler identification is GNU 11.4.0
[0.190s] -- The CXX compiler identification is GNU 11.4.0
[0.197s] -- Detecting C compiler ABI info
[0.260s] -- Detecting C compiler ABI info - done
[0.266s] -- Check for working C compiler: /usr/bin/cc - skipped
[0.266s] -- Detecting C compile features
[0.267s] -- Detecting C compile features - done
[0.269s] -- Detecting CXX compiler ABI info
[0.347s] -- Detecting CXX compiler ABI info - done
[0.353s] -- Check for working CXX compiler: /usr/bin/c++ - skipped
[0.353s] -- Detecting CXX compile features
[0.354s] -- Detecting CXX compile features - done
[0.356s] -- Found ament_cmake: 1.3.7 (/opt/ros/humble/share/ament_cmake/cmake)
[0.657s] -- Found Python3: /usr/bin/python3.10 (found version "3.10.12") found components: Interpreter 
[0.738s] -- Found rclcpp: 16.0.8 (/opt/ros/humble/share/rclcpp/cmake)
[0.774s] -- Found rosidl_generator_c: 3.1.5 (/opt/ros/humble/share/rosidl_generator_c/cmake)
[0.778s] -- Found rosidl_adapter: 3.1.5 (/opt/ros/humble/share/rosidl_adapter/cmake)
[0.785s] -- Found rosidl_generator_cpp: 3.1.5 (/opt/ros/humble/share/rosidl_generator_cpp/cmake)
[0.797s] -- Using all available rosidl_typesupport_c: rosidl_typesupport_fastrtps_c;rosidl_typesupport_introspection_c
[0.814s] -- Using all available rosidl_typesupport_cpp: rosidl_typesupport_fastrtps_cpp;rosidl_typesupport_introspection_cpp
[0.874s] -- Found rmw_implementation_cmake: 6.1.1 (/opt/ros/humble/share/rmw_implementation_cmake/cmake)
[0.876s] -- Found rmw_fastrtps_cpp: 6.2.6 (/opt/ros/humble/share/rmw_fastrtps_cpp/cmake)
[0.980s] -- Found OpenSSL: /usr/lib/x86_64-linux-gnu/libcrypto.so (found version "3.0.2")  
[1.010s] -- Found FastRTPS: /opt/ros/humble/include  
[1.068s] -- Using RMW implementation 'rmw_fastrtps_cpp' as default
[1.076s] -- Looking for pthread.h
[1.142s] -- Looking for pthread.h - found
[1.142s] -- Performing Test CMAKE_HAVE_LIBC_PTHREAD
[1.212s] -- Performing Test CMAKE_HAVE_LIBC_PTHREAD - Success
[1.213s] -- Found Threads: TRUE  
[1.353s] -- Found ament_lint_auto: 0.12.10 (/opt/ros/humble/share/ament_lint_auto/cmake)
[1.423s] -- Added test 'cppcheck' to perform static code analysis on C / C++ code
[1.423s] -- Configured cppcheck include dirs: 
[1.423s] -- Configured cppcheck exclude dirs and/or files: 
[1.424s] -- Added test 'lint_cmake' to check CMake code style
[1.424s] -- Added test 'uncrustify' to check C / C++ code style
[1.424s] -- Configured uncrustify additional arguments: 
[1.425s] -- Added test 'xmllint' to check XML markup files
[1.426s] -- Configuring done
[1.430s] -- Generating done
[1.432s] -- Build files have been written to: /home/yong/ws_kari/build/cbba
[1.440s] Invoked command in '/home/yong/ws_kari/build/cbba' returned '0': CMAKE_PREFIX_PATH=/opt/ros/humble /usr/bin/cmake /home/yong/ws_kari/src/cbba -DCMAKE_INSTALL_PREFIX=/home/yong/ws_kari/install/cbba
[1.442s] Invoking command in '/home/yong/ws_kari/build/cbba': CMAKE_PREFIX_PATH=/opt/ros/humble /usr/bin/cmake --build /home/yong/ws_kari/build/cbba -- -j16 -l16
[1.481s] Invoked command in '/home/yong/ws_kari/build/cbba' returned '0': CMAKE_PREFIX_PATH=/opt/ros/humble /usr/bin/cmake --build /home/yong/ws_kari/build/cbba -- -j16 -l16
[1.510s] Invoking command in '/home/yong/ws_kari/build/cbba': CMAKE_PREFIX_PATH=/opt/ros/humble /usr/bin/cmake --install /home/yong/ws_kari/build/cbba
[1.517s] -- Install configuration: ""
[1.517s] -- Installing: /home/yong/ws_kari/install/cbba/share/ament_index/resource_index/package_run_dependencies/cbba
[1.517s] -- Installing: /home/yong/ws_kari/install/cbba/share/ament_index/resource_index/parent_prefix_path/cbba
[1.517s] -- Up-to-date: /home/yong/ws_kari/install/cbba/share/cbba/environment/ament_prefix_path.sh
[1.518s] -- Installing: /home/yong/ws_kari/install/cbba/share/cbba/environment/ament_prefix_path.dsv
[1.518s] -- Up-to-date: /home/yong/ws_kari/install/cbba/share/cbba/environment/path.sh
[1.518s] -- Installing: /home/yong/ws_kari/install/cbba/share/cbba/environment/path.dsv
[1.518s] -- Installing: /home/yong/ws_kari/install/cbba/share/cbba/local_setup.bash
[1.518s] -- Installing: /home/yong/ws_kari/install/cbba/share/cbba/local_setup.sh
[1.518s] -- Installing: /home/yong/ws_kari/install/cbba/share/cbba/local_setup.zsh
[1.518s] -- Installing: /home/yong/ws_kari/install/cbba/share/cbba/local_setup.dsv
[1.518s] -- Installing: /home/yong/ws_kari/install/cbba/share/cbba/package.dsv
[1.519s] -- Installing: /home/yong/ws_kari/install/cbba/share/ament_index/resource_index/packages/cbba
[1.519s] -- Installing: /home/yong/ws_kari/install/cbba/share/cbba/cmake/cbbaConfig.cmake
[1.519s] -- Installing: /home/yong/ws_kari/install/cbba/share/cbba/cmake/cbbaConfig-version.cmake
[1.519s] -- Up-to-date: /home/yong/ws_kari/install/cbba/share/cbba/package.xml
[1.521s] Invoked command in '/home/yong/ws_kari/build/cbba' returned '0': CMAKE_PREFIX_PATH=/opt/ros/humble /usr/bin/cmake --install /home/yong/ws_kari/build/cbba
