[0.815s] DEBUG:colcon:Command line arguments: ['/usr/bin/colcon', 'build']
[0.816s] DEBUG:colcon:Parsed command line arguments: Namespace(log_base=None, log_level=None, verb_name='build', build_base='build', install_base='install', merge_install=False, symlink_install=False, test_result_base=None, continue_on_error=False, executor='parallel', parallel_workers=16, event_handlers=None, ignore_user_meta=False, metas=['./colcon.meta'], base_paths=['.'], packages_ignore=None, packages_ignore_regex=None, paths=None, packages_up_to=None, packages_up_to_regex=None, packages_above=None, packages_above_and_dependencies=None, packages_above_depth=None, packages_select_by_dep=None, packages_skip_by_dep=None, packages_skip_up_to=None, packages_select_build_failed=False, packages_skip_build_finished=False, packages_select_test_failures=False, packages_skip_test_passed=False, packages_select=None, packages_skip=None, packages_select_regex=None, packages_skip_regex=None, packages_start=None, packages_end=None, allow_overriding=[], cmake_args=None, cmake_target=None, cmake_target_skip_unavailable=False, cmake_clean_cache=False, cmake_clean_first=False, cmake_force_configure=False, ament_cmake_args=None, catkin_cmake_args=None, catkin_skip_building_tests=False, verb_parser=<colcon_defaults.argument_parser.defaults.DefaultArgumentsDecorator object at 0x7d7d9825d030>, verb_extension=<colcon_core.verb.build.BuildVerb object at 0x7d7d9825c730>, main=<bound method BuildVerb.main of <colcon_core.verb.build.BuildVerb object at 0x7d7d9825c730>>)
[0.860s] Level 1:colcon.colcon_core.package_discovery:discover_packages(colcon_meta) check parameters
[0.860s] Level 1:colcon.colcon_core.package_discovery:discover_packages(recursive) check parameters
[0.861s] Level 1:colcon.colcon_core.package_discovery:discover_packages(ignore) check parameters
[0.861s] Level 1:colcon.colcon_core.package_discovery:discover_packages(path) check parameters
[0.861s] Level 1:colcon.colcon_core.package_discovery:discover_packages(colcon_meta) discover
[0.861s] Level 1:colcon.colcon_core.package_discovery:discover_packages(recursive) discover
[0.861s] INFO:colcon.colcon_core.package_discovery:Crawling recursively for packages in '/home/yong/ws_kari'
[0.861s] Level 1:colcon.colcon_core.package_identification:_identify(.) by extensions ['ignore', 'ignore_ament_install']
[0.861s] Level 1:colcon.colcon_core.package_identification:_identify(.) by extension 'ignore'
[0.861s] Level 1:colcon.colcon_core.package_identification:_identify(.) by extension 'ignore_ament_install'
[0.861s] Level 1:colcon.colcon_core.package_identification:_identify(.) by extensions ['colcon_pkg']
[0.861s] Level 1:colcon.colcon_core.package_identification:_identify(.) by extension 'colcon_pkg'
[0.861s] Level 1:colcon.colcon_core.package_identification:_identify(.) by extensions ['colcon_meta']
[0.861s] Level 1:colcon.colcon_core.package_identification:_identify(.) by extension 'colcon_meta'
[0.861s] Level 1:colcon.colcon_core.package_identification:_identify(.) by extensions ['ros']
[0.861s] Level 1:colcon.colcon_core.package_identification:_identify(.) by extension 'ros'
[0.872s] Level 1:colcon.colcon_core.package_identification:_identify(.) by extensions ['cmake', 'python']
[0.872s] Level 1:colcon.colcon_core.package_identification:_identify(.) by extension 'cmake'
[0.872s] Level 1:colcon.colcon_core.package_identification:_identify(.) by extension 'python'
[0.872s] Level 1:colcon.colcon_core.package_identification:_identify(.) by extensions ['python_setup_py']
[0.872s] Level 1:colcon.colcon_core.package_identification:_identify(.) by extension 'python_setup_py'
[0.872s] Level 1:colcon.colcon_core.package_identification:_identify(build) by extensions ['ignore', 'ignore_ament_install']
[0.872s] Level 1:colcon.colcon_core.package_identification:_identify(build) by extension 'ignore'
[0.872s] Level 1:colcon.colcon_core.package_identification:_identify(build) ignored
[0.872s] Level 1:colcon.colcon_core.package_identification:_identify(install) by extensions ['ignore', 'ignore_ament_install']
[0.872s] Level 1:colcon.colcon_core.package_identification:_identify(install) by extension 'ignore'
[0.872s] Level 1:colcon.colcon_core.package_identification:_identify(install) ignored
[0.873s] Level 1:colcon.colcon_core.package_identification:_identify(log) by extensions ['ignore', 'ignore_ament_install']
[0.873s] Level 1:colcon.colcon_core.package_identification:_identify(log) by extension 'ignore'
[0.873s] Level 1:colcon.colcon_core.package_identification:_identify(log) ignored
[0.873s] Level 1:colcon.colcon_core.package_identification:_identify(src) by extensions ['ignore', 'ignore_ament_install']
[0.873s] Level 1:colcon.colcon_core.package_identification:_identify(src) by extension 'ignore'
[0.873s] Level 1:colcon.colcon_core.package_identification:_identify(src) by extension 'ignore_ament_install'
[0.873s] Level 1:colcon.colcon_core.package_identification:_identify(src) by extensions ['colcon_pkg']
[0.873s] Level 1:colcon.colcon_core.package_identification:_identify(src) by extension 'colcon_pkg'
[0.873s] Level 1:colcon.colcon_core.package_identification:_identify(src) by extensions ['colcon_meta']
[0.873s] Level 1:colcon.colcon_core.package_identification:_identify(src) by extension 'colcon_meta'
[0.873s] Level 1:colcon.colcon_core.package_identification:_identify(src) by extensions ['ros']
[0.873s] Level 1:colcon.colcon_core.package_identification:_identify(src) by extension 'ros'
[0.873s] Level 1:colcon.colcon_core.package_identification:_identify(src) by extensions ['cmake', 'python']
[0.873s] Level 1:colcon.colcon_core.package_identification:_identify(src) by extension 'cmake'
[0.873s] Level 1:colcon.colcon_core.package_identification:_identify(src) by extension 'python'
[0.873s] Level 1:colcon.colcon_core.package_identification:_identify(src) by extensions ['python_setup_py']
[0.873s] Level 1:colcon.colcon_core.package_identification:_identify(src) by extension 'python_setup_py'
[0.873s] Level 1:colcon.colcon_core.package_identification:_identify(src/cbba) by extensions ['ignore', 'ignore_ament_install']
[0.873s] Level 1:colcon.colcon_core.package_identification:_identify(src/cbba) by extension 'ignore'
[0.873s] Level 1:colcon.colcon_core.package_identification:_identify(src/cbba) by extension 'ignore_ament_install'
[0.873s] Level 1:colcon.colcon_core.package_identification:_identify(src/cbba) by extensions ['colcon_pkg']
[0.873s] Level 1:colcon.colcon_core.package_identification:_identify(src/cbba) by extension 'colcon_pkg'
[0.874s] Level 1:colcon.colcon_core.package_identification:_identify(src/cbba) by extensions ['colcon_meta']
[0.874s] Level 1:colcon.colcon_core.package_identification:_identify(src/cbba) by extension 'colcon_meta'
[0.874s] Level 1:colcon.colcon_core.package_identification:_identify(src/cbba) by extensions ['ros']
[0.874s] Level 1:colcon.colcon_core.package_identification:_identify(src/cbba) by extension 'ros'
[0.875s] DEBUG:colcon.colcon_core.package_identification:Package 'src/cbba' with type 'ros.ament_cmake' and name 'cbba'
[0.875s] Level 1:colcon.colcon_core.package_identification:_identify(src/multi_agent_comm) by extensions ['ignore', 'ignore_ament_install']
[0.875s] Level 1:colcon.colcon_core.package_identification:_identify(src/multi_agent_comm) by extension 'ignore'
[0.876s] Level 1:colcon.colcon_core.package_identification:_identify(src/multi_agent_comm) by extension 'ignore_ament_install'
[0.876s] Level 1:colcon.colcon_core.package_identification:_identify(src/multi_agent_comm) by extensions ['colcon_pkg']
[0.876s] Level 1:colcon.colcon_core.package_identification:_identify(src/multi_agent_comm) by extension 'colcon_pkg'
[0.876s] Level 1:colcon.colcon_core.package_identification:_identify(src/multi_agent_comm) by extensions ['colcon_meta']
[0.876s] Level 1:colcon.colcon_core.package_identification:_identify(src/multi_agent_comm) by extension 'colcon_meta'
[0.876s] Level 1:colcon.colcon_core.package_identification:_identify(src/multi_agent_comm) by extensions ['ros']
[0.876s] Level 1:colcon.colcon_core.package_identification:_identify(src/multi_agent_comm) by extension 'ros'
[0.876s] DEBUG:colcon.colcon_core.package_identification:Package 'src/multi_agent_comm' with type 'ros.ament_cmake' and name 'multi_agent_comm'
[0.876s] Level 1:colcon.colcon_core.package_discovery:discover_packages(recursive) using defaults
[0.876s] Level 1:colcon.colcon_core.package_discovery:discover_packages(ignore) discover
[0.876s] Level 1:colcon.colcon_core.package_discovery:discover_packages(ignore) using defaults
[0.876s] Level 1:colcon.colcon_core.package_discovery:discover_packages(path) discover
[0.876s] Level 1:colcon.colcon_core.package_discovery:discover_packages(path) using defaults
[0.952s] Level 1:colcon.colcon_core.package_discovery:discover_packages(prefix_path) check parameters
[0.952s] Level 1:colcon.colcon_core.package_discovery:discover_packages(prefix_path) discover
[0.979s] DEBUG:colcon.colcon_installed_package_information.package_discovery:Found 291 installed packages in /opt/ros/humble
[0.980s] Level 1:colcon.colcon_core.package_discovery:discover_packages(prefix_path) using defaults
[1.042s] Level 5:colcon.colcon_core.verb:set package 'cbba' build argument 'cmake_args' from command line to 'None'
[1.042s] Level 5:colcon.colcon_core.verb:set package 'cbba' build argument 'cmake_target' from command line to 'None'
[1.042s] Level 5:colcon.colcon_core.verb:set package 'cbba' build argument 'cmake_target_skip_unavailable' from command line to 'False'
[1.042s] Level 5:colcon.colcon_core.verb:set package 'cbba' build argument 'cmake_clean_cache' from command line to 'False'
[1.042s] Level 5:colcon.colcon_core.verb:set package 'cbba' build argument 'cmake_clean_first' from command line to 'False'
[1.043s] Level 5:colcon.colcon_core.verb:set package 'cbba' build argument 'cmake_force_configure' from command line to 'False'
[1.043s] Level 5:colcon.colcon_core.verb:set package 'cbba' build argument 'ament_cmake_args' from command line to 'None'
[1.043s] Level 5:colcon.colcon_core.verb:set package 'cbba' build argument 'catkin_cmake_args' from command line to 'None'
[1.043s] Level 5:colcon.colcon_core.verb:set package 'cbba' build argument 'catkin_skip_building_tests' from command line to 'False'
[1.043s] DEBUG:colcon.colcon_core.verb:Building package 'cbba' with the following arguments: {'ament_cmake_args': None, 'build_base': '/home/yong/ws_kari/build/cbba', 'catkin_cmake_args': None, 'catkin_skip_building_tests': False, 'cmake_args': None, 'cmake_clean_cache': False, 'cmake_clean_first': False, 'cmake_force_configure': False, 'cmake_target': None, 'cmake_target_skip_unavailable': False, 'install_base': '/home/yong/ws_kari/install/cbba', 'merge_install': False, 'path': '/home/yong/ws_kari/src/cbba', 'symlink_install': False, 'test_result_base': None}
[1.055s] Level 5:colcon.colcon_core.verb:set package 'multi_agent_comm' build argument 'cmake_args' from command line to 'None'
[1.055s] Level 5:colcon.colcon_core.verb:set package 'multi_agent_comm' build argument 'cmake_target' from command line to 'None'
[1.055s] Level 5:colcon.colcon_core.verb:set package 'multi_agent_comm' build argument 'cmake_target_skip_unavailable' from command line to 'False'
[1.055s] Level 5:colcon.colcon_core.verb:set package 'multi_agent_comm' build argument 'cmake_clean_cache' from command line to 'False'
[1.055s] Level 5:colcon.colcon_core.verb:set package 'multi_agent_comm' build argument 'cmake_clean_first' from command line to 'False'
[1.055s] Level 5:colcon.colcon_core.verb:set package 'multi_agent_comm' build argument 'cmake_force_configure' from command line to 'False'
[1.055s] Level 5:colcon.colcon_core.verb:set package 'multi_agent_comm' build argument 'ament_cmake_args' from command line to 'None'
[1.055s] Level 5:colcon.colcon_core.verb:set package 'multi_agent_comm' build argument 'catkin_cmake_args' from command line to 'None'
[1.055s] Level 5:colcon.colcon_core.verb:set package 'multi_agent_comm' build argument 'catkin_skip_building_tests' from command line to 'False'
[1.055s] DEBUG:colcon.colcon_core.verb:Building package 'multi_agent_comm' with the following arguments: {'ament_cmake_args': None, 'build_base': '/home/yong/ws_kari/build/multi_agent_comm', 'catkin_cmake_args': None, 'catkin_skip_building_tests': False, 'cmake_args': None, 'cmake_clean_cache': False, 'cmake_clean_first': False, 'cmake_force_configure': False, 'cmake_target': None, 'cmake_target_skip_unavailable': False, 'install_base': '/home/yong/ws_kari/install/multi_agent_comm', 'merge_install': False, 'path': '/home/yong/ws_kari/src/multi_agent_comm', 'symlink_install': False, 'test_result_base': None}
[1.067s] INFO:colcon.colcon_core.executor:Executing jobs using 'parallel' executor
[1.080s] DEBUG:colcon.colcon_parallel_executor.executor.parallel:run_until_complete
[1.080s] INFO:colcon.colcon_ros.task.ament_cmake.build:Building ROS package in '/home/yong/ws_kari/src/cbba' with build type 'ament_cmake'
[1.080s] INFO:colcon.colcon_cmake.task.cmake.build:Building CMake package in '/home/yong/ws_kari/src/cbba'
[1.105s] INFO:colcon.colcon_core.plugin_system:Skipping extension 'colcon_core.shell.bat': Not used on non-Windows systems
[1.105s] INFO:colcon.colcon_core.shell:Skip shell extension 'powershell' for command environment: Not usable outside of PowerShell
[1.105s] DEBUG:colcon.colcon_core.shell:Skip shell extension 'dsv' for command environment
[1.132s] INFO:colcon.colcon_ros.task.ament_cmake.build:Building ROS package in '/home/yong/ws_kari/src/multi_agent_comm' with build type 'ament_cmake'
[1.132s] INFO:colcon.colcon_cmake.task.cmake.build:Building CMake package in '/home/yong/ws_kari/src/multi_agent_comm'
[1.145s] INFO:colcon.colcon_core.shell:Skip shell extension 'powershell' for command environment: Not usable outside of PowerShell
[1.145s] DEBUG:colcon.colcon_core.shell:Skip shell extension 'dsv' for command environment
[1.176s] DEBUG:colcon.colcon_core.event_handler.log_command:Invoking command in '/home/yong/ws_kari/build/cbba': CMAKE_PREFIX_PATH=/opt/ros/humble /usr/bin/cmake --build /home/yong/ws_kari/build/cbba -- -j16 -l16
[1.180s] DEBUG:colcon.colcon_core.event_handler.log_command:Invoking command in '/home/yong/ws_kari/build/multi_agent_comm': CMAKE_PREFIX_PATH=/opt/ros/humble /usr/bin/cmake --build /home/yong/ws_kari/build/multi_agent_comm -- -j16 -l16
[1.215s] DEBUG:colcon.colcon_core.event_handler.log_command:Invoked command in '/home/yong/ws_kari/build/cbba' returned '0': CMAKE_PREFIX_PATH=/opt/ros/humble /usr/bin/cmake --build /home/yong/ws_kari/build/cbba -- -j16 -l16
[1.248s] DEBUG:colcon.colcon_core.event_handler.log_command:Invoking command in '/home/yong/ws_kari/build/cbba': CMAKE_PREFIX_PATH=/opt/ros/humble /usr/bin/cmake --install /home/yong/ws_kari/build/cbba
[1.258s] Level 1:colcon.colcon_core.environment:create_environment_scripts_only(cbba)
[1.259s] DEBUG:colcon.colcon_core.event_handler.log_command:Invoked command in '/home/yong/ws_kari/build/cbba' returned '0': CMAKE_PREFIX_PATH=/opt/ros/humble /usr/bin/cmake --install /home/yong/ws_kari/build/cbba
[1.274s] Level 1:colcon.colcon_core.environment:checking '/home/yong/ws_kari/install/cbba' for CMake module files
[1.274s] Level 1:colcon.colcon_core.environment:checking '/home/yong/ws_kari/install/cbba' for CMake config files
[1.274s] Level 1:colcon.colcon_core.shell:create_environment_hook('cbba', 'cmake_prefix_path')
[1.287s] INFO:colcon.colcon_core.shell:Creating environment hook '/home/yong/ws_kari/install/cbba/share/cbba/hook/cmake_prefix_path.ps1'
[1.288s] INFO:colcon.colcon_core.shell:Creating environment descriptor '/home/yong/ws_kari/install/cbba/share/cbba/hook/cmake_prefix_path.dsv'
[1.288s] INFO:colcon.colcon_core.shell:Creating environment hook '/home/yong/ws_kari/install/cbba/share/cbba/hook/cmake_prefix_path.sh'
[1.289s] Level 1:colcon.colcon_core.environment:checking '/home/yong/ws_kari/install/cbba/bin'
[1.289s] Level 1:colcon.colcon_core.environment:checking '/home/yong/ws_kari/install/cbba/lib/pkgconfig/cbba.pc'
[1.289s] Level 1:colcon.colcon_core.environment:checking '/home/yong/ws_kari/install/cbba/lib/python3.10/site-packages'
[1.289s] Level 1:colcon.colcon_core.environment:checking '/home/yong/ws_kari/install/cbba/bin'
[1.302s] INFO:colcon.colcon_core.shell:Creating package script '/home/yong/ws_kari/install/cbba/share/cbba/package.ps1'
[1.303s] INFO:colcon.colcon_core.shell:Creating package descriptor '/home/yong/ws_kari/install/cbba/share/cbba/package.dsv'
[1.303s] INFO:colcon.colcon_core.shell:Creating package script '/home/yong/ws_kari/install/cbba/share/cbba/package.sh'
[1.304s] INFO:colcon.colcon_core.shell:Creating package script '/home/yong/ws_kari/install/cbba/share/cbba/package.bash'
[1.305s] INFO:colcon.colcon_core.shell:Creating package script '/home/yong/ws_kari/install/cbba/share/cbba/package.zsh'
[1.305s] Level 1:colcon.colcon_core.environment:create_file_with_runtime_dependencies(/home/yong/ws_kari/install/cbba/share/colcon-core/packages/cbba)
[1.340s] Level 1:colcon.colcon_core.environment:create_environment_scripts_only(cbba)
[1.353s] Level 1:colcon.colcon_core.environment:checking '/home/yong/ws_kari/install/cbba' for CMake module files
[1.354s] Level 1:colcon.colcon_core.environment:checking '/home/yong/ws_kari/install/cbba' for CMake config files
[1.354s] Level 1:colcon.colcon_core.shell:create_environment_hook('cbba', 'cmake_prefix_path')
[1.367s] INFO:colcon.colcon_core.shell:Creating environment hook '/home/yong/ws_kari/install/cbba/share/cbba/hook/cmake_prefix_path.ps1'
[1.367s] INFO:colcon.colcon_core.shell:Creating environment descriptor '/home/yong/ws_kari/install/cbba/share/cbba/hook/cmake_prefix_path.dsv'
[1.367s] INFO:colcon.colcon_core.shell:Creating environment hook '/home/yong/ws_kari/install/cbba/share/cbba/hook/cmake_prefix_path.sh'
[1.368s] Level 1:colcon.colcon_core.environment:checking '/home/yong/ws_kari/install/cbba/bin'
[1.368s] Level 1:colcon.colcon_core.environment:checking '/home/yong/ws_kari/install/cbba/lib/pkgconfig/cbba.pc'
[1.368s] Level 1:colcon.colcon_core.environment:checking '/home/yong/ws_kari/install/cbba/lib/python3.10/site-packages'
[1.368s] Level 1:colcon.colcon_core.environment:checking '/home/yong/ws_kari/install/cbba/bin'
[1.381s] INFO:colcon.colcon_core.shell:Creating package script '/home/yong/ws_kari/install/cbba/share/cbba/package.ps1'
[1.382s] INFO:colcon.colcon_core.shell:Creating package descriptor '/home/yong/ws_kari/install/cbba/share/cbba/package.dsv'
[1.382s] INFO:colcon.colcon_core.shell:Creating package script '/home/yong/ws_kari/install/cbba/share/cbba/package.sh'
[1.382s] INFO:colcon.colcon_core.shell:Creating package script '/home/yong/ws_kari/install/cbba/share/cbba/package.bash'
[1.383s] INFO:colcon.colcon_core.shell:Creating package script '/home/yong/ws_kari/install/cbba/share/cbba/package.zsh'
[1.383s] Level 1:colcon.colcon_core.environment:create_file_with_runtime_dependencies(/home/yong/ws_kari/install/cbba/share/colcon-core/packages/cbba)
[8.217s] DEBUG:colcon.colcon_core.event_handler.log_command:Invoked command in '/home/yong/ws_kari/build/multi_agent_comm' returned '0': CMAKE_PREFIX_PATH=/opt/ros/humble /usr/bin/cmake --build /home/yong/ws_kari/build/multi_agent_comm -- -j16 -l16
[8.273s] DEBUG:colcon.colcon_core.event_handler.log_command:Invoking command in '/home/yong/ws_kari/build/multi_agent_comm': CMAKE_PREFIX_PATH=/opt/ros/humble /usr/bin/cmake --install /home/yong/ws_kari/build/multi_agent_comm
[8.335s] Level 1:colcon.colcon_core.environment:create_environment_scripts_only(multi_agent_comm)
[8.335s] DEBUG:colcon.colcon_core.event_handler.log_command:Invoked command in '/home/yong/ws_kari/build/multi_agent_comm' returned '0': CMAKE_PREFIX_PATH=/opt/ros/humble /usr/bin/cmake --install /home/yong/ws_kari/build/multi_agent_comm
[8.348s] Level 1:colcon.colcon_core.environment:checking '/home/yong/ws_kari/install/multi_agent_comm' for CMake module files
[8.348s] Level 1:colcon.colcon_core.environment:checking '/home/yong/ws_kari/install/multi_agent_comm' for CMake config files
[8.349s] Level 1:colcon.colcon_core.shell:create_environment_hook('multi_agent_comm', 'cmake_prefix_path')
[8.361s] INFO:colcon.colcon_core.shell:Creating environment hook '/home/yong/ws_kari/install/multi_agent_comm/share/multi_agent_comm/hook/cmake_prefix_path.ps1'
[8.362s] INFO:colcon.colcon_core.shell:Creating environment descriptor '/home/yong/ws_kari/install/multi_agent_comm/share/multi_agent_comm/hook/cmake_prefix_path.dsv'
[8.362s] INFO:colcon.colcon_core.shell:Creating environment hook '/home/yong/ws_kari/install/multi_agent_comm/share/multi_agent_comm/hook/cmake_prefix_path.sh'
[8.362s] Level 1:colcon.colcon_core.environment:checking '/home/yong/ws_kari/install/multi_agent_comm/lib'
[8.362s] Level 1:colcon.colcon_core.shell:create_environment_hook('multi_agent_comm', 'ld_library_path_lib')
[8.375s] INFO:colcon.colcon_core.shell:Creating environment hook '/home/yong/ws_kari/install/multi_agent_comm/share/multi_agent_comm/hook/ld_library_path_lib.ps1'
[8.375s] INFO:colcon.colcon_core.shell:Creating environment descriptor '/home/yong/ws_kari/install/multi_agent_comm/share/multi_agent_comm/hook/ld_library_path_lib.dsv'
[8.376s] INFO:colcon.colcon_core.shell:Creating environment hook '/home/yong/ws_kari/install/multi_agent_comm/share/multi_agent_comm/hook/ld_library_path_lib.sh'
[8.376s] Level 1:colcon.colcon_core.environment:checking '/home/yong/ws_kari/install/multi_agent_comm/bin'
[8.376s] Level 1:colcon.colcon_core.environment:checking '/home/yong/ws_kari/install/multi_agent_comm/lib/pkgconfig/multi_agent_comm.pc'
[8.376s] Level 1:colcon.colcon_core.environment:checking '/home/yong/ws_kari/install/multi_agent_comm/lib/python3.10/site-packages'
[8.376s] Level 1:colcon.colcon_core.environment:checking '/home/yong/ws_kari/install/multi_agent_comm/bin'
[8.389s] INFO:colcon.colcon_core.shell:Creating package script '/home/yong/ws_kari/install/multi_agent_comm/share/multi_agent_comm/package.ps1'
[8.390s] INFO:colcon.colcon_core.shell:Creating package descriptor '/home/yong/ws_kari/install/multi_agent_comm/share/multi_agent_comm/package.dsv'
[8.390s] INFO:colcon.colcon_core.shell:Creating package script '/home/yong/ws_kari/install/multi_agent_comm/share/multi_agent_comm/package.sh'
[8.390s] INFO:colcon.colcon_core.shell:Creating package script '/home/yong/ws_kari/install/multi_agent_comm/share/multi_agent_comm/package.bash'
[8.390s] INFO:colcon.colcon_core.shell:Creating package script '/home/yong/ws_kari/install/multi_agent_comm/share/multi_agent_comm/package.zsh'
[8.391s] Level 1:colcon.colcon_core.environment:create_file_with_runtime_dependencies(/home/yong/ws_kari/install/multi_agent_comm/share/colcon-core/packages/multi_agent_comm)
[8.457s] Level 1:colcon.colcon_core.environment:create_environment_scripts_only(multi_agent_comm)
[8.470s] Level 1:colcon.colcon_core.environment:checking '/home/yong/ws_kari/install/multi_agent_comm' for CMake module files
[8.470s] Level 1:colcon.colcon_core.environment:checking '/home/yong/ws_kari/install/multi_agent_comm' for CMake config files
[8.471s] Level 1:colcon.colcon_core.shell:create_environment_hook('multi_agent_comm', 'cmake_prefix_path')
[8.483s] INFO:colcon.colcon_core.shell:Creating environment hook '/home/yong/ws_kari/install/multi_agent_comm/share/multi_agent_comm/hook/cmake_prefix_path.ps1'
[8.483s] INFO:colcon.colcon_core.shell:Creating environment descriptor '/home/yong/ws_kari/install/multi_agent_comm/share/multi_agent_comm/hook/cmake_prefix_path.dsv'
[8.484s] INFO:colcon.colcon_core.shell:Creating environment hook '/home/yong/ws_kari/install/multi_agent_comm/share/multi_agent_comm/hook/cmake_prefix_path.sh'
[8.484s] Level 1:colcon.colcon_core.environment:checking '/home/yong/ws_kari/install/multi_agent_comm/lib'
[8.484s] Level 1:colcon.colcon_core.shell:create_environment_hook('multi_agent_comm', 'ld_library_path_lib')
[8.496s] INFO:colcon.colcon_core.shell:Creating environment hook '/home/yong/ws_kari/install/multi_agent_comm/share/multi_agent_comm/hook/ld_library_path_lib.ps1'
[8.497s] INFO:colcon.colcon_core.shell:Creating environment descriptor '/home/yong/ws_kari/install/multi_agent_comm/share/multi_agent_comm/hook/ld_library_path_lib.dsv'
[8.497s] INFO:colcon.colcon_core.shell:Creating environment hook '/home/yong/ws_kari/install/multi_agent_comm/share/multi_agent_comm/hook/ld_library_path_lib.sh'
[8.498s] Level 1:colcon.colcon_core.environment:checking '/home/yong/ws_kari/install/multi_agent_comm/bin'
[8.498s] Level 1:colcon.colcon_core.environment:checking '/home/yong/ws_kari/install/multi_agent_comm/lib/pkgconfig/multi_agent_comm.pc'
[8.498s] Level 1:colcon.colcon_core.environment:checking '/home/yong/ws_kari/install/multi_agent_comm/lib/python3.10/site-packages'
[8.498s] Level 1:colcon.colcon_core.environment:checking '/home/yong/ws_kari/install/multi_agent_comm/bin'
[8.511s] INFO:colcon.colcon_core.shell:Creating package script '/home/yong/ws_kari/install/multi_agent_comm/share/multi_agent_comm/package.ps1'
[8.511s] INFO:colcon.colcon_core.shell:Creating package descriptor '/home/yong/ws_kari/install/multi_agent_comm/share/multi_agent_comm/package.dsv'
[8.512s] INFO:colcon.colcon_core.shell:Creating package script '/home/yong/ws_kari/install/multi_agent_comm/share/multi_agent_comm/package.sh'
[8.512s] INFO:colcon.colcon_core.shell:Creating package script '/home/yong/ws_kari/install/multi_agent_comm/share/multi_agent_comm/package.bash'
[8.512s] INFO:colcon.colcon_core.shell:Creating package script '/home/yong/ws_kari/install/multi_agent_comm/share/multi_agent_comm/package.zsh'
[8.512s] Level 1:colcon.colcon_core.environment:create_file_with_runtime_dependencies(/home/yong/ws_kari/install/multi_agent_comm/share/colcon-core/packages/multi_agent_comm)
[8.513s] DEBUG:colcon.colcon_parallel_executor.executor.parallel:closing loop
[8.513s] DEBUG:colcon.colcon_parallel_executor.executor.parallel:loop closed
[8.513s] DEBUG:colcon.colcon_parallel_executor.executor.parallel:run_until_complete finished with '0'
[8.513s] DEBUG:colcon.colcon_core.event_reactor:joining thread
[8.530s] INFO:colcon.colcon_core.plugin_system:Skipping extension 'colcon_notification.desktop_notification.terminal_notifier': Not used on non-Darwin systems
[8.530s] INFO:colcon.colcon_core.plugin_system:Skipping extension 'colcon_notification.desktop_notification.win32': Not used on non-Windows systems
[8.530s] INFO:colcon.colcon_notification.desktop_notification:Sending desktop notification using 'notify2'
[8.542s] DEBUG:colcon.colcon_core.event_reactor:joined thread
[8.556s] INFO:colcon.colcon_core.shell:Creating prefix script '/home/yong/ws_kari/install/local_setup.ps1'
[8.557s] INFO:colcon.colcon_core.shell:Creating prefix util module '/home/yong/ws_kari/install/_local_setup_util_ps1.py'
[8.558s] INFO:colcon.colcon_core.shell:Creating prefix chain script '/home/yong/ws_kari/install/setup.ps1'
[8.572s] INFO:colcon.colcon_core.shell:Creating prefix script '/home/yong/ws_kari/install/local_setup.sh'
[8.572s] INFO:colcon.colcon_core.shell:Creating prefix util module '/home/yong/ws_kari/install/_local_setup_util_sh.py'
[8.573s] INFO:colcon.colcon_core.shell:Creating prefix chain script '/home/yong/ws_kari/install/setup.sh'
[8.587s] INFO:colcon.colcon_core.shell:Creating prefix script '/home/yong/ws_kari/install/local_setup.bash'
[8.587s] INFO:colcon.colcon_core.shell:Creating prefix chain script '/home/yong/ws_kari/install/setup.bash'
[8.600s] INFO:colcon.colcon_core.shell:Creating prefix script '/home/yong/ws_kari/install/local_setup.zsh'
[8.601s] INFO:colcon.colcon_core.shell:Creating prefix chain script '/home/yong/ws_kari/install/setup.zsh'
