[0.818s] DEBUG:colcon:Command line arguments: ['/usr/bin/colcon', 'build']
[0.818s] DEBUG:colcon:Parsed command line arguments: Namespace(log_base=None, log_level=None, verb_name='build', build_base='build', install_base='install', merge_install=False, symlink_install=False, test_result_base=None, continue_on_error=False, executor='parallel', parallel_workers=16, event_handlers=None, ignore_user_meta=False, metas=['./colcon.meta'], base_paths=['.'], packages_ignore=None, packages_ignore_regex=None, paths=None, packages_up_to=None, packages_up_to_regex=None, packages_above=None, packages_above_and_dependencies=None, packages_above_depth=None, packages_select_by_dep=None, packages_skip_by_dep=None, packages_skip_up_to=None, packages_select_build_failed=False, packages_skip_build_finished=False, packages_select_test_failures=False, packages_skip_test_passed=False, packages_select=None, packages_skip=None, packages_select_regex=None, packages_skip_regex=None, packages_start=None, packages_end=None, allow_overriding=[], cmake_args=None, cmake_target=None, cmake_target_skip_unavailable=False, cmake_clean_cache=False, cmake_clean_first=False, cmake_force_configure=False, ament_cmake_args=None, catkin_cmake_args=None, catkin_skip_building_tests=False, verb_parser=<colcon_defaults.argument_parser.defaults.DefaultArgumentsDecorator object at 0x755f738f52d0>, verb_extension=<colcon_core.verb.build.BuildVerb object at 0x755f738f49d0>, main=<bound method BuildVerb.main of <colcon_core.verb.build.BuildVerb object at 0x755f738f49d0>>)
[0.863s] Level 1:colcon.colcon_core.package_discovery:discover_packages(colcon_meta) check parameters
[0.863s] Level 1:colcon.colcon_core.package_discovery:discover_packages(recursive) check parameters
[0.863s] Level 1:colcon.colcon_core.package_discovery:discover_packages(ignore) check parameters
[0.863s] Level 1:colcon.colcon_core.package_discovery:discover_packages(path) check parameters
[0.863s] Level 1:colcon.colcon_core.package_discovery:discover_packages(colcon_meta) discover
[0.863s] Level 1:colcon.colcon_core.package_discovery:discover_packages(recursive) discover
[0.863s] INFO:colcon.colcon_core.package_discovery:Crawling recursively for packages in '/home/yong/ws_kari'
[0.863s] Level 1:colcon.colcon_core.package_identification:_identify(.) by extensions ['ignore', 'ignore_ament_install']
[0.864s] Level 1:colcon.colcon_core.package_identification:_identify(.) by extension 'ignore'
[0.864s] Level 1:colcon.colcon_core.package_identification:_identify(.) by extension 'ignore_ament_install'
[0.864s] Level 1:colcon.colcon_core.package_identification:_identify(.) by extensions ['colcon_pkg']
[0.864s] Level 1:colcon.colcon_core.package_identification:_identify(.) by extension 'colcon_pkg'
[0.864s] Level 1:colcon.colcon_core.package_identification:_identify(.) by extensions ['colcon_meta']
[0.864s] Level 1:colcon.colcon_core.package_identification:_identify(.) by extension 'colcon_meta'
[0.864s] Level 1:colcon.colcon_core.package_identification:_identify(.) by extensions ['ros']
[0.864s] Level 1:colcon.colcon_core.package_identification:_identify(.) by extension 'ros'
[0.875s] Level 1:colcon.colcon_core.package_identification:_identify(.) by extensions ['cmake', 'python']
[0.875s] Level 1:colcon.colcon_core.package_identification:_identify(.) by extension 'cmake'
[0.875s] Level 1:colcon.colcon_core.package_identification:_identify(.) by extension 'python'
[0.875s] Level 1:colcon.colcon_core.package_identification:_identify(.) by extensions ['python_setup_py']
[0.875s] Level 1:colcon.colcon_core.package_identification:_identify(.) by extension 'python_setup_py'
[0.875s] Level 1:colcon.colcon_core.package_identification:_identify(build) by extensions ['ignore', 'ignore_ament_install']
[0.875s] Level 1:colcon.colcon_core.package_identification:_identify(build) by extension 'ignore'
[0.875s] Level 1:colcon.colcon_core.package_identification:_identify(build) ignored
[0.875s] Level 1:colcon.colcon_core.package_identification:_identify(install) by extensions ['ignore', 'ignore_ament_install']
[0.875s] Level 1:colcon.colcon_core.package_identification:_identify(install) by extension 'ignore'
[0.875s] Level 1:colcon.colcon_core.package_identification:_identify(install) ignored
[0.875s] Level 1:colcon.colcon_core.package_identification:_identify(log) by extensions ['ignore', 'ignore_ament_install']
[0.875s] Level 1:colcon.colcon_core.package_identification:_identify(log) by extension 'ignore'
[0.875s] Level 1:colcon.colcon_core.package_identification:_identify(log) ignored
[0.875s] Level 1:colcon.colcon_core.package_identification:_identify(src) by extensions ['ignore', 'ignore_ament_install']
[0.876s] Level 1:colcon.colcon_core.package_identification:_identify(src) by extension 'ignore'
[0.876s] Level 1:colcon.colcon_core.package_identification:_identify(src) by extension 'ignore_ament_install'
[0.876s] Level 1:colcon.colcon_core.package_identification:_identify(src) by extensions ['colcon_pkg']
[0.876s] Level 1:colcon.colcon_core.package_identification:_identify(src) by extension 'colcon_pkg'
[0.876s] Level 1:colcon.colcon_core.package_identification:_identify(src) by extensions ['colcon_meta']
[0.876s] Level 1:colcon.colcon_core.package_identification:_identify(src) by extension 'colcon_meta'
[0.876s] Level 1:colcon.colcon_core.package_identification:_identify(src) by extensions ['ros']
[0.876s] Level 1:colcon.colcon_core.package_identification:_identify(src) by extension 'ros'
[0.876s] Level 1:colcon.colcon_core.package_identification:_identify(src) by extensions ['cmake', 'python']
[0.876s] Level 1:colcon.colcon_core.package_identification:_identify(src) by extension 'cmake'
[0.876s] Level 1:colcon.colcon_core.package_identification:_identify(src) by extension 'python'
[0.876s] Level 1:colcon.colcon_core.package_identification:_identify(src) by extensions ['python_setup_py']
[0.876s] Level 1:colcon.colcon_core.package_identification:_identify(src) by extension 'python_setup_py'
[0.876s] Level 1:colcon.colcon_core.package_identification:_identify(src/cbba) by extensions ['ignore', 'ignore_ament_install']
[0.876s] Level 1:colcon.colcon_core.package_identification:_identify(src/cbba) by extension 'ignore'
[0.876s] Level 1:colcon.colcon_core.package_identification:_identify(src/cbba) by extension 'ignore_ament_install'
[0.876s] Level 1:colcon.colcon_core.package_identification:_identify(src/cbba) by extensions ['colcon_pkg']
[0.876s] Level 1:colcon.colcon_core.package_identification:_identify(src/cbba) by extension 'colcon_pkg'
[0.876s] Level 1:colcon.colcon_core.package_identification:_identify(src/cbba) by extensions ['colcon_meta']
[0.876s] Level 1:colcon.colcon_core.package_identification:_identify(src/cbba) by extension 'colcon_meta'
[0.876s] Level 1:colcon.colcon_core.package_identification:_identify(src/cbba) by extensions ['ros']
[0.876s] Level 1:colcon.colcon_core.package_identification:_identify(src/cbba) by extension 'ros'
[0.878s] DEBUG:colcon.colcon_core.package_identification:Package 'src/cbba' with type 'ros.ament_cmake' and name 'cbba'
[0.878s] Level 1:colcon.colcon_core.package_identification:_identify(src/multi_agent_comm) by extensions ['ignore', 'ignore_ament_install']
[0.878s] Level 1:colcon.colcon_core.package_identification:_identify(src/multi_agent_comm) by extension 'ignore'
[0.878s] Level 1:colcon.colcon_core.package_identification:_identify(src/multi_agent_comm) by extension 'ignore_ament_install'
[0.878s] Level 1:colcon.colcon_core.package_identification:_identify(src/multi_agent_comm) by extensions ['colcon_pkg']
[0.878s] Level 1:colcon.colcon_core.package_identification:_identify(src/multi_agent_comm) by extension 'colcon_pkg'
[0.878s] Level 1:colcon.colcon_core.package_identification:_identify(src/multi_agent_comm) by extensions ['colcon_meta']
[0.878s] Level 1:colcon.colcon_core.package_identification:_identify(src/multi_agent_comm) by extension 'colcon_meta'
[0.878s] Level 1:colcon.colcon_core.package_identification:_identify(src/multi_agent_comm) by extensions ['ros']
[0.878s] Level 1:colcon.colcon_core.package_identification:_identify(src/multi_agent_comm) by extension 'ros'
[0.879s] DEBUG:colcon.colcon_core.package_identification:Package 'src/multi_agent_comm' with type 'ros.ament_cmake' and name 'multi_agent_comm'
[0.879s] Level 1:colcon.colcon_core.package_discovery:discover_packages(recursive) using defaults
[0.879s] Level 1:colcon.colcon_core.package_discovery:discover_packages(ignore) discover
[0.879s] Level 1:colcon.colcon_core.package_discovery:discover_packages(ignore) using defaults
[0.879s] Level 1:colcon.colcon_core.package_discovery:discover_packages(path) discover
[0.879s] Level 1:colcon.colcon_core.package_discovery:discover_packages(path) using defaults
[0.955s] Level 1:colcon.colcon_core.package_discovery:discover_packages(prefix_path) check parameters
[0.955s] Level 1:colcon.colcon_core.package_discovery:discover_packages(prefix_path) discover
[0.981s] DEBUG:colcon.colcon_installed_package_information.package_discovery:Found 2 installed packages in /home/yong/ws_kari/install
[0.995s] DEBUG:colcon.colcon_installed_package_information.package_discovery:Found 291 installed packages in /opt/ros/humble
[0.996s] Level 1:colcon.colcon_core.package_discovery:discover_packages(prefix_path) using defaults
[1.060s] Level 5:colcon.colcon_core.verb:set package 'cbba' build argument 'cmake_args' from command line to 'None'
[1.060s] Level 5:colcon.colcon_core.verb:set package 'cbba' build argument 'cmake_target' from command line to 'None'
[1.060s] Level 5:colcon.colcon_core.verb:set package 'cbba' build argument 'cmake_target_skip_unavailable' from command line to 'False'
[1.060s] Level 5:colcon.colcon_core.verb:set package 'cbba' build argument 'cmake_clean_cache' from command line to 'False'
[1.060s] Level 5:colcon.colcon_core.verb:set package 'cbba' build argument 'cmake_clean_first' from command line to 'False'
[1.060s] Level 5:colcon.colcon_core.verb:set package 'cbba' build argument 'cmake_force_configure' from command line to 'False'
[1.060s] Level 5:colcon.colcon_core.verb:set package 'cbba' build argument 'ament_cmake_args' from command line to 'None'
[1.060s] Level 5:colcon.colcon_core.verb:set package 'cbba' build argument 'catkin_cmake_args' from command line to 'None'
[1.060s] Level 5:colcon.colcon_core.verb:set package 'cbba' build argument 'catkin_skip_building_tests' from command line to 'False'
[1.060s] DEBUG:colcon.colcon_core.verb:Building package 'cbba' with the following arguments: {'ament_cmake_args': None, 'build_base': '/home/yong/ws_kari/build/cbba', 'catkin_cmake_args': None, 'catkin_skip_building_tests': False, 'cmake_args': None, 'cmake_clean_cache': False, 'cmake_clean_first': False, 'cmake_force_configure': False, 'cmake_target': None, 'cmake_target_skip_unavailable': False, 'install_base': '/home/yong/ws_kari/install/cbba', 'merge_install': False, 'path': '/home/yong/ws_kari/src/cbba', 'symlink_install': False, 'test_result_base': None}
[1.072s] Level 5:colcon.colcon_core.verb:set package 'multi_agent_comm' build argument 'cmake_args' from command line to 'None'
[1.072s] Level 5:colcon.colcon_core.verb:set package 'multi_agent_comm' build argument 'cmake_target' from command line to 'None'
[1.072s] Level 5:colcon.colcon_core.verb:set package 'multi_agent_comm' build argument 'cmake_target_skip_unavailable' from command line to 'False'
[1.072s] Level 5:colcon.colcon_core.verb:set package 'multi_agent_comm' build argument 'cmake_clean_cache' from command line to 'False'
[1.072s] Level 5:colcon.colcon_core.verb:set package 'multi_agent_comm' build argument 'cmake_clean_first' from command line to 'False'
[1.072s] Level 5:colcon.colcon_core.verb:set package 'multi_agent_comm' build argument 'cmake_force_configure' from command line to 'False'
[1.072s] Level 5:colcon.colcon_core.verb:set package 'multi_agent_comm' build argument 'ament_cmake_args' from command line to 'None'
[1.072s] Level 5:colcon.colcon_core.verb:set package 'multi_agent_comm' build argument 'catkin_cmake_args' from command line to 'None'
[1.072s] Level 5:colcon.colcon_core.verb:set package 'multi_agent_comm' build argument 'catkin_skip_building_tests' from command line to 'False'
[1.072s] DEBUG:colcon.colcon_core.verb:Building package 'multi_agent_comm' with the following arguments: {'ament_cmake_args': None, 'build_base': '/home/yong/ws_kari/build/multi_agent_comm', 'catkin_cmake_args': None, 'catkin_skip_building_tests': False, 'cmake_args': None, 'cmake_clean_cache': False, 'cmake_clean_first': False, 'cmake_force_configure': False, 'cmake_target': None, 'cmake_target_skip_unavailable': False, 'install_base': '/home/yong/ws_kari/install/multi_agent_comm', 'merge_install': False, 'path': '/home/yong/ws_kari/src/multi_agent_comm', 'symlink_install': False, 'test_result_base': None}
[1.085s] INFO:colcon.colcon_core.executor:Executing jobs using 'parallel' executor
[1.109s] DEBUG:colcon.colcon_parallel_executor.executor.parallel:run_until_complete
[1.109s] INFO:colcon.colcon_ros.task.ament_cmake.build:Building ROS package in '/home/yong/ws_kari/src/cbba' with build type 'ament_cmake'
[1.109s] INFO:colcon.colcon_cmake.task.cmake.build:Building CMake package in '/home/yong/ws_kari/src/cbba'
[1.123s] INFO:colcon.colcon_core.plugin_system:Skipping extension 'colcon_core.shell.bat': Not used on non-Windows systems
[1.123s] INFO:colcon.colcon_core.shell:Skip shell extension 'powershell' for command environment: Not usable outside of PowerShell
[1.123s] DEBUG:colcon.colcon_core.shell:Skip shell extension 'dsv' for command environment
[1.163s] INFO:colcon.colcon_ros.task.ament_cmake.build:Building ROS package in '/home/yong/ws_kari/src/multi_agent_comm' with build type 'ament_cmake'
[1.164s] INFO:colcon.colcon_cmake.task.cmake.build:Building CMake package in '/home/yong/ws_kari/src/multi_agent_comm'
[1.176s] INFO:colcon.colcon_core.shell:Skip shell extension 'powershell' for command environment: Not usable outside of PowerShell
[1.176s] DEBUG:colcon.colcon_core.shell:Skip shell extension 'dsv' for command environment
[1.219s] DEBUG:colcon.colcon_core.event_handler.log_command:Invoking command in '/home/yong/ws_kari/build/cbba': CMAKE_PREFIX_PATH=${CMAKE_PREFIX_PATH}:/opt/ros/humble /usr/bin/cmake --build /home/yong/ws_kari/build/cbba -- -j16 -l16
[1.223s] DEBUG:colcon.colcon_core.event_handler.log_command:Invoking command in '/home/yong/ws_kari/build/multi_agent_comm': CMAKE_PREFIX_PATH=${CMAKE_PREFIX_PATH}:/opt/ros/humble /usr/bin/cmake --build /home/yong/ws_kari/build/multi_agent_comm -- -j16 -l16
[1.257s] DEBUG:colcon.colcon_core.event_handler.log_command:Invoked command in '/home/yong/ws_kari/build/cbba' returned '0': CMAKE_PREFIX_PATH=${CMAKE_PREFIX_PATH}:/opt/ros/humble /usr/bin/cmake --build /home/yong/ws_kari/build/cbba -- -j16 -l16
[1.289s] DEBUG:colcon.colcon_core.event_handler.log_command:Invoking command in '/home/yong/ws_kari/build/cbba': CMAKE_PREFIX_PATH=${CMAKE_PREFIX_PATH}:/opt/ros/humble /usr/bin/cmake --install /home/yong/ws_kari/build/cbba
[1.298s] Level 1:colcon.colcon_core.environment:create_environment_scripts_only(cbba)
[1.298s] DEBUG:colcon.colcon_core.event_handler.log_command:Invoked command in '/home/yong/ws_kari/build/cbba' returned '0': CMAKE_PREFIX_PATH=${CMAKE_PREFIX_PATH}:/opt/ros/humble /usr/bin/cmake --install /home/yong/ws_kari/build/cbba
[1.315s] Level 1:colcon.colcon_core.environment:checking '/home/yong/ws_kari/install/cbba' for CMake module files
[1.315s] Level 1:colcon.colcon_core.environment:checking '/home/yong/ws_kari/install/cbba' for CMake config files
[1.315s] Level 1:colcon.colcon_core.shell:create_environment_hook('cbba', 'cmake_prefix_path')
[1.330s] INFO:colcon.colcon_core.shell:Creating environment hook '/home/yong/ws_kari/install/cbba/share/cbba/hook/cmake_prefix_path.ps1'
[1.331s] INFO:colcon.colcon_core.shell:Creating environment descriptor '/home/yong/ws_kari/install/cbba/share/cbba/hook/cmake_prefix_path.dsv'
[1.331s] INFO:colcon.colcon_core.shell:Creating environment hook '/home/yong/ws_kari/install/cbba/share/cbba/hook/cmake_prefix_path.sh'
[1.332s] Level 1:colcon.colcon_core.environment:checking '/home/yong/ws_kari/install/cbba/bin'
[1.332s] Level 1:colcon.colcon_core.environment:checking '/home/yong/ws_kari/install/cbba/lib/pkgconfig/cbba.pc'
[1.333s] Level 1:colcon.colcon_core.environment:checking '/home/yong/ws_kari/install/cbba/lib/python3.10/site-packages'
[1.333s] Level 1:colcon.colcon_core.environment:checking '/home/yong/ws_kari/install/cbba/bin'
[1.347s] INFO:colcon.colcon_core.shell:Creating package script '/home/yong/ws_kari/install/cbba/share/cbba/package.ps1'
[1.348s] INFO:colcon.colcon_core.shell:Creating package descriptor '/home/yong/ws_kari/install/cbba/share/cbba/package.dsv'
[1.348s] INFO:colcon.colcon_core.shell:Creating package script '/home/yong/ws_kari/install/cbba/share/cbba/package.sh'
[1.349s] INFO:colcon.colcon_core.shell:Creating package script '/home/yong/ws_kari/install/cbba/share/cbba/package.bash'
[1.349s] INFO:colcon.colcon_core.shell:Creating package script '/home/yong/ws_kari/install/cbba/share/cbba/package.zsh'
[1.350s] Level 1:colcon.colcon_core.environment:create_file_with_runtime_dependencies(/home/yong/ws_kari/install/cbba/share/colcon-core/packages/cbba)
[1.391s] Level 1:colcon.colcon_core.environment:create_environment_scripts_only(cbba)
[1.409s] Level 1:colcon.colcon_core.environment:checking '/home/yong/ws_kari/install/cbba' for CMake module files
[1.410s] Level 1:colcon.colcon_core.environment:checking '/home/yong/ws_kari/install/cbba' for CMake config files
[1.410s] Level 1:colcon.colcon_core.shell:create_environment_hook('cbba', 'cmake_prefix_path')
[1.423s] INFO:colcon.colcon_core.shell:Creating environment hook '/home/yong/ws_kari/install/cbba/share/cbba/hook/cmake_prefix_path.ps1'
[1.424s] INFO:colcon.colcon_core.shell:Creating environment descriptor '/home/yong/ws_kari/install/cbba/share/cbba/hook/cmake_prefix_path.dsv'
[1.424s] INFO:colcon.colcon_core.shell:Creating environment hook '/home/yong/ws_kari/install/cbba/share/cbba/hook/cmake_prefix_path.sh'
[1.424s] Level 1:colcon.colcon_core.environment:checking '/home/yong/ws_kari/install/cbba/bin'
[1.424s] Level 1:colcon.colcon_core.environment:checking '/home/yong/ws_kari/install/cbba/lib/pkgconfig/cbba.pc'
[1.425s] Level 1:colcon.colcon_core.environment:checking '/home/yong/ws_kari/install/cbba/lib/python3.10/site-packages'
[1.425s] Level 1:colcon.colcon_core.environment:checking '/home/yong/ws_kari/install/cbba/bin'
[1.438s] INFO:colcon.colcon_core.shell:Creating package script '/home/yong/ws_kari/install/cbba/share/cbba/package.ps1'
[1.438s] INFO:colcon.colcon_core.shell:Creating package descriptor '/home/yong/ws_kari/install/cbba/share/cbba/package.dsv'
[1.439s] INFO:colcon.colcon_core.shell:Creating package script '/home/yong/ws_kari/install/cbba/share/cbba/package.sh'
[1.439s] INFO:colcon.colcon_core.shell:Creating package script '/home/yong/ws_kari/install/cbba/share/cbba/package.bash'
[1.439s] INFO:colcon.colcon_core.shell:Creating package script '/home/yong/ws_kari/install/cbba/share/cbba/package.zsh'
[1.440s] Level 1:colcon.colcon_core.environment:create_file_with_runtime_dependencies(/home/yong/ws_kari/install/cbba/share/colcon-core/packages/cbba)
[8.369s] DEBUG:colcon.colcon_core.event_handler.log_command:Invoked command in '/home/yong/ws_kari/build/multi_agent_comm' returned '0': CMAKE_PREFIX_PATH=${CMAKE_PREFIX_PATH}:/opt/ros/humble /usr/bin/cmake --build /home/yong/ws_kari/build/multi_agent_comm -- -j16 -l16
[8.436s] DEBUG:colcon.colcon_core.event_handler.log_command:Invoking command in '/home/yong/ws_kari/build/multi_agent_comm': CMAKE_PREFIX_PATH=${CMAKE_PREFIX_PATH}:/opt/ros/humble /usr/bin/cmake --install /home/yong/ws_kari/build/multi_agent_comm
[8.490s] Level 1:colcon.colcon_core.environment:create_environment_scripts_only(multi_agent_comm)
[8.490s] DEBUG:colcon.colcon_core.event_handler.log_command:Invoked command in '/home/yong/ws_kari/build/multi_agent_comm' returned '0': CMAKE_PREFIX_PATH=${CMAKE_PREFIX_PATH}:/opt/ros/humble /usr/bin/cmake --install /home/yong/ws_kari/build/multi_agent_comm
[8.502s] Level 1:colcon.colcon_core.environment:checking '/home/yong/ws_kari/install/multi_agent_comm' for CMake module files
[8.503s] Level 1:colcon.colcon_core.environment:checking '/home/yong/ws_kari/install/multi_agent_comm' for CMake config files
[8.503s] Level 1:colcon.colcon_core.shell:create_environment_hook('multi_agent_comm', 'cmake_prefix_path')
[8.515s] INFO:colcon.colcon_core.shell:Creating environment hook '/home/yong/ws_kari/install/multi_agent_comm/share/multi_agent_comm/hook/cmake_prefix_path.ps1'
[8.516s] INFO:colcon.colcon_core.shell:Creating environment descriptor '/home/yong/ws_kari/install/multi_agent_comm/share/multi_agent_comm/hook/cmake_prefix_path.dsv'
[8.516s] INFO:colcon.colcon_core.shell:Creating environment hook '/home/yong/ws_kari/install/multi_agent_comm/share/multi_agent_comm/hook/cmake_prefix_path.sh'
[8.516s] Level 1:colcon.colcon_core.environment:checking '/home/yong/ws_kari/install/multi_agent_comm/lib'
[8.517s] Level 1:colcon.colcon_core.shell:create_environment_hook('multi_agent_comm', 'ld_library_path_lib')
[8.529s] INFO:colcon.colcon_core.shell:Creating environment hook '/home/yong/ws_kari/install/multi_agent_comm/share/multi_agent_comm/hook/ld_library_path_lib.ps1'
[8.529s] INFO:colcon.colcon_core.shell:Creating environment descriptor '/home/yong/ws_kari/install/multi_agent_comm/share/multi_agent_comm/hook/ld_library_path_lib.dsv'
[8.529s] INFO:colcon.colcon_core.shell:Creating environment hook '/home/yong/ws_kari/install/multi_agent_comm/share/multi_agent_comm/hook/ld_library_path_lib.sh'
[8.530s] Level 1:colcon.colcon_core.environment:checking '/home/yong/ws_kari/install/multi_agent_comm/bin'
[8.530s] Level 1:colcon.colcon_core.environment:checking '/home/yong/ws_kari/install/multi_agent_comm/lib/pkgconfig/multi_agent_comm.pc'
[8.530s] Level 1:colcon.colcon_core.environment:checking '/home/yong/ws_kari/install/multi_agent_comm/lib/python3.10/site-packages'
[8.530s] Level 1:colcon.colcon_core.environment:checking '/home/yong/ws_kari/install/multi_agent_comm/bin'
[8.542s] INFO:colcon.colcon_core.shell:Creating package script '/home/yong/ws_kari/install/multi_agent_comm/share/multi_agent_comm/package.ps1'
[8.542s] INFO:colcon.colcon_core.shell:Creating package descriptor '/home/yong/ws_kari/install/multi_agent_comm/share/multi_agent_comm/package.dsv'
[8.543s] INFO:colcon.colcon_core.shell:Creating package script '/home/yong/ws_kari/install/multi_agent_comm/share/multi_agent_comm/package.sh'
[8.543s] INFO:colcon.colcon_core.shell:Creating package script '/home/yong/ws_kari/install/multi_agent_comm/share/multi_agent_comm/package.bash'
[8.543s] INFO:colcon.colcon_core.shell:Creating package script '/home/yong/ws_kari/install/multi_agent_comm/share/multi_agent_comm/package.zsh'
[8.543s] Level 1:colcon.colcon_core.environment:create_file_with_runtime_dependencies(/home/yong/ws_kari/install/multi_agent_comm/share/colcon-core/packages/multi_agent_comm)
[8.620s] Level 1:colcon.colcon_core.environment:create_environment_scripts_only(multi_agent_comm)
[8.632s] Level 1:colcon.colcon_core.environment:checking '/home/yong/ws_kari/install/multi_agent_comm' for CMake module files
[8.633s] Level 1:colcon.colcon_core.environment:checking '/home/yong/ws_kari/install/multi_agent_comm' for CMake config files
[8.633s] Level 1:colcon.colcon_core.shell:create_environment_hook('multi_agent_comm', 'cmake_prefix_path')
[8.646s] INFO:colcon.colcon_core.shell:Creating environment hook '/home/yong/ws_kari/install/multi_agent_comm/share/multi_agent_comm/hook/cmake_prefix_path.ps1'
[8.646s] INFO:colcon.colcon_core.shell:Creating environment descriptor '/home/yong/ws_kari/install/multi_agent_comm/share/multi_agent_comm/hook/cmake_prefix_path.dsv'
[8.646s] INFO:colcon.colcon_core.shell:Creating environment hook '/home/yong/ws_kari/install/multi_agent_comm/share/multi_agent_comm/hook/cmake_prefix_path.sh'
[8.647s] Level 1:colcon.colcon_core.environment:checking '/home/yong/ws_kari/install/multi_agent_comm/lib'
[8.647s] Level 1:colcon.colcon_core.shell:create_environment_hook('multi_agent_comm', 'ld_library_path_lib')
[8.659s] INFO:colcon.colcon_core.shell:Creating environment hook '/home/yong/ws_kari/install/multi_agent_comm/share/multi_agent_comm/hook/ld_library_path_lib.ps1'
[8.659s] INFO:colcon.colcon_core.shell:Creating environment descriptor '/home/yong/ws_kari/install/multi_agent_comm/share/multi_agent_comm/hook/ld_library_path_lib.dsv'
[8.659s] INFO:colcon.colcon_core.shell:Creating environment hook '/home/yong/ws_kari/install/multi_agent_comm/share/multi_agent_comm/hook/ld_library_path_lib.sh'
[8.660s] Level 1:colcon.colcon_core.environment:checking '/home/yong/ws_kari/install/multi_agent_comm/bin'
[8.660s] Level 1:colcon.colcon_core.environment:checking '/home/yong/ws_kari/install/multi_agent_comm/lib/pkgconfig/multi_agent_comm.pc'
[8.660s] Level 1:colcon.colcon_core.environment:checking '/home/yong/ws_kari/install/multi_agent_comm/lib/python3.10/site-packages'
[8.660s] Level 1:colcon.colcon_core.environment:checking '/home/yong/ws_kari/install/multi_agent_comm/bin'
[8.672s] INFO:colcon.colcon_core.shell:Creating package script '/home/yong/ws_kari/install/multi_agent_comm/share/multi_agent_comm/package.ps1'
[8.673s] INFO:colcon.colcon_core.shell:Creating package descriptor '/home/yong/ws_kari/install/multi_agent_comm/share/multi_agent_comm/package.dsv'
[8.673s] INFO:colcon.colcon_core.shell:Creating package script '/home/yong/ws_kari/install/multi_agent_comm/share/multi_agent_comm/package.sh'
[8.673s] INFO:colcon.colcon_core.shell:Creating package script '/home/yong/ws_kari/install/multi_agent_comm/share/multi_agent_comm/package.bash'
[8.674s] INFO:colcon.colcon_core.shell:Creating package script '/home/yong/ws_kari/install/multi_agent_comm/share/multi_agent_comm/package.zsh'
[8.674s] Level 1:colcon.colcon_core.environment:create_file_with_runtime_dependencies(/home/yong/ws_kari/install/multi_agent_comm/share/colcon-core/packages/multi_agent_comm)
[8.674s] DEBUG:colcon.colcon_parallel_executor.executor.parallel:closing loop
[8.674s] DEBUG:colcon.colcon_parallel_executor.executor.parallel:loop closed
[8.674s] DEBUG:colcon.colcon_parallel_executor.executor.parallel:run_until_complete finished with '0'
[8.674s] DEBUG:colcon.colcon_core.event_reactor:joining thread
[8.691s] INFO:colcon.colcon_core.plugin_system:Skipping extension 'colcon_notification.desktop_notification.terminal_notifier': Not used on non-Darwin systems
[8.691s] INFO:colcon.colcon_core.plugin_system:Skipping extension 'colcon_notification.desktop_notification.win32': Not used on non-Windows systems
[8.691s] INFO:colcon.colcon_notification.desktop_notification:Sending desktop notification using 'notify2'
[8.701s] DEBUG:colcon.colcon_core.event_reactor:joined thread
[8.713s] INFO:colcon.colcon_core.shell:Creating prefix script '/home/yong/ws_kari/install/local_setup.ps1'
[8.714s] INFO:colcon.colcon_core.shell:Creating prefix util module '/home/yong/ws_kari/install/_local_setup_util_ps1.py'
[8.715s] INFO:colcon.colcon_core.shell:Creating prefix chain script '/home/yong/ws_kari/install/setup.ps1'
[8.727s] INFO:colcon.colcon_core.shell:Creating prefix script '/home/yong/ws_kari/install/local_setup.sh'
[8.728s] INFO:colcon.colcon_core.shell:Creating prefix util module '/home/yong/ws_kari/install/_local_setup_util_sh.py'
[8.728s] INFO:colcon.colcon_core.shell:Creating prefix chain script '/home/yong/ws_kari/install/setup.sh'
[8.741s] INFO:colcon.colcon_core.shell:Creating prefix script '/home/yong/ws_kari/install/local_setup.bash'
[8.741s] INFO:colcon.colcon_core.shell:Creating prefix chain script '/home/yong/ws_kari/install/setup.bash'
[8.753s] INFO:colcon.colcon_core.shell:Creating prefix script '/home/yong/ws_kari/install/local_setup.zsh'
[8.754s] INFO:colcon.colcon_core.shell:Creating prefix chain script '/home/yong/ws_kari/install/setup.zsh'
