[0.089s] Invoking command in '/home/yong/ws_kari/ROS2_Test/build/acbba': CMAKE_PREFIX_PATH=/opt/ros/humble /usr/bin/cmake --build /home/yong/ws_kari/ROS2_Test/build/acbba -- -j16 -l16
[0.124s] Invoked command in '/home/yong/ws_kari/ROS2_Test/build/acbba' returned '0': CMAKE_PREFIX_PATH=/opt/ros/humble /usr/bin/cmake --build /home/yong/ws_kari/ROS2_Test/build/acbba -- -j16 -l16
[0.158s] Invoking command in '/home/yong/ws_kari/ROS2_Test/build/acbba': CMAKE_PREFIX_PATH=/opt/ros/humble /usr/bin/cmake --install /home/yong/ws_kari/ROS2_Test/build/acbba
[0.167s] -- Install configuration: ""
[0.167s] -- Up-to-date: /home/yong/ws_kari/ROS2_Test/install/acbba/share/ament_index/resource_index/package_run_dependencies/acbba
[0.167s] -- Up-to-date: /home/yong/ws_kari/ROS2_Test/install/acbba/share/ament_index/resource_index/parent_prefix_path/acbba
[0.168s] -- Up-to-date: /home/yong/ws_kari/ROS2_Test/install/acbba/share/acbba/environment/ament_prefix_path.sh
[0.168s] -- Up-to-date: /home/yong/ws_kari/ROS2_Test/install/acbba/share/acbba/environment/ament_prefix_path.dsv
[0.168s] -- Up-to-date: /home/yong/ws_kari/ROS2_Test/install/acbba/share/acbba/environment/path.sh
[0.168s] -- Up-to-date: /home/yong/ws_kari/ROS2_Test/install/acbba/share/acbba/environment/path.dsv
[0.168s] -- Up-to-date: /home/yong/ws_kari/ROS2_Test/install/acbba/share/acbba/local_setup.bash
[0.168s] -- Up-to-date: /home/yong/ws_kari/ROS2_Test/install/acbba/share/acbba/local_setup.sh
[0.168s] -- Up-to-date: /home/yong/ws_kari/ROS2_Test/install/acbba/share/acbba/local_setup.zsh
[0.168s] -- Up-to-date: /home/yong/ws_kari/ROS2_Test/install/acbba/share/acbba/local_setup.dsv
[0.168s] -- Installing: /home/yong/ws_kari/ROS2_Test/install/acbba/share/acbba/package.dsv
[0.168s] -- Up-to-date: /home/yong/ws_kari/ROS2_Test/install/acbba/share/ament_index/resource_index/packages/acbba
[0.168s] -- Up-to-date: /home/yong/ws_kari/ROS2_Test/install/acbba/share/acbba/cmake/acbbaConfig.cmake
[0.169s] -- Up-to-date: /home/yong/ws_kari/ROS2_Test/install/acbba/share/acbba/cmake/acbbaConfig-version.cmake
[0.169s] -- Up-to-date: /home/yong/ws_kari/ROS2_Test/install/acbba/share/acbba/package.xml
[0.170s] Invoked command in '/home/yong/ws_kari/ROS2_Test/build/acbba' returned '0': CMAKE_PREFIX_PATH=/opt/ros/humble /usr/bin/cmake --install /home/yong/ws_kari/ROS2_Test/build/acbba
