[35m[1mConsolidate compiler generated dependencies of target task_publisher[0m
[ 25%] [32mBuilding CXX object CMakeFiles/auction_node.dir/src/auction.cpp.o[0m
[ 50%] [32mBuilding CXX object CMakeFiles/task_publisher.dir/src/task_publisher.cpp.o[0m
[ 75%] [32m[1mLinking CXX executable task_publisher[0m
[ 75%] Built target task_publisher
[100%] [32m[1mLinking CXX executable auction_node[0m
[100%] Built target auction_node
-- Install configuration: ""
-- Installing: /home/yong/ws_kari/ROS2_Test/install/auction_node/lib/auction_node/auction_node
-- Set runtime path of "/home/yong/ws_kari/ROS2_Test/install/auction_node/lib/auction_node/auction_node" to ""
-- Installing: /home/yong/ws_kari/ROS2_Test/install/auction_node/lib/auction_node/task_publisher
-- Set runtime path of "/home/yong/ws_kari/ROS2_Test/install/auction_node/lib/auction_node/task_publisher" to ""
-- Up-to-date: /home/yong/ws_kari/ROS2_Test/install/auction_node/share/ament_index/resource_index/package_run_dependencies/auction_node
-- Up-to-date: /home/yong/ws_kari/ROS2_Test/install/auction_node/share/ament_index/resource_index/parent_prefix_path/auction_node
-- Up-to-date: /home/yong/ws_kari/ROS2_Test/install/auction_node/share/auction_node/environment/ament_prefix_path.sh
-- Up-to-date: /home/yong/ws_kari/ROS2_Test/install/auction_node/share/auction_node/environment/ament_prefix_path.dsv
-- Up-to-date: /home/yong/ws_kari/ROS2_Test/install/auction_node/share/auction_node/environment/path.sh
-- Up-to-date: /home/yong/ws_kari/ROS2_Test/install/auction_node/share/auction_node/environment/path.dsv
-- Up-to-date: /home/yong/ws_kari/ROS2_Test/install/auction_node/share/auction_node/local_setup.bash
-- Up-to-date: /home/yong/ws_kari/ROS2_Test/install/auction_node/share/auction_node/local_setup.sh
-- Up-to-date: /home/yong/ws_kari/ROS2_Test/install/auction_node/share/auction_node/local_setup.zsh
-- Up-to-date: /home/yong/ws_kari/ROS2_Test/install/auction_node/share/auction_node/local_setup.dsv
-- Installing: /home/yong/ws_kari/ROS2_Test/install/auction_node/share/auction_node/package.dsv
-- Up-to-date: /home/yong/ws_kari/ROS2_Test/install/auction_node/share/ament_index/resource_index/packages/auction_node
-- Up-to-date: /home/yong/ws_kari/ROS2_Test/install/auction_node/share/auction_node/cmake/auction_nodeConfig.cmake
-- Up-to-date: /home/yong/ws_kari/ROS2_Test/install/auction_node/share/auction_node/cmake/auction_nodeConfig-version.cmake
-- Up-to-date: /home/yong/ws_kari/ROS2_Test/install/auction_node/share/auction_node/package.xml
