[1.091s] DEBUG:colcon:Command line arguments: ['/usr/bin/colcon', 'build']
[1.091s] DEBUG:colcon:Parsed command line arguments: Namespace(log_base=None, log_level=None, verb_name='build', build_base='build', install_base='install', merge_install=False, symlink_install=False, test_result_base=None, continue_on_error=False, executor='parallel', parallel_workers=16, event_handlers=None, ignore_user_meta=False, metas=['./colcon.meta'], base_paths=['.'], packages_ignore=None, packages_ignore_regex=None, paths=None, packages_up_to=None, packages_up_to_regex=None, packages_above=None, packages_above_and_dependencies=None, packages_above_depth=None, packages_select_by_dep=None, packages_skip_by_dep=None, packages_skip_up_to=None, packages_select_build_failed=False, packages_skip_build_finished=False, packages_select_test_failures=False, packages_skip_test_passed=False, packages_select=None, packages_skip=None, packages_select_regex=None, packages_skip_regex=None, packages_start=None, packages_end=None, allow_overriding=[], cmake_args=None, cmake_target=None, cmake_target_skip_unavailable=False, cmake_clean_cache=False, cmake_clean_first=False, cmake_force_configure=False, ament_cmake_args=None, catkin_cmake_args=None, catkin_skip_building_tests=False, verb_parser=<colcon_defaults.argument_parser.defaults.DefaultArgumentsDecorator object at 0x71603a241000>, verb_extension=<colcon_core.verb.build.BuildVerb object at 0x71603a240700>, main=<bound method BuildVerb.main of <colcon_core.verb.build.BuildVerb object at 0x71603a240700>>)
[1.162s] Level 1:colcon.colcon_core.package_discovery:discover_packages(colcon_meta) check parameters
[1.162s] Level 1:colcon.colcon_core.package_discovery:discover_packages(recursive) check parameters
[1.162s] Level 1:colcon.colcon_core.package_discovery:discover_packages(ignore) check parameters
[1.162s] Level 1:colcon.colcon_core.package_discovery:discover_packages(path) check parameters
[1.162s] Level 1:colcon.colcon_core.package_discovery:discover_packages(colcon_meta) discover
[1.162s] Level 1:colcon.colcon_core.package_discovery:discover_packages(recursive) discover
[1.162s] INFO:colcon.colcon_core.package_discovery:Crawling recursively for packages in '/home/yong/ws_kari'
[1.162s] Level 1:colcon.colcon_core.package_identification:_identify(.) by extensions ['ignore', 'ignore_ament_install']
[1.162s] Level 1:colcon.colcon_core.package_identification:_identify(.) by extension 'ignore'
[1.162s] Level 1:colcon.colcon_core.package_identification:_identify(.) by extension 'ignore_ament_install'
[1.162s] Level 1:colcon.colcon_core.package_identification:_identify(.) by extensions ['colcon_pkg']
[1.162s] Level 1:colcon.colcon_core.package_identification:_identify(.) by extension 'colcon_pkg'
[1.162s] Level 1:colcon.colcon_core.package_identification:_identify(.) by extensions ['colcon_meta']
[1.162s] Level 1:colcon.colcon_core.package_identification:_identify(.) by extension 'colcon_meta'
[1.162s] Level 1:colcon.colcon_core.package_identification:_identify(.) by extensions ['ros']
[1.162s] Level 1:colcon.colcon_core.package_identification:_identify(.) by extension 'ros'
[1.174s] Level 1:colcon.colcon_core.package_identification:_identify(.) by extensions ['cmake', 'python']
[1.175s] Level 1:colcon.colcon_core.package_identification:_identify(.) by extension 'cmake'
[1.175s] Level 1:colcon.colcon_core.package_identification:_identify(.) by extension 'python'
[1.175s] Level 1:colcon.colcon_core.package_identification:_identify(.) by extensions ['python_setup_py']
[1.175s] Level 1:colcon.colcon_core.package_identification:_identify(.) by extension 'python_setup_py'
[1.175s] Level 1:colcon.colcon_core.package_identification:_identify(build) by extensions ['ignore', 'ignore_ament_install']
[1.175s] Level 1:colcon.colcon_core.package_identification:_identify(build) by extension 'ignore'
[1.175s] Level 1:colcon.colcon_core.package_identification:_identify(build) ignored
[1.175s] Level 1:colcon.colcon_core.package_identification:_identify(install) by extensions ['ignore', 'ignore_ament_install']
[1.175s] Level 1:colcon.colcon_core.package_identification:_identify(install) by extension 'ignore'
[1.175s] Level 1:colcon.colcon_core.package_identification:_identify(install) ignored
[1.175s] Level 1:colcon.colcon_core.package_identification:_identify(log) by extensions ['ignore', 'ignore_ament_install']
[1.175s] Level 1:colcon.colcon_core.package_identification:_identify(log) by extension 'ignore'
[1.175s] Level 1:colcon.colcon_core.package_identification:_identify(log) ignored
[1.175s] Level 1:colcon.colcon_core.package_identification:_identify(src) by extensions ['ignore', 'ignore_ament_install']
[1.175s] Level 1:colcon.colcon_core.package_identification:_identify(src) by extension 'ignore'
[1.175s] Level 1:colcon.colcon_core.package_identification:_identify(src) by extension 'ignore_ament_install'
[1.176s] Level 1:colcon.colcon_core.package_identification:_identify(src) by extensions ['colcon_pkg']
[1.176s] Level 1:colcon.colcon_core.package_identification:_identify(src) by extension 'colcon_pkg'
[1.176s] Level 1:colcon.colcon_core.package_identification:_identify(src) by extensions ['colcon_meta']
[1.176s] Level 1:colcon.colcon_core.package_identification:_identify(src) by extension 'colcon_meta'
[1.176s] Level 1:colcon.colcon_core.package_identification:_identify(src) by extensions ['ros']
[1.176s] Level 1:colcon.colcon_core.package_identification:_identify(src) by extension 'ros'
[1.176s] Level 1:colcon.colcon_core.package_identification:_identify(src) by extensions ['cmake', 'python']
[1.176s] Level 1:colcon.colcon_core.package_identification:_identify(src) by extension 'cmake'
[1.176s] Level 1:colcon.colcon_core.package_identification:_identify(src) by extension 'python'
[1.176s] Level 1:colcon.colcon_core.package_identification:_identify(src) by extensions ['python_setup_py']
[1.176s] Level 1:colcon.colcon_core.package_identification:_identify(src) by extension 'python_setup_py'
[1.176s] Level 1:colcon.colcon_core.package_identification:_identify(src/cbba) by extensions ['ignore', 'ignore_ament_install']
[1.176s] Level 1:colcon.colcon_core.package_identification:_identify(src/cbba) by extension 'ignore'
[1.176s] Level 1:colcon.colcon_core.package_identification:_identify(src/cbba) by extension 'ignore_ament_install'
[1.176s] Level 1:colcon.colcon_core.package_identification:_identify(src/cbba) by extensions ['colcon_pkg']
[1.176s] Level 1:colcon.colcon_core.package_identification:_identify(src/cbba) by extension 'colcon_pkg'
[1.176s] Level 1:colcon.colcon_core.package_identification:_identify(src/cbba) by extensions ['colcon_meta']
[1.176s] Level 1:colcon.colcon_core.package_identification:_identify(src/cbba) by extension 'colcon_meta'
[1.176s] Level 1:colcon.colcon_core.package_identification:_identify(src/cbba) by extensions ['ros']
[1.176s] Level 1:colcon.colcon_core.package_identification:_identify(src/cbba) by extension 'ros'
[1.180s] DEBUG:colcon.colcon_core.package_identification:Package 'src/cbba' with type 'ros.ament_cmake' and name 'cbba'
[1.180s] Level 1:colcon.colcon_core.package_identification:_identify(src/multi_agent_comm) by extensions ['ignore', 'ignore_ament_install']
[1.180s] Level 1:colcon.colcon_core.package_identification:_identify(src/multi_agent_comm) by extension 'ignore'
[1.180s] Level 1:colcon.colcon_core.package_identification:_identify(src/multi_agent_comm) by extension 'ignore_ament_install'
[1.180s] Level 1:colcon.colcon_core.package_identification:_identify(src/multi_agent_comm) by extensions ['colcon_pkg']
[1.180s] Level 1:colcon.colcon_core.package_identification:_identify(src/multi_agent_comm) by extension 'colcon_pkg'
[1.180s] Level 1:colcon.colcon_core.package_identification:_identify(src/multi_agent_comm) by extensions ['colcon_meta']
[1.180s] Level 1:colcon.colcon_core.package_identification:_identify(src/multi_agent_comm) by extension 'colcon_meta'
[1.180s] Level 1:colcon.colcon_core.package_identification:_identify(src/multi_agent_comm) by extensions ['ros']
[1.180s] Level 1:colcon.colcon_core.package_identification:_identify(src/multi_agent_comm) by extension 'ros'
[1.181s] DEBUG:colcon.colcon_core.package_identification:Package 'src/multi_agent_comm' with type 'ros.ament_cmake' and name 'multi_agent_comm'
[1.181s] Level 1:colcon.colcon_core.package_discovery:discover_packages(recursive) using defaults
[1.181s] Level 1:colcon.colcon_core.package_discovery:discover_packages(ignore) discover
[1.181s] Level 1:colcon.colcon_core.package_discovery:discover_packages(ignore) using defaults
[1.181s] Level 1:colcon.colcon_core.package_discovery:discover_packages(path) discover
[1.181s] Level 1:colcon.colcon_core.package_discovery:discover_packages(path) using defaults
[1.269s] Level 1:colcon.colcon_core.package_discovery:discover_packages(prefix_path) check parameters
[1.269s] Level 1:colcon.colcon_core.package_discovery:discover_packages(prefix_path) discover
[1.298s] DEBUG:colcon.colcon_installed_package_information.package_discovery:Found 291 installed packages in /opt/ros/humble
[1.299s] Level 1:colcon.colcon_core.package_discovery:discover_packages(prefix_path) using defaults
[1.363s] Level 5:colcon.colcon_core.verb:set package 'cbba' build argument 'cmake_args' from command line to 'None'
[1.363s] Level 5:colcon.colcon_core.verb:set package 'cbba' build argument 'cmake_target' from command line to 'None'
[1.363s] Level 5:colcon.colcon_core.verb:set package 'cbba' build argument 'cmake_target_skip_unavailable' from command line to 'False'
[1.363s] Level 5:colcon.colcon_core.verb:set package 'cbba' build argument 'cmake_clean_cache' from command line to 'False'
[1.363s] Level 5:colcon.colcon_core.verb:set package 'cbba' build argument 'cmake_clean_first' from command line to 'False'
[1.363s] Level 5:colcon.colcon_core.verb:set package 'cbba' build argument 'cmake_force_configure' from command line to 'False'
[1.363s] Level 5:colcon.colcon_core.verb:set package 'cbba' build argument 'ament_cmake_args' from command line to 'None'
[1.364s] Level 5:colcon.colcon_core.verb:set package 'cbba' build argument 'catkin_cmake_args' from command line to 'None'
[1.364s] Level 5:colcon.colcon_core.verb:set package 'cbba' build argument 'catkin_skip_building_tests' from command line to 'False'
[1.364s] DEBUG:colcon.colcon_core.verb:Building package 'cbba' with the following arguments: {'ament_cmake_args': None, 'build_base': '/home/yong/ws_kari/build/cbba', 'catkin_cmake_args': None, 'catkin_skip_building_tests': False, 'cmake_args': None, 'cmake_clean_cache': False, 'cmake_clean_first': False, 'cmake_force_configure': False, 'cmake_target': None, 'cmake_target_skip_unavailable': False, 'install_base': '/home/yong/ws_kari/install/cbba', 'merge_install': False, 'path': '/home/yong/ws_kari/src/cbba', 'symlink_install': False, 'test_result_base': None}
[1.376s] Level 5:colcon.colcon_core.verb:set package 'multi_agent_comm' build argument 'cmake_args' from command line to 'None'
[1.376s] Level 5:colcon.colcon_core.verb:set package 'multi_agent_comm' build argument 'cmake_target' from command line to 'None'
[1.376s] Level 5:colcon.colcon_core.verb:set package 'multi_agent_comm' build argument 'cmake_target_skip_unavailable' from command line to 'False'
[1.376s] Level 5:colcon.colcon_core.verb:set package 'multi_agent_comm' build argument 'cmake_clean_cache' from command line to 'False'
[1.376s] Level 5:colcon.colcon_core.verb:set package 'multi_agent_comm' build argument 'cmake_clean_first' from command line to 'False'
[1.376s] Level 5:colcon.colcon_core.verb:set package 'multi_agent_comm' build argument 'cmake_force_configure' from command line to 'False'
[1.376s] Level 5:colcon.colcon_core.verb:set package 'multi_agent_comm' build argument 'ament_cmake_args' from command line to 'None'
[1.376s] Level 5:colcon.colcon_core.verb:set package 'multi_agent_comm' build argument 'catkin_cmake_args' from command line to 'None'
[1.376s] Level 5:colcon.colcon_core.verb:set package 'multi_agent_comm' build argument 'catkin_skip_building_tests' from command line to 'False'
[1.376s] DEBUG:colcon.colcon_core.verb:Building package 'multi_agent_comm' with the following arguments: {'ament_cmake_args': None, 'build_base': '/home/yong/ws_kari/build/multi_agent_comm', 'catkin_cmake_args': None, 'catkin_skip_building_tests': False, 'cmake_args': None, 'cmake_clean_cache': False, 'cmake_clean_first': False, 'cmake_force_configure': False, 'cmake_target': None, 'cmake_target_skip_unavailable': False, 'install_base': '/home/yong/ws_kari/install/multi_agent_comm', 'merge_install': False, 'path': '/home/yong/ws_kari/src/multi_agent_comm', 'symlink_install': False, 'test_result_base': None}
[1.389s] INFO:colcon.colcon_core.executor:Executing jobs using 'parallel' executor
[1.401s] DEBUG:colcon.colcon_parallel_executor.executor.parallel:run_until_complete
[1.402s] INFO:colcon.colcon_ros.task.ament_cmake.build:Building ROS package in '/home/yong/ws_kari/src/cbba' with build type 'ament_cmake'
[1.402s] INFO:colcon.colcon_cmake.task.cmake.build:Building CMake package in '/home/yong/ws_kari/src/cbba'
[1.431s] INFO:colcon.colcon_core.plugin_system:Skipping extension 'colcon_core.shell.bat': Not used on non-Windows systems
[1.431s] INFO:colcon.colcon_core.shell:Skip shell extension 'powershell' for command environment: Not usable outside of PowerShell
[1.431s] DEBUG:colcon.colcon_core.shell:Skip shell extension 'dsv' for command environment
[1.458s] INFO:colcon.colcon_ros.task.ament_cmake.build:Building ROS package in '/home/yong/ws_kari/src/multi_agent_comm' with build type 'ament_cmake'
[1.458s] INFO:colcon.colcon_cmake.task.cmake.build:Building CMake package in '/home/yong/ws_kari/src/multi_agent_comm'
[1.471s] INFO:colcon.colcon_core.shell:Skip shell extension 'powershell' for command environment: Not usable outside of PowerShell
[1.471s] DEBUG:colcon.colcon_core.shell:Skip shell extension 'dsv' for command environment
[1.505s] DEBUG:colcon.colcon_core.event_handler.log_command:Invoking command in '/home/yong/ws_kari/build/cbba': CMAKE_PREFIX_PATH=/opt/ros/humble /usr/bin/cmake --build /home/yong/ws_kari/build/cbba -- -j16 -l16
[1.513s] DEBUG:colcon.colcon_core.event_handler.log_command:Invoking command in '/home/yong/ws_kari/build/multi_agent_comm': CMAKE_PREFIX_PATH=/opt/ros/humble /usr/bin/cmake --build /home/yong/ws_kari/build/multi_agent_comm -- -j16 -l16
[1.571s] DEBUG:colcon.colcon_core.event_handler.log_command:Invoked command in '/home/yong/ws_kari/build/cbba' returned '0': CMAKE_PREFIX_PATH=/opt/ros/humble /usr/bin/cmake --build /home/yong/ws_kari/build/cbba -- -j16 -l16
[1.601s] DEBUG:colcon.colcon_core.event_handler.log_command:Invoking command in '/home/yong/ws_kari/build/cbba': CMAKE_PREFIX_PATH=/opt/ros/humble /usr/bin/cmake --install /home/yong/ws_kari/build/cbba
[1.613s] Level 1:colcon.colcon_core.environment:create_environment_scripts_only(cbba)
[1.614s] DEBUG:colcon.colcon_core.event_handler.log_command:Invoked command in '/home/yong/ws_kari/build/cbba' returned '0': CMAKE_PREFIX_PATH=/opt/ros/humble /usr/bin/cmake --install /home/yong/ws_kari/build/cbba
[1.642s] Level 1:colcon.colcon_core.environment:checking '/home/yong/ws_kari/install/cbba' for CMake module files
[1.642s] Level 1:colcon.colcon_core.environment:checking '/home/yong/ws_kari/install/cbba' for CMake config files
[1.642s] Level 1:colcon.colcon_core.shell:create_environment_hook('cbba', 'cmake_prefix_path')
[1.655s] INFO:colcon.colcon_core.shell:Creating environment hook '/home/yong/ws_kari/install/cbba/share/cbba/hook/cmake_prefix_path.ps1'
[1.656s] INFO:colcon.colcon_core.shell:Creating environment descriptor '/home/yong/ws_kari/install/cbba/share/cbba/hook/cmake_prefix_path.dsv'
[1.658s] INFO:colcon.colcon_core.shell:Creating environment hook '/home/yong/ws_kari/install/cbba/share/cbba/hook/cmake_prefix_path.sh'
[1.662s] Level 1:colcon.colcon_core.environment:checking '/home/yong/ws_kari/install/cbba/bin'
[1.662s] Level 1:colcon.colcon_core.environment:checking '/home/yong/ws_kari/install/cbba/lib/pkgconfig/cbba.pc'
[1.662s] Level 1:colcon.colcon_core.environment:checking '/home/yong/ws_kari/install/cbba/lib/python3.10/site-packages'
[1.662s] Level 1:colcon.colcon_core.environment:checking '/home/yong/ws_kari/install/cbba/bin'
[1.676s] INFO:colcon.colcon_core.shell:Creating package script '/home/yong/ws_kari/install/cbba/share/cbba/package.ps1'
[1.677s] INFO:colcon.colcon_core.shell:Creating package descriptor '/home/yong/ws_kari/install/cbba/share/cbba/package.dsv'
[1.680s] INFO:colcon.colcon_core.shell:Creating package script '/home/yong/ws_kari/install/cbba/share/cbba/package.sh'
[1.682s] INFO:colcon.colcon_core.shell:Creating package script '/home/yong/ws_kari/install/cbba/share/cbba/package.bash'
[1.686s] INFO:colcon.colcon_core.shell:Creating package script '/home/yong/ws_kari/install/cbba/share/cbba/package.zsh'
[1.689s] Level 1:colcon.colcon_core.environment:create_file_with_runtime_dependencies(/home/yong/ws_kari/install/cbba/share/colcon-core/packages/cbba)
[1.724s] Level 1:colcon.colcon_core.environment:create_environment_scripts_only(cbba)
[1.736s] Level 1:colcon.colcon_core.environment:checking '/home/yong/ws_kari/install/cbba' for CMake module files
[1.736s] Level 1:colcon.colcon_core.environment:checking '/home/yong/ws_kari/install/cbba' for CMake config files
[1.737s] Level 1:colcon.colcon_core.shell:create_environment_hook('cbba', 'cmake_prefix_path')
[1.749s] INFO:colcon.colcon_core.shell:Creating environment hook '/home/yong/ws_kari/install/cbba/share/cbba/hook/cmake_prefix_path.ps1'
[1.750s] INFO:colcon.colcon_core.shell:Creating environment descriptor '/home/yong/ws_kari/install/cbba/share/cbba/hook/cmake_prefix_path.dsv'
[1.750s] INFO:colcon.colcon_core.shell:Creating environment hook '/home/yong/ws_kari/install/cbba/share/cbba/hook/cmake_prefix_path.sh'
[1.750s] Level 1:colcon.colcon_core.environment:checking '/home/yong/ws_kari/install/cbba/bin'
[1.750s] Level 1:colcon.colcon_core.environment:checking '/home/yong/ws_kari/install/cbba/lib/pkgconfig/cbba.pc'
[1.750s] Level 1:colcon.colcon_core.environment:checking '/home/yong/ws_kari/install/cbba/lib/python3.10/site-packages'
[1.751s] Level 1:colcon.colcon_core.environment:checking '/home/yong/ws_kari/install/cbba/bin'
[1.763s] INFO:colcon.colcon_core.shell:Creating package script '/home/yong/ws_kari/install/cbba/share/cbba/package.ps1'
[1.764s] INFO:colcon.colcon_core.shell:Creating package descriptor '/home/yong/ws_kari/install/cbba/share/cbba/package.dsv'
[1.764s] INFO:colcon.colcon_core.shell:Creating package script '/home/yong/ws_kari/install/cbba/share/cbba/package.sh'
[1.765s] INFO:colcon.colcon_core.shell:Creating package script '/home/yong/ws_kari/install/cbba/share/cbba/package.bash'
[1.765s] INFO:colcon.colcon_core.shell:Creating package script '/home/yong/ws_kari/install/cbba/share/cbba/package.zsh'
[1.766s] Level 1:colcon.colcon_core.environment:create_file_with_runtime_dependencies(/home/yong/ws_kari/install/cbba/share/colcon-core/packages/cbba)
[5.745s] DEBUG:colcon.colcon_core.event_handler.log_command:Invoked command in '/home/yong/ws_kari/build/multi_agent_comm' returned '2': CMAKE_PREFIX_PATH=/opt/ros/humble /usr/bin/cmake --build /home/yong/ws_kari/build/multi_agent_comm -- -j16 -l16
[5.814s] Level 1:colcon.colcon_core.environment:create_environment_scripts_only(multi_agent_comm)
[5.826s] Level 1:colcon.colcon_core.environment:checking '/home/yong/ws_kari/install/multi_agent_comm' for CMake module files
[5.826s] Level 1:colcon.colcon_core.environment:checking '/home/yong/ws_kari/install/multi_agent_comm' for CMake config files
[5.827s] Level 1:colcon.colcon_core.shell:create_environment_hook('multi_agent_comm', 'cmake_prefix_path')
[5.839s] INFO:colcon.colcon_core.shell:Creating environment hook '/home/yong/ws_kari/install/multi_agent_comm/share/multi_agent_comm/hook/cmake_prefix_path.ps1'
[5.839s] INFO:colcon.colcon_core.shell:Creating environment descriptor '/home/yong/ws_kari/install/multi_agent_comm/share/multi_agent_comm/hook/cmake_prefix_path.dsv'
[5.840s] INFO:colcon.colcon_core.shell:Creating environment hook '/home/yong/ws_kari/install/multi_agent_comm/share/multi_agent_comm/hook/cmake_prefix_path.sh'
[5.840s] Level 1:colcon.colcon_core.environment:checking '/home/yong/ws_kari/install/multi_agent_comm/lib'
[5.840s] Level 1:colcon.colcon_core.shell:create_environment_hook('multi_agent_comm', 'ld_library_path_lib')
[5.852s] INFO:colcon.colcon_core.shell:Creating environment hook '/home/yong/ws_kari/install/multi_agent_comm/share/multi_agent_comm/hook/ld_library_path_lib.ps1'
[5.853s] INFO:colcon.colcon_core.shell:Creating environment descriptor '/home/yong/ws_kari/install/multi_agent_comm/share/multi_agent_comm/hook/ld_library_path_lib.dsv'
[5.853s] INFO:colcon.colcon_core.shell:Creating environment hook '/home/yong/ws_kari/install/multi_agent_comm/share/multi_agent_comm/hook/ld_library_path_lib.sh'
[5.853s] Level 1:colcon.colcon_core.environment:checking '/home/yong/ws_kari/install/multi_agent_comm/bin'
[5.853s] Level 1:colcon.colcon_core.environment:checking '/home/yong/ws_kari/install/multi_agent_comm/lib/pkgconfig/multi_agent_comm.pc'
[5.853s] Level 1:colcon.colcon_core.environment:checking '/home/yong/ws_kari/install/multi_agent_comm/lib/python3.10/site-packages'
[5.854s] Level 1:colcon.colcon_core.environment:checking '/home/yong/ws_kari/install/multi_agent_comm/bin'
[5.866s] INFO:colcon.colcon_core.shell:Creating package script '/home/yong/ws_kari/install/multi_agent_comm/share/multi_agent_comm/package.ps1'
[5.866s] INFO:colcon.colcon_core.shell:Creating package descriptor '/home/yong/ws_kari/install/multi_agent_comm/share/multi_agent_comm/package.dsv'
[5.866s] INFO:colcon.colcon_core.shell:Creating package script '/home/yong/ws_kari/install/multi_agent_comm/share/multi_agent_comm/package.sh'
[5.867s] INFO:colcon.colcon_core.shell:Creating package script '/home/yong/ws_kari/install/multi_agent_comm/share/multi_agent_comm/package.bash'
[5.867s] INFO:colcon.colcon_core.shell:Creating package script '/home/yong/ws_kari/install/multi_agent_comm/share/multi_agent_comm/package.zsh'
[5.867s] Level 1:colcon.colcon_core.environment:create_file_with_runtime_dependencies(/home/yong/ws_kari/install/multi_agent_comm/share/colcon-core/packages/multi_agent_comm)
[5.878s] DEBUG:colcon.colcon_parallel_executor.executor.parallel:closing loop
[5.878s] DEBUG:colcon.colcon_parallel_executor.executor.parallel:loop closed
[5.878s] DEBUG:colcon.colcon_parallel_executor.executor.parallel:run_until_complete finished with '2'
[5.878s] DEBUG:colcon.colcon_core.event_reactor:joining thread
[5.897s] INFO:colcon.colcon_core.plugin_system:Skipping extension 'colcon_notification.desktop_notification.terminal_notifier': Not used on non-Darwin systems
[5.897s] INFO:colcon.colcon_core.plugin_system:Skipping extension 'colcon_notification.desktop_notification.win32': Not used on non-Windows systems
[5.897s] INFO:colcon.colcon_notification.desktop_notification:Sending desktop notification using 'notify2'
[5.910s] DEBUG:colcon.colcon_core.event_reactor:joined thread
[5.923s] INFO:colcon.colcon_core.shell:Creating prefix script '/home/yong/ws_kari/install/local_setup.ps1'
[5.924s] INFO:colcon.colcon_core.shell:Creating prefix util module '/home/yong/ws_kari/install/_local_setup_util_ps1.py'
[5.925s] INFO:colcon.colcon_core.shell:Creating prefix chain script '/home/yong/ws_kari/install/setup.ps1'
[5.939s] INFO:colcon.colcon_core.shell:Creating prefix script '/home/yong/ws_kari/install/local_setup.sh'
[5.941s] INFO:colcon.colcon_core.shell:Creating prefix util module '/home/yong/ws_kari/install/_local_setup_util_sh.py'
[5.941s] INFO:colcon.colcon_core.shell:Creating prefix chain script '/home/yong/ws_kari/install/setup.sh'
[5.956s] INFO:colcon.colcon_core.shell:Creating prefix script '/home/yong/ws_kari/install/local_setup.bash'
[5.958s] INFO:colcon.colcon_core.shell:Creating prefix chain script '/home/yong/ws_kari/install/setup.bash'
[5.973s] INFO:colcon.colcon_core.shell:Creating prefix script '/home/yong/ws_kari/install/local_setup.zsh'
[5.976s] INFO:colcon.colcon_core.shell:Creating prefix chain script '/home/yong/ws_kari/install/setup.zsh'
