[0.113s] Invoking command in '/home/yong/ws_kari/ROS2_Test/build/auction_node': CMAKE_PREFIX_PATH=/home/yong/ws_kari/ROS2_Test/install/custom_interfaces:/home/yong/ws_kari/ROS2_Test/install/srv_test:/home/yong/ws_kari/ROS2_Test/install/multi_agent_comm:/opt/ros/humble:/home/yong/ws_kari/ROS2_Test/install/auction_node:/home/yong/ws_kari/ROS2_Test/install/acbba LD_LIBRARY_PATH=/home/yong/ws_kari/ROS2_Test/install/custom_interfaces/lib:/home/yong/ws_kari/ROS2_Test/install/multi_agent_comm/lib:/opt/ros/humble/opt/rviz_ogre_vendor/lib:/opt/ros/humble/lib/x86_64-linux-gnu:/opt/ros/humble/lib /usr/bin/cmake /home/yong/ws_kari/ROS2_Test/src/auction -DCMAKE_INSTALL_PREFIX=/home/yong/ws_kari/ROS2_Test/install/auction_node
[0.124s] -- Found ament_cmake: 1.3.7 (/opt/ros/humble/share/ament_cmake/cmake)
[0.256s] -- Found rclcpp: 16.0.8 (/opt/ros/humble/share/rclcpp/cmake)
[0.289s] -- Found rosidl_generator_c: 3.1.5 (/opt/ros/humble/share/rosidl_generator_c/cmake)
[0.291s] -- Found rosidl_adapter: 3.1.5 (/opt/ros/humble/share/rosidl_adapter/cmake)
[0.296s] -- Found rosidl_generator_cpp: 3.1.5 (/opt/ros/humble/share/rosidl_generator_cpp/cmake)
[0.305s] -- Using all available rosidl_typesupport_c: rosidl_typesupport_fastrtps_c;rosidl_typesupport_introspection_c
[0.319s] -- Using all available rosidl_typesupport_cpp: rosidl_typesupport_fastrtps_cpp;rosidl_typesupport_introspection_cpp
[0.369s] -- Found rmw_implementation_cmake: 6.1.1 (/opt/ros/humble/share/rmw_implementation_cmake/cmake)
[0.370s] -- Found rmw_fastrtps_cpp: 6.2.6 (/opt/ros/humble/share/rmw_fastrtps_cpp/cmake)
[0.495s] -- Using RMW implementation 'rmw_fastrtps_cpp' as default
[0.634s] -- Found geometry_msgs: 4.2.3 (/opt/ros/humble/share/geometry_msgs/cmake)
[0.671s] -- Found custom_interfaces: 0.1.0 (/home/yong/ws_kari/ROS2_Test/install/custom_interfaces/share/custom_interfaces/cmake)
[0.789s] -- Configuring done
[0.802s] -- Generating done
[0.804s] -- Build files have been written to: /home/yong/ws_kari/ROS2_Test/build/auction_node
[0.811s] Invoked command in '/home/yong/ws_kari/ROS2_Test/build/auction_node' returned '0': CMAKE_PREFIX_PATH=/home/yong/ws_kari/ROS2_Test/install/custom_interfaces:/home/yong/ws_kari/ROS2_Test/install/srv_test:/home/yong/ws_kari/ROS2_Test/install/multi_agent_comm:/opt/ros/humble:/home/yong/ws_kari/ROS2_Test/install/auction_node:/home/yong/ws_kari/ROS2_Test/install/acbba LD_LIBRARY_PATH=/home/yong/ws_kari/ROS2_Test/install/custom_interfaces/lib:/home/yong/ws_kari/ROS2_Test/install/multi_agent_comm/lib:/opt/ros/humble/opt/rviz_ogre_vendor/lib:/opt/ros/humble/lib/x86_64-linux-gnu:/opt/ros/humble/lib /usr/bin/cmake /home/yong/ws_kari/ROS2_Test/src/auction -DCMAKE_INSTALL_PREFIX=/home/yong/ws_kari/ROS2_Test/install/auction_node
[0.812s] Invoking command in '/home/yong/ws_kari/ROS2_Test/build/auction_node': CMAKE_PREFIX_PATH=/home/yong/ws_kari/ROS2_Test/install/custom_interfaces:/home/yong/ws_kari/ROS2_Test/install/srv_test:/home/yong/ws_kari/ROS2_Test/install/multi_agent_comm:/opt/ros/humble:/home/yong/ws_kari/ROS2_Test/install/auction_node:/home/yong/ws_kari/ROS2_Test/install/acbba LD_LIBRARY_PATH=/home/yong/ws_kari/ROS2_Test/install/custom_interfaces/lib:/home/yong/ws_kari/ROS2_Test/install/multi_agent_comm/lib:/opt/ros/humble/opt/rviz_ogre_vendor/lib:/opt/ros/humble/lib/x86_64-linux-gnu:/opt/ros/humble/lib /usr/bin/cmake --build /home/yong/ws_kari/ROS2_Test/build/auction_node -- -j16 -l16
[0.852s] [35m[1mConsolidate compiler generated dependencies of target task_publisher[0m
[0.852s] [35m[1mConsolidate compiler generated dependencies of target auction_node[0m
[0.872s] [100%] Built target task_publisher
[0.872s] [100%] Built target auction_node
[0.885s] Invoked command in '/home/yong/ws_kari/ROS2_Test/build/auction_node' returned '0': CMAKE_PREFIX_PATH=/home/yong/ws_kari/ROS2_Test/install/custom_interfaces:/home/yong/ws_kari/ROS2_Test/install/srv_test:/home/yong/ws_kari/ROS2_Test/install/multi_agent_comm:/opt/ros/humble:/home/yong/ws_kari/ROS2_Test/install/auction_node:/home/yong/ws_kari/ROS2_Test/install/acbba LD_LIBRARY_PATH=/home/yong/ws_kari/ROS2_Test/install/custom_interfaces/lib:/home/yong/ws_kari/ROS2_Test/install/multi_agent_comm/lib:/opt/ros/humble/opt/rviz_ogre_vendor/lib:/opt/ros/humble/lib/x86_64-linux-gnu:/opt/ros/humble/lib /usr/bin/cmake --build /home/yong/ws_kari/ROS2_Test/build/auction_node -- -j16 -l16
[0.914s] Invoking command in '/home/yong/ws_kari/ROS2_Test/build/auction_node': CMAKE_PREFIX_PATH=/home/yong/ws_kari/ROS2_Test/install/custom_interfaces:/home/yong/ws_kari/ROS2_Test/install/srv_test:/home/yong/ws_kari/ROS2_Test/install/multi_agent_comm:/opt/ros/humble:/home/yong/ws_kari/ROS2_Test/install/auction_node:/home/yong/ws_kari/ROS2_Test/install/acbba LD_LIBRARY_PATH=/home/yong/ws_kari/ROS2_Test/install/custom_interfaces/lib:/home/yong/ws_kari/ROS2_Test/install/multi_agent_comm/lib:/opt/ros/humble/opt/rviz_ogre_vendor/lib:/opt/ros/humble/lib/x86_64-linux-gnu:/opt/ros/humble/lib /usr/bin/cmake --install /home/yong/ws_kari/ROS2_Test/build/auction_node
[0.922s] -- Install configuration: ""
[0.922s] -- Up-to-date: /home/yong/ws_kari/ROS2_Test/install/auction_node/lib/auction_node/auction_node
[0.922s] -- Up-to-date: /home/yong/ws_kari/ROS2_Test/install/auction_node/lib/auction_node/task_publisher
[0.922s] -- Installing: /home/yong/ws_kari/ROS2_Test/install/auction_node/share/ament_index/resource_index/package_run_dependencies/auction_node
[0.923s] -- Installing: /home/yong/ws_kari/ROS2_Test/install/auction_node/share/ament_index/resource_index/parent_prefix_path/auction_node
[0.923s] -- Up-to-date: /home/yong/ws_kari/ROS2_Test/install/auction_node/share/auction_node/environment/ament_prefix_path.sh
[0.923s] -- Installing: /home/yong/ws_kari/ROS2_Test/install/auction_node/share/auction_node/environment/ament_prefix_path.dsv
[0.923s] -- Up-to-date: /home/yong/ws_kari/ROS2_Test/install/auction_node/share/auction_node/environment/path.sh
[0.923s] -- Installing: /home/yong/ws_kari/ROS2_Test/install/auction_node/share/auction_node/environment/path.dsv
[0.923s] -- Up-to-date: /home/yong/ws_kari/ROS2_Test/install/auction_node/share/auction_node/local_setup.bash
[0.923s] -- Up-to-date: /home/yong/ws_kari/ROS2_Test/install/auction_node/share/auction_node/local_setup.sh
[0.923s] -- Up-to-date: /home/yong/ws_kari/ROS2_Test/install/auction_node/share/auction_node/local_setup.zsh
[0.923s] -- Installing: /home/yong/ws_kari/ROS2_Test/install/auction_node/share/auction_node/local_setup.dsv
[0.923s] -- Installing: /home/yong/ws_kari/ROS2_Test/install/auction_node/share/auction_node/package.dsv
[0.924s] -- Up-to-date: /home/yong/ws_kari/ROS2_Test/install/auction_node/share/ament_index/resource_index/packages/auction_node
[0.924s] -- Up-to-date: /home/yong/ws_kari/ROS2_Test/install/auction_node/share/auction_node/cmake/auction_nodeConfig.cmake
[0.924s] -- Up-to-date: /home/yong/ws_kari/ROS2_Test/install/auction_node/share/auction_node/cmake/auction_nodeConfig-version.cmake
[0.924s] -- Installing: /home/yong/ws_kari/ROS2_Test/install/auction_node/share/auction_node/package.xml
[0.927s] Invoked command in '/home/yong/ws_kari/ROS2_Test/build/auction_node' returned '0': CMAKE_PREFIX_PATH=/home/yong/ws_kari/ROS2_Test/install/custom_interfaces:/home/yong/ws_kari/ROS2_Test/install/srv_test:/home/yong/ws_kari/ROS2_Test/install/multi_agent_comm:/opt/ros/humble:/home/yong/ws_kari/ROS2_Test/install/auction_node:/home/yong/ws_kari/ROS2_Test/install/acbba LD_LIBRARY_PATH=/home/yong/ws_kari/ROS2_Test/install/custom_interfaces/lib:/home/yong/ws_kari/ROS2_Test/install/multi_agent_comm/lib:/opt/ros/humble/opt/rviz_ogre_vendor/lib:/opt/ros/humble/lib/x86_64-linux-gnu:/opt/ros/humble/lib /usr/bin/cmake --install /home/yong/ws_kari/ROS2_Test/build/auction_node
