[0.115s] Invoking command in '/home/yong/ws_kari/ROS2_Test/build/cbba': CMAKE_PREFIX_PATH=${CMAKE_PREFIX_PATH}:/opt/ros/humble /usr/bin/cmake /home/yong/ws_kari/ROS2_Test/src/cbba -DCMAKE_INSTALL_PREFIX=/home/yong/ws_kari/ROS2_Test/install/cbba
[0.247s] -- The C compiler identification is GNU 11.4.0
[0.353s] -- The CXX compiler identification is GNU 11.4.0
[0.363s] -- Detecting C compiler ABI info
[0.438s] -- Detecting C compiler ABI info - done
[0.445s] -- Check for working C compiler: /usr/bin/cc - skipped
[0.447s] -- Detecting C compile features
[0.447s] -- Detecting C compile features - done
[0.450s] -- Detecting CXX compiler ABI info
[0.528s] -- Detecting CXX compiler ABI info - done
[0.535s] -- Check for working CXX compiler: /usr/bin/c++ - skipped
[0.535s] -- Detecting CXX compile features
[0.535s] -- Detecting CXX compile features - done
[0.539s] -- Found ament_cmake: 1.3.7 (/opt/ros/humble/share/ament_cmake/cmake)
[0.881s] -- Found Python3: /usr/bin/python3.10 (found version "3.10.12") found components: Interpreter 
[0.982s] -- Found rclcpp: 16.0.8 (/opt/ros/humble/share/rclcpp/cmake)
[1.035s] -- Found rosidl_generator_c: 3.1.5 (/opt/ros/humble/share/rosidl_generator_c/cmake)
[1.041s] -- Found rosidl_adapter: 3.1.5 (/opt/ros/humble/share/rosidl_adapter/cmake)
[1.053s] -- Found rosidl_generator_cpp: 3.1.5 (/opt/ros/humble/share/rosidl_generator_cpp/cmake)
[1.069s] -- Using all available rosidl_typesupport_c: rosidl_typesupport_fastrtps_c;rosidl_typesupport_introspection_c
[1.090s] -- Using all available rosidl_typesupport_cpp: rosidl_typesupport_fastrtps_cpp;rosidl_typesupport_introspection_cpp
[1.166s] -- Found rmw_implementation_cmake: 6.1.1 (/opt/ros/humble/share/rmw_implementation_cmake/cmake)
[1.170s] -- Found rmw_fastrtps_cpp: 6.2.6 (/opt/ros/humble/share/rmw_fastrtps_cpp/cmake)
[1.288s] -- Found OpenSSL: /usr/lib/x86_64-linux-gnu/libcrypto.so (found version "3.0.2")  
[1.317s] -- Found FastRTPS: /opt/ros/humble/include  
[1.366s] -- Using RMW implementation 'rmw_fastrtps_cpp' as default
[1.378s] -- Looking for pthread.h
[1.447s] -- Looking for pthread.h - found
[1.447s] -- Performing Test CMAKE_HAVE_LIBC_PTHREAD
[1.518s] -- Performing Test CMAKE_HAVE_LIBC_PTHREAD - Success
[1.519s] -- Found Threads: TRUE  
[1.675s] -- Found ament_lint_auto: 0.12.10 (/opt/ros/humble/share/ament_lint_auto/cmake)
[1.750s] -- Added test 'cppcheck' to perform static code analysis on C / C++ code
[1.750s] -- Configured cppcheck include dirs: 
[1.750s] -- Configured cppcheck exclude dirs and/or files: 
[1.750s] -- Added test 'lint_cmake' to check CMake code style
[1.752s] -- Added test 'uncrustify' to check C / C++ code style
[1.752s] -- Configured uncrustify additional arguments: 
[1.752s] -- Added test 'xmllint' to check XML markup files
[1.754s] -- Configuring done
[1.758s] -- Generating done
[1.759s] -- Build files have been written to: /home/yong/ws_kari/ROS2_Test/build/cbba
[1.768s] Invoked command in '/home/yong/ws_kari/ROS2_Test/build/cbba' returned '0': CMAKE_PREFIX_PATH=${CMAKE_PREFIX_PATH}:/opt/ros/humble /usr/bin/cmake /home/yong/ws_kari/ROS2_Test/src/cbba -DCMAKE_INSTALL_PREFIX=/home/yong/ws_kari/ROS2_Test/install/cbba
[1.769s] Invoking command in '/home/yong/ws_kari/ROS2_Test/build/cbba': CMAKE_PREFIX_PATH=${CMAKE_PREFIX_PATH}:/opt/ros/humble /usr/bin/cmake --build /home/yong/ws_kari/ROS2_Test/build/cbba -- -j16 -l16
[1.808s] Invoked command in '/home/yong/ws_kari/ROS2_Test/build/cbba' returned '0': CMAKE_PREFIX_PATH=${CMAKE_PREFIX_PATH}:/opt/ros/humble /usr/bin/cmake --build /home/yong/ws_kari/ROS2_Test/build/cbba -- -j16 -l16
[1.838s] Invoking command in '/home/yong/ws_kari/ROS2_Test/build/cbba': CMAKE_PREFIX_PATH=${CMAKE_PREFIX_PATH}:/opt/ros/humble /usr/bin/cmake --install /home/yong/ws_kari/ROS2_Test/build/cbba
[1.845s] -- Install configuration: ""
[1.845s] -- Installing: /home/yong/ws_kari/ROS2_Test/install/cbba/share/ament_index/resource_index/package_run_dependencies/cbba
[1.845s] -- Installing: /home/yong/ws_kari/ROS2_Test/install/cbba/share/ament_index/resource_index/parent_prefix_path/cbba
[1.845s] -- Up-to-date: /home/yong/ws_kari/ROS2_Test/install/cbba/share/cbba/environment/ament_prefix_path.sh
[1.845s] -- Installing: /home/yong/ws_kari/ROS2_Test/install/cbba/share/cbba/environment/ament_prefix_path.dsv
[1.845s] -- Up-to-date: /home/yong/ws_kari/ROS2_Test/install/cbba/share/cbba/environment/path.sh
[1.846s] -- Installing: /home/yong/ws_kari/ROS2_Test/install/cbba/share/cbba/environment/path.dsv
[1.846s] -- Installing: /home/yong/ws_kari/ROS2_Test/install/cbba/share/cbba/local_setup.bash
[1.846s] -- Installing: /home/yong/ws_kari/ROS2_Test/install/cbba/share/cbba/local_setup.sh
[1.846s] -- Installing: /home/yong/ws_kari/ROS2_Test/install/cbba/share/cbba/local_setup.zsh
[1.846s] -- Installing: /home/yong/ws_kari/ROS2_Test/install/cbba/share/cbba/local_setup.dsv
[1.846s] -- Installing: /home/yong/ws_kari/ROS2_Test/install/cbba/share/cbba/package.dsv
[1.846s] -- Installing: /home/yong/ws_kari/ROS2_Test/install/cbba/share/ament_index/resource_index/packages/cbba
[1.847s] -- Installing: /home/yong/ws_kari/ROS2_Test/install/cbba/share/cbba/cmake/cbbaConfig.cmake
[1.847s] -- Installing: /home/yong/ws_kari/ROS2_Test/install/cbba/share/cbba/cmake/cbbaConfig-version.cmake
[1.847s] -- Up-to-date: /home/yong/ws_kari/ROS2_Test/install/cbba/share/cbba/package.xml
[1.849s] Invoked command in '/home/yong/ws_kari/ROS2_Test/build/cbba' returned '0': CMAKE_PREFIX_PATH=${CMAKE_PREFIX_PATH}:/opt/ros/humble /usr/bin/cmake --install /home/yong/ws_kari/ROS2_Test/build/cbba
