[0.869s] DEBUG:colcon:Command line arguments: ['/usr/bin/colcon', 'build']
[0.869s] DEBUG:colcon:Parsed command line arguments: Namespace(log_base=None, log_level=None, verb_name='build', build_base='build', install_base='install', merge_install=False, symlink_install=False, test_result_base=None, continue_on_error=False, executor='parallel', parallel_workers=16, event_handlers=None, ignore_user_meta=False, metas=['./colcon.meta'], base_paths=['.'], packages_ignore=None, packages_ignore_regex=None, paths=None, packages_up_to=None, packages_up_to_regex=None, packages_above=None, packages_above_and_dependencies=None, packages_above_depth=None, packages_select_by_dep=None, packages_skip_by_dep=None, packages_skip_up_to=None, packages_select_build_failed=False, packages_skip_build_finished=False, packages_select_test_failures=False, packages_skip_test_passed=False, packages_select=None, packages_skip=None, packages_select_regex=None, packages_skip_regex=None, packages_start=None, packages_end=None, allow_overriding=[], cmake_args=None, cmake_target=None, cmake_target_skip_unavailable=False, cmake_clean_cache=False, cmake_clean_first=False, cmake_force_configure=False, ament_cmake_args=None, catkin_cmake_args=None, catkin_skip_building_tests=False, verb_parser=<colcon_defaults.argument_parser.defaults.DefaultArgumentsDecorator object at 0x770bb610d780>, verb_extension=<colcon_core.verb.build.BuildVerb object at 0x770bb610cdf0>, main=<bound method BuildVerb.main of <colcon_core.verb.build.BuildVerb object at 0x770bb610cdf0>>)
[0.917s] Level 1:colcon.colcon_core.package_discovery:discover_packages(colcon_meta) check parameters
[0.917s] Level 1:colcon.colcon_core.package_discovery:discover_packages(recursive) check parameters
[0.917s] Level 1:colcon.colcon_core.package_discovery:discover_packages(ignore) check parameters
[0.917s] Level 1:colcon.colcon_core.package_discovery:discover_packages(path) check parameters
[0.917s] Level 1:colcon.colcon_core.package_discovery:discover_packages(colcon_meta) discover
[0.917s] Level 1:colcon.colcon_core.package_discovery:discover_packages(recursive) discover
[0.917s] INFO:colcon.colcon_core.package_discovery:Crawling recursively for packages in '/home/yong/ws_kari/ROS2_Test'
[0.917s] Level 1:colcon.colcon_core.package_identification:_identify(.) by extensions ['ignore', 'ignore_ament_install']
[0.917s] Level 1:colcon.colcon_core.package_identification:_identify(.) by extension 'ignore'
[0.917s] Level 1:colcon.colcon_core.package_identification:_identify(.) by extension 'ignore_ament_install'
[0.917s] Level 1:colcon.colcon_core.package_identification:_identify(.) by extensions ['colcon_pkg']
[0.917s] Level 1:colcon.colcon_core.package_identification:_identify(.) by extension 'colcon_pkg'
[0.917s] Level 1:colcon.colcon_core.package_identification:_identify(.) by extensions ['colcon_meta']
[0.917s] Level 1:colcon.colcon_core.package_identification:_identify(.) by extension 'colcon_meta'
[0.917s] Level 1:colcon.colcon_core.package_identification:_identify(.) by extensions ['ros']
[0.917s] Level 1:colcon.colcon_core.package_identification:_identify(.) by extension 'ros'
[0.929s] Level 1:colcon.colcon_core.package_identification:_identify(.) by extensions ['cmake', 'python']
[0.929s] Level 1:colcon.colcon_core.package_identification:_identify(.) by extension 'cmake'
[0.929s] Level 1:colcon.colcon_core.package_identification:_identify(.) by extension 'python'
[0.929s] Level 1:colcon.colcon_core.package_identification:_identify(.) by extensions ['python_setup_py']
[0.929s] Level 1:colcon.colcon_core.package_identification:_identify(.) by extension 'python_setup_py'
[0.929s] Level 1:colcon.colcon_core.package_identification:_identify(ROS2_Test) by extensions ['ignore', 'ignore_ament_install']
[0.929s] Level 1:colcon.colcon_core.package_identification:_identify(ROS2_Test) by extension 'ignore'
[0.929s] Level 1:colcon.colcon_core.package_identification:_identify(ROS2_Test) by extension 'ignore_ament_install'
[0.929s] Level 1:colcon.colcon_core.package_identification:_identify(ROS2_Test) by extensions ['colcon_pkg']
[0.929s] Level 1:colcon.colcon_core.package_identification:_identify(ROS2_Test) by extension 'colcon_pkg'
[0.929s] Level 1:colcon.colcon_core.package_identification:_identify(ROS2_Test) by extensions ['colcon_meta']
[0.929s] Level 1:colcon.colcon_core.package_identification:_identify(ROS2_Test) by extension 'colcon_meta'
[0.929s] Level 1:colcon.colcon_core.package_identification:_identify(ROS2_Test) by extensions ['ros']
[0.929s] Level 1:colcon.colcon_core.package_identification:_identify(ROS2_Test) by extension 'ros'
[0.929s] Level 1:colcon.colcon_core.package_identification:_identify(ROS2_Test) by extensions ['cmake', 'python']
[0.929s] Level 1:colcon.colcon_core.package_identification:_identify(ROS2_Test) by extension 'cmake'
[0.929s] Level 1:colcon.colcon_core.package_identification:_identify(ROS2_Test) by extension 'python'
[0.929s] Level 1:colcon.colcon_core.package_identification:_identify(ROS2_Test) by extensions ['python_setup_py']
[0.929s] Level 1:colcon.colcon_core.package_identification:_identify(ROS2_Test) by extension 'python_setup_py'
[0.929s] Level 1:colcon.colcon_core.package_identification:_identify(build) by extensions ['ignore', 'ignore_ament_install']
[0.930s] Level 1:colcon.colcon_core.package_identification:_identify(build) by extension 'ignore'
[0.930s] Level 1:colcon.colcon_core.package_identification:_identify(build) ignored
[0.930s] Level 1:colcon.colcon_core.package_identification:_identify(install) by extensions ['ignore', 'ignore_ament_install']
[0.930s] Level 1:colcon.colcon_core.package_identification:_identify(install) by extension 'ignore'
[0.930s] Level 1:colcon.colcon_core.package_identification:_identify(install) ignored
[0.930s] Level 1:colcon.colcon_core.package_identification:_identify(log) by extensions ['ignore', 'ignore_ament_install']
[0.930s] Level 1:colcon.colcon_core.package_identification:_identify(log) by extension 'ignore'
[0.930s] Level 1:colcon.colcon_core.package_identification:_identify(log) ignored
[0.930s] Level 1:colcon.colcon_core.package_identification:_identify(src) by extensions ['ignore', 'ignore_ament_install']
[0.930s] Level 1:colcon.colcon_core.package_identification:_identify(src) by extension 'ignore'
[0.930s] Level 1:colcon.colcon_core.package_identification:_identify(src) by extension 'ignore_ament_install'
[0.930s] Level 1:colcon.colcon_core.package_identification:_identify(src) by extensions ['colcon_pkg']
[0.930s] Level 1:colcon.colcon_core.package_identification:_identify(src) by extension 'colcon_pkg'
[0.930s] Level 1:colcon.colcon_core.package_identification:_identify(src) by extensions ['colcon_meta']
[0.930s] Level 1:colcon.colcon_core.package_identification:_identify(src) by extension 'colcon_meta'
[0.930s] Level 1:colcon.colcon_core.package_identification:_identify(src) by extensions ['ros']
[0.930s] Level 1:colcon.colcon_core.package_identification:_identify(src) by extension 'ros'
[0.930s] Level 1:colcon.colcon_core.package_identification:_identify(src) by extensions ['cmake', 'python']
[0.930s] Level 1:colcon.colcon_core.package_identification:_identify(src) by extension 'cmake'
[0.930s] Level 1:colcon.colcon_core.package_identification:_identify(src) by extension 'python'
[0.930s] Level 1:colcon.colcon_core.package_identification:_identify(src) by extensions ['python_setup_py']
[0.930s] Level 1:colcon.colcon_core.package_identification:_identify(src) by extension 'python_setup_py'
[0.931s] Level 1:colcon.colcon_core.package_identification:_identify(src/acbba) by extensions ['ignore', 'ignore_ament_install']
[0.931s] Level 1:colcon.colcon_core.package_identification:_identify(src/acbba) by extension 'ignore'
[0.931s] Level 1:colcon.colcon_core.package_identification:_identify(src/acbba) by extension 'ignore_ament_install'
[0.931s] Level 1:colcon.colcon_core.package_identification:_identify(src/acbba) by extensions ['colcon_pkg']
[0.931s] Level 1:colcon.colcon_core.package_identification:_identify(src/acbba) by extension 'colcon_pkg'
[0.931s] Level 1:colcon.colcon_core.package_identification:_identify(src/acbba) by extensions ['colcon_meta']
[0.931s] Level 1:colcon.colcon_core.package_identification:_identify(src/acbba) by extension 'colcon_meta'
[0.931s] Level 1:colcon.colcon_core.package_identification:_identify(src/acbba) by extensions ['ros']
[0.931s] Level 1:colcon.colcon_core.package_identification:_identify(src/acbba) by extension 'ros'
[0.933s] DEBUG:colcon.colcon_core.package_identification:Package 'src/acbba' with type 'ros.ament_cmake' and name 'acbba'
[0.933s] Level 1:colcon.colcon_core.package_identification:_identify(src/custom_interfaces) by extensions ['ignore', 'ignore_ament_install']
[0.933s] Level 1:colcon.colcon_core.package_identification:_identify(src/custom_interfaces) by extension 'ignore'
[0.933s] Level 1:colcon.colcon_core.package_identification:_identify(src/custom_interfaces) by extension 'ignore_ament_install'
[0.933s] Level 1:colcon.colcon_core.package_identification:_identify(src/custom_interfaces) by extensions ['colcon_pkg']
[0.933s] Level 1:colcon.colcon_core.package_identification:_identify(src/custom_interfaces) by extension 'colcon_pkg'
[0.933s] Level 1:colcon.colcon_core.package_identification:_identify(src/custom_interfaces) by extensions ['colcon_meta']
[0.933s] Level 1:colcon.colcon_core.package_identification:_identify(src/custom_interfaces) by extension 'colcon_meta'
[0.933s] Level 1:colcon.colcon_core.package_identification:_identify(src/custom_interfaces) by extensions ['ros']
[0.933s] Level 1:colcon.colcon_core.package_identification:_identify(src/custom_interfaces) by extension 'ros'
[0.933s] DEBUG:colcon.colcon_core.package_identification:Package 'src/custom_interfaces' with type 'ros.ament_cmake' and name 'custom_interfaces'
[0.934s] Level 1:colcon.colcon_core.package_identification:_identify(src/multi_agent_comm) by extensions ['ignore', 'ignore_ament_install']
[0.934s] Level 1:colcon.colcon_core.package_identification:_identify(src/multi_agent_comm) by extension 'ignore'
[0.934s] Level 1:colcon.colcon_core.package_identification:_identify(src/multi_agent_comm) by extension 'ignore_ament_install'
[0.934s] Level 1:colcon.colcon_core.package_identification:_identify(src/multi_agent_comm) by extensions ['colcon_pkg']
[0.934s] Level 1:colcon.colcon_core.package_identification:_identify(src/multi_agent_comm) by extension 'colcon_pkg'
[0.934s] Level 1:colcon.colcon_core.package_identification:_identify(src/multi_agent_comm) by extensions ['colcon_meta']
[0.934s] Level 1:colcon.colcon_core.package_identification:_identify(src/multi_agent_comm) by extension 'colcon_meta'
[0.934s] Level 1:colcon.colcon_core.package_identification:_identify(src/multi_agent_comm) by extensions ['ros']
[0.934s] Level 1:colcon.colcon_core.package_identification:_identify(src/multi_agent_comm) by extension 'ros'
[0.934s] DEBUG:colcon.colcon_core.package_identification:Package 'src/multi_agent_comm' with type 'ros.ament_cmake' and name 'multi_agent_comm'
[0.934s] Level 1:colcon.colcon_core.package_identification:_identify(src/srv_test) by extensions ['ignore', 'ignore_ament_install']
[0.935s] Level 1:colcon.colcon_core.package_identification:_identify(src/srv_test) by extension 'ignore'
[0.935s] Level 1:colcon.colcon_core.package_identification:_identify(src/srv_test) by extension 'ignore_ament_install'
[0.935s] Level 1:colcon.colcon_core.package_identification:_identify(src/srv_test) by extensions ['colcon_pkg']
[0.935s] Level 1:colcon.colcon_core.package_identification:_identify(src/srv_test) by extension 'colcon_pkg'
[0.935s] Level 1:colcon.colcon_core.package_identification:_identify(src/srv_test) by extensions ['colcon_meta']
[0.935s] Level 1:colcon.colcon_core.package_identification:_identify(src/srv_test) by extension 'colcon_meta'
[0.935s] Level 1:colcon.colcon_core.package_identification:_identify(src/srv_test) by extensions ['ros']
[0.935s] Level 1:colcon.colcon_core.package_identification:_identify(src/srv_test) by extension 'ros'
[0.935s] DEBUG:colcon.colcon_core.package_identification:Package 'src/srv_test' with type 'ros.ament_cmake' and name 'srv_test'
[0.935s] Level 1:colcon.colcon_core.package_discovery:discover_packages(recursive) using defaults
[0.935s] Level 1:colcon.colcon_core.package_discovery:discover_packages(ignore) discover
[0.935s] Level 1:colcon.colcon_core.package_discovery:discover_packages(ignore) using defaults
[0.935s] Level 1:colcon.colcon_core.package_discovery:discover_packages(path) discover
[0.935s] Level 1:colcon.colcon_core.package_discovery:discover_packages(path) using defaults
[1.016s] Level 1:colcon.colcon_core.package_discovery:discover_packages(prefix_path) check parameters
[1.016s] Level 1:colcon.colcon_core.package_discovery:discover_packages(prefix_path) discover
[1.043s] DEBUG:colcon.colcon_installed_package_information.package_discovery:Found 3 installed packages in /home/yong/ws_kari/install
[1.056s] DEBUG:colcon.colcon_installed_package_information.package_discovery:Found 5 installed packages in /home/yong/ws_kari/ROS2_Test/install
[1.071s] DEBUG:colcon.colcon_installed_package_information.package_discovery:Found 291 installed packages in /opt/ros/humble
[1.072s] Level 1:colcon.colcon_core.package_discovery:discover_packages(prefix_path) using defaults
[1.139s] Level 5:colcon.colcon_core.verb:set package 'acbba' build argument 'cmake_args' from command line to 'None'
[1.139s] Level 5:colcon.colcon_core.verb:set package 'acbba' build argument 'cmake_target' from command line to 'None'
[1.139s] Level 5:colcon.colcon_core.verb:set package 'acbba' build argument 'cmake_target_skip_unavailable' from command line to 'False'
[1.139s] Level 5:colcon.colcon_core.verb:set package 'acbba' build argument 'cmake_clean_cache' from command line to 'False'
[1.139s] Level 5:colcon.colcon_core.verb:set package 'acbba' build argument 'cmake_clean_first' from command line to 'False'
[1.139s] Level 5:colcon.colcon_core.verb:set package 'acbba' build argument 'cmake_force_configure' from command line to 'False'
[1.139s] Level 5:colcon.colcon_core.verb:set package 'acbba' build argument 'ament_cmake_args' from command line to 'None'
[1.139s] Level 5:colcon.colcon_core.verb:set package 'acbba' build argument 'catkin_cmake_args' from command line to 'None'
[1.139s] Level 5:colcon.colcon_core.verb:set package 'acbba' build argument 'catkin_skip_building_tests' from command line to 'False'
[1.140s] DEBUG:colcon.colcon_core.verb:Building package 'acbba' with the following arguments: {'ament_cmake_args': None, 'build_base': '/home/yong/ws_kari/ROS2_Test/build/acbba', 'catkin_cmake_args': None, 'catkin_skip_building_tests': False, 'cmake_args': None, 'cmake_clean_cache': False, 'cmake_clean_first': False, 'cmake_force_configure': False, 'cmake_target': None, 'cmake_target_skip_unavailable': False, 'install_base': '/home/yong/ws_kari/ROS2_Test/install/acbba', 'merge_install': False, 'path': '/home/yong/ws_kari/ROS2_Test/src/acbba', 'symlink_install': False, 'test_result_base': None}
[1.153s] Level 5:colcon.colcon_core.verb:set package 'custom_interfaces' build argument 'cmake_args' from command line to 'None'
[1.153s] Level 5:colcon.colcon_core.verb:set package 'custom_interfaces' build argument 'cmake_target' from command line to 'None'
[1.153s] Level 5:colcon.colcon_core.verb:set package 'custom_interfaces' build argument 'cmake_target_skip_unavailable' from command line to 'False'
[1.153s] Level 5:colcon.colcon_core.verb:set package 'custom_interfaces' build argument 'cmake_clean_cache' from command line to 'False'
[1.153s] Level 5:colcon.colcon_core.verb:set package 'custom_interfaces' build argument 'cmake_clean_first' from command line to 'False'
[1.153s] Level 5:colcon.colcon_core.verb:set package 'custom_interfaces' build argument 'cmake_force_configure' from command line to 'False'
[1.153s] Level 5:colcon.colcon_core.verb:set package 'custom_interfaces' build argument 'ament_cmake_args' from command line to 'None'
[1.153s] Level 5:colcon.colcon_core.verb:set package 'custom_interfaces' build argument 'catkin_cmake_args' from command line to 'None'
[1.153s] Level 5:colcon.colcon_core.verb:set package 'custom_interfaces' build argument 'catkin_skip_building_tests' from command line to 'False'
[1.153s] DEBUG:colcon.colcon_core.verb:Building package 'custom_interfaces' with the following arguments: {'ament_cmake_args': None, 'build_base': '/home/yong/ws_kari/ROS2_Test/build/custom_interfaces', 'catkin_cmake_args': None, 'catkin_skip_building_tests': False, 'cmake_args': None, 'cmake_clean_cache': False, 'cmake_clean_first': False, 'cmake_force_configure': False, 'cmake_target': None, 'cmake_target_skip_unavailable': False, 'install_base': '/home/yong/ws_kari/ROS2_Test/install/custom_interfaces', 'merge_install': False, 'path': '/home/yong/ws_kari/ROS2_Test/src/custom_interfaces', 'symlink_install': False, 'test_result_base': None}
[1.178s] Level 5:colcon.colcon_core.verb:set package 'multi_agent_comm' build argument 'cmake_args' from command line to 'None'
[1.178s] Level 5:colcon.colcon_core.verb:set package 'multi_agent_comm' build argument 'cmake_target' from command line to 'None'
[1.178s] Level 5:colcon.colcon_core.verb:set package 'multi_agent_comm' build argument 'cmake_target_skip_unavailable' from command line to 'False'
[1.179s] Level 5:colcon.colcon_core.verb:set package 'multi_agent_comm' build argument 'cmake_clean_cache' from command line to 'False'
[1.179s] Level 5:colcon.colcon_core.verb:set package 'multi_agent_comm' build argument 'cmake_clean_first' from command line to 'False'
[1.179s] Level 5:colcon.colcon_core.verb:set package 'multi_agent_comm' build argument 'cmake_force_configure' from command line to 'False'
[1.179s] Level 5:colcon.colcon_core.verb:set package 'multi_agent_comm' build argument 'ament_cmake_args' from command line to 'None'
[1.179s] Level 5:colcon.colcon_core.verb:set package 'multi_agent_comm' build argument 'catkin_cmake_args' from command line to 'None'
[1.179s] Level 5:colcon.colcon_core.verb:set package 'multi_agent_comm' build argument 'catkin_skip_building_tests' from command line to 'False'
[1.179s] DEBUG:colcon.colcon_core.verb:Building package 'multi_agent_comm' with the following arguments: {'ament_cmake_args': None, 'build_base': '/home/yong/ws_kari/ROS2_Test/build/multi_agent_comm', 'catkin_cmake_args': None, 'catkin_skip_building_tests': False, 'cmake_args': None, 'cmake_clean_cache': False, 'cmake_clean_first': False, 'cmake_force_configure': False, 'cmake_target': None, 'cmake_target_skip_unavailable': False, 'install_base': '/home/yong/ws_kari/ROS2_Test/install/multi_agent_comm', 'merge_install': False, 'path': '/home/yong/ws_kari/ROS2_Test/src/multi_agent_comm', 'symlink_install': False, 'test_result_base': None}
[1.192s] Level 5:colcon.colcon_core.verb:set package 'srv_test' build argument 'cmake_args' from command line to 'None'
[1.192s] Level 5:colcon.colcon_core.verb:set package 'srv_test' build argument 'cmake_target' from command line to 'None'
[1.192s] Level 5:colcon.colcon_core.verb:set package 'srv_test' build argument 'cmake_target_skip_unavailable' from command line to 'False'
[1.192s] Level 5:colcon.colcon_core.verb:set package 'srv_test' build argument 'cmake_clean_cache' from command line to 'False'
[1.192s] Level 5:colcon.colcon_core.verb:set package 'srv_test' build argument 'cmake_clean_first' from command line to 'False'
[1.192s] Level 5:colcon.colcon_core.verb:set package 'srv_test' build argument 'cmake_force_configure' from command line to 'False'
[1.192s] Level 5:colcon.colcon_core.verb:set package 'srv_test' build argument 'ament_cmake_args' from command line to 'None'
[1.192s] Level 5:colcon.colcon_core.verb:set package 'srv_test' build argument 'catkin_cmake_args' from command line to 'None'
[1.192s] Level 5:colcon.colcon_core.verb:set package 'srv_test' build argument 'catkin_skip_building_tests' from command line to 'False'
[1.192s] DEBUG:colcon.colcon_core.verb:Building package 'srv_test' with the following arguments: {'ament_cmake_args': None, 'build_base': '/home/yong/ws_kari/ROS2_Test/build/srv_test', 'catkin_cmake_args': None, 'catkin_skip_building_tests': False, 'cmake_args': None, 'cmake_clean_cache': False, 'cmake_clean_first': False, 'cmake_force_configure': False, 'cmake_target': None, 'cmake_target_skip_unavailable': False, 'install_base': '/home/yong/ws_kari/ROS2_Test/install/srv_test', 'merge_install': False, 'path': '/home/yong/ws_kari/ROS2_Test/src/srv_test', 'symlink_install': False, 'test_result_base': None}
[1.205s] INFO:colcon.colcon_core.executor:Executing jobs using 'parallel' executor
[1.220s] DEBUG:colcon.colcon_parallel_executor.executor.parallel:run_until_complete
[1.220s] INFO:colcon.colcon_ros.task.ament_cmake.build:Building ROS package in '/home/yong/ws_kari/ROS2_Test/src/custom_interfaces' with build type 'ament_cmake'
[1.220s] INFO:colcon.colcon_cmake.task.cmake.build:Building CMake package in '/home/yong/ws_kari/ROS2_Test/src/custom_interfaces'
[1.236s] INFO:colcon.colcon_core.plugin_system:Skipping extension 'colcon_core.shell.bat': Not used on non-Windows systems
[1.236s] INFO:colcon.colcon_core.shell:Skip shell extension 'powershell' for command environment: Not usable outside of PowerShell
[1.236s] DEBUG:colcon.colcon_core.shell:Skip shell extension 'dsv' for command environment
[1.293s] INFO:colcon.colcon_ros.task.ament_cmake.build:Building ROS package in '/home/yong/ws_kari/ROS2_Test/src/acbba' with build type 'ament_cmake'
[1.293s] INFO:colcon.colcon_cmake.task.cmake.build:Building CMake package in '/home/yong/ws_kari/ROS2_Test/src/acbba'
[1.307s] INFO:colcon.colcon_core.shell:Skip shell extension 'powershell' for command environment: Not usable outside of PowerShell
[1.307s] DEBUG:colcon.colcon_core.shell:Skip shell extension 'dsv' for command environment
[1.366s] INFO:colcon.colcon_ros.task.ament_cmake.build:Building ROS package in '/home/yong/ws_kari/ROS2_Test/src/multi_agent_comm' with build type 'ament_cmake'
[1.366s] INFO:colcon.colcon_cmake.task.cmake.build:Building CMake package in '/home/yong/ws_kari/ROS2_Test/src/multi_agent_comm'
[1.380s] INFO:colcon.colcon_core.shell:Skip shell extension 'powershell' for command environment: Not usable outside of PowerShell
[1.380s] DEBUG:colcon.colcon_core.shell:Skip shell extension 'dsv' for command environment
[1.439s] DEBUG:colcon.colcon_core.event_handler.log_command:Invoking command in '/home/yong/ws_kari/ROS2_Test/build/custom_interfaces': CMAKE_PREFIX_PATH=${CMAKE_PREFIX_PATH}:/opt/ros/humble /usr/bin/cmake --build /home/yong/ws_kari/ROS2_Test/build/custom_interfaces -- -j16 -l16
[1.443s] DEBUG:colcon.colcon_core.event_handler.log_command:Invoking command in '/home/yong/ws_kari/ROS2_Test/build/acbba': CMAKE_PREFIX_PATH=${CMAKE_PREFIX_PATH}:/opt/ros/humble /usr/bin/cmake --build /home/yong/ws_kari/ROS2_Test/build/acbba -- -j16 -l16
[1.448s] DEBUG:colcon.colcon_core.event_handler.log_command:Invoking command in '/home/yong/ws_kari/ROS2_Test/build/multi_agent_comm': CMAKE_PREFIX_PATH=${CMAKE_PREFIX_PATH}:/opt/ros/humble /usr/bin/cmake --build /home/yong/ws_kari/ROS2_Test/build/multi_agent_comm -- -j16 -l16
[1.487s] DEBUG:colcon.colcon_core.event_handler.log_command:Invoked command in '/home/yong/ws_kari/ROS2_Test/build/acbba' returned '0': CMAKE_PREFIX_PATH=${CMAKE_PREFIX_PATH}:/opt/ros/humble /usr/bin/cmake --build /home/yong/ws_kari/ROS2_Test/build/acbba -- -j16 -l16
[1.542s] DEBUG:colcon.colcon_core.event_handler.log_command:Invoking command in '/home/yong/ws_kari/ROS2_Test/build/acbba': CMAKE_PREFIX_PATH=${CMAKE_PREFIX_PATH}:/opt/ros/humble /usr/bin/cmake --install /home/yong/ws_kari/ROS2_Test/build/acbba
[1.557s] Level 1:colcon.colcon_core.environment:create_environment_scripts_only(acbba)
[1.558s] DEBUG:colcon.colcon_core.event_handler.log_command:Invoked command in '/home/yong/ws_kari/ROS2_Test/build/acbba' returned '0': CMAKE_PREFIX_PATH=${CMAKE_PREFIX_PATH}:/opt/ros/humble /usr/bin/cmake --install /home/yong/ws_kari/ROS2_Test/build/acbba
[1.578s] Level 1:colcon.colcon_core.environment:checking '/home/yong/ws_kari/ROS2_Test/install/acbba' for CMake module files
[1.579s] Level 1:colcon.colcon_core.environment:checking '/home/yong/ws_kari/ROS2_Test/install/acbba' for CMake config files
[1.579s] Level 1:colcon.colcon_core.shell:create_environment_hook('acbba', 'cmake_prefix_path')
[1.595s] INFO:colcon.colcon_core.shell:Creating environment hook '/home/yong/ws_kari/ROS2_Test/install/acbba/share/acbba/hook/cmake_prefix_path.ps1'
[1.596s] INFO:colcon.colcon_core.shell:Creating environment descriptor '/home/yong/ws_kari/ROS2_Test/install/acbba/share/acbba/hook/cmake_prefix_path.dsv'
[1.596s] INFO:colcon.colcon_core.shell:Creating environment hook '/home/yong/ws_kari/ROS2_Test/install/acbba/share/acbba/hook/cmake_prefix_path.sh'
[1.598s] Level 1:colcon.colcon_core.environment:checking '/home/yong/ws_kari/ROS2_Test/install/acbba/bin'
[1.598s] Level 1:colcon.colcon_core.environment:checking '/home/yong/ws_kari/ROS2_Test/install/acbba/lib/pkgconfig/acbba.pc'
[1.598s] Level 1:colcon.colcon_core.environment:checking '/home/yong/ws_kari/ROS2_Test/install/acbba/lib/python3.10/site-packages'
[1.598s] Level 1:colcon.colcon_core.environment:checking '/home/yong/ws_kari/ROS2_Test/install/acbba/bin'
[1.613s] INFO:colcon.colcon_core.shell:Creating package script '/home/yong/ws_kari/ROS2_Test/install/acbba/share/acbba/package.ps1'
[1.613s] INFO:colcon.colcon_core.shell:Creating package descriptor '/home/yong/ws_kari/ROS2_Test/install/acbba/share/acbba/package.dsv'
[1.614s] INFO:colcon.colcon_core.shell:Creating package script '/home/yong/ws_kari/ROS2_Test/install/acbba/share/acbba/package.sh'
[1.615s] INFO:colcon.colcon_core.shell:Creating package script '/home/yong/ws_kari/ROS2_Test/install/acbba/share/acbba/package.bash'
[1.615s] INFO:colcon.colcon_core.shell:Creating package script '/home/yong/ws_kari/ROS2_Test/install/acbba/share/acbba/package.zsh'
[1.616s] Level 1:colcon.colcon_core.environment:create_file_with_runtime_dependencies(/home/yong/ws_kari/ROS2_Test/install/acbba/share/colcon-core/packages/acbba)
[1.658s] Level 1:colcon.colcon_core.environment:create_environment_scripts_only(acbba)
[1.671s] Level 1:colcon.colcon_core.environment:checking '/home/yong/ws_kari/ROS2_Test/install/acbba' for CMake module files
[1.672s] Level 1:colcon.colcon_core.environment:checking '/home/yong/ws_kari/ROS2_Test/install/acbba' for CMake config files
[1.672s] Level 1:colcon.colcon_core.shell:create_environment_hook('acbba', 'cmake_prefix_path')
[1.686s] INFO:colcon.colcon_core.shell:Creating environment hook '/home/yong/ws_kari/ROS2_Test/install/acbba/share/acbba/hook/cmake_prefix_path.ps1'
[1.686s] INFO:colcon.colcon_core.shell:Creating environment descriptor '/home/yong/ws_kari/ROS2_Test/install/acbba/share/acbba/hook/cmake_prefix_path.dsv'
[1.687s] INFO:colcon.colcon_core.shell:Creating environment hook '/home/yong/ws_kari/ROS2_Test/install/acbba/share/acbba/hook/cmake_prefix_path.sh'
[1.687s] Level 1:colcon.colcon_core.environment:checking '/home/yong/ws_kari/ROS2_Test/install/acbba/bin'
[1.687s] Level 1:colcon.colcon_core.environment:checking '/home/yong/ws_kari/ROS2_Test/install/acbba/lib/pkgconfig/acbba.pc'
[1.687s] Level 1:colcon.colcon_core.environment:checking '/home/yong/ws_kari/ROS2_Test/install/acbba/lib/python3.10/site-packages'
[1.687s] Level 1:colcon.colcon_core.environment:checking '/home/yong/ws_kari/ROS2_Test/install/acbba/bin'
[1.700s] INFO:colcon.colcon_core.shell:Creating package script '/home/yong/ws_kari/ROS2_Test/install/acbba/share/acbba/package.ps1'
[1.700s] INFO:colcon.colcon_core.shell:Creating package descriptor '/home/yong/ws_kari/ROS2_Test/install/acbba/share/acbba/package.dsv'
[1.701s] INFO:colcon.colcon_core.shell:Creating package script '/home/yong/ws_kari/ROS2_Test/install/acbba/share/acbba/package.sh'
[1.701s] INFO:colcon.colcon_core.shell:Creating package script '/home/yong/ws_kari/ROS2_Test/install/acbba/share/acbba/package.bash'
[1.701s] INFO:colcon.colcon_core.shell:Creating package script '/home/yong/ws_kari/ROS2_Test/install/acbba/share/acbba/package.zsh'
[1.702s] Level 1:colcon.colcon_core.environment:create_file_with_runtime_dependencies(/home/yong/ws_kari/ROS2_Test/install/acbba/share/colcon-core/packages/acbba)
[1.841s] DEBUG:colcon.colcon_core.event_handler.log_command:Invoked command in '/home/yong/ws_kari/ROS2_Test/build/multi_agent_comm' returned '0': CMAKE_PREFIX_PATH=${CMAKE_PREFIX_PATH}:/opt/ros/humble /usr/bin/cmake --build /home/yong/ws_kari/ROS2_Test/build/multi_agent_comm -- -j16 -l16
[1.848s] DEBUG:colcon.colcon_core.event_handler.log_command:Invoked command in '/home/yong/ws_kari/ROS2_Test/build/custom_interfaces' returned '0': CMAKE_PREFIX_PATH=${CMAKE_PREFIX_PATH}:/opt/ros/humble /usr/bin/cmake --build /home/yong/ws_kari/ROS2_Test/build/custom_interfaces -- -j16 -l16
[1.929s] DEBUG:colcon.colcon_core.event_handler.log_command:Invoking command in '/home/yong/ws_kari/ROS2_Test/build/multi_agent_comm': CMAKE_PREFIX_PATH=${CMAKE_PREFIX_PATH}:/opt/ros/humble /usr/bin/cmake --install /home/yong/ws_kari/ROS2_Test/build/multi_agent_comm
[1.959s] DEBUG:colcon.colcon_core.event_handler.log_command:Invoking command in '/home/yong/ws_kari/ROS2_Test/build/custom_interfaces': CMAKE_PREFIX_PATH=${CMAKE_PREFIX_PATH}:/opt/ros/humble /usr/bin/cmake --install /home/yong/ws_kari/ROS2_Test/build/custom_interfaces
[1.997s] Level 1:colcon.colcon_core.environment:create_environment_scripts_only(multi_agent_comm)
[1.998s] DEBUG:colcon.colcon_core.event_handler.log_command:Invoked command in '/home/yong/ws_kari/ROS2_Test/build/multi_agent_comm' returned '0': CMAKE_PREFIX_PATH=${CMAKE_PREFIX_PATH}:/opt/ros/humble /usr/bin/cmake --install /home/yong/ws_kari/ROS2_Test/build/multi_agent_comm
[2.011s] Level 1:colcon.colcon_core.environment:checking '/home/yong/ws_kari/ROS2_Test/install/multi_agent_comm' for CMake module files
[2.012s] Level 1:colcon.colcon_core.environment:checking '/home/yong/ws_kari/ROS2_Test/install/multi_agent_comm' for CMake config files
[2.012s] Level 1:colcon.colcon_core.shell:create_environment_hook('multi_agent_comm', 'cmake_prefix_path')
[2.026s] INFO:colcon.colcon_core.shell:Creating environment hook '/home/yong/ws_kari/ROS2_Test/install/multi_agent_comm/share/multi_agent_comm/hook/cmake_prefix_path.ps1'
[2.026s] INFO:colcon.colcon_core.shell:Creating environment descriptor '/home/yong/ws_kari/ROS2_Test/install/multi_agent_comm/share/multi_agent_comm/hook/cmake_prefix_path.dsv'
[2.026s] INFO:colcon.colcon_core.shell:Creating environment hook '/home/yong/ws_kari/ROS2_Test/install/multi_agent_comm/share/multi_agent_comm/hook/cmake_prefix_path.sh'
[2.027s] Level 1:colcon.colcon_core.environment:checking '/home/yong/ws_kari/ROS2_Test/install/multi_agent_comm/lib'
[2.027s] Level 1:colcon.colcon_core.shell:create_environment_hook('multi_agent_comm', 'ld_library_path_lib')
[2.042s] INFO:colcon.colcon_core.shell:Creating environment hook '/home/yong/ws_kari/ROS2_Test/install/multi_agent_comm/share/multi_agent_comm/hook/ld_library_path_lib.ps1'
[2.043s] INFO:colcon.colcon_core.shell:Creating environment descriptor '/home/yong/ws_kari/ROS2_Test/install/multi_agent_comm/share/multi_agent_comm/hook/ld_library_path_lib.dsv'
[2.043s] INFO:colcon.colcon_core.shell:Creating environment hook '/home/yong/ws_kari/ROS2_Test/install/multi_agent_comm/share/multi_agent_comm/hook/ld_library_path_lib.sh'
[2.043s] Level 1:colcon.colcon_core.environment:checking '/home/yong/ws_kari/ROS2_Test/install/multi_agent_comm/bin'
[2.043s] Level 1:colcon.colcon_core.environment:checking '/home/yong/ws_kari/ROS2_Test/install/multi_agent_comm/lib/pkgconfig/multi_agent_comm.pc'
[2.044s] Level 1:colcon.colcon_core.environment:checking '/home/yong/ws_kari/ROS2_Test/install/multi_agent_comm/lib/python3.10/site-packages'
[2.044s] Level 1:colcon.colcon_core.environment:checking '/home/yong/ws_kari/ROS2_Test/install/multi_agent_comm/bin'
[2.057s] INFO:colcon.colcon_core.shell:Creating package script '/home/yong/ws_kari/ROS2_Test/install/multi_agent_comm/share/multi_agent_comm/package.ps1'
[2.057s] INFO:colcon.colcon_core.shell:Creating package descriptor '/home/yong/ws_kari/ROS2_Test/install/multi_agent_comm/share/multi_agent_comm/package.dsv'
[2.057s] INFO:colcon.colcon_core.shell:Creating package script '/home/yong/ws_kari/ROS2_Test/install/multi_agent_comm/share/multi_agent_comm/package.sh'
[2.058s] INFO:colcon.colcon_core.shell:Creating package script '/home/yong/ws_kari/ROS2_Test/install/multi_agent_comm/share/multi_agent_comm/package.bash'
[2.058s] INFO:colcon.colcon_core.shell:Creating package script '/home/yong/ws_kari/ROS2_Test/install/multi_agent_comm/share/multi_agent_comm/package.zsh'
[2.058s] Level 1:colcon.colcon_core.environment:create_file_with_runtime_dependencies(/home/yong/ws_kari/ROS2_Test/install/multi_agent_comm/share/colcon-core/packages/multi_agent_comm)
[2.060s] Level 1:colcon.colcon_core.environment:create_environment_scripts_only(custom_interfaces)
[2.060s] DEBUG:colcon.colcon_core.event_handler.log_command:Invoked command in '/home/yong/ws_kari/ROS2_Test/build/custom_interfaces' returned '0': CMAKE_PREFIX_PATH=${CMAKE_PREFIX_PATH}:/opt/ros/humble /usr/bin/cmake --install /home/yong/ws_kari/ROS2_Test/build/custom_interfaces
[2.073s] Level 1:colcon.colcon_core.environment:checking '/home/yong/ws_kari/ROS2_Test/install/custom_interfaces' for CMake module files
[2.073s] Level 1:colcon.colcon_core.environment:checking '/home/yong/ws_kari/ROS2_Test/install/custom_interfaces' for CMake config files
[2.074s] Level 1:colcon.colcon_core.shell:create_environment_hook('custom_interfaces', 'cmake_prefix_path')
[2.087s] INFO:colcon.colcon_core.shell:Creating environment hook '/home/yong/ws_kari/ROS2_Test/install/custom_interfaces/share/custom_interfaces/hook/cmake_prefix_path.ps1'
[2.087s] INFO:colcon.colcon_core.shell:Creating environment descriptor '/home/yong/ws_kari/ROS2_Test/install/custom_interfaces/share/custom_interfaces/hook/cmake_prefix_path.dsv'
[2.088s] INFO:colcon.colcon_core.shell:Creating environment hook '/home/yong/ws_kari/ROS2_Test/install/custom_interfaces/share/custom_interfaces/hook/cmake_prefix_path.sh'
[2.088s] Level 1:colcon.colcon_core.environment:checking '/home/yong/ws_kari/ROS2_Test/install/custom_interfaces/lib'
[2.088s] Level 1:colcon.colcon_core.shell:create_environment_hook('custom_interfaces', 'ld_library_path_lib')
[2.101s] INFO:colcon.colcon_core.shell:Creating environment hook '/home/yong/ws_kari/ROS2_Test/install/custom_interfaces/share/custom_interfaces/hook/ld_library_path_lib.ps1'
[2.101s] INFO:colcon.colcon_core.shell:Creating environment descriptor '/home/yong/ws_kari/ROS2_Test/install/custom_interfaces/share/custom_interfaces/hook/ld_library_path_lib.dsv'
[2.102s] INFO:colcon.colcon_core.shell:Creating environment hook '/home/yong/ws_kari/ROS2_Test/install/custom_interfaces/share/custom_interfaces/hook/ld_library_path_lib.sh'
[2.102s] Level 1:colcon.colcon_core.environment:checking '/home/yong/ws_kari/ROS2_Test/install/custom_interfaces/bin'
[2.102s] Level 1:colcon.colcon_core.environment:checking '/home/yong/ws_kari/ROS2_Test/install/custom_interfaces/lib/pkgconfig/custom_interfaces.pc'
[2.102s] Level 1:colcon.colcon_core.environment:checking '/home/yong/ws_kari/ROS2_Test/install/custom_interfaces/lib/python3.10/site-packages'
[2.102s] Level 1:colcon.colcon_core.environment:checking '/home/yong/ws_kari/ROS2_Test/install/custom_interfaces/bin'
[2.115s] INFO:colcon.colcon_core.shell:Creating package script '/home/yong/ws_kari/ROS2_Test/install/custom_interfaces/share/custom_interfaces/package.ps1'
[2.115s] INFO:colcon.colcon_core.shell:Creating package descriptor '/home/yong/ws_kari/ROS2_Test/install/custom_interfaces/share/custom_interfaces/package.dsv'
[2.116s] INFO:colcon.colcon_core.shell:Creating package script '/home/yong/ws_kari/ROS2_Test/install/custom_interfaces/share/custom_interfaces/package.sh'
[2.116s] INFO:colcon.colcon_core.shell:Creating package script '/home/yong/ws_kari/ROS2_Test/install/custom_interfaces/share/custom_interfaces/package.bash'
[2.116s] INFO:colcon.colcon_core.shell:Creating package script '/home/yong/ws_kari/ROS2_Test/install/custom_interfaces/share/custom_interfaces/package.zsh'
[2.117s] Level 1:colcon.colcon_core.environment:create_file_with_runtime_dependencies(/home/yong/ws_kari/ROS2_Test/install/custom_interfaces/share/colcon-core/packages/custom_interfaces)
[2.154s] Level 1:colcon.colcon_core.environment:create_environment_scripts_only(multi_agent_comm)
[2.166s] Level 1:colcon.colcon_core.environment:checking '/home/yong/ws_kari/ROS2_Test/install/multi_agent_comm' for CMake module files
[2.167s] Level 1:colcon.colcon_core.environment:checking '/home/yong/ws_kari/ROS2_Test/install/multi_agent_comm' for CMake config files
[2.168s] Level 1:colcon.colcon_core.shell:create_environment_hook('multi_agent_comm', 'cmake_prefix_path')
[2.180s] INFO:colcon.colcon_core.shell:Creating environment hook '/home/yong/ws_kari/ROS2_Test/install/multi_agent_comm/share/multi_agent_comm/hook/cmake_prefix_path.ps1'
[2.181s] INFO:colcon.colcon_core.shell:Creating environment descriptor '/home/yong/ws_kari/ROS2_Test/install/multi_agent_comm/share/multi_agent_comm/hook/cmake_prefix_path.dsv'
[2.181s] INFO:colcon.colcon_core.shell:Creating environment hook '/home/yong/ws_kari/ROS2_Test/install/multi_agent_comm/share/multi_agent_comm/hook/cmake_prefix_path.sh'
[2.182s] Level 1:colcon.colcon_core.environment:checking '/home/yong/ws_kari/ROS2_Test/install/multi_agent_comm/lib'
[2.182s] Level 1:colcon.colcon_core.shell:create_environment_hook('multi_agent_comm', 'ld_library_path_lib')
[2.195s] INFO:colcon.colcon_core.shell:Creating environment hook '/home/yong/ws_kari/ROS2_Test/install/multi_agent_comm/share/multi_agent_comm/hook/ld_library_path_lib.ps1'
[2.195s] INFO:colcon.colcon_core.shell:Creating environment descriptor '/home/yong/ws_kari/ROS2_Test/install/multi_agent_comm/share/multi_agent_comm/hook/ld_library_path_lib.dsv'
[2.196s] INFO:colcon.colcon_core.shell:Creating environment hook '/home/yong/ws_kari/ROS2_Test/install/multi_agent_comm/share/multi_agent_comm/hook/ld_library_path_lib.sh'
[2.196s] Level 1:colcon.colcon_core.environment:checking '/home/yong/ws_kari/ROS2_Test/install/multi_agent_comm/bin'
[2.196s] Level 1:colcon.colcon_core.environment:checking '/home/yong/ws_kari/ROS2_Test/install/multi_agent_comm/lib/pkgconfig/multi_agent_comm.pc'
[2.196s] Level 1:colcon.colcon_core.environment:checking '/home/yong/ws_kari/ROS2_Test/install/multi_agent_comm/lib/python3.10/site-packages'
[2.196s] Level 1:colcon.colcon_core.environment:checking '/home/yong/ws_kari/ROS2_Test/install/multi_agent_comm/bin'
[2.209s] INFO:colcon.colcon_core.shell:Creating package script '/home/yong/ws_kari/ROS2_Test/install/multi_agent_comm/share/multi_agent_comm/package.ps1'
[2.209s] INFO:colcon.colcon_core.shell:Creating package descriptor '/home/yong/ws_kari/ROS2_Test/install/multi_agent_comm/share/multi_agent_comm/package.dsv'
[2.210s] INFO:colcon.colcon_core.shell:Creating package script '/home/yong/ws_kari/ROS2_Test/install/multi_agent_comm/share/multi_agent_comm/package.sh'
[2.210s] INFO:colcon.colcon_core.shell:Creating package script '/home/yong/ws_kari/ROS2_Test/install/multi_agent_comm/share/multi_agent_comm/package.bash'
[2.210s] INFO:colcon.colcon_core.shell:Creating package script '/home/yong/ws_kari/ROS2_Test/install/multi_agent_comm/share/multi_agent_comm/package.zsh'
[2.211s] Level 1:colcon.colcon_core.environment:create_file_with_runtime_dependencies(/home/yong/ws_kari/ROS2_Test/install/multi_agent_comm/share/colcon-core/packages/multi_agent_comm)
[2.233s] Level 1:colcon.colcon_core.environment:create_environment_scripts_only(custom_interfaces)
[2.246s] Level 1:colcon.colcon_core.environment:checking '/home/yong/ws_kari/ROS2_Test/install/custom_interfaces' for CMake module files
[2.246s] Level 1:colcon.colcon_core.environment:checking '/home/yong/ws_kari/ROS2_Test/install/custom_interfaces' for CMake config files
[2.247s] Level 1:colcon.colcon_core.shell:create_environment_hook('custom_interfaces', 'cmake_prefix_path')
[2.260s] INFO:colcon.colcon_core.shell:Creating environment hook '/home/yong/ws_kari/ROS2_Test/install/custom_interfaces/share/custom_interfaces/hook/cmake_prefix_path.ps1'
[2.260s] INFO:colcon.colcon_core.shell:Creating environment descriptor '/home/yong/ws_kari/ROS2_Test/install/custom_interfaces/share/custom_interfaces/hook/cmake_prefix_path.dsv'
[2.261s] INFO:colcon.colcon_core.shell:Creating environment hook '/home/yong/ws_kari/ROS2_Test/install/custom_interfaces/share/custom_interfaces/hook/cmake_prefix_path.sh'
[2.261s] Level 1:colcon.colcon_core.environment:checking '/home/yong/ws_kari/ROS2_Test/install/custom_interfaces/lib'
[2.261s] Level 1:colcon.colcon_core.shell:create_environment_hook('custom_interfaces', 'ld_library_path_lib')
[2.273s] INFO:colcon.colcon_core.shell:Creating environment hook '/home/yong/ws_kari/ROS2_Test/install/custom_interfaces/share/custom_interfaces/hook/ld_library_path_lib.ps1'
[2.274s] INFO:colcon.colcon_core.shell:Creating environment descriptor '/home/yong/ws_kari/ROS2_Test/install/custom_interfaces/share/custom_interfaces/hook/ld_library_path_lib.dsv'
[2.274s] INFO:colcon.colcon_core.shell:Creating environment hook '/home/yong/ws_kari/ROS2_Test/install/custom_interfaces/share/custom_interfaces/hook/ld_library_path_lib.sh'
[2.274s] Level 1:colcon.colcon_core.environment:checking '/home/yong/ws_kari/ROS2_Test/install/custom_interfaces/bin'
[2.274s] Level 1:colcon.colcon_core.environment:checking '/home/yong/ws_kari/ROS2_Test/install/custom_interfaces/lib/pkgconfig/custom_interfaces.pc'
[2.274s] Level 1:colcon.colcon_core.environment:checking '/home/yong/ws_kari/ROS2_Test/install/custom_interfaces/lib/python3.10/site-packages'
[2.275s] Level 1:colcon.colcon_core.environment:checking '/home/yong/ws_kari/ROS2_Test/install/custom_interfaces/bin'
[2.287s] INFO:colcon.colcon_core.shell:Creating package script '/home/yong/ws_kari/ROS2_Test/install/custom_interfaces/share/custom_interfaces/package.ps1'
[2.288s] INFO:colcon.colcon_core.shell:Creating package descriptor '/home/yong/ws_kari/ROS2_Test/install/custom_interfaces/share/custom_interfaces/package.dsv'
[2.288s] INFO:colcon.colcon_core.shell:Creating package script '/home/yong/ws_kari/ROS2_Test/install/custom_interfaces/share/custom_interfaces/package.sh'
[2.289s] INFO:colcon.colcon_core.shell:Creating package script '/home/yong/ws_kari/ROS2_Test/install/custom_interfaces/share/custom_interfaces/package.bash'
[2.289s] INFO:colcon.colcon_core.shell:Creating package script '/home/yong/ws_kari/ROS2_Test/install/custom_interfaces/share/custom_interfaces/package.zsh'
[2.289s] Level 1:colcon.colcon_core.environment:create_file_with_runtime_dependencies(/home/yong/ws_kari/ROS2_Test/install/custom_interfaces/share/colcon-core/packages/custom_interfaces)
[2.289s] INFO:colcon.colcon_ros.task.ament_cmake.build:Building ROS package in '/home/yong/ws_kari/ROS2_Test/src/srv_test' with build type 'ament_cmake'
[2.290s] INFO:colcon.colcon_cmake.task.cmake.build:Building CMake package in '/home/yong/ws_kari/ROS2_Test/src/srv_test'
[2.303s] INFO:colcon.colcon_core.shell:Skip shell extension 'powershell' for command environment: Not usable outside of PowerShell
[2.303s] DEBUG:colcon.colcon_core.shell:Skip shell extension 'dsv' for command environment
[2.364s] DEBUG:colcon.colcon_core.event_handler.log_command:Invoking command in '/home/yong/ws_kari/ROS2_Test/build/srv_test': CMAKE_PREFIX_PATH=/home/yong/ws_kari/ROS2_Test/install/custom_interfaces:/home/yong/ws_kari/install/project_dma_2024:/home/yong/ws_kari/install/multi_agent_comm:/home/yong/ws_kari/install/cbba:/home/yong/ws_kari/ROS2_Test/install/srv_test:/home/yong/ws_kari/ROS2_Test/install/multi_agent_comm:/home/yong/ws_kari/ROS2_Test/install/cbba:/home/yong/ws_kari/ROS2_Test/install/acbba:/opt/ros/humble LD_LIBRARY_PATH=/home/yong/ws_kari/ROS2_Test/install/custom_interfaces/lib:/home/yong/ws_kari/install/project_dma_2024/lib:/home/yong/ws_kari/install/multi_agent_comm/lib:/home/yong/ws_kari/ROS2_Test/install/multi_agent_comm/lib:/opt/ros/humble/opt/rviz_ogre_vendor/lib:/opt/ros/humble/lib/x86_64-linux-gnu:/opt/ros/humble/lib /usr/bin/cmake --build /home/yong/ws_kari/ROS2_Test/build/srv_test -- -j16 -l16
[9.896s] DEBUG:colcon.colcon_core.event_handler.log_command:Invoked command in '/home/yong/ws_kari/ROS2_Test/build/srv_test' returned '0': CMAKE_PREFIX_PATH=/home/yong/ws_kari/ROS2_Test/install/custom_interfaces:/home/yong/ws_kari/install/project_dma_2024:/home/yong/ws_kari/install/multi_agent_comm:/home/yong/ws_kari/install/cbba:/home/yong/ws_kari/ROS2_Test/install/srv_test:/home/yong/ws_kari/ROS2_Test/install/multi_agent_comm:/home/yong/ws_kari/ROS2_Test/install/cbba:/home/yong/ws_kari/ROS2_Test/install/acbba:/opt/ros/humble LD_LIBRARY_PATH=/home/yong/ws_kari/ROS2_Test/install/custom_interfaces/lib:/home/yong/ws_kari/install/project_dma_2024/lib:/home/yong/ws_kari/install/multi_agent_comm/lib:/home/yong/ws_kari/ROS2_Test/install/multi_agent_comm/lib:/opt/ros/humble/opt/rviz_ogre_vendor/lib:/opt/ros/humble/lib/x86_64-linux-gnu:/opt/ros/humble/lib /usr/bin/cmake --build /home/yong/ws_kari/ROS2_Test/build/srv_test -- -j16 -l16
[9.932s] DEBUG:colcon.colcon_core.event_handler.log_command:Invoking command in '/home/yong/ws_kari/ROS2_Test/build/srv_test': CMAKE_PREFIX_PATH=/home/yong/ws_kari/ROS2_Test/install/custom_interfaces:/home/yong/ws_kari/install/project_dma_2024:/home/yong/ws_kari/install/multi_agent_comm:/home/yong/ws_kari/install/cbba:/home/yong/ws_kari/ROS2_Test/install/srv_test:/home/yong/ws_kari/ROS2_Test/install/multi_agent_comm:/home/yong/ws_kari/ROS2_Test/install/cbba:/home/yong/ws_kari/ROS2_Test/install/acbba:/opt/ros/humble LD_LIBRARY_PATH=/home/yong/ws_kari/ROS2_Test/install/custom_interfaces/lib:/home/yong/ws_kari/install/project_dma_2024/lib:/home/yong/ws_kari/install/multi_agent_comm/lib:/home/yong/ws_kari/ROS2_Test/install/multi_agent_comm/lib:/opt/ros/humble/opt/rviz_ogre_vendor/lib:/opt/ros/humble/lib/x86_64-linux-gnu:/opt/ros/humble/lib /usr/bin/cmake --install /home/yong/ws_kari/ROS2_Test/build/srv_test
[9.949s] Level 1:colcon.colcon_core.environment:create_environment_scripts_only(srv_test)
[9.949s] DEBUG:colcon.colcon_core.event_handler.log_command:Invoked command in '/home/yong/ws_kari/ROS2_Test/build/srv_test' returned '0': CMAKE_PREFIX_PATH=/home/yong/ws_kari/ROS2_Test/install/custom_interfaces:/home/yong/ws_kari/install/project_dma_2024:/home/yong/ws_kari/install/multi_agent_comm:/home/yong/ws_kari/install/cbba:/home/yong/ws_kari/ROS2_Test/install/srv_test:/home/yong/ws_kari/ROS2_Test/install/multi_agent_comm:/home/yong/ws_kari/ROS2_Test/install/cbba:/home/yong/ws_kari/ROS2_Test/install/acbba:/opt/ros/humble LD_LIBRARY_PATH=/home/yong/ws_kari/ROS2_Test/install/custom_interfaces/lib:/home/yong/ws_kari/install/project_dma_2024/lib:/home/yong/ws_kari/install/multi_agent_comm/lib:/home/yong/ws_kari/ROS2_Test/install/multi_agent_comm/lib:/opt/ros/humble/opt/rviz_ogre_vendor/lib:/opt/ros/humble/lib/x86_64-linux-gnu:/opt/ros/humble/lib /usr/bin/cmake --install /home/yong/ws_kari/ROS2_Test/build/srv_test
[9.962s] Level 1:colcon.colcon_core.environment:checking '/home/yong/ws_kari/ROS2_Test/install/srv_test' for CMake module files
[9.962s] Level 1:colcon.colcon_core.environment:checking '/home/yong/ws_kari/ROS2_Test/install/srv_test' for CMake config files
[9.963s] Level 1:colcon.colcon_core.shell:create_environment_hook('srv_test', 'cmake_prefix_path')
[9.975s] INFO:colcon.colcon_core.shell:Creating environment hook '/home/yong/ws_kari/ROS2_Test/install/srv_test/share/srv_test/hook/cmake_prefix_path.ps1'
[9.975s] INFO:colcon.colcon_core.shell:Creating environment descriptor '/home/yong/ws_kari/ROS2_Test/install/srv_test/share/srv_test/hook/cmake_prefix_path.dsv'
[9.976s] INFO:colcon.colcon_core.shell:Creating environment hook '/home/yong/ws_kari/ROS2_Test/install/srv_test/share/srv_test/hook/cmake_prefix_path.sh'
[9.976s] Level 1:colcon.colcon_core.environment:checking '/home/yong/ws_kari/ROS2_Test/install/srv_test/lib'
[9.976s] Level 1:colcon.colcon_core.environment:checking '/home/yong/ws_kari/ROS2_Test/install/srv_test/bin'
[9.976s] Level 1:colcon.colcon_core.environment:checking '/home/yong/ws_kari/ROS2_Test/install/srv_test/lib/pkgconfig/srv_test.pc'
[9.976s] Level 1:colcon.colcon_core.environment:checking '/home/yong/ws_kari/ROS2_Test/install/srv_test/lib/python3.10/site-packages'
[9.977s] Level 1:colcon.colcon_core.environment:checking '/home/yong/ws_kari/ROS2_Test/install/srv_test/bin'
[9.989s] INFO:colcon.colcon_core.shell:Creating package script '/home/yong/ws_kari/ROS2_Test/install/srv_test/share/srv_test/package.ps1'
[9.989s] INFO:colcon.colcon_core.shell:Creating package descriptor '/home/yong/ws_kari/ROS2_Test/install/srv_test/share/srv_test/package.dsv'
[9.990s] INFO:colcon.colcon_core.shell:Creating package script '/home/yong/ws_kari/ROS2_Test/install/srv_test/share/srv_test/package.sh'
[9.990s] INFO:colcon.colcon_core.shell:Creating package script '/home/yong/ws_kari/ROS2_Test/install/srv_test/share/srv_test/package.bash'
[9.990s] INFO:colcon.colcon_core.shell:Creating package script '/home/yong/ws_kari/ROS2_Test/install/srv_test/share/srv_test/package.zsh'
[9.990s] Level 1:colcon.colcon_core.environment:create_file_with_runtime_dependencies(/home/yong/ws_kari/ROS2_Test/install/srv_test/share/colcon-core/packages/srv_test)
[10.038s] Level 1:colcon.colcon_core.environment:create_environment_scripts_only(srv_test)
[10.051s] Level 1:colcon.colcon_core.environment:checking '/home/yong/ws_kari/ROS2_Test/install/srv_test' for CMake module files
[10.052s] Level 1:colcon.colcon_core.environment:checking '/home/yong/ws_kari/ROS2_Test/install/srv_test' for CMake config files
[10.052s] Level 1:colcon.colcon_core.shell:create_environment_hook('srv_test', 'cmake_prefix_path')
[10.067s] INFO:colcon.colcon_core.shell:Creating environment hook '/home/yong/ws_kari/ROS2_Test/install/srv_test/share/srv_test/hook/cmake_prefix_path.ps1'
[10.068s] INFO:colcon.colcon_core.shell:Creating environment descriptor '/home/yong/ws_kari/ROS2_Test/install/srv_test/share/srv_test/hook/cmake_prefix_path.dsv'
[10.069s] INFO:colcon.colcon_core.shell:Creating environment hook '/home/yong/ws_kari/ROS2_Test/install/srv_test/share/srv_test/hook/cmake_prefix_path.sh'
[10.070s] Level 1:colcon.colcon_core.environment:checking '/home/yong/ws_kari/ROS2_Test/install/srv_test/lib'
[10.070s] Level 1:colcon.colcon_core.environment:checking '/home/yong/ws_kari/ROS2_Test/install/srv_test/bin'
[10.070s] Level 1:colcon.colcon_core.environment:checking '/home/yong/ws_kari/ROS2_Test/install/srv_test/lib/pkgconfig/srv_test.pc'
[10.070s] Level 1:colcon.colcon_core.environment:checking '/home/yong/ws_kari/ROS2_Test/install/srv_test/lib/python3.10/site-packages'
[10.070s] Level 1:colcon.colcon_core.environment:checking '/home/yong/ws_kari/ROS2_Test/install/srv_test/bin'
[10.085s] INFO:colcon.colcon_core.shell:Creating package script '/home/yong/ws_kari/ROS2_Test/install/srv_test/share/srv_test/package.ps1'
[10.086s] INFO:colcon.colcon_core.shell:Creating package descriptor '/home/yong/ws_kari/ROS2_Test/install/srv_test/share/srv_test/package.dsv'
[10.086s] INFO:colcon.colcon_core.shell:Creating package script '/home/yong/ws_kari/ROS2_Test/install/srv_test/share/srv_test/package.sh'
[10.087s] INFO:colcon.colcon_core.shell:Creating package script '/home/yong/ws_kari/ROS2_Test/install/srv_test/share/srv_test/package.bash'
[10.087s] INFO:colcon.colcon_core.shell:Creating package script '/home/yong/ws_kari/ROS2_Test/install/srv_test/share/srv_test/package.zsh'
[10.088s] Level 1:colcon.colcon_core.environment:create_file_with_runtime_dependencies(/home/yong/ws_kari/ROS2_Test/install/srv_test/share/colcon-core/packages/srv_test)
[10.088s] DEBUG:colcon.colcon_parallel_executor.executor.parallel:closing loop
[10.088s] DEBUG:colcon.colcon_parallel_executor.executor.parallel:loop closed
[10.088s] DEBUG:colcon.colcon_parallel_executor.executor.parallel:run_until_complete finished with '0'
[10.088s] DEBUG:colcon.colcon_core.event_reactor:joining thread
[10.105s] INFO:colcon.colcon_core.plugin_system:Skipping extension 'colcon_notification.desktop_notification.terminal_notifier': Not used on non-Darwin systems
[10.105s] INFO:colcon.colcon_core.plugin_system:Skipping extension 'colcon_notification.desktop_notification.win32': Not used on non-Windows systems
[10.105s] INFO:colcon.colcon_notification.desktop_notification:Sending desktop notification using 'notify2'
[10.114s] DEBUG:colcon.colcon_core.event_reactor:joined thread
[10.127s] INFO:colcon.colcon_core.shell:Creating prefix script '/home/yong/ws_kari/ROS2_Test/install/local_setup.ps1'
[10.128s] INFO:colcon.colcon_core.shell:Creating prefix util module '/home/yong/ws_kari/ROS2_Test/install/_local_setup_util_ps1.py'
[10.129s] INFO:colcon.colcon_core.shell:Creating prefix chain script '/home/yong/ws_kari/ROS2_Test/install/setup.ps1'
[10.143s] INFO:colcon.colcon_core.shell:Creating prefix script '/home/yong/ws_kari/ROS2_Test/install/local_setup.sh'
[10.143s] INFO:colcon.colcon_core.shell:Creating prefix util module '/home/yong/ws_kari/ROS2_Test/install/_local_setup_util_sh.py'
[10.143s] INFO:colcon.colcon_core.shell:Creating prefix chain script '/home/yong/ws_kari/ROS2_Test/install/setup.sh'
[10.157s] INFO:colcon.colcon_core.shell:Creating prefix script '/home/yong/ws_kari/ROS2_Test/install/local_setup.bash'
[10.157s] INFO:colcon.colcon_core.shell:Creating prefix chain script '/home/yong/ws_kari/ROS2_Test/install/setup.bash'
[10.171s] INFO:colcon.colcon_core.shell:Creating prefix script '/home/yong/ws_kari/ROS2_Test/install/local_setup.zsh'
[10.171s] INFO:colcon.colcon_core.shell:Creating prefix chain script '/home/yong/ws_kari/ROS2_Test/install/setup.zsh'
