[0.855s] DEBUG:colcon:Command line arguments: ['/usr/bin/colcon', 'build']
[0.855s] DEBUG:colcon:Parsed command line arguments: Namespace(log_base=None, log_level=None, verb_name='build', build_base='build', install_base='install', merge_install=False, symlink_install=False, test_result_base=None, continue_on_error=False, executor='parallel', parallel_workers=16, event_handlers=None, ignore_user_meta=False, metas=['./colcon.meta'], base_paths=['.'], packages_ignore=None, packages_ignore_regex=None, paths=None, packages_up_to=None, packages_up_to_regex=None, packages_above=None, packages_above_and_dependencies=None, packages_above_depth=None, packages_select_by_dep=None, packages_skip_by_dep=None, packages_skip_up_to=None, packages_select_build_failed=False, packages_skip_build_finished=False, packages_select_test_failures=False, packages_skip_test_passed=False, packages_select=None, packages_skip=None, packages_select_regex=None, packages_skip_regex=None, packages_start=None, packages_end=None, allow_overriding=[], cmake_args=None, cmake_target=None, cmake_target_skip_unavailable=False, cmake_clean_cache=False, cmake_clean_first=False, cmake_force_configure=False, ament_cmake_args=None, catkin_cmake_args=None, catkin_skip_building_tests=False, verb_parser=<colcon_defaults.argument_parser.defaults.DefaultArgumentsDecorator object at 0x72763edd1300>, verb_extension=<colcon_core.verb.build.BuildVerb object at 0x72763edd0a00>, main=<bound method BuildVerb.main of <colcon_core.verb.build.BuildVerb object at 0x72763edd0a00>>)
[0.901s] Level 1:colcon.colcon_core.package_discovery:discover_packages(colcon_meta) check parameters
[0.901s] Level 1:colcon.colcon_core.package_discovery:discover_packages(recursive) check parameters
[0.901s] Level 1:colcon.colcon_core.package_discovery:discover_packages(ignore) check parameters
[0.901s] Level 1:colcon.colcon_core.package_discovery:discover_packages(path) check parameters
[0.901s] Level 1:colcon.colcon_core.package_discovery:discover_packages(colcon_meta) discover
[0.901s] Level 1:colcon.colcon_core.package_discovery:discover_packages(recursive) discover
[0.901s] INFO:colcon.colcon_core.package_discovery:Crawling recursively for packages in '/home/yong/ws_kari'
[0.901s] Level 1:colcon.colcon_core.package_identification:_identify(.) by extensions ['ignore', 'ignore_ament_install']
[0.902s] Level 1:colcon.colcon_core.package_identification:_identify(.) by extension 'ignore'
[0.902s] Level 1:colcon.colcon_core.package_identification:_identify(.) by extension 'ignore_ament_install'
[0.902s] Level 1:colcon.colcon_core.package_identification:_identify(.) by extensions ['colcon_pkg']
[0.902s] Level 1:colcon.colcon_core.package_identification:_identify(.) by extension 'colcon_pkg'
[0.902s] Level 1:colcon.colcon_core.package_identification:_identify(.) by extensions ['colcon_meta']
[0.902s] Level 1:colcon.colcon_core.package_identification:_identify(.) by extension 'colcon_meta'
[0.902s] Level 1:colcon.colcon_core.package_identification:_identify(.) by extensions ['ros']
[0.902s] Level 1:colcon.colcon_core.package_identification:_identify(.) by extension 'ros'
[0.913s] Level 1:colcon.colcon_core.package_identification:_identify(.) by extensions ['cmake', 'python']
[0.913s] Level 1:colcon.colcon_core.package_identification:_identify(.) by extension 'cmake'
[0.913s] Level 1:colcon.colcon_core.package_identification:_identify(.) by extension 'python'
[0.913s] Level 1:colcon.colcon_core.package_identification:_identify(.) by extensions ['python_setup_py']
[0.913s] Level 1:colcon.colcon_core.package_identification:_identify(.) by extension 'python_setup_py'
[0.913s] Level 1:colcon.colcon_core.package_identification:_identify(build) by extensions ['ignore', 'ignore_ament_install']
[0.913s] Level 1:colcon.colcon_core.package_identification:_identify(build) by extension 'ignore'
[0.914s] Level 1:colcon.colcon_core.package_identification:_identify(build) ignored
[0.914s] Level 1:colcon.colcon_core.package_identification:_identify(install) by extensions ['ignore', 'ignore_ament_install']
[0.914s] Level 1:colcon.colcon_core.package_identification:_identify(install) by extension 'ignore'
[0.914s] Level 1:colcon.colcon_core.package_identification:_identify(install) ignored
[0.914s] Level 1:colcon.colcon_core.package_identification:_identify(log) by extensions ['ignore', 'ignore_ament_install']
[0.914s] Level 1:colcon.colcon_core.package_identification:_identify(log) by extension 'ignore'
[0.914s] Level 1:colcon.colcon_core.package_identification:_identify(log) ignored
[0.914s] Level 1:colcon.colcon_core.package_identification:_identify(src) by extensions ['ignore', 'ignore_ament_install']
[0.914s] Level 1:colcon.colcon_core.package_identification:_identify(src) by extension 'ignore'
[0.914s] Level 1:colcon.colcon_core.package_identification:_identify(src) by extension 'ignore_ament_install'
[0.914s] Level 1:colcon.colcon_core.package_identification:_identify(src) by extensions ['colcon_pkg']
[0.914s] Level 1:colcon.colcon_core.package_identification:_identify(src) by extension 'colcon_pkg'
[0.914s] Level 1:colcon.colcon_core.package_identification:_identify(src) by extensions ['colcon_meta']
[0.914s] Level 1:colcon.colcon_core.package_identification:_identify(src) by extension 'colcon_meta'
[0.914s] Level 1:colcon.colcon_core.package_identification:_identify(src) by extensions ['ros']
[0.914s] Level 1:colcon.colcon_core.package_identification:_identify(src) by extension 'ros'
[0.914s] Level 1:colcon.colcon_core.package_identification:_identify(src) by extensions ['cmake', 'python']
[0.914s] Level 1:colcon.colcon_core.package_identification:_identify(src) by extension 'cmake'
[0.914s] Level 1:colcon.colcon_core.package_identification:_identify(src) by extension 'python'
[0.914s] Level 1:colcon.colcon_core.package_identification:_identify(src) by extensions ['python_setup_py']
[0.914s] Level 1:colcon.colcon_core.package_identification:_identify(src) by extension 'python_setup_py'
[0.915s] Level 1:colcon.colcon_core.package_identification:_identify(src/cbba) by extensions ['ignore', 'ignore_ament_install']
[0.915s] Level 1:colcon.colcon_core.package_identification:_identify(src/cbba) by extension 'ignore'
[0.915s] Level 1:colcon.colcon_core.package_identification:_identify(src/cbba) by extension 'ignore_ament_install'
[0.915s] Level 1:colcon.colcon_core.package_identification:_identify(src/cbba) by extensions ['colcon_pkg']
[0.915s] Level 1:colcon.colcon_core.package_identification:_identify(src/cbba) by extension 'colcon_pkg'
[0.915s] Level 1:colcon.colcon_core.package_identification:_identify(src/cbba) by extensions ['colcon_meta']
[0.915s] Level 1:colcon.colcon_core.package_identification:_identify(src/cbba) by extension 'colcon_meta'
[0.915s] Level 1:colcon.colcon_core.package_identification:_identify(src/cbba) by extensions ['ros']
[0.915s] Level 1:colcon.colcon_core.package_identification:_identify(src/cbba) by extension 'ros'
[0.917s] DEBUG:colcon.colcon_core.package_identification:Package 'src/cbba' with type 'ros.ament_cmake' and name 'cbba'
[0.917s] Level 1:colcon.colcon_core.package_identification:_identify(src/multi_agent_comm) by extensions ['ignore', 'ignore_ament_install']
[0.917s] Level 1:colcon.colcon_core.package_identification:_identify(src/multi_agent_comm) by extension 'ignore'
[0.917s] Level 1:colcon.colcon_core.package_identification:_identify(src/multi_agent_comm) by extension 'ignore_ament_install'
[0.917s] Level 1:colcon.colcon_core.package_identification:_identify(src/multi_agent_comm) by extensions ['colcon_pkg']
[0.917s] Level 1:colcon.colcon_core.package_identification:_identify(src/multi_agent_comm) by extension 'colcon_pkg'
[0.917s] Level 1:colcon.colcon_core.package_identification:_identify(src/multi_agent_comm) by extensions ['colcon_meta']
[0.917s] Level 1:colcon.colcon_core.package_identification:_identify(src/multi_agent_comm) by extension 'colcon_meta'
[0.917s] Level 1:colcon.colcon_core.package_identification:_identify(src/multi_agent_comm) by extensions ['ros']
[0.917s] Level 1:colcon.colcon_core.package_identification:_identify(src/multi_agent_comm) by extension 'ros'
[0.918s] DEBUG:colcon.colcon_core.package_identification:Package 'src/multi_agent_comm' with type 'ros.ament_cmake' and name 'multi_agent_comm'
[0.918s] Level 1:colcon.colcon_core.package_discovery:discover_packages(recursive) using defaults
[0.918s] Level 1:colcon.colcon_core.package_discovery:discover_packages(ignore) discover
[0.918s] Level 1:colcon.colcon_core.package_discovery:discover_packages(ignore) using defaults
[0.918s] Level 1:colcon.colcon_core.package_discovery:discover_packages(path) discover
[0.918s] Level 1:colcon.colcon_core.package_discovery:discover_packages(path) using defaults
[0.996s] Level 1:colcon.colcon_core.package_discovery:discover_packages(prefix_path) check parameters
[0.996s] Level 1:colcon.colcon_core.package_discovery:discover_packages(prefix_path) discover
[1.022s] DEBUG:colcon.colcon_installed_package_information.package_discovery:Found 2 installed packages in /home/yong/ws_kari/install
[1.036s] DEBUG:colcon.colcon_installed_package_information.package_discovery:Found 291 installed packages in /opt/ros/humble
[1.037s] Level 1:colcon.colcon_core.package_discovery:discover_packages(prefix_path) using defaults
[1.101s] Level 5:colcon.colcon_core.verb:set package 'cbba' build argument 'cmake_args' from command line to 'None'
[1.101s] Level 5:colcon.colcon_core.verb:set package 'cbba' build argument 'cmake_target' from command line to 'None'
[1.101s] Level 5:colcon.colcon_core.verb:set package 'cbba' build argument 'cmake_target_skip_unavailable' from command line to 'False'
[1.101s] Level 5:colcon.colcon_core.verb:set package 'cbba' build argument 'cmake_clean_cache' from command line to 'False'
[1.101s] Level 5:colcon.colcon_core.verb:set package 'cbba' build argument 'cmake_clean_first' from command line to 'False'
[1.101s] Level 5:colcon.colcon_core.verb:set package 'cbba' build argument 'cmake_force_configure' from command line to 'False'
[1.101s] Level 5:colcon.colcon_core.verb:set package 'cbba' build argument 'ament_cmake_args' from command line to 'None'
[1.102s] Level 5:colcon.colcon_core.verb:set package 'cbba' build argument 'catkin_cmake_args' from command line to 'None'
[1.102s] Level 5:colcon.colcon_core.verb:set package 'cbba' build argument 'catkin_skip_building_tests' from command line to 'False'
[1.102s] DEBUG:colcon.colcon_core.verb:Building package 'cbba' with the following arguments: {'ament_cmake_args': None, 'build_base': '/home/yong/ws_kari/build/cbba', 'catkin_cmake_args': None, 'catkin_skip_building_tests': False, 'cmake_args': None, 'cmake_clean_cache': False, 'cmake_clean_first': False, 'cmake_force_configure': False, 'cmake_target': None, 'cmake_target_skip_unavailable': False, 'install_base': '/home/yong/ws_kari/install/cbba', 'merge_install': False, 'path': '/home/yong/ws_kari/src/cbba', 'symlink_install': False, 'test_result_base': None}
[1.114s] Level 5:colcon.colcon_core.verb:set package 'multi_agent_comm' build argument 'cmake_args' from command line to 'None'
[1.114s] Level 5:colcon.colcon_core.verb:set package 'multi_agent_comm' build argument 'cmake_target' from command line to 'None'
[1.114s] Level 5:colcon.colcon_core.verb:set package 'multi_agent_comm' build argument 'cmake_target_skip_unavailable' from command line to 'False'
[1.114s] Level 5:colcon.colcon_core.verb:set package 'multi_agent_comm' build argument 'cmake_clean_cache' from command line to 'False'
[1.115s] Level 5:colcon.colcon_core.verb:set package 'multi_agent_comm' build argument 'cmake_clean_first' from command line to 'False'
[1.115s] Level 5:colcon.colcon_core.verb:set package 'multi_agent_comm' build argument 'cmake_force_configure' from command line to 'False'
[1.115s] Level 5:colcon.colcon_core.verb:set package 'multi_agent_comm' build argument 'ament_cmake_args' from command line to 'None'
[1.115s] Level 5:colcon.colcon_core.verb:set package 'multi_agent_comm' build argument 'catkin_cmake_args' from command line to 'None'
[1.115s] Level 5:colcon.colcon_core.verb:set package 'multi_agent_comm' build argument 'catkin_skip_building_tests' from command line to 'False'
[1.115s] DEBUG:colcon.colcon_core.verb:Building package 'multi_agent_comm' with the following arguments: {'ament_cmake_args': None, 'build_base': '/home/yong/ws_kari/build/multi_agent_comm', 'catkin_cmake_args': None, 'catkin_skip_building_tests': False, 'cmake_args': None, 'cmake_clean_cache': False, 'cmake_clean_first': False, 'cmake_force_configure': False, 'cmake_target': None, 'cmake_target_skip_unavailable': False, 'install_base': '/home/yong/ws_kari/install/multi_agent_comm', 'merge_install': False, 'path': '/home/yong/ws_kari/src/multi_agent_comm', 'symlink_install': False, 'test_result_base': None}
[1.127s] INFO:colcon.colcon_core.executor:Executing jobs using 'parallel' executor
[1.152s] DEBUG:colcon.colcon_parallel_executor.executor.parallel:run_until_complete
[1.152s] INFO:colcon.colcon_ros.task.ament_cmake.build:Building ROS package in '/home/yong/ws_kari/src/cbba' with build type 'ament_cmake'
[1.152s] INFO:colcon.colcon_cmake.task.cmake.build:Building CMake package in '/home/yong/ws_kari/src/cbba'
[1.166s] INFO:colcon.colcon_core.plugin_system:Skipping extension 'colcon_core.shell.bat': Not used on non-Windows systems
[1.166s] INFO:colcon.colcon_core.shell:Skip shell extension 'powershell' for command environment: Not usable outside of PowerShell
[1.166s] DEBUG:colcon.colcon_core.shell:Skip shell extension 'dsv' for command environment
[1.208s] INFO:colcon.colcon_ros.task.ament_cmake.build:Building ROS package in '/home/yong/ws_kari/src/multi_agent_comm' with build type 'ament_cmake'
[1.208s] INFO:colcon.colcon_cmake.task.cmake.build:Building CMake package in '/home/yong/ws_kari/src/multi_agent_comm'
[1.221s] INFO:colcon.colcon_core.shell:Skip shell extension 'powershell' for command environment: Not usable outside of PowerShell
[1.221s] DEBUG:colcon.colcon_core.shell:Skip shell extension 'dsv' for command environment
[1.267s] DEBUG:colcon.colcon_core.event_handler.log_command:Invoking command in '/home/yong/ws_kari/build/cbba': CMAKE_PREFIX_PATH=${CMAKE_PREFIX_PATH}:/opt/ros/humble /usr/bin/cmake --build /home/yong/ws_kari/build/cbba -- -j16 -l16
[1.270s] DEBUG:colcon.colcon_core.event_handler.log_command:Invoking command in '/home/yong/ws_kari/build/multi_agent_comm': CMAKE_PREFIX_PATH=${CMAKE_PREFIX_PATH}:/opt/ros/humble /usr/bin/cmake --build /home/yong/ws_kari/build/multi_agent_comm -- -j16 -l16
[1.306s] DEBUG:colcon.colcon_core.event_handler.log_command:Invoked command in '/home/yong/ws_kari/build/cbba' returned '0': CMAKE_PREFIX_PATH=${CMAKE_PREFIX_PATH}:/opt/ros/humble /usr/bin/cmake --build /home/yong/ws_kari/build/cbba -- -j16 -l16
[1.343s] DEBUG:colcon.colcon_core.event_handler.log_command:Invoking command in '/home/yong/ws_kari/build/cbba': CMAKE_PREFIX_PATH=${CMAKE_PREFIX_PATH}:/opt/ros/humble /usr/bin/cmake --install /home/yong/ws_kari/build/cbba
[1.353s] Level 1:colcon.colcon_core.environment:create_environment_scripts_only(cbba)
[1.354s] DEBUG:colcon.colcon_core.event_handler.log_command:Invoked command in '/home/yong/ws_kari/build/cbba' returned '0': CMAKE_PREFIX_PATH=${CMAKE_PREFIX_PATH}:/opt/ros/humble /usr/bin/cmake --install /home/yong/ws_kari/build/cbba
[1.373s] Level 1:colcon.colcon_core.environment:checking '/home/yong/ws_kari/install/cbba' for CMake module files
[1.374s] Level 1:colcon.colcon_core.environment:checking '/home/yong/ws_kari/install/cbba' for CMake config files
[1.374s] Level 1:colcon.colcon_core.shell:create_environment_hook('cbba', 'cmake_prefix_path')
[1.390s] INFO:colcon.colcon_core.shell:Creating environment hook '/home/yong/ws_kari/install/cbba/share/cbba/hook/cmake_prefix_path.ps1'
[1.391s] INFO:colcon.colcon_core.shell:Creating environment descriptor '/home/yong/ws_kari/install/cbba/share/cbba/hook/cmake_prefix_path.dsv'
[1.391s] INFO:colcon.colcon_core.shell:Creating environment hook '/home/yong/ws_kari/install/cbba/share/cbba/hook/cmake_prefix_path.sh'
[1.392s] Level 1:colcon.colcon_core.environment:checking '/home/yong/ws_kari/install/cbba/bin'
[1.392s] Level 1:colcon.colcon_core.environment:checking '/home/yong/ws_kari/install/cbba/lib/pkgconfig/cbba.pc'
[1.392s] Level 1:colcon.colcon_core.environment:checking '/home/yong/ws_kari/install/cbba/lib/python3.10/site-packages'
[1.392s] Level 1:colcon.colcon_core.environment:checking '/home/yong/ws_kari/install/cbba/bin'
[1.406s] INFO:colcon.colcon_core.shell:Creating package script '/home/yong/ws_kari/install/cbba/share/cbba/package.ps1'
[1.406s] INFO:colcon.colcon_core.shell:Creating package descriptor '/home/yong/ws_kari/install/cbba/share/cbba/package.dsv'
[1.407s] INFO:colcon.colcon_core.shell:Creating package script '/home/yong/ws_kari/install/cbba/share/cbba/package.sh'
[1.407s] INFO:colcon.colcon_core.shell:Creating package script '/home/yong/ws_kari/install/cbba/share/cbba/package.bash'
[1.408s] INFO:colcon.colcon_core.shell:Creating package script '/home/yong/ws_kari/install/cbba/share/cbba/package.zsh'
[1.409s] Level 1:colcon.colcon_core.environment:create_file_with_runtime_dependencies(/home/yong/ws_kari/install/cbba/share/colcon-core/packages/cbba)
[1.446s] Level 1:colcon.colcon_core.environment:create_environment_scripts_only(cbba)
[1.460s] Level 1:colcon.colcon_core.environment:checking '/home/yong/ws_kari/install/cbba' for CMake module files
[1.460s] Level 1:colcon.colcon_core.environment:checking '/home/yong/ws_kari/install/cbba' for CMake config files
[1.461s] Level 1:colcon.colcon_core.shell:create_environment_hook('cbba', 'cmake_prefix_path')
[1.476s] INFO:colcon.colcon_core.shell:Creating environment hook '/home/yong/ws_kari/install/cbba/share/cbba/hook/cmake_prefix_path.ps1'
[1.477s] INFO:colcon.colcon_core.shell:Creating environment descriptor '/home/yong/ws_kari/install/cbba/share/cbba/hook/cmake_prefix_path.dsv'
[1.477s] INFO:colcon.colcon_core.shell:Creating environment hook '/home/yong/ws_kari/install/cbba/share/cbba/hook/cmake_prefix_path.sh'
[1.478s] Level 1:colcon.colcon_core.environment:checking '/home/yong/ws_kari/install/cbba/bin'
[1.478s] Level 1:colcon.colcon_core.environment:checking '/home/yong/ws_kari/install/cbba/lib/pkgconfig/cbba.pc'
[1.478s] Level 1:colcon.colcon_core.environment:checking '/home/yong/ws_kari/install/cbba/lib/python3.10/site-packages'
[1.478s] Level 1:colcon.colcon_core.environment:checking '/home/yong/ws_kari/install/cbba/bin'
[1.494s] INFO:colcon.colcon_core.shell:Creating package script '/home/yong/ws_kari/install/cbba/share/cbba/package.ps1'
[1.495s] INFO:colcon.colcon_core.shell:Creating package descriptor '/home/yong/ws_kari/install/cbba/share/cbba/package.dsv'
[1.495s] INFO:colcon.colcon_core.shell:Creating package script '/home/yong/ws_kari/install/cbba/share/cbba/package.sh'
[1.496s] INFO:colcon.colcon_core.shell:Creating package script '/home/yong/ws_kari/install/cbba/share/cbba/package.bash'
[1.496s] INFO:colcon.colcon_core.shell:Creating package script '/home/yong/ws_kari/install/cbba/share/cbba/package.zsh'
[1.497s] Level 1:colcon.colcon_core.environment:create_file_with_runtime_dependencies(/home/yong/ws_kari/install/cbba/share/colcon-core/packages/cbba)
[5.313s] DEBUG:colcon.colcon_core.event_handler.log_command:Invoked command in '/home/yong/ws_kari/build/multi_agent_comm' returned '2': CMAKE_PREFIX_PATH=${CMAKE_PREFIX_PATH}:/opt/ros/humble /usr/bin/cmake --build /home/yong/ws_kari/build/multi_agent_comm -- -j16 -l16
[5.382s] Level 1:colcon.colcon_core.environment:create_environment_scripts_only(multi_agent_comm)
[5.394s] Level 1:colcon.colcon_core.environment:checking '/home/yong/ws_kari/install/multi_agent_comm' for CMake module files
[5.395s] Level 1:colcon.colcon_core.environment:checking '/home/yong/ws_kari/install/multi_agent_comm' for CMake config files
[5.395s] Level 1:colcon.colcon_core.shell:create_environment_hook('multi_agent_comm', 'cmake_prefix_path')
[5.408s] INFO:colcon.colcon_core.shell:Creating environment hook '/home/yong/ws_kari/install/multi_agent_comm/share/multi_agent_comm/hook/cmake_prefix_path.ps1'
[5.408s] INFO:colcon.colcon_core.shell:Creating environment descriptor '/home/yong/ws_kari/install/multi_agent_comm/share/multi_agent_comm/hook/cmake_prefix_path.dsv'
[5.409s] INFO:colcon.colcon_core.shell:Creating environment hook '/home/yong/ws_kari/install/multi_agent_comm/share/multi_agent_comm/hook/cmake_prefix_path.sh'
[5.409s] Level 1:colcon.colcon_core.environment:checking '/home/yong/ws_kari/install/multi_agent_comm/lib'
[5.409s] Level 1:colcon.colcon_core.shell:create_environment_hook('multi_agent_comm', 'ld_library_path_lib')
[5.422s] INFO:colcon.colcon_core.shell:Creating environment hook '/home/yong/ws_kari/install/multi_agent_comm/share/multi_agent_comm/hook/ld_library_path_lib.ps1'
[5.422s] INFO:colcon.colcon_core.shell:Creating environment descriptor '/home/yong/ws_kari/install/multi_agent_comm/share/multi_agent_comm/hook/ld_library_path_lib.dsv'
[5.422s] INFO:colcon.colcon_core.shell:Creating environment hook '/home/yong/ws_kari/install/multi_agent_comm/share/multi_agent_comm/hook/ld_library_path_lib.sh'
[5.423s] Level 1:colcon.colcon_core.environment:checking '/home/yong/ws_kari/install/multi_agent_comm/bin'
[5.423s] Level 1:colcon.colcon_core.environment:checking '/home/yong/ws_kari/install/multi_agent_comm/lib/pkgconfig/multi_agent_comm.pc'
[5.423s] Level 1:colcon.colcon_core.environment:checking '/home/yong/ws_kari/install/multi_agent_comm/lib/python3.10/site-packages'
[5.423s] Level 1:colcon.colcon_core.environment:checking '/home/yong/ws_kari/install/multi_agent_comm/bin'
[5.436s] INFO:colcon.colcon_core.shell:Creating package script '/home/yong/ws_kari/install/multi_agent_comm/share/multi_agent_comm/package.ps1'
[5.436s] INFO:colcon.colcon_core.shell:Creating package descriptor '/home/yong/ws_kari/install/multi_agent_comm/share/multi_agent_comm/package.dsv'
[5.437s] INFO:colcon.colcon_core.shell:Creating package script '/home/yong/ws_kari/install/multi_agent_comm/share/multi_agent_comm/package.sh'
[5.437s] INFO:colcon.colcon_core.shell:Creating package script '/home/yong/ws_kari/install/multi_agent_comm/share/multi_agent_comm/package.bash'
[5.437s] INFO:colcon.colcon_core.shell:Creating package script '/home/yong/ws_kari/install/multi_agent_comm/share/multi_agent_comm/package.zsh'
[5.438s] Level 1:colcon.colcon_core.environment:create_file_with_runtime_dependencies(/home/yong/ws_kari/install/multi_agent_comm/share/colcon-core/packages/multi_agent_comm)
[5.448s] DEBUG:colcon.colcon_parallel_executor.executor.parallel:closing loop
[5.448s] DEBUG:colcon.colcon_parallel_executor.executor.parallel:loop closed
[5.448s] DEBUG:colcon.colcon_parallel_executor.executor.parallel:run_until_complete finished with '2'
[5.449s] DEBUG:colcon.colcon_core.event_reactor:joining thread
[5.465s] INFO:colcon.colcon_core.plugin_system:Skipping extension 'colcon_notification.desktop_notification.terminal_notifier': Not used on non-Darwin systems
[5.466s] INFO:colcon.colcon_core.plugin_system:Skipping extension 'colcon_notification.desktop_notification.win32': Not used on non-Windows systems
[5.466s] INFO:colcon.colcon_notification.desktop_notification:Sending desktop notification using 'notify2'
[5.476s] DEBUG:colcon.colcon_core.event_reactor:joined thread
[5.489s] INFO:colcon.colcon_core.shell:Creating prefix script '/home/yong/ws_kari/install/local_setup.ps1'
[5.490s] INFO:colcon.colcon_core.shell:Creating prefix util module '/home/yong/ws_kari/install/_local_setup_util_ps1.py'
[5.491s] INFO:colcon.colcon_core.shell:Creating prefix chain script '/home/yong/ws_kari/install/setup.ps1'
[5.504s] INFO:colcon.colcon_core.shell:Creating prefix script '/home/yong/ws_kari/install/local_setup.sh'
[5.505s] INFO:colcon.colcon_core.shell:Creating prefix util module '/home/yong/ws_kari/install/_local_setup_util_sh.py'
[5.505s] INFO:colcon.colcon_core.shell:Creating prefix chain script '/home/yong/ws_kari/install/setup.sh'
[5.518s] INFO:colcon.colcon_core.shell:Creating prefix script '/home/yong/ws_kari/install/local_setup.bash'
[5.518s] INFO:colcon.colcon_core.shell:Creating prefix chain script '/home/yong/ws_kari/install/setup.bash'
[5.531s] INFO:colcon.colcon_core.shell:Creating prefix script '/home/yong/ws_kari/install/local_setup.zsh'
[5.532s] INFO:colcon.colcon_core.shell:Creating prefix chain script '/home/yong/ws_kari/install/setup.zsh'
