[0.103s] Invoking command in '/home/yong/ws_kari/build/cbba': CMAKE_PREFIX_PATH=/opt/ros/humble /usr/bin/cmake /home/yong/ws_kari/src/cbba -DCMAKE_INSTALL_PREFIX=/home/yong/ws_kari/install/cbba
[0.278s] -- The C compiler identification is GNU 11.4.0
[0.381s] -- The CXX compiler identification is GNU 11.4.0
[0.390s] -- Detecting C compiler ABI info
[0.466s] -- Detecting C compiler ABI info - done
[0.472s] -- Check for working C compiler: /usr/bin/cc - skipped
[0.474s] -- Detecting C compile features
[0.474s] -- Detecting C compile features - done
[0.478s] -- Detecting CXX compiler ABI info
[0.556s] -- Detecting CXX compiler ABI info - done
[0.562s] -- Check for working CXX compiler: /usr/bin/c++ - skipped
[0.563s] -- Detecting CXX compile features
[0.563s] -- Detecting CXX compile features - done
[0.569s] -- Found ament_cmake: 1.3.7 (/opt/ros/humble/share/ament_cmake/cmake)
[0.899s] -- Found Python3: /usr/bin/python3.10 (found version "3.10.12") found components: Interpreter 
[0.992s] -- Found rclcpp: 16.0.8 (/opt/ros/humble/share/rclcpp/cmake)
[1.048s] -- Found rosidl_generator_c: 3.1.5 (/opt/ros/humble/share/rosidl_generator_c/cmake)
[1.054s] -- Found rosidl_adapter: 3.1.5 (/opt/ros/humble/share/rosidl_adapter/cmake)
[1.066s] -- Found rosidl_generator_cpp: 3.1.5 (/opt/ros/humble/share/rosidl_generator_cpp/cmake)
[1.083s] -- Using all available rosidl_typesupport_c: rosidl_typesupport_fastrtps_c;rosidl_typesupport_introspection_c
[1.105s] -- Using all available rosidl_typesupport_cpp: rosidl_typesupport_fastrtps_cpp;rosidl_typesupport_introspection_cpp
[1.180s] -- Found rmw_implementation_cmake: 6.1.1 (/opt/ros/humble/share/rmw_implementation_cmake/cmake)
[1.184s] -- Found rmw_fastrtps_cpp: 6.2.6 (/opt/ros/humble/share/rmw_fastrtps_cpp/cmake)
[1.301s] -- Found OpenSSL: /usr/lib/x86_64-linux-gnu/libcrypto.so (found version "3.0.2")  
[1.331s] -- Found FastRTPS: /opt/ros/humble/include  
[1.380s] -- Using RMW implementation 'rmw_fastrtps_cpp' as default
[1.392s] -- Looking for pthread.h
[1.462s] -- Looking for pthread.h - found
[1.462s] -- Performing Test CMAKE_HAVE_LIBC_PTHREAD
[1.531s] -- Performing Test CMAKE_HAVE_LIBC_PTHREAD - Success
[1.532s] -- Found Threads: TRUE  
[1.695s] -- Found ament_lint_auto: 0.12.10 (/opt/ros/humble/share/ament_lint_auto/cmake)
[1.769s] -- Added test 'cppcheck' to perform static code analysis on C / C++ code
[1.769s] -- Configured cppcheck include dirs: 
[1.769s] -- Configured cppcheck exclude dirs and/or files: 
[1.770s] -- Added test 'lint_cmake' to check CMake code style
[1.771s] -- Added test 'uncrustify' to check C / C++ code style
[1.771s] -- Configured uncrustify additional arguments: 
[1.772s] -- Added test 'xmllint' to check XML markup files
[1.773s] -- Configuring done
[1.778s] -- Generating done
[1.779s] -- Build files have been written to: /home/yong/ws_kari/build/cbba
[1.788s] Invoked command in '/home/yong/ws_kari/build/cbba' returned '0': CMAKE_PREFIX_PATH=/opt/ros/humble /usr/bin/cmake /home/yong/ws_kari/src/cbba -DCMAKE_INSTALL_PREFIX=/home/yong/ws_kari/install/cbba
[1.790s] Invoking command in '/home/yong/ws_kari/build/cbba': CMAKE_PREFIX_PATH=/opt/ros/humble /usr/bin/cmake --build /home/yong/ws_kari/build/cbba -- -j16 -l16
[1.828s] Invoked command in '/home/yong/ws_kari/build/cbba' returned '0': CMAKE_PREFIX_PATH=/opt/ros/humble /usr/bin/cmake --build /home/yong/ws_kari/build/cbba -- -j16 -l16
[1.858s] Invoking command in '/home/yong/ws_kari/build/cbba': CMAKE_PREFIX_PATH=/opt/ros/humble /usr/bin/cmake --install /home/yong/ws_kari/build/cbba
[1.865s] -- Install configuration: ""
[1.865s] -- Installing: /home/yong/ws_kari/install/cbba/share/ament_index/resource_index/package_run_dependencies/cbba
[1.866s] -- Installing: /home/yong/ws_kari/install/cbba/share/ament_index/resource_index/parent_prefix_path/cbba
[1.866s] -- Installing: /home/yong/ws_kari/install/cbba/share/cbba/environment/ament_prefix_path.sh
[1.866s] -- Installing: /home/yong/ws_kari/install/cbba/share/cbba/environment/ament_prefix_path.dsv
[1.866s] -- Installing: /home/yong/ws_kari/install/cbba/share/cbba/environment/path.sh
[1.866s] -- Installing: /home/yong/ws_kari/install/cbba/share/cbba/environment/path.dsv
[1.867s] -- Installing: /home/yong/ws_kari/install/cbba/share/cbba/local_setup.bash
[1.867s] -- Installing: /home/yong/ws_kari/install/cbba/share/cbba/local_setup.sh
[1.867s] -- Installing: /home/yong/ws_kari/install/cbba/share/cbba/local_setup.zsh
[1.867s] -- Installing: /home/yong/ws_kari/install/cbba/share/cbba/local_setup.dsv
[1.867s] -- Installing: /home/yong/ws_kari/install/cbba/share/cbba/package.dsv
[1.867s] -- Installing: /home/yong/ws_kari/install/cbba/share/ament_index/resource_index/packages/cbba
[1.867s] -- Installing: /home/yong/ws_kari/install/cbba/share/cbba/cmake/cbbaConfig.cmake
[1.868s] -- Installing: /home/yong/ws_kari/install/cbba/share/cbba/cmake/cbbaConfig-version.cmake
[1.868s] -- Installing: /home/yong/ws_kari/install/cbba/share/cbba/package.xml
[1.870s] Invoked command in '/home/yong/ws_kari/build/cbba' returned '0': CMAKE_PREFIX_PATH=/opt/ros/humble /usr/bin/cmake --install /home/yong/ws_kari/build/cbba
