[0.115s] Invoking command in '/home/yong/ws_kari/ROS2_Test/build/acbba': CMAKE_PREFIX_PATH=${CMAKE_PREFIX_PATH}:/opt/ros/humble /usr/bin/cmake --build /home/yong/ws_kari/ROS2_Test/build/acbba -- -j16 -l16
[0.155s] Invoked command in '/home/yong/ws_kari/ROS2_Test/build/acbba' returned '0': CMAKE_PREFIX_PATH=${CMAKE_PREFIX_PATH}:/opt/ros/humble /usr/bin/cmake --build /home/yong/ws_kari/ROS2_Test/build/acbba -- -j16 -l16
[0.203s] Invoking command in '/home/yong/ws_kari/ROS2_Test/build/acbba': CMAKE_PREFIX_PATH=${CMAKE_PREFIX_PATH}:/opt/ros/humble /usr/bin/cmake --install /home/yong/ws_kari/ROS2_Test/build/acbba
[0.213s] -- Install configuration: ""
[0.213s] -- Up-to-date: /home/yong/ws_kari/ROS2_Test/install/acbba/share/ament_index/resource_index/package_run_dependencies/acbba
[0.213s] -- Up-to-date: /home/yong/ws_kari/ROS2_Test/install/acbba/share/ament_index/resource_index/parent_prefix_path/acbba
[0.213s] -- Up-to-date: /home/yong/ws_kari/ROS2_Test/install/acbba/share/acbba/environment/ament_prefix_path.sh
[0.213s] -- Up-to-date: /home/yong/ws_kari/ROS2_Test/install/acbba/share/acbba/environment/ament_prefix_path.dsv
[0.214s] -- Up-to-date: /home/yong/ws_kari/ROS2_Test/install/acbba/share/acbba/environment/path.sh
[0.214s] -- Up-to-date: /home/yong/ws_kari/ROS2_Test/install/acbba/share/acbba/environment/path.dsv
[0.215s] -- Up-to-date: /home/yong/ws_kari/ROS2_Test/install/acbba/share/acbba/local_setup.bash
[0.215s] -- Up-to-date: /home/yong/ws_kari/ROS2_Test/install/acbba/share/acbba/local_setup.sh
[0.216s] -- Up-to-date: /home/yong/ws_kari/ROS2_Test/install/acbba/share/acbba/local_setup.zsh
[0.216s] -- Up-to-date: /home/yong/ws_kari/ROS2_Test/install/acbba/share/acbba/local_setup.dsv
[0.217s] -- Installing: /home/yong/ws_kari/ROS2_Test/install/acbba/share/acbba/package.dsv
[0.218s] -- Up-to-date: /home/yong/ws_kari/ROS2_Test/install/acbba/share/ament_index/resource_index/packages/acbba
[0.218s] -- Up-to-date: /home/yong/ws_kari/ROS2_Test/install/acbba/share/acbba/cmake/acbbaConfig.cmake
[0.219s] -- Up-to-date: /home/yong/ws_kari/ROS2_Test/install/acbba/share/acbba/cmake/acbbaConfig-version.cmake
[0.219s] -- Up-to-date: /home/yong/ws_kari/ROS2_Test/install/acbba/share/acbba/package.xml
[0.222s] Invoked command in '/home/yong/ws_kari/ROS2_Test/build/acbba' returned '0': CMAKE_PREFIX_PATH=${CMAKE_PREFIX_PATH}:/opt/ros/humble /usr/bin/cmake --install /home/yong/ws_kari/ROS2_Test/build/acbba
