[0.166s] Invoking command in '/home/yong/ws_kari/ROS2_Test/build/custom_interfaces': CMAKE_PREFIX_PATH=/home/yong/ws_kari/ROS2_Test/install/srv_test:/home/yong/ws_kari/ROS2_Test/install/multi_agent_comm:/opt/ros/humble:/home/yong/ws_kari/ROS2_Test/install/auction_node:/home/yong/ws_kari/ROS2_Test/install/custom_interfaces:/home/yong/ws_kari/ROS2_Test/install/acbba /usr/bin/cmake /home/yong/ws_kari/ROS2_Test/src/custom_interfaces -DCMAKE_INSTALL_PREFIX=/home/yong/ws_kari/ROS2_Test/install/custom_interfaces
[0.177s] -- Found ament_cmake: 1.3.7 (/opt/ros/humble/share/ament_cmake/cmake)
[0.308s] -- Found rclcpp: 16.0.8 (/opt/ros/humble/share/rclcpp/cmake)
[0.335s] -- Found rosidl_generator_c: 3.1.5 (/opt/ros/humble/share/rosidl_generator_c/cmake)
[0.337s] -- Found rosidl_adapter: 3.1.5 (/opt/ros/humble/share/rosidl_adapter/cmake)
[0.342s] -- Found rosidl_generator_cpp: 3.1.5 (/opt/ros/humble/share/rosidl_generator_cpp/cmake)
[0.352s] -- Using all available rosidl_typesupport_c: rosidl_typesupport_fastrtps_c;rosidl_typesupport_introspection_c
[0.366s] -- Using all available rosidl_typesupport_cpp: rosidl_typesupport_fastrtps_cpp;rosidl_typesupport_introspection_cpp
[0.425s] -- Found rmw_implementation_cmake: 6.1.1 (/opt/ros/humble/share/rmw_implementation_cmake/cmake)
[0.426s] -- Found rmw_fastrtps_cpp: 6.2.6 (/opt/ros/humble/share/rmw_fastrtps_cpp/cmake)
[0.550s] -- Using RMW implementation 'rmw_fastrtps_cpp' as default
[0.685s] -- Found rosidl_default_generators: 1.2.0 (/opt/ros/humble/share/rosidl_default_generators/cmake)
[0.691s] -- Found geometry_msgs: 4.2.3 (/opt/ros/humble/share/geometry_msgs/cmake)
[0.994s] -- Found ament_cmake_ros: 0.10.0 (/opt/ros/humble/share/ament_cmake_ros/cmake)
[1.355s] -- Using all available rosidl_typesupport_c: rosidl_typesupport_fastrtps_c;rosidl_typesupport_introspection_c
[1.527s] -- Using all available rosidl_typesupport_cpp: rosidl_typesupport_fastrtps_cpp;rosidl_typesupport_introspection_cpp
[1.549s] -- Found python_cmake_module: 0.10.0 (/opt/ros/humble/share/python_cmake_module/cmake)
[1.571s] -- Using PYTHON_EXECUTABLE: /usr/bin/python3
[1.571s] -- Using PYTHON_INCLUDE_DIRS: /usr/include/python3.10
[1.571s] -- Using PYTHON_LIBRARIES: /usr/lib/x86_64-linux-gnu/libpython3.10.so
[1.610s] -- Configuring done
[1.653s] -- Generating done
[1.657s] -- Build files have been written to: /home/yong/ws_kari/ROS2_Test/build/custom_interfaces
[1.667s] Invoked command in '/home/yong/ws_kari/ROS2_Test/build/custom_interfaces' returned '0': CMAKE_PREFIX_PATH=/home/yong/ws_kari/ROS2_Test/install/srv_test:/home/yong/ws_kari/ROS2_Test/install/multi_agent_comm:/opt/ros/humble:/home/yong/ws_kari/ROS2_Test/install/auction_node:/home/yong/ws_kari/ROS2_Test/install/custom_interfaces:/home/yong/ws_kari/ROS2_Test/install/acbba /usr/bin/cmake /home/yong/ws_kari/ROS2_Test/src/custom_interfaces -DCMAKE_INSTALL_PREFIX=/home/yong/ws_kari/ROS2_Test/install/custom_interfaces
[1.668s] Invoking command in '/home/yong/ws_kari/ROS2_Test/build/custom_interfaces': CMAKE_PREFIX_PATH=/home/yong/ws_kari/ROS2_Test/install/srv_test:/home/yong/ws_kari/ROS2_Test/install/multi_agent_comm:/opt/ros/humble:/home/yong/ws_kari/ROS2_Test/install/auction_node:/home/yong/ws_kari/ROS2_Test/install/custom_interfaces:/home/yong/ws_kari/ROS2_Test/install/acbba /usr/bin/cmake --build /home/yong/ws_kari/ROS2_Test/build/custom_interfaces -- -j16 -l16
[1.710s] [35m[1mConsolidate compiler generated dependencies of target custom_interfaces__rosidl_generator_c[0m
[1.721s] [  1%] Built target custom_interfaces__cpp
[1.725s] [ 12%] Built target custom_interfaces__rosidl_generator_c
[1.731s] [ 12%] Built target ament_cmake_python_copy_custom_interfaces
[1.732s] [35m[1mConsolidate compiler generated dependencies of target custom_interfaces__rosidl_typesupport_fastrtps_cpp[0m
[1.733s] [35m[1mConsolidate compiler generated dependencies of target custom_interfaces__rosidl_typesupport_cpp[0m
[1.734s] [35m[1mConsolidate compiler generated dependencies of target custom_interfaces__rosidl_typesupport_introspection_cpp[0m
[1.737s] [35m[1mConsolidate compiler generated dependencies of target custom_interfaces__rosidl_typesupport_introspection_c[0m
[1.739s] [35m[1mConsolidate compiler generated dependencies of target custom_interfaces__rosidl_typesupport_fastrtps_c[0m
[1.739s] [35m[1mConsolidate compiler generated dependencies of target custom_interfaces__rosidl_typesupport_c[0m
[1.753s] [ 35%] Built target custom_interfaces__rosidl_typesupport_c
[1.753s] [ 35%] Built target custom_interfaces__rosidl_typesupport_introspection_c
[1.754s] [ 69%] Built target custom_interfaces__rosidl_typesupport_cpp
[1.754s] [ 69%] Built target custom_interfaces__rosidl_typesupport_introspection_cpp
[1.755s] [ 69%] Built target custom_interfaces__rosidl_typesupport_fastrtps_cpp
[1.761s] [ 80%] Built target custom_interfaces__rosidl_typesupport_fastrtps_c
[1.782s] [ 80%] Built target custom_interfaces
[1.802s] [ 81%] Built target custom_interfaces__py
[1.814s] [35m[1mConsolidate compiler generated dependencies of target custom_interfaces__rosidl_generator_py[0m
[1.833s] [ 91%] Built target custom_interfaces__rosidl_generator_py
[1.844s] [35m[1mConsolidate compiler generated dependencies of target custom_interfaces__rosidl_typesupport_introspection_c__pyext[0m
[1.844s] [35m[1mConsolidate compiler generated dependencies of target custom_interfaces__rosidl_typesupport_fastrtps_c__pyext[0m
[1.844s] [35m[1mConsolidate compiler generated dependencies of target custom_interfaces__rosidl_typesupport_c__pyext[0m
[1.859s] [100%] Built target custom_interfaces__rosidl_typesupport_fastrtps_c__pyext
[1.859s] [100%] Built target custom_interfaces__rosidl_typesupport_introspection_c__pyext
[1.859s] [100%] Built target custom_interfaces__rosidl_typesupport_c__pyext
[1.909s] running egg_info
[1.923s] writing custom_interfaces.egg-info/PKG-INFO
[1.923s] writing dependency_links to custom_interfaces.egg-info/dependency_links.txt
[1.923s] writing top-level names to custom_interfaces.egg-info/top_level.txt
[1.963s] reading manifest file 'custom_interfaces.egg-info/SOURCES.txt'
[1.964s] writing manifest file 'custom_interfaces.egg-info/SOURCES.txt'
[1.993s] [100%] Built target ament_cmake_python_build_custom_interfaces_egg
[2.005s] Invoked command in '/home/yong/ws_kari/ROS2_Test/build/custom_interfaces' returned '0': CMAKE_PREFIX_PATH=/home/yong/ws_kari/ROS2_Test/install/srv_test:/home/yong/ws_kari/ROS2_Test/install/multi_agent_comm:/opt/ros/humble:/home/yong/ws_kari/ROS2_Test/install/auction_node:/home/yong/ws_kari/ROS2_Test/install/custom_interfaces:/home/yong/ws_kari/ROS2_Test/install/acbba /usr/bin/cmake --build /home/yong/ws_kari/ROS2_Test/build/custom_interfaces -- -j16 -l16
[2.154s] Invoking command in '/home/yong/ws_kari/ROS2_Test/build/custom_interfaces': CMAKE_PREFIX_PATH=/home/yong/ws_kari/ROS2_Test/install/srv_test:/home/yong/ws_kari/ROS2_Test/install/multi_agent_comm:/opt/ros/humble:/home/yong/ws_kari/ROS2_Test/install/auction_node:/home/yong/ws_kari/ROS2_Test/install/custom_interfaces:/home/yong/ws_kari/ROS2_Test/install/acbba /usr/bin/cmake --install /home/yong/ws_kari/ROS2_Test/build/custom_interfaces
[2.161s] -- Install configuration: ""
[2.162s] -- Up-to-date: /home/yong/ws_kari/ROS2_Test/install/custom_interfaces/share/ament_index/resource_index/rosidl_interfaces/custom_interfaces
[2.162s] -- Up-to-date: /home/yong/ws_kari/ROS2_Test/install/custom_interfaces/include/custom_interfaces/custom_interfaces
[2.162s] -- Up-to-date: /home/yong/ws_kari/ROS2_Test/install/custom_interfaces/include/custom_interfaces/custom_interfaces/srv
[2.162s] -- Up-to-date: /home/yong/ws_kari/ROS2_Test/install/custom_interfaces/include/custom_interfaces/custom_interfaces/srv/check_name.h
[2.162s] -- Up-to-date: /home/yong/ws_kari/ROS2_Test/install/custom_interfaces/include/custom_interfaces/custom_interfaces/srv/detail
[2.162s] -- Up-to-date: /home/yong/ws_kari/ROS2_Test/install/custom_interfaces/include/custom_interfaces/custom_interfaces/srv/detail/check_name__functions.c
[2.162s] -- Up-to-date: /home/yong/ws_kari/ROS2_Test/install/custom_interfaces/include/custom_interfaces/custom_interfaces/srv/detail/check_name__functions.h
[2.162s] -- Up-to-date: /home/yong/ws_kari/ROS2_Test/install/custom_interfaces/include/custom_interfaces/custom_interfaces/srv/detail/check_name__type_support.h
[2.163s] -- Up-to-date: /home/yong/ws_kari/ROS2_Test/install/custom_interfaces/include/custom_interfaces/custom_interfaces/srv/detail/check_name__struct.h
[2.163s] -- Up-to-date: /home/yong/ws_kari/ROS2_Test/install/custom_interfaces/include/custom_interfaces/custom_interfaces/msg
[2.163s] -- Up-to-date: /home/yong/ws_kari/ROS2_Test/install/custom_interfaces/include/custom_interfaces/custom_interfaces/msg/task.h
[2.163s] -- Up-to-date: /home/yong/ws_kari/ROS2_Test/install/custom_interfaces/include/custom_interfaces/custom_interfaces/msg/tasklist.h
[2.163s] -- Up-to-date: /home/yong/ws_kari/ROS2_Test/install/custom_interfaces/include/custom_interfaces/custom_interfaces/msg/detail
[2.163s] -- Up-to-date: /home/yong/ws_kari/ROS2_Test/install/custom_interfaces/include/custom_interfaces/custom_interfaces/msg/detail/status__functions.c
[2.163s] -- Up-to-date: /home/yong/ws_kari/ROS2_Test/install/custom_interfaces/include/custom_interfaces/custom_interfaces/msg/detail/vehiclestate__struct.h
[2.163s] -- Up-to-date: /home/yong/ws_kari/ROS2_Test/install/custom_interfaces/include/custom_interfaces/custom_interfaces/msg/detail/auctioninfo__struct.h
[2.163s] -- Up-to-date: /home/yong/ws_kari/ROS2_Test/install/custom_interfaces/include/custom_interfaces/custom_interfaces/msg/detail/task__functions.c
[2.163s] -- Up-to-date: /home/yong/ws_kari/ROS2_Test/install/custom_interfaces/include/custom_interfaces/custom_interfaces/msg/detail/tasklist__functions.c
[2.163s] -- Up-to-date: /home/yong/ws_kari/ROS2_Test/install/custom_interfaces/include/custom_interfaces/custom_interfaces/msg/detail/task__type_support.h
[2.163s] -- Up-to-date: /home/yong/ws_kari/ROS2_Test/install/custom_interfaces/include/custom_interfaces/custom_interfaces/msg/detail/auctioninfo__type_support.h
[2.163s] -- Up-to-date: /home/yong/ws_kari/ROS2_Test/install/custom_interfaces/include/custom_interfaces/custom_interfaces/msg/detail/vehiclestate__functions.c
[2.163s] -- Up-to-date: /home/yong/ws_kari/ROS2_Test/install/custom_interfaces/include/custom_interfaces/custom_interfaces/msg/detail/task__functions.h
[2.163s] -- Up-to-date: /home/yong/ws_kari/ROS2_Test/install/custom_interfaces/include/custom_interfaces/custom_interfaces/msg/detail/tasklist__type_support.h
[2.164s] -- Up-to-date: /home/yong/ws_kari/ROS2_Test/install/custom_interfaces/include/custom_interfaces/custom_interfaces/msg/detail/status__struct.h
[2.164s] -- Up-to-date: /home/yong/ws_kari/ROS2_Test/install/custom_interfaces/include/custom_interfaces/custom_interfaces/msg/detail/task__struct.h
[2.164s] -- Up-to-date: /home/yong/ws_kari/ROS2_Test/install/custom_interfaces/include/custom_interfaces/custom_interfaces/msg/detail/tasklist__struct.h
[2.164s] -- Up-to-date: /home/yong/ws_kari/ROS2_Test/install/custom_interfaces/include/custom_interfaces/custom_interfaces/msg/detail/tasklist__functions.h
[2.164s] -- Up-to-date: /home/yong/ws_kari/ROS2_Test/install/custom_interfaces/include/custom_interfaces/custom_interfaces/msg/detail/vehiclestate__type_support.h
[2.164s] -- Up-to-date: /home/yong/ws_kari/ROS2_Test/install/custom_interfaces/include/custom_interfaces/custom_interfaces/msg/detail/status__type_support.h
[2.164s] -- Up-to-date: /home/yong/ws_kari/ROS2_Test/install/custom_interfaces/include/custom_interfaces/custom_interfaces/msg/detail/auctioninfo__functions.h
[2.164s] -- Up-to-date: /home/yong/ws_kari/ROS2_Test/install/custom_interfaces/include/custom_interfaces/custom_interfaces/msg/detail/vehiclestate__functions.h
[2.164s] -- Up-to-date: /home/yong/ws_kari/ROS2_Test/install/custom_interfaces/include/custom_interfaces/custom_interfaces/msg/detail/auctioninfo__functions.c
[2.164s] -- Up-to-date: /home/yong/ws_kari/ROS2_Test/install/custom_interfaces/include/custom_interfaces/custom_interfaces/msg/detail/status__functions.h
[2.165s] -- Up-to-date: /home/yong/ws_kari/ROS2_Test/install/custom_interfaces/include/custom_interfaces/custom_interfaces/msg/auctioninfo.h
[2.165s] -- Up-to-date: /home/yong/ws_kari/ROS2_Test/install/custom_interfaces/include/custom_interfaces/custom_interfaces/msg/rosidl_generator_c__visibility_control.h
[2.165s] -- Up-to-date: /home/yong/ws_kari/ROS2_Test/install/custom_interfaces/include/custom_interfaces/custom_interfaces/msg/status.h
[2.165s] -- Up-to-date: /home/yong/ws_kari/ROS2_Test/install/custom_interfaces/include/custom_interfaces/custom_interfaces/msg/vehiclestate.h
[2.165s] -- Up-to-date: /home/yong/ws_kari/ROS2_Test/install/custom_interfaces/share/custom_interfaces/environment/library_path.sh
[2.165s] -- Installing: /home/yong/ws_kari/ROS2_Test/install/custom_interfaces/share/custom_interfaces/environment/library_path.dsv
[2.165s] -- Up-to-date: /home/yong/ws_kari/ROS2_Test/install/custom_interfaces/lib/libcustom_interfaces__rosidl_generator_c.so
[2.165s] -- Up-to-date: /home/yong/ws_kari/ROS2_Test/install/custom_interfaces/include/custom_interfaces/custom_interfaces
[2.165s] -- Up-to-date: /home/yong/ws_kari/ROS2_Test/install/custom_interfaces/include/custom_interfaces/custom_interfaces/srv
[2.165s] -- Up-to-date: /home/yong/ws_kari/ROS2_Test/install/custom_interfaces/include/custom_interfaces/custom_interfaces/srv/detail
[2.165s] -- Up-to-date: /home/yong/ws_kari/ROS2_Test/install/custom_interfaces/include/custom_interfaces/custom_interfaces/srv/detail/check_name__rosidl_typesupport_fastrtps_c.h
[2.165s] -- Up-to-date: /home/yong/ws_kari/ROS2_Test/install/custom_interfaces/include/custom_interfaces/custom_interfaces/msg
[2.166s] -- Up-to-date: /home/yong/ws_kari/ROS2_Test/install/custom_interfaces/include/custom_interfaces/custom_interfaces/msg/detail
[2.166s] -- Up-to-date: /home/yong/ws_kari/ROS2_Test/install/custom_interfaces/include/custom_interfaces/custom_interfaces/msg/detail/vehiclestate__rosidl_typesupport_fastrtps_c.h
[2.166s] -- Up-to-date: /home/yong/ws_kari/ROS2_Test/install/custom_interfaces/include/custom_interfaces/custom_interfaces/msg/detail/auctioninfo__rosidl_typesupport_fastrtps_c.h
[2.166s] -- Up-to-date: /home/yong/ws_kari/ROS2_Test/install/custom_interfaces/include/custom_interfaces/custom_interfaces/msg/detail/tasklist__rosidl_typesupport_fastrtps_c.h
[2.166s] -- Up-to-date: /home/yong/ws_kari/ROS2_Test/install/custom_interfaces/include/custom_interfaces/custom_interfaces/msg/detail/task__rosidl_typesupport_fastrtps_c.h
[2.166s] -- Up-to-date: /home/yong/ws_kari/ROS2_Test/install/custom_interfaces/include/custom_interfaces/custom_interfaces/msg/detail/status__rosidl_typesupport_fastrtps_c.h
[2.166s] -- Up-to-date: /home/yong/ws_kari/ROS2_Test/install/custom_interfaces/include/custom_interfaces/custom_interfaces/msg/rosidl_typesupport_fastrtps_c__visibility_control.h
[2.166s] -- Up-to-date: /home/yong/ws_kari/ROS2_Test/install/custom_interfaces/lib/libcustom_interfaces__rosidl_typesupport_fastrtps_c.so
[2.166s] -- Up-to-date: /home/yong/ws_kari/ROS2_Test/install/custom_interfaces/include/custom_interfaces/custom_interfaces
[2.166s] -- Up-to-date: /home/yong/ws_kari/ROS2_Test/install/custom_interfaces/include/custom_interfaces/custom_interfaces/srv
[2.166s] -- Up-to-date: /home/yong/ws_kari/ROS2_Test/install/custom_interfaces/include/custom_interfaces/custom_interfaces/srv/check_name.hpp
[2.166s] -- Up-to-date: /home/yong/ws_kari/ROS2_Test/install/custom_interfaces/include/custom_interfaces/custom_interfaces/srv/detail
[2.166s] -- Up-to-date: /home/yong/ws_kari/ROS2_Test/install/custom_interfaces/include/custom_interfaces/custom_interfaces/srv/detail/check_name__builder.hpp
[2.166s] -- Up-to-date: /home/yong/ws_kari/ROS2_Test/install/custom_interfaces/include/custom_interfaces/custom_interfaces/srv/detail/check_name__traits.hpp
[2.167s] -- Up-to-date: /home/yong/ws_kari/ROS2_Test/install/custom_interfaces/include/custom_interfaces/custom_interfaces/srv/detail/check_name__struct.hpp
[2.167s] -- Up-to-date: /home/yong/ws_kari/ROS2_Test/install/custom_interfaces/include/custom_interfaces/custom_interfaces/msg
[2.167s] -- Up-to-date: /home/yong/ws_kari/ROS2_Test/install/custom_interfaces/include/custom_interfaces/custom_interfaces/msg/status.hpp
[2.167s] -- Up-to-date: /home/yong/ws_kari/ROS2_Test/install/custom_interfaces/include/custom_interfaces/custom_interfaces/msg/tasklist.hpp
[2.167s] -- Up-to-date: /home/yong/ws_kari/ROS2_Test/install/custom_interfaces/include/custom_interfaces/custom_interfaces/msg/detail
[2.167s] -- Up-to-date: /home/yong/ws_kari/ROS2_Test/install/custom_interfaces/include/custom_interfaces/custom_interfaces/msg/detail/vehiclestate__traits.hpp
[2.167s] -- Up-to-date: /home/yong/ws_kari/ROS2_Test/install/custom_interfaces/include/custom_interfaces/custom_interfaces/msg/detail/task__builder.hpp
[2.167s] -- Up-to-date: /home/yong/ws_kari/ROS2_Test/install/custom_interfaces/include/custom_interfaces/custom_interfaces/msg/detail/status__struct.hpp
[2.167s] -- Up-to-date: /home/yong/ws_kari/ROS2_Test/install/custom_interfaces/include/custom_interfaces/custom_interfaces/msg/detail/auctioninfo__builder.hpp
[2.167s] -- Up-to-date: /home/yong/ws_kari/ROS2_Test/install/custom_interfaces/include/custom_interfaces/custom_interfaces/msg/detail/tasklist__builder.hpp
[2.167s] -- Up-to-date: /home/yong/ws_kari/ROS2_Test/install/custom_interfaces/include/custom_interfaces/custom_interfaces/msg/detail/vehiclestate__builder.hpp
[2.167s] -- Up-to-date: /home/yong/ws_kari/ROS2_Test/install/custom_interfaces/include/custom_interfaces/custom_interfaces/msg/detail/status__traits.hpp
[2.167s] -- Up-to-date: /home/yong/ws_kari/ROS2_Test/install/custom_interfaces/include/custom_interfaces/custom_interfaces/msg/detail/tasklist__struct.hpp
[2.167s] -- Up-to-date: /home/yong/ws_kari/ROS2_Test/install/custom_interfaces/include/custom_interfaces/custom_interfaces/msg/detail/task__struct.hpp
[2.167s] -- Up-to-date: /home/yong/ws_kari/ROS2_Test/install/custom_interfaces/include/custom_interfaces/custom_interfaces/msg/detail/auctioninfo__traits.hpp
[2.168s] -- Up-to-date: /home/yong/ws_kari/ROS2_Test/install/custom_interfaces/include/custom_interfaces/custom_interfaces/msg/detail/status__builder.hpp
[2.168s] -- Up-to-date: /home/yong/ws_kari/ROS2_Test/install/custom_interfaces/include/custom_interfaces/custom_interfaces/msg/detail/vehiclestate__struct.hpp
[2.168s] -- Up-to-date: /home/yong/ws_kari/ROS2_Test/install/custom_interfaces/include/custom_interfaces/custom_interfaces/msg/detail/task__traits.hpp
[2.168s] -- Up-to-date: /home/yong/ws_kari/ROS2_Test/install/custom_interfaces/include/custom_interfaces/custom_interfaces/msg/detail/tasklist__traits.hpp
[2.168s] -- Up-to-date: /home/yong/ws_kari/ROS2_Test/install/custom_interfaces/include/custom_interfaces/custom_interfaces/msg/detail/auctioninfo__struct.hpp
[2.168s] -- Up-to-date: /home/yong/ws_kari/ROS2_Test/install/custom_interfaces/include/custom_interfaces/custom_interfaces/msg/task.hpp
[2.168s] -- Up-to-date: /home/yong/ws_kari/ROS2_Test/install/custom_interfaces/include/custom_interfaces/custom_interfaces/msg/vehiclestate.hpp
[2.168s] -- Up-to-date: /home/yong/ws_kari/ROS2_Test/install/custom_interfaces/include/custom_interfaces/custom_interfaces/msg/auctioninfo.hpp
[2.168s] -- Up-to-date: /home/yong/ws_kari/ROS2_Test/install/custom_interfaces/include/custom_interfaces/custom_interfaces
[2.168s] -- Up-to-date: /home/yong/ws_kari/ROS2_Test/install/custom_interfaces/include/custom_interfaces/custom_interfaces/srv
[2.168s] -- Up-to-date: /home/yong/ws_kari/ROS2_Test/install/custom_interfaces/include/custom_interfaces/custom_interfaces/srv/detail
[2.168s] -- Up-to-date: /home/yong/ws_kari/ROS2_Test/install/custom_interfaces/include/custom_interfaces/custom_interfaces/srv/detail/dds_fastrtps
[2.168s] -- Up-to-date: /home/yong/ws_kari/ROS2_Test/install/custom_interfaces/include/custom_interfaces/custom_interfaces/srv/detail/check_name__rosidl_typesupport_fastrtps_cpp.hpp
[2.168s] -- Up-to-date: /home/yong/ws_kari/ROS2_Test/install/custom_interfaces/include/custom_interfaces/custom_interfaces/msg
[2.169s] -- Up-to-date: /home/yong/ws_kari/ROS2_Test/install/custom_interfaces/include/custom_interfaces/custom_interfaces/msg/detail
[2.169s] -- Up-to-date: /home/yong/ws_kari/ROS2_Test/install/custom_interfaces/include/custom_interfaces/custom_interfaces/msg/detail/tasklist__rosidl_typesupport_fastrtps_cpp.hpp
[2.169s] -- Up-to-date: /home/yong/ws_kari/ROS2_Test/install/custom_interfaces/include/custom_interfaces/custom_interfaces/msg/detail/task__rosidl_typesupport_fastrtps_cpp.hpp
[2.169s] -- Up-to-date: /home/yong/ws_kari/ROS2_Test/install/custom_interfaces/include/custom_interfaces/custom_interfaces/msg/detail/vehiclestate__rosidl_typesupport_fastrtps_cpp.hpp
[2.169s] -- Up-to-date: /home/yong/ws_kari/ROS2_Test/install/custom_interfaces/include/custom_interfaces/custom_interfaces/msg/detail/status__rosidl_typesupport_fastrtps_cpp.hpp
[2.169s] -- Up-to-date: /home/yong/ws_kari/ROS2_Test/install/custom_interfaces/include/custom_interfaces/custom_interfaces/msg/detail/dds_fastrtps
[2.169s] -- Up-to-date: /home/yong/ws_kari/ROS2_Test/install/custom_interfaces/include/custom_interfaces/custom_interfaces/msg/detail/auctioninfo__rosidl_typesupport_fastrtps_cpp.hpp
[2.169s] -- Up-to-date: /home/yong/ws_kari/ROS2_Test/install/custom_interfaces/include/custom_interfaces/custom_interfaces/msg/rosidl_typesupport_fastrtps_cpp__visibility_control.h
[2.169s] -- Up-to-date: /home/yong/ws_kari/ROS2_Test/install/custom_interfaces/lib/libcustom_interfaces__rosidl_typesupport_fastrtps_cpp.so
[2.169s] -- Up-to-date: /home/yong/ws_kari/ROS2_Test/install/custom_interfaces/include/custom_interfaces/custom_interfaces
[2.169s] -- Up-to-date: /home/yong/ws_kari/ROS2_Test/install/custom_interfaces/include/custom_interfaces/custom_interfaces/srv
[2.169s] -- Up-to-date: /home/yong/ws_kari/ROS2_Test/install/custom_interfaces/include/custom_interfaces/custom_interfaces/srv/detail
[2.169s] -- Up-to-date: /home/yong/ws_kari/ROS2_Test/install/custom_interfaces/include/custom_interfaces/custom_interfaces/srv/detail/check_name__type_support.c
[2.169s] -- Up-to-date: /home/yong/ws_kari/ROS2_Test/install/custom_interfaces/include/custom_interfaces/custom_interfaces/srv/detail/check_name__rosidl_typesupport_introspection_c.h
[2.169s] -- Up-to-date: /home/yong/ws_kari/ROS2_Test/install/custom_interfaces/include/custom_interfaces/custom_interfaces/msg
[2.170s] -- Up-to-date: /home/yong/ws_kari/ROS2_Test/install/custom_interfaces/include/custom_interfaces/custom_interfaces/msg/detail
[2.170s] -- Up-to-date: /home/yong/ws_kari/ROS2_Test/install/custom_interfaces/include/custom_interfaces/custom_interfaces/msg/detail/task__rosidl_typesupport_introspection_c.h
[2.170s] -- Up-to-date: /home/yong/ws_kari/ROS2_Test/install/custom_interfaces/include/custom_interfaces/custom_interfaces/msg/detail/task__type_support.c
[2.170s] -- Up-to-date: /home/yong/ws_kari/ROS2_Test/install/custom_interfaces/include/custom_interfaces/custom_interfaces/msg/detail/vehiclestate__type_support.c
[2.170s] -- Up-to-date: /home/yong/ws_kari/ROS2_Test/install/custom_interfaces/include/custom_interfaces/custom_interfaces/msg/detail/tasklist__type_support.c
[2.170s] -- Up-to-date: /home/yong/ws_kari/ROS2_Test/install/custom_interfaces/include/custom_interfaces/custom_interfaces/msg/detail/auctioninfo__rosidl_typesupport_introspection_c.h
[2.170s] -- Up-to-date: /home/yong/ws_kari/ROS2_Test/install/custom_interfaces/include/custom_interfaces/custom_interfaces/msg/detail/vehiclestate__rosidl_typesupport_introspection_c.h
[2.170s] -- Up-to-date: /home/yong/ws_kari/ROS2_Test/install/custom_interfaces/include/custom_interfaces/custom_interfaces/msg/detail/auctioninfo__type_support.c
[2.170s] -- Up-to-date: /home/yong/ws_kari/ROS2_Test/install/custom_interfaces/include/custom_interfaces/custom_interfaces/msg/detail/status__rosidl_typesupport_introspection_c.h
[2.170s] -- Up-to-date: /home/yong/ws_kari/ROS2_Test/install/custom_interfaces/include/custom_interfaces/custom_interfaces/msg/detail/status__type_support.c
[2.170s] -- Up-to-date: /home/yong/ws_kari/ROS2_Test/install/custom_interfaces/include/custom_interfaces/custom_interfaces/msg/detail/tasklist__rosidl_typesupport_introspection_c.h
[2.170s] -- Up-to-date: /home/yong/ws_kari/ROS2_Test/install/custom_interfaces/include/custom_interfaces/custom_interfaces/msg/rosidl_typesupport_introspection_c__visibility_control.h
[2.170s] -- Up-to-date: /home/yong/ws_kari/ROS2_Test/install/custom_interfaces/lib/libcustom_interfaces__rosidl_typesupport_introspection_c.so
[2.170s] -- Up-to-date: /home/yong/ws_kari/ROS2_Test/install/custom_interfaces/lib/libcustom_interfaces__rosidl_typesupport_c.so
[2.170s] -- Up-to-date: /home/yong/ws_kari/ROS2_Test/install/custom_interfaces/include/custom_interfaces/custom_interfaces
[2.170s] -- Up-to-date: /home/yong/ws_kari/ROS2_Test/install/custom_interfaces/include/custom_interfaces/custom_interfaces/srv
[2.170s] -- Up-to-date: /home/yong/ws_kari/ROS2_Test/install/custom_interfaces/include/custom_interfaces/custom_interfaces/srv/detail
[2.170s] -- Up-to-date: /home/yong/ws_kari/ROS2_Test/install/custom_interfaces/include/custom_interfaces/custom_interfaces/srv/detail/check_name__rosidl_typesupport_introspection_cpp.hpp
[2.170s] -- Up-to-date: /home/yong/ws_kari/ROS2_Test/install/custom_interfaces/include/custom_interfaces/custom_interfaces/srv/detail/check_name__type_support.cpp
[2.171s] -- Up-to-date: /home/yong/ws_kari/ROS2_Test/install/custom_interfaces/include/custom_interfaces/custom_interfaces/msg
[2.171s] -- Up-to-date: /home/yong/ws_kari/ROS2_Test/install/custom_interfaces/include/custom_interfaces/custom_interfaces/msg/detail
[2.171s] -- Up-to-date: /home/yong/ws_kari/ROS2_Test/install/custom_interfaces/include/custom_interfaces/custom_interfaces/msg/detail/status__type_support.cpp
[2.171s] -- Up-to-date: /home/yong/ws_kari/ROS2_Test/install/custom_interfaces/include/custom_interfaces/custom_interfaces/msg/detail/status__rosidl_typesupport_introspection_cpp.hpp
[2.171s] -- Up-to-date: /home/yong/ws_kari/ROS2_Test/install/custom_interfaces/include/custom_interfaces/custom_interfaces/msg/detail/task__type_support.cpp
[2.171s] -- Up-to-date: /home/yong/ws_kari/ROS2_Test/install/custom_interfaces/include/custom_interfaces/custom_interfaces/msg/detail/task__rosidl_typesupport_introspection_cpp.hpp
[2.171s] -- Up-to-date: /home/yong/ws_kari/ROS2_Test/install/custom_interfaces/include/custom_interfaces/custom_interfaces/msg/detail/auctioninfo__rosidl_typesupport_introspection_cpp.hpp
[2.171s] -- Up-to-date: /home/yong/ws_kari/ROS2_Test/install/custom_interfaces/include/custom_interfaces/custom_interfaces/msg/detail/auctioninfo__type_support.cpp
[2.171s] -- Up-to-date: /home/yong/ws_kari/ROS2_Test/install/custom_interfaces/include/custom_interfaces/custom_interfaces/msg/detail/tasklist__rosidl_typesupport_introspection_cpp.hpp
[2.171s] -- Up-to-date: /home/yong/ws_kari/ROS2_Test/install/custom_interfaces/include/custom_interfaces/custom_interfaces/msg/detail/vehiclestate__type_support.cpp
[2.171s] -- Up-to-date: /home/yong/ws_kari/ROS2_Test/install/custom_interfaces/include/custom_interfaces/custom_interfaces/msg/detail/vehiclestate__rosidl_typesupport_introspection_cpp.hpp
[2.171s] -- Up-to-date: /home/yong/ws_kari/ROS2_Test/install/custom_interfaces/include/custom_interfaces/custom_interfaces/msg/detail/tasklist__type_support.cpp
[2.171s] -- Up-to-date: /home/yong/ws_kari/ROS2_Test/install/custom_interfaces/lib/libcustom_interfaces__rosidl_typesupport_introspection_cpp.so
[2.171s] -- Up-to-date: /home/yong/ws_kari/ROS2_Test/install/custom_interfaces/lib/libcustom_interfaces__rosidl_typesupport_cpp.so
[2.171s] -- Up-to-date: /home/yong/ws_kari/ROS2_Test/install/custom_interfaces/share/custom_interfaces/environment/pythonpath.sh
[2.171s] -- Installing: /home/yong/ws_kari/ROS2_Test/install/custom_interfaces/share/custom_interfaces/environment/pythonpath.dsv
[2.171s] -- Up-to-date: /home/yong/ws_kari/ROS2_Test/install/custom_interfaces/local/lib/python3.10/dist-packages/custom_interfaces-0.1.0-py3.10.egg-info
[2.171s] -- Installing: /home/yong/ws_kari/ROS2_Test/install/custom_interfaces/local/lib/python3.10/dist-packages/custom_interfaces-0.1.0-py3.10.egg-info/SOURCES.txt
[2.171s] -- Installing: /home/yong/ws_kari/ROS2_Test/install/custom_interfaces/local/lib/python3.10/dist-packages/custom_interfaces-0.1.0-py3.10.egg-info/dependency_links.txt
[2.172s] -- Installing: /home/yong/ws_kari/ROS2_Test/install/custom_interfaces/local/lib/python3.10/dist-packages/custom_interfaces-0.1.0-py3.10.egg-info/PKG-INFO
[2.172s] -- Installing: /home/yong/ws_kari/ROS2_Test/install/custom_interfaces/local/lib/python3.10/dist-packages/custom_interfaces-0.1.0-py3.10.egg-info/top_level.txt
[2.172s] -- Up-to-date: /home/yong/ws_kari/ROS2_Test/install/custom_interfaces/local/lib/python3.10/dist-packages/custom_interfaces
[2.172s] -- Up-to-date: /home/yong/ws_kari/ROS2_Test/install/custom_interfaces/local/lib/python3.10/dist-packages/custom_interfaces/libcustom_interfaces__rosidl_generator_py.so
[2.172s] -- Up-to-date: /home/yong/ws_kari/ROS2_Test/install/custom_interfaces/local/lib/python3.10/dist-packages/custom_interfaces/_custom_interfaces_s.ep.rosidl_typesupport_introspection_c.c
[2.172s] -- Up-to-date: /home/yong/ws_kari/ROS2_Test/install/custom_interfaces/local/lib/python3.10/dist-packages/custom_interfaces/custom_interfaces_s__rosidl_typesupport_fastrtps_c.cpython-310-x86_64-linux-gnu.so
[2.172s] -- Up-to-date: /home/yong/ws_kari/ROS2_Test/install/custom_interfaces/local/lib/python3.10/dist-packages/custom_interfaces/srv
[2.172s] -- Up-to-date: /home/yong/ws_kari/ROS2_Test/install/custom_interfaces/local/lib/python3.10/dist-packages/custom_interfaces/srv/_check_name.py
[2.172s] -- Up-to-date: /home/yong/ws_kari/ROS2_Test/install/custom_interfaces/local/lib/python3.10/dist-packages/custom_interfaces/srv/_check_name_s.c
[2.172s] -- Up-to-date: /home/yong/ws_kari/ROS2_Test/install/custom_interfaces/local/lib/python3.10/dist-packages/custom_interfaces/srv/__init__.py
[2.172s] -- Up-to-date: /home/yong/ws_kari/ROS2_Test/install/custom_interfaces/local/lib/python3.10/dist-packages/custom_interfaces/custom_interfaces_s__rosidl_typesupport_c.cpython-310-x86_64-linux-gnu.so
[2.172s] -- Up-to-date: /home/yong/ws_kari/ROS2_Test/install/custom_interfaces/local/lib/python3.10/dist-packages/custom_interfaces/_custom_interfaces_s.ep.rosidl_typesupport_fastrtps_c.c
[2.172s] -- Installing: /home/yong/ws_kari/ROS2_Test/install/custom_interfaces/local/lib/python3.10/dist-packages/custom_interfaces/__init__.py
[2.172s] -- Up-to-date: /home/yong/ws_kari/ROS2_Test/install/custom_interfaces/local/lib/python3.10/dist-packages/custom_interfaces/custom_interfaces_s__rosidl_typesupport_introspection_c.cpython-310-x86_64-linux-gnu.so
[2.172s] -- Up-to-date: /home/yong/ws_kari/ROS2_Test/install/custom_interfaces/local/lib/python3.10/dist-packages/custom_interfaces/msg
[2.172s] -- Up-to-date: /home/yong/ws_kari/ROS2_Test/install/custom_interfaces/local/lib/python3.10/dist-packages/custom_interfaces/msg/_vehiclestate_s.c
[2.172s] -- Up-to-date: /home/yong/ws_kari/ROS2_Test/install/custom_interfaces/local/lib/python3.10/dist-packages/custom_interfaces/msg/_status_s.c
[2.172s] -- Up-to-date: /home/yong/ws_kari/ROS2_Test/install/custom_interfaces/local/lib/python3.10/dist-packages/custom_interfaces/msg/_tasklist.py
[2.172s] -- Up-to-date: /home/yong/ws_kari/ROS2_Test/install/custom_interfaces/local/lib/python3.10/dist-packages/custom_interfaces/msg/__init__.py
[2.173s] -- Up-to-date: /home/yong/ws_kari/ROS2_Test/install/custom_interfaces/local/lib/python3.10/dist-packages/custom_interfaces/msg/_task.py
[2.173s] -- Up-to-date: /home/yong/ws_kari/ROS2_Test/install/custom_interfaces/local/lib/python3.10/dist-packages/custom_interfaces/msg/_tasklist_s.c
[2.173s] -- Up-to-date: /home/yong/ws_kari/ROS2_Test/install/custom_interfaces/local/lib/python3.10/dist-packages/custom_interfaces/msg/_status.py
[2.173s] -- Up-to-date: /home/yong/ws_kari/ROS2_Test/install/custom_interfaces/local/lib/python3.10/dist-packages/custom_interfaces/msg/_auctioninfo_s.c
[2.173s] -- Up-to-date: /home/yong/ws_kari/ROS2_Test/install/custom_interfaces/local/lib/python3.10/dist-packages/custom_interfaces/msg/_vehiclestate.py
[2.173s] -- Up-to-date: /home/yong/ws_kari/ROS2_Test/install/custom_interfaces/local/lib/python3.10/dist-packages/custom_interfaces/msg/_task_s.c
[2.173s] -- Up-to-date: /home/yong/ws_kari/ROS2_Test/install/custom_interfaces/local/lib/python3.10/dist-packages/custom_interfaces/msg/_auctioninfo.py
[2.173s] -- Up-to-date: /home/yong/ws_kari/ROS2_Test/install/custom_interfaces/local/lib/python3.10/dist-packages/custom_interfaces/_custom_interfaces_s.ep.rosidl_typesupport_c.c
[2.196s] Listing '/home/yong/ws_kari/ROS2_Test/install/custom_interfaces/local/lib/python3.10/dist-packages/custom_interfaces'...
[2.196s] Compiling '/home/yong/ws_kari/ROS2_Test/install/custom_interfaces/local/lib/python3.10/dist-packages/custom_interfaces/__init__.py'...
[2.196s] Listing '/home/yong/ws_kari/ROS2_Test/install/custom_interfaces/local/lib/python3.10/dist-packages/custom_interfaces/msg'...
[2.196s] Listing '/home/yong/ws_kari/ROS2_Test/install/custom_interfaces/local/lib/python3.10/dist-packages/custom_interfaces/srv'...
[2.200s] -- Up-to-date: /home/yong/ws_kari/ROS2_Test/install/custom_interfaces/local/lib/python3.10/dist-packages/custom_interfaces/custom_interfaces_s__rosidl_typesupport_fastrtps_c.cpython-310-x86_64-linux-gnu.so
[2.200s] -- Up-to-date: /home/yong/ws_kari/ROS2_Test/install/custom_interfaces/local/lib/python3.10/dist-packages/custom_interfaces/custom_interfaces_s__rosidl_typesupport_introspection_c.cpython-310-x86_64-linux-gnu.so
[2.200s] -- Up-to-date: /home/yong/ws_kari/ROS2_Test/install/custom_interfaces/local/lib/python3.10/dist-packages/custom_interfaces/custom_interfaces_s__rosidl_typesupport_c.cpython-310-x86_64-linux-gnu.so
[2.200s] -- Up-to-date: /home/yong/ws_kari/ROS2_Test/install/custom_interfaces/lib/libcustom_interfaces__rosidl_generator_py.so
[2.201s] -- Up-to-date: /home/yong/ws_kari/ROS2_Test/install/custom_interfaces/share/custom_interfaces/srv/CheckName.idl
[2.201s] -- Up-to-date: /home/yong/ws_kari/ROS2_Test/install/custom_interfaces/share/custom_interfaces/msg/Status.idl
[2.201s] -- Up-to-date: /home/yong/ws_kari/ROS2_Test/install/custom_interfaces/share/custom_interfaces/msg/Vehiclestate.idl
[2.201s] -- Up-to-date: /home/yong/ws_kari/ROS2_Test/install/custom_interfaces/share/custom_interfaces/msg/Auctioninfo.idl
[2.201s] -- Up-to-date: /home/yong/ws_kari/ROS2_Test/install/custom_interfaces/share/custom_interfaces/msg/Task.idl
[2.201s] -- Up-to-date: /home/yong/ws_kari/ROS2_Test/install/custom_interfaces/share/custom_interfaces/msg/Tasklist.idl
[2.201s] -- Up-to-date: /home/yong/ws_kari/ROS2_Test/install/custom_interfaces/share/custom_interfaces/srv/CheckName.srv
[2.201s] -- Up-to-date: /home/yong/ws_kari/ROS2_Test/install/custom_interfaces/share/custom_interfaces/srv/CheckName_Request.msg
[2.201s] -- Up-to-date: /home/yong/ws_kari/ROS2_Test/install/custom_interfaces/share/custom_interfaces/srv/CheckName_Response.msg
[2.201s] -- Up-to-date: /home/yong/ws_kari/ROS2_Test/install/custom_interfaces/share/custom_interfaces/msg/Status.msg
[2.201s] -- Up-to-date: /home/yong/ws_kari/ROS2_Test/install/custom_interfaces/share/custom_interfaces/msg/Vehiclestate.msg
[2.202s] -- Up-to-date: /home/yong/ws_kari/ROS2_Test/install/custom_interfaces/share/custom_interfaces/msg/Auctioninfo.msg
[2.202s] -- Up-to-date: /home/yong/ws_kari/ROS2_Test/install/custom_interfaces/share/custom_interfaces/msg/Task.msg
[2.202s] -- Up-to-date: /home/yong/ws_kari/ROS2_Test/install/custom_interfaces/share/custom_interfaces/msg/Tasklist.msg
[2.202s] -- Up-to-date: /home/yong/ws_kari/ROS2_Test/install/custom_interfaces/share/ament_index/resource_index/package_run_dependencies/custom_interfaces
[2.202s] -- Installing: /home/yong/ws_kari/ROS2_Test/install/custom_interfaces/share/ament_index/resource_index/parent_prefix_path/custom_interfaces
[2.202s] -- Up-to-date: /home/yong/ws_kari/ROS2_Test/install/custom_interfaces/share/custom_interfaces/environment/ament_prefix_path.sh
[2.202s] -- Installing: /home/yong/ws_kari/ROS2_Test/install/custom_interfaces/share/custom_interfaces/environment/ament_prefix_path.dsv
[2.202s] -- Up-to-date: /home/yong/ws_kari/ROS2_Test/install/custom_interfaces/share/custom_interfaces/environment/path.sh
[2.202s] -- Installing: /home/yong/ws_kari/ROS2_Test/install/custom_interfaces/share/custom_interfaces/environment/path.dsv
[2.202s] -- Up-to-date: /home/yong/ws_kari/ROS2_Test/install/custom_interfaces/share/custom_interfaces/local_setup.bash
[2.202s] -- Up-to-date: /home/yong/ws_kari/ROS2_Test/install/custom_interfaces/share/custom_interfaces/local_setup.sh
[2.202s] -- Up-to-date: /home/yong/ws_kari/ROS2_Test/install/custom_interfaces/share/custom_interfaces/local_setup.zsh
[2.202s] -- Installing: /home/yong/ws_kari/ROS2_Test/install/custom_interfaces/share/custom_interfaces/local_setup.dsv
[2.202s] -- Installing: /home/yong/ws_kari/ROS2_Test/install/custom_interfaces/share/custom_interfaces/package.dsv
[2.202s] -- Up-to-date: /home/yong/ws_kari/ROS2_Test/install/custom_interfaces/share/ament_index/resource_index/packages/custom_interfaces
[2.203s] -- Up-to-date: /home/yong/ws_kari/ROS2_Test/install/custom_interfaces/share/custom_interfaces/cmake/export_custom_interfaces__rosidl_generator_cExport.cmake
[2.203s] -- Up-to-date: /home/yong/ws_kari/ROS2_Test/install/custom_interfaces/share/custom_interfaces/cmake/export_custom_interfaces__rosidl_generator_cExport-noconfig.cmake
[2.203s] -- Up-to-date: /home/yong/ws_kari/ROS2_Test/install/custom_interfaces/share/custom_interfaces/cmake/export_custom_interfaces__rosidl_typesupport_fastrtps_cExport.cmake
[2.203s] -- Up-to-date: /home/yong/ws_kari/ROS2_Test/install/custom_interfaces/share/custom_interfaces/cmake/export_custom_interfaces__rosidl_typesupport_fastrtps_cExport-noconfig.cmake
[2.203s] -- Up-to-date: /home/yong/ws_kari/ROS2_Test/install/custom_interfaces/share/custom_interfaces/cmake/export_custom_interfaces__rosidl_generator_cppExport.cmake
[2.203s] -- Up-to-date: /home/yong/ws_kari/ROS2_Test/install/custom_interfaces/share/custom_interfaces/cmake/export_custom_interfaces__rosidl_typesupport_fastrtps_cppExport.cmake
[2.203s] -- Up-to-date: /home/yong/ws_kari/ROS2_Test/install/custom_interfaces/share/custom_interfaces/cmake/export_custom_interfaces__rosidl_typesupport_fastrtps_cppExport-noconfig.cmake
[2.203s] -- Up-to-date: /home/yong/ws_kari/ROS2_Test/install/custom_interfaces/share/custom_interfaces/cmake/custom_interfaces__rosidl_typesupport_introspection_cExport.cmake
[2.203s] -- Up-to-date: /home/yong/ws_kari/ROS2_Test/install/custom_interfaces/share/custom_interfaces/cmake/custom_interfaces__rosidl_typesupport_introspection_cExport-noconfig.cmake
[2.203s] -- Up-to-date: /home/yong/ws_kari/ROS2_Test/install/custom_interfaces/share/custom_interfaces/cmake/custom_interfaces__rosidl_typesupport_cExport.cmake
[2.203s] -- Up-to-date: /home/yong/ws_kari/ROS2_Test/install/custom_interfaces/share/custom_interfaces/cmake/custom_interfaces__rosidl_typesupport_cExport-noconfig.cmake
[2.203s] -- Up-to-date: /home/yong/ws_kari/ROS2_Test/install/custom_interfaces/share/custom_interfaces/cmake/custom_interfaces__rosidl_typesupport_introspection_cppExport.cmake
[2.203s] -- Up-to-date: /home/yong/ws_kari/ROS2_Test/install/custom_interfaces/share/custom_interfaces/cmake/custom_interfaces__rosidl_typesupport_introspection_cppExport-noconfig.cmake
[2.204s] -- Up-to-date: /home/yong/ws_kari/ROS2_Test/install/custom_interfaces/share/custom_interfaces/cmake/custom_interfaces__rosidl_typesupport_cppExport.cmake
[2.204s] -- Up-to-date: /home/yong/ws_kari/ROS2_Test/install/custom_interfaces/share/custom_interfaces/cmake/custom_interfaces__rosidl_typesupport_cppExport-noconfig.cmake
[2.204s] -- Up-to-date: /home/yong/ws_kari/ROS2_Test/install/custom_interfaces/share/custom_interfaces/cmake/export_custom_interfaces__rosidl_generator_pyExport.cmake
[2.204s] -- Up-to-date: /home/yong/ws_kari/ROS2_Test/install/custom_interfaces/share/custom_interfaces/cmake/export_custom_interfaces__rosidl_generator_pyExport-noconfig.cmake
[2.204s] -- Up-to-date: /home/yong/ws_kari/ROS2_Test/install/custom_interfaces/share/custom_interfaces/cmake/rosidl_cmake-extras.cmake
[2.204s] -- Up-to-date: /home/yong/ws_kari/ROS2_Test/install/custom_interfaces/share/custom_interfaces/cmake/ament_cmake_export_dependencies-extras.cmake
[2.204s] -- Up-to-date: /home/yong/ws_kari/ROS2_Test/install/custom_interfaces/share/custom_interfaces/cmake/ament_cmake_export_include_directories-extras.cmake
[2.204s] -- Up-to-date: /home/yong/ws_kari/ROS2_Test/install/custom_interfaces/share/custom_interfaces/cmake/ament_cmake_export_libraries-extras.cmake
[2.204s] -- Up-to-date: /home/yong/ws_kari/ROS2_Test/install/custom_interfaces/share/custom_interfaces/cmake/ament_cmake_export_targets-extras.cmake
[2.204s] -- Up-to-date: /home/yong/ws_kari/ROS2_Test/install/custom_interfaces/share/custom_interfaces/cmake/rosidl_cmake_export_typesupport_targets-extras.cmake
[2.204s] -- Up-to-date: /home/yong/ws_kari/ROS2_Test/install/custom_interfaces/share/custom_interfaces/cmake/rosidl_cmake_export_typesupport_libraries-extras.cmake
[2.204s] -- Up-to-date: /home/yong/ws_kari/ROS2_Test/install/custom_interfaces/share/custom_interfaces/cmake/custom_interfacesConfig.cmake
[2.204s] -- Up-to-date: /home/yong/ws_kari/ROS2_Test/install/custom_interfaces/share/custom_interfaces/cmake/custom_interfacesConfig-version.cmake
[2.204s] -- Up-to-date: /home/yong/ws_kari/ROS2_Test/install/custom_interfaces/share/custom_interfaces/package.xml
[2.206s] Invoked command in '/home/yong/ws_kari/ROS2_Test/build/custom_interfaces' returned '0': CMAKE_PREFIX_PATH=/home/yong/ws_kari/ROS2_Test/install/srv_test:/home/yong/ws_kari/ROS2_Test/install/multi_agent_comm:/opt/ros/humble:/home/yong/ws_kari/ROS2_Test/install/auction_node:/home/yong/ws_kari/ROS2_Test/install/custom_interfaces:/home/yong/ws_kari/ROS2_Test/install/acbba /usr/bin/cmake --install /home/yong/ws_kari/ROS2_Test/build/custom_interfaces
