[0.810s] DEBUG:colcon:Command line arguments: ['/usr/bin/colcon', 'build']
[0.811s] DEBUG:colcon:Parsed command line arguments: Namespace(log_base=None, log_level=None, verb_name='build', build_base='build', install_base='install', merge_install=False, symlink_install=False, test_result_base=None, continue_on_error=False, executor='parallel', parallel_workers=16, event_handlers=None, ignore_user_meta=False, metas=['./colcon.meta'], base_paths=['.'], packages_ignore=None, packages_ignore_regex=None, paths=None, packages_up_to=None, packages_up_to_regex=None, packages_above=None, packages_above_and_dependencies=None, packages_above_depth=None, packages_select_by_dep=None, packages_skip_by_dep=None, packages_skip_up_to=None, packages_select_build_failed=False, packages_skip_build_finished=False, packages_select_test_failures=False, packages_skip_test_passed=False, packages_select=None, packages_skip=None, packages_select_regex=None, packages_skip_regex=None, packages_start=None, packages_end=None, allow_overriding=[], cmake_args=None, cmake_target=None, cmake_target_skip_unavailable=False, cmake_clean_cache=False, cmake_clean_first=False, cmake_force_configure=False, ament_cmake_args=None, catkin_cmake_args=None, catkin_skip_building_tests=False, verb_parser=<colcon_defaults.argument_parser.defaults.DefaultArgumentsDecorator object at 0x7a6cac7c15d0>, verb_extension=<colcon_core.verb.build.BuildVerb object at 0x7a6cac7c0c40>, main=<bound method BuildVerb.main of <colcon_core.verb.build.BuildVerb object at 0x7a6cac7c0c40>>)
[0.855s] Level 1:colcon.colcon_core.package_discovery:discover_packages(colcon_meta) check parameters
[0.855s] Level 1:colcon.colcon_core.package_discovery:discover_packages(recursive) check parameters
[0.855s] Level 1:colcon.colcon_core.package_discovery:discover_packages(ignore) check parameters
[0.855s] Level 1:colcon.colcon_core.package_discovery:discover_packages(path) check parameters
[0.855s] Level 1:colcon.colcon_core.package_discovery:discover_packages(colcon_meta) discover
[0.855s] Level 1:colcon.colcon_core.package_discovery:discover_packages(recursive) discover
[0.855s] INFO:colcon.colcon_core.package_discovery:Crawling recursively for packages in '/home/yong/ws_kari/ROS2_Test'
[0.855s] Level 1:colcon.colcon_core.package_identification:_identify(.) by extensions ['ignore', 'ignore_ament_install']
[0.856s] Level 1:colcon.colcon_core.package_identification:_identify(.) by extension 'ignore'
[0.856s] Level 1:colcon.colcon_core.package_identification:_identify(.) by extension 'ignore_ament_install'
[0.856s] Level 1:colcon.colcon_core.package_identification:_identify(.) by extensions ['colcon_pkg']
[0.856s] Level 1:colcon.colcon_core.package_identification:_identify(.) by extension 'colcon_pkg'
[0.856s] Level 1:colcon.colcon_core.package_identification:_identify(.) by extensions ['colcon_meta']
[0.856s] Level 1:colcon.colcon_core.package_identification:_identify(.) by extension 'colcon_meta'
[0.856s] Level 1:colcon.colcon_core.package_identification:_identify(.) by extensions ['ros']
[0.856s] Level 1:colcon.colcon_core.package_identification:_identify(.) by extension 'ros'
[0.867s] Level 1:colcon.colcon_core.package_identification:_identify(.) by extensions ['cmake', 'python']
[0.867s] Level 1:colcon.colcon_core.package_identification:_identify(.) by extension 'cmake'
[0.867s] Level 1:colcon.colcon_core.package_identification:_identify(.) by extension 'python'
[0.867s] Level 1:colcon.colcon_core.package_identification:_identify(.) by extensions ['python_setup_py']
[0.867s] Level 1:colcon.colcon_core.package_identification:_identify(.) by extension 'python_setup_py'
[0.867s] Level 1:colcon.colcon_core.package_identification:_identify(ROS2_Test) by extensions ['ignore', 'ignore_ament_install']
[0.867s] Level 1:colcon.colcon_core.package_identification:_identify(ROS2_Test) by extension 'ignore'
[0.867s] Level 1:colcon.colcon_core.package_identification:_identify(ROS2_Test) by extension 'ignore_ament_install'
[0.867s] Level 1:colcon.colcon_core.package_identification:_identify(ROS2_Test) by extensions ['colcon_pkg']
[0.867s] Level 1:colcon.colcon_core.package_identification:_identify(ROS2_Test) by extension 'colcon_pkg'
[0.867s] Level 1:colcon.colcon_core.package_identification:_identify(ROS2_Test) by extensions ['colcon_meta']
[0.867s] Level 1:colcon.colcon_core.package_identification:_identify(ROS2_Test) by extension 'colcon_meta'
[0.867s] Level 1:colcon.colcon_core.package_identification:_identify(ROS2_Test) by extensions ['ros']
[0.867s] Level 1:colcon.colcon_core.package_identification:_identify(ROS2_Test) by extension 'ros'
[0.867s] Level 1:colcon.colcon_core.package_identification:_identify(ROS2_Test) by extensions ['cmake', 'python']
[0.867s] Level 1:colcon.colcon_core.package_identification:_identify(ROS2_Test) by extension 'cmake'
[0.867s] Level 1:colcon.colcon_core.package_identification:_identify(ROS2_Test) by extension 'python'
[0.867s] Level 1:colcon.colcon_core.package_identification:_identify(ROS2_Test) by extensions ['python_setup_py']
[0.867s] Level 1:colcon.colcon_core.package_identification:_identify(ROS2_Test) by extension 'python_setup_py'
[0.867s] Level 1:colcon.colcon_core.package_identification:_identify(build) by extensions ['ignore', 'ignore_ament_install']
[0.867s] Level 1:colcon.colcon_core.package_identification:_identify(build) by extension 'ignore'
[0.867s] Level 1:colcon.colcon_core.package_identification:_identify(build) ignored
[0.868s] Level 1:colcon.colcon_core.package_identification:_identify(install) by extensions ['ignore', 'ignore_ament_install']
[0.868s] Level 1:colcon.colcon_core.package_identification:_identify(install) by extension 'ignore'
[0.868s] Level 1:colcon.colcon_core.package_identification:_identify(install) ignored
[0.868s] Level 1:colcon.colcon_core.package_identification:_identify(log) by extensions ['ignore', 'ignore_ament_install']
[0.868s] Level 1:colcon.colcon_core.package_identification:_identify(log) by extension 'ignore'
[0.868s] Level 1:colcon.colcon_core.package_identification:_identify(log) ignored
[0.868s] Level 1:colcon.colcon_core.package_identification:_identify(src) by extensions ['ignore', 'ignore_ament_install']
[0.868s] Level 1:colcon.colcon_core.package_identification:_identify(src) by extension 'ignore'
[0.868s] Level 1:colcon.colcon_core.package_identification:_identify(src) by extension 'ignore_ament_install'
[0.868s] Level 1:colcon.colcon_core.package_identification:_identify(src) by extensions ['colcon_pkg']
[0.868s] Level 1:colcon.colcon_core.package_identification:_identify(src) by extension 'colcon_pkg'
[0.868s] Level 1:colcon.colcon_core.package_identification:_identify(src) by extensions ['colcon_meta']
[0.868s] Level 1:colcon.colcon_core.package_identification:_identify(src) by extension 'colcon_meta'
[0.868s] Level 1:colcon.colcon_core.package_identification:_identify(src) by extensions ['ros']
[0.868s] Level 1:colcon.colcon_core.package_identification:_identify(src) by extension 'ros'
[0.868s] Level 1:colcon.colcon_core.package_identification:_identify(src) by extensions ['cmake', 'python']
[0.868s] Level 1:colcon.colcon_core.package_identification:_identify(src) by extension 'cmake'
[0.868s] Level 1:colcon.colcon_core.package_identification:_identify(src) by extension 'python'
[0.868s] Level 1:colcon.colcon_core.package_identification:_identify(src) by extensions ['python_setup_py']
[0.868s] Level 1:colcon.colcon_core.package_identification:_identify(src) by extension 'python_setup_py'
[0.868s] Level 1:colcon.colcon_core.package_identification:_identify(src/cbba) by extensions ['ignore', 'ignore_ament_install']
[0.868s] Level 1:colcon.colcon_core.package_identification:_identify(src/cbba) by extension 'ignore'
[0.868s] Level 1:colcon.colcon_core.package_identification:_identify(src/cbba) by extension 'ignore_ament_install'
[0.868s] Level 1:colcon.colcon_core.package_identification:_identify(src/cbba) by extensions ['colcon_pkg']
[0.869s] Level 1:colcon.colcon_core.package_identification:_identify(src/cbba) by extension 'colcon_pkg'
[0.869s] Level 1:colcon.colcon_core.package_identification:_identify(src/cbba) by extensions ['colcon_meta']
[0.869s] Level 1:colcon.colcon_core.package_identification:_identify(src/cbba) by extension 'colcon_meta'
[0.869s] Level 1:colcon.colcon_core.package_identification:_identify(src/cbba) by extensions ['ros']
[0.869s] Level 1:colcon.colcon_core.package_identification:_identify(src/cbba) by extension 'ros'
[0.870s] DEBUG:colcon.colcon_core.package_identification:Package 'src/cbba' with type 'ros.ament_cmake' and name 'cbba'
[0.870s] Level 1:colcon.colcon_core.package_identification:_identify(src/custom_interfaces) by extensions ['ignore', 'ignore_ament_install']
[0.871s] Level 1:colcon.colcon_core.package_identification:_identify(src/custom_interfaces) by extension 'ignore'
[0.871s] Level 1:colcon.colcon_core.package_identification:_identify(src/custom_interfaces) by extension 'ignore_ament_install'
[0.871s] Level 1:colcon.colcon_core.package_identification:_identify(src/custom_interfaces) by extensions ['colcon_pkg']
[0.871s] Level 1:colcon.colcon_core.package_identification:_identify(src/custom_interfaces) by extension 'colcon_pkg'
[0.871s] Level 1:colcon.colcon_core.package_identification:_identify(src/custom_interfaces) by extensions ['colcon_meta']
[0.871s] Level 1:colcon.colcon_core.package_identification:_identify(src/custom_interfaces) by extension 'colcon_meta'
[0.871s] Level 1:colcon.colcon_core.package_identification:_identify(src/custom_interfaces) by extensions ['ros']
[0.871s] Level 1:colcon.colcon_core.package_identification:_identify(src/custom_interfaces) by extension 'ros'
[0.871s] DEBUG:colcon.colcon_core.package_identification:Package 'src/custom_interfaces' with type 'ros.ament_cmake' and name 'custom_interfaces'
[0.871s] Level 1:colcon.colcon_core.package_identification:_identify(src/multi_agent_comm) by extensions ['ignore', 'ignore_ament_install']
[0.871s] Level 1:colcon.colcon_core.package_identification:_identify(src/multi_agent_comm) by extension 'ignore'
[0.871s] Level 1:colcon.colcon_core.package_identification:_identify(src/multi_agent_comm) by extension 'ignore_ament_install'
[0.871s] Level 1:colcon.colcon_core.package_identification:_identify(src/multi_agent_comm) by extensions ['colcon_pkg']
[0.871s] Level 1:colcon.colcon_core.package_identification:_identify(src/multi_agent_comm) by extension 'colcon_pkg'
[0.871s] Level 1:colcon.colcon_core.package_identification:_identify(src/multi_agent_comm) by extensions ['colcon_meta']
[0.871s] Level 1:colcon.colcon_core.package_identification:_identify(src/multi_agent_comm) by extension 'colcon_meta'
[0.872s] Level 1:colcon.colcon_core.package_identification:_identify(src/multi_agent_comm) by extensions ['ros']
[0.872s] Level 1:colcon.colcon_core.package_identification:_identify(src/multi_agent_comm) by extension 'ros'
[0.872s] DEBUG:colcon.colcon_core.package_identification:Package 'src/multi_agent_comm' with type 'ros.ament_cmake' and name 'multi_agent_comm'
[0.872s] Level 1:colcon.colcon_core.package_identification:_identify(src/srv_test) by extensions ['ignore', 'ignore_ament_install']
[0.872s] Level 1:colcon.colcon_core.package_identification:_identify(src/srv_test) by extension 'ignore'
[0.872s] Level 1:colcon.colcon_core.package_identification:_identify(src/srv_test) by extension 'ignore_ament_install'
[0.872s] Level 1:colcon.colcon_core.package_identification:_identify(src/srv_test) by extensions ['colcon_pkg']
[0.872s] Level 1:colcon.colcon_core.package_identification:_identify(src/srv_test) by extension 'colcon_pkg'
[0.872s] Level 1:colcon.colcon_core.package_identification:_identify(src/srv_test) by extensions ['colcon_meta']
[0.872s] Level 1:colcon.colcon_core.package_identification:_identify(src/srv_test) by extension 'colcon_meta'
[0.872s] Level 1:colcon.colcon_core.package_identification:_identify(src/srv_test) by extensions ['ros']
[0.872s] Level 1:colcon.colcon_core.package_identification:_identify(src/srv_test) by extension 'ros'
[0.873s] DEBUG:colcon.colcon_core.package_identification:Package 'src/srv_test' with type 'ros.ament_cmake' and name 'srv_test'
[0.873s] Level 1:colcon.colcon_core.package_discovery:discover_packages(recursive) using defaults
[0.873s] Level 1:colcon.colcon_core.package_discovery:discover_packages(ignore) discover
[0.873s] Level 1:colcon.colcon_core.package_discovery:discover_packages(ignore) using defaults
[0.873s] Level 1:colcon.colcon_core.package_discovery:discover_packages(path) discover
[0.873s] Level 1:colcon.colcon_core.package_discovery:discover_packages(path) using defaults
[0.948s] Level 1:colcon.colcon_core.package_discovery:discover_packages(prefix_path) check parameters
[0.948s] Level 1:colcon.colcon_core.package_discovery:discover_packages(prefix_path) discover
[0.974s] DEBUG:colcon.colcon_installed_package_information.package_discovery:Found 4 installed packages in /home/yong/ws_kari/ROS2_Test/install
[0.987s] DEBUG:colcon.colcon_installed_package_information.package_discovery:Found 291 installed packages in /opt/ros/humble
[0.988s] Level 1:colcon.colcon_core.package_discovery:discover_packages(prefix_path) using defaults
[1.052s] Level 5:colcon.colcon_core.verb:set package 'cbba' build argument 'cmake_args' from command line to 'None'
[1.052s] Level 5:colcon.colcon_core.verb:set package 'cbba' build argument 'cmake_target' from command line to 'None'
[1.052s] Level 5:colcon.colcon_core.verb:set package 'cbba' build argument 'cmake_target_skip_unavailable' from command line to 'False'
[1.052s] Level 5:colcon.colcon_core.verb:set package 'cbba' build argument 'cmake_clean_cache' from command line to 'False'
[1.052s] Level 5:colcon.colcon_core.verb:set package 'cbba' build argument 'cmake_clean_first' from command line to 'False'
[1.052s] Level 5:colcon.colcon_core.verb:set package 'cbba' build argument 'cmake_force_configure' from command line to 'False'
[1.052s] Level 5:colcon.colcon_core.verb:set package 'cbba' build argument 'ament_cmake_args' from command line to 'None'
[1.052s] Level 5:colcon.colcon_core.verb:set package 'cbba' build argument 'catkin_cmake_args' from command line to 'None'
[1.052s] Level 5:colcon.colcon_core.verb:set package 'cbba' build argument 'catkin_skip_building_tests' from command line to 'False'
[1.052s] DEBUG:colcon.colcon_core.verb:Building package 'cbba' with the following arguments: {'ament_cmake_args': None, 'build_base': '/home/yong/ws_kari/ROS2_Test/build/cbba', 'catkin_cmake_args': None, 'catkin_skip_building_tests': False, 'cmake_args': None, 'cmake_clean_cache': False, 'cmake_clean_first': False, 'cmake_force_configure': False, 'cmake_target': None, 'cmake_target_skip_unavailable': False, 'install_base': '/home/yong/ws_kari/ROS2_Test/install/cbba', 'merge_install': False, 'path': '/home/yong/ws_kari/ROS2_Test/src/cbba', 'symlink_install': False, 'test_result_base': None}
[1.064s] Level 5:colcon.colcon_core.verb:set package 'custom_interfaces' build argument 'cmake_args' from command line to 'None'
[1.064s] Level 5:colcon.colcon_core.verb:set package 'custom_interfaces' build argument 'cmake_target' from command line to 'None'
[1.065s] Level 5:colcon.colcon_core.verb:set package 'custom_interfaces' build argument 'cmake_target_skip_unavailable' from command line to 'False'
[1.065s] Level 5:colcon.colcon_core.verb:set package 'custom_interfaces' build argument 'cmake_clean_cache' from command line to 'False'
[1.065s] Level 5:colcon.colcon_core.verb:set package 'custom_interfaces' build argument 'cmake_clean_first' from command line to 'False'
[1.065s] Level 5:colcon.colcon_core.verb:set package 'custom_interfaces' build argument 'cmake_force_configure' from command line to 'False'
[1.065s] Level 5:colcon.colcon_core.verb:set package 'custom_interfaces' build argument 'ament_cmake_args' from command line to 'None'
[1.065s] Level 5:colcon.colcon_core.verb:set package 'custom_interfaces' build argument 'catkin_cmake_args' from command line to 'None'
[1.065s] Level 5:colcon.colcon_core.verb:set package 'custom_interfaces' build argument 'catkin_skip_building_tests' from command line to 'False'
[1.065s] DEBUG:colcon.colcon_core.verb:Building package 'custom_interfaces' with the following arguments: {'ament_cmake_args': None, 'build_base': '/home/yong/ws_kari/ROS2_Test/build/custom_interfaces', 'catkin_cmake_args': None, 'catkin_skip_building_tests': False, 'cmake_args': None, 'cmake_clean_cache': False, 'cmake_clean_first': False, 'cmake_force_configure': False, 'cmake_target': None, 'cmake_target_skip_unavailable': False, 'install_base': '/home/yong/ws_kari/ROS2_Test/install/custom_interfaces', 'merge_install': False, 'path': '/home/yong/ws_kari/ROS2_Test/src/custom_interfaces', 'symlink_install': False, 'test_result_base': None}
[1.077s] Level 5:colcon.colcon_core.verb:set package 'multi_agent_comm' build argument 'cmake_args' from command line to 'None'
[1.077s] Level 5:colcon.colcon_core.verb:set package 'multi_agent_comm' build argument 'cmake_target' from command line to 'None'
[1.077s] Level 5:colcon.colcon_core.verb:set package 'multi_agent_comm' build argument 'cmake_target_skip_unavailable' from command line to 'False'
[1.077s] Level 5:colcon.colcon_core.verb:set package 'multi_agent_comm' build argument 'cmake_clean_cache' from command line to 'False'
[1.077s] Level 5:colcon.colcon_core.verb:set package 'multi_agent_comm' build argument 'cmake_clean_first' from command line to 'False'
[1.077s] Level 5:colcon.colcon_core.verb:set package 'multi_agent_comm' build argument 'cmake_force_configure' from command line to 'False'
[1.077s] Level 5:colcon.colcon_core.verb:set package 'multi_agent_comm' build argument 'ament_cmake_args' from command line to 'None'
[1.077s] Level 5:colcon.colcon_core.verb:set package 'multi_agent_comm' build argument 'catkin_cmake_args' from command line to 'None'
[1.077s] Level 5:colcon.colcon_core.verb:set package 'multi_agent_comm' build argument 'catkin_skip_building_tests' from command line to 'False'
[1.077s] DEBUG:colcon.colcon_core.verb:Building package 'multi_agent_comm' with the following arguments: {'ament_cmake_args': None, 'build_base': '/home/yong/ws_kari/ROS2_Test/build/multi_agent_comm', 'catkin_cmake_args': None, 'catkin_skip_building_tests': False, 'cmake_args': None, 'cmake_clean_cache': False, 'cmake_clean_first': False, 'cmake_force_configure': False, 'cmake_target': None, 'cmake_target_skip_unavailable': False, 'install_base': '/home/yong/ws_kari/ROS2_Test/install/multi_agent_comm', 'merge_install': False, 'path': '/home/yong/ws_kari/ROS2_Test/src/multi_agent_comm', 'symlink_install': False, 'test_result_base': None}
[1.100s] Level 5:colcon.colcon_core.verb:set package 'srv_test' build argument 'cmake_args' from command line to 'None'
[1.100s] Level 5:colcon.colcon_core.verb:set package 'srv_test' build argument 'cmake_target' from command line to 'None'
[1.100s] Level 5:colcon.colcon_core.verb:set package 'srv_test' build argument 'cmake_target_skip_unavailable' from command line to 'False'
[1.100s] Level 5:colcon.colcon_core.verb:set package 'srv_test' build argument 'cmake_clean_cache' from command line to 'False'
[1.100s] Level 5:colcon.colcon_core.verb:set package 'srv_test' build argument 'cmake_clean_first' from command line to 'False'
[1.100s] Level 5:colcon.colcon_core.verb:set package 'srv_test' build argument 'cmake_force_configure' from command line to 'False'
[1.100s] Level 5:colcon.colcon_core.verb:set package 'srv_test' build argument 'ament_cmake_args' from command line to 'None'
[1.100s] Level 5:colcon.colcon_core.verb:set package 'srv_test' build argument 'catkin_cmake_args' from command line to 'None'
[1.100s] Level 5:colcon.colcon_core.verb:set package 'srv_test' build argument 'catkin_skip_building_tests' from command line to 'False'
[1.100s] DEBUG:colcon.colcon_core.verb:Building package 'srv_test' with the following arguments: {'ament_cmake_args': None, 'build_base': '/home/yong/ws_kari/ROS2_Test/build/srv_test', 'catkin_cmake_args': None, 'catkin_skip_building_tests': False, 'cmake_args': None, 'cmake_clean_cache': False, 'cmake_clean_first': False, 'cmake_force_configure': False, 'cmake_target': None, 'cmake_target_skip_unavailable': False, 'install_base': '/home/yong/ws_kari/ROS2_Test/install/srv_test', 'merge_install': False, 'path': '/home/yong/ws_kari/ROS2_Test/src/srv_test', 'symlink_install': False, 'test_result_base': None}
[1.113s] INFO:colcon.colcon_core.executor:Executing jobs using 'parallel' executor
[1.126s] DEBUG:colcon.colcon_parallel_executor.executor.parallel:run_until_complete
[1.126s] INFO:colcon.colcon_ros.task.ament_cmake.build:Building ROS package in '/home/yong/ws_kari/ROS2_Test/src/custom_interfaces' with build type 'ament_cmake'
[1.126s] INFO:colcon.colcon_cmake.task.cmake.build:Building CMake package in '/home/yong/ws_kari/ROS2_Test/src/custom_interfaces'
[1.140s] INFO:colcon.colcon_core.plugin_system:Skipping extension 'colcon_core.shell.bat': Not used on non-Windows systems
[1.140s] INFO:colcon.colcon_core.shell:Skip shell extension 'powershell' for command environment: Not usable outside of PowerShell
[1.140s] DEBUG:colcon.colcon_core.shell:Skip shell extension 'dsv' for command environment
[1.180s] INFO:colcon.colcon_ros.task.ament_cmake.build:Building ROS package in '/home/yong/ws_kari/ROS2_Test/src/cbba' with build type 'ament_cmake'
[1.181s] INFO:colcon.colcon_cmake.task.cmake.build:Building CMake package in '/home/yong/ws_kari/ROS2_Test/src/cbba'
[1.193s] INFO:colcon.colcon_core.shell:Skip shell extension 'powershell' for command environment: Not usable outside of PowerShell
[1.193s] DEBUG:colcon.colcon_core.shell:Skip shell extension 'dsv' for command environment
[1.232s] INFO:colcon.colcon_ros.task.ament_cmake.build:Building ROS package in '/home/yong/ws_kari/ROS2_Test/src/multi_agent_comm' with build type 'ament_cmake'
[1.232s] INFO:colcon.colcon_cmake.task.cmake.build:Building CMake package in '/home/yong/ws_kari/ROS2_Test/src/multi_agent_comm'
[1.245s] INFO:colcon.colcon_core.shell:Skip shell extension 'powershell' for command environment: Not usable outside of PowerShell
[1.245s] DEBUG:colcon.colcon_core.shell:Skip shell extension 'dsv' for command environment
[1.289s] DEBUG:colcon.colcon_core.event_handler.log_command:Invoking command in '/home/yong/ws_kari/ROS2_Test/build/custom_interfaces': CMAKE_PREFIX_PATH=${CMAKE_PREFIX_PATH}:/opt/ros/humble /usr/bin/cmake --build /home/yong/ws_kari/ROS2_Test/build/custom_interfaces -- -j16 -l16
[1.292s] DEBUG:colcon.colcon_core.event_handler.log_command:Invoking command in '/home/yong/ws_kari/ROS2_Test/build/cbba': CMAKE_PREFIX_PATH=${CMAKE_PREFIX_PATH}:/opt/ros/humble /usr/bin/cmake --build /home/yong/ws_kari/ROS2_Test/build/cbba -- -j16 -l16
[1.295s] DEBUG:colcon.colcon_core.event_handler.log_command:Invoking command in '/home/yong/ws_kari/ROS2_Test/build/multi_agent_comm': CMAKE_PREFIX_PATH=${CMAKE_PREFIX_PATH}:/opt/ros/humble /usr/bin/cmake --build /home/yong/ws_kari/ROS2_Test/build/multi_agent_comm -- -j16 -l16
[1.331s] DEBUG:colcon.colcon_core.event_handler.log_command:Invoked command in '/home/yong/ws_kari/ROS2_Test/build/cbba' returned '0': CMAKE_PREFIX_PATH=${CMAKE_PREFIX_PATH}:/opt/ros/humble /usr/bin/cmake --build /home/yong/ws_kari/ROS2_Test/build/cbba -- -j16 -l16
[1.372s] DEBUG:colcon.colcon_core.event_handler.log_command:Invoking command in '/home/yong/ws_kari/ROS2_Test/build/cbba': CMAKE_PREFIX_PATH=${CMAKE_PREFIX_PATH}:/opt/ros/humble /usr/bin/cmake --install /home/yong/ws_kari/ROS2_Test/build/cbba
[1.399s] Level 1:colcon.colcon_core.environment:create_environment_scripts_only(cbba)
[1.400s] DEBUG:colcon.colcon_core.event_handler.log_command:Invoked command in '/home/yong/ws_kari/ROS2_Test/build/cbba' returned '0': CMAKE_PREFIX_PATH=${CMAKE_PREFIX_PATH}:/opt/ros/humble /usr/bin/cmake --install /home/yong/ws_kari/ROS2_Test/build/cbba
[1.420s] Level 1:colcon.colcon_core.environment:checking '/home/yong/ws_kari/ROS2_Test/install/cbba' for CMake module files
[1.421s] Level 1:colcon.colcon_core.environment:checking '/home/yong/ws_kari/ROS2_Test/install/cbba' for CMake config files
[1.421s] Level 1:colcon.colcon_core.shell:create_environment_hook('cbba', 'cmake_prefix_path')
[1.435s] INFO:colcon.colcon_core.shell:Creating environment hook '/home/yong/ws_kari/ROS2_Test/install/cbba/share/cbba/hook/cmake_prefix_path.ps1'
[1.436s] INFO:colcon.colcon_core.shell:Creating environment descriptor '/home/yong/ws_kari/ROS2_Test/install/cbba/share/cbba/hook/cmake_prefix_path.dsv'
[1.436s] INFO:colcon.colcon_core.shell:Creating environment hook '/home/yong/ws_kari/ROS2_Test/install/cbba/share/cbba/hook/cmake_prefix_path.sh'
[1.438s] Level 1:colcon.colcon_core.environment:checking '/home/yong/ws_kari/ROS2_Test/install/cbba/bin'
[1.438s] Level 1:colcon.colcon_core.environment:checking '/home/yong/ws_kari/ROS2_Test/install/cbba/lib/pkgconfig/cbba.pc'
[1.438s] Level 1:colcon.colcon_core.environment:checking '/home/yong/ws_kari/ROS2_Test/install/cbba/lib/python3.10/site-packages'
[1.438s] Level 1:colcon.colcon_core.environment:checking '/home/yong/ws_kari/ROS2_Test/install/cbba/bin'
[1.452s] INFO:colcon.colcon_core.shell:Creating package script '/home/yong/ws_kari/ROS2_Test/install/cbba/share/cbba/package.ps1'
[1.453s] INFO:colcon.colcon_core.shell:Creating package descriptor '/home/yong/ws_kari/ROS2_Test/install/cbba/share/cbba/package.dsv'
[1.453s] INFO:colcon.colcon_core.shell:Creating package script '/home/yong/ws_kari/ROS2_Test/install/cbba/share/cbba/package.sh'
[1.454s] INFO:colcon.colcon_core.shell:Creating package script '/home/yong/ws_kari/ROS2_Test/install/cbba/share/cbba/package.bash'
[1.455s] INFO:colcon.colcon_core.shell:Creating package script '/home/yong/ws_kari/ROS2_Test/install/cbba/share/cbba/package.zsh'
[1.456s] Level 1:colcon.colcon_core.environment:create_file_with_runtime_dependencies(/home/yong/ws_kari/ROS2_Test/install/cbba/share/colcon-core/packages/cbba)
[1.496s] Level 1:colcon.colcon_core.environment:create_environment_scripts_only(cbba)
[1.510s] Level 1:colcon.colcon_core.environment:checking '/home/yong/ws_kari/ROS2_Test/install/cbba' for CMake module files
[1.511s] Level 1:colcon.colcon_core.environment:checking '/home/yong/ws_kari/ROS2_Test/install/cbba' for CMake config files
[1.511s] Level 1:colcon.colcon_core.shell:create_environment_hook('cbba', 'cmake_prefix_path')
[1.524s] INFO:colcon.colcon_core.shell:Creating environment hook '/home/yong/ws_kari/ROS2_Test/install/cbba/share/cbba/hook/cmake_prefix_path.ps1'
[1.524s] INFO:colcon.colcon_core.shell:Creating environment descriptor '/home/yong/ws_kari/ROS2_Test/install/cbba/share/cbba/hook/cmake_prefix_path.dsv'
[1.524s] INFO:colcon.colcon_core.shell:Creating environment hook '/home/yong/ws_kari/ROS2_Test/install/cbba/share/cbba/hook/cmake_prefix_path.sh'
[1.525s] Level 1:colcon.colcon_core.environment:checking '/home/yong/ws_kari/ROS2_Test/install/cbba/bin'
[1.525s] Level 1:colcon.colcon_core.environment:checking '/home/yong/ws_kari/ROS2_Test/install/cbba/lib/pkgconfig/cbba.pc'
[1.525s] Level 1:colcon.colcon_core.environment:checking '/home/yong/ws_kari/ROS2_Test/install/cbba/lib/python3.10/site-packages'
[1.525s] Level 1:colcon.colcon_core.environment:checking '/home/yong/ws_kari/ROS2_Test/install/cbba/bin'
[1.539s] INFO:colcon.colcon_core.shell:Creating package script '/home/yong/ws_kari/ROS2_Test/install/cbba/share/cbba/package.ps1'
[1.539s] INFO:colcon.colcon_core.shell:Creating package descriptor '/home/yong/ws_kari/ROS2_Test/install/cbba/share/cbba/package.dsv'
[1.540s] INFO:colcon.colcon_core.shell:Creating package script '/home/yong/ws_kari/ROS2_Test/install/cbba/share/cbba/package.sh'
[1.540s] INFO:colcon.colcon_core.shell:Creating package script '/home/yong/ws_kari/ROS2_Test/install/cbba/share/cbba/package.bash'
[1.540s] INFO:colcon.colcon_core.shell:Creating package script '/home/yong/ws_kari/ROS2_Test/install/cbba/share/cbba/package.zsh'
[1.541s] Level 1:colcon.colcon_core.environment:create_file_with_runtime_dependencies(/home/yong/ws_kari/ROS2_Test/install/cbba/share/colcon-core/packages/cbba)
[1.660s] DEBUG:colcon.colcon_core.event_handler.log_command:Invoked command in '/home/yong/ws_kari/ROS2_Test/build/multi_agent_comm' returned '0': CMAKE_PREFIX_PATH=${CMAKE_PREFIX_PATH}:/opt/ros/humble /usr/bin/cmake --build /home/yong/ws_kari/ROS2_Test/build/multi_agent_comm -- -j16 -l16
[1.661s] DEBUG:colcon.colcon_core.event_handler.log_command:Invoked command in '/home/yong/ws_kari/ROS2_Test/build/custom_interfaces' returned '0': CMAKE_PREFIX_PATH=${CMAKE_PREFIX_PATH}:/opt/ros/humble /usr/bin/cmake --build /home/yong/ws_kari/ROS2_Test/build/custom_interfaces -- -j16 -l16
[1.736s] DEBUG:colcon.colcon_core.event_handler.log_command:Invoking command in '/home/yong/ws_kari/ROS2_Test/build/multi_agent_comm': CMAKE_PREFIX_PATH=${CMAKE_PREFIX_PATH}:/opt/ros/humble /usr/bin/cmake --install /home/yong/ws_kari/ROS2_Test/build/multi_agent_comm
[1.738s] DEBUG:colcon.colcon_core.event_handler.log_command:Invoking command in '/home/yong/ws_kari/ROS2_Test/build/custom_interfaces': CMAKE_PREFIX_PATH=${CMAKE_PREFIX_PATH}:/opt/ros/humble /usr/bin/cmake --install /home/yong/ws_kari/ROS2_Test/build/custom_interfaces
[1.799s] Level 1:colcon.colcon_core.environment:create_environment_scripts_only(multi_agent_comm)
[1.800s] DEBUG:colcon.colcon_core.event_handler.log_command:Invoked command in '/home/yong/ws_kari/ROS2_Test/build/multi_agent_comm' returned '0': CMAKE_PREFIX_PATH=${CMAKE_PREFIX_PATH}:/opt/ros/humble /usr/bin/cmake --install /home/yong/ws_kari/ROS2_Test/build/multi_agent_comm
[1.815s] Level 1:colcon.colcon_core.environment:checking '/home/yong/ws_kari/ROS2_Test/install/multi_agent_comm' for CMake module files
[1.815s] Level 1:colcon.colcon_core.environment:checking '/home/yong/ws_kari/ROS2_Test/install/multi_agent_comm' for CMake config files
[1.816s] Level 1:colcon.colcon_core.shell:create_environment_hook('multi_agent_comm', 'cmake_prefix_path')
[1.828s] INFO:colcon.colcon_core.shell:Creating environment hook '/home/yong/ws_kari/ROS2_Test/install/multi_agent_comm/share/multi_agent_comm/hook/cmake_prefix_path.ps1'
[1.829s] INFO:colcon.colcon_core.shell:Creating environment descriptor '/home/yong/ws_kari/ROS2_Test/install/multi_agent_comm/share/multi_agent_comm/hook/cmake_prefix_path.dsv'
[1.829s] INFO:colcon.colcon_core.shell:Creating environment hook '/home/yong/ws_kari/ROS2_Test/install/multi_agent_comm/share/multi_agent_comm/hook/cmake_prefix_path.sh'
[1.829s] Level 1:colcon.colcon_core.environment:checking '/home/yong/ws_kari/ROS2_Test/install/multi_agent_comm/lib'
[1.830s] Level 1:colcon.colcon_core.shell:create_environment_hook('multi_agent_comm', 'ld_library_path_lib')
[1.842s] INFO:colcon.colcon_core.shell:Creating environment hook '/home/yong/ws_kari/ROS2_Test/install/multi_agent_comm/share/multi_agent_comm/hook/ld_library_path_lib.ps1'
[1.842s] INFO:colcon.colcon_core.shell:Creating environment descriptor '/home/yong/ws_kari/ROS2_Test/install/multi_agent_comm/share/multi_agent_comm/hook/ld_library_path_lib.dsv'
[1.843s] INFO:colcon.colcon_core.shell:Creating environment hook '/home/yong/ws_kari/ROS2_Test/install/multi_agent_comm/share/multi_agent_comm/hook/ld_library_path_lib.sh'
[1.843s] Level 1:colcon.colcon_core.environment:checking '/home/yong/ws_kari/ROS2_Test/install/multi_agent_comm/bin'
[1.843s] Level 1:colcon.colcon_core.environment:checking '/home/yong/ws_kari/ROS2_Test/install/multi_agent_comm/lib/pkgconfig/multi_agent_comm.pc'
[1.843s] Level 1:colcon.colcon_core.environment:checking '/home/yong/ws_kari/ROS2_Test/install/multi_agent_comm/lib/python3.10/site-packages'
[1.843s] Level 1:colcon.colcon_core.environment:checking '/home/yong/ws_kari/ROS2_Test/install/multi_agent_comm/bin'
[1.856s] INFO:colcon.colcon_core.shell:Creating package script '/home/yong/ws_kari/ROS2_Test/install/multi_agent_comm/share/multi_agent_comm/package.ps1'
[1.856s] INFO:colcon.colcon_core.shell:Creating package descriptor '/home/yong/ws_kari/ROS2_Test/install/multi_agent_comm/share/multi_agent_comm/package.dsv'
[1.856s] INFO:colcon.colcon_core.shell:Creating package script '/home/yong/ws_kari/ROS2_Test/install/multi_agent_comm/share/multi_agent_comm/package.sh'
[1.857s] INFO:colcon.colcon_core.shell:Creating package script '/home/yong/ws_kari/ROS2_Test/install/multi_agent_comm/share/multi_agent_comm/package.bash'
[1.857s] INFO:colcon.colcon_core.shell:Creating package script '/home/yong/ws_kari/ROS2_Test/install/multi_agent_comm/share/multi_agent_comm/package.zsh'
[1.857s] Level 1:colcon.colcon_core.environment:create_file_with_runtime_dependencies(/home/yong/ws_kari/ROS2_Test/install/multi_agent_comm/share/colcon-core/packages/multi_agent_comm)
[1.858s] Level 1:colcon.colcon_core.environment:create_environment_scripts_only(custom_interfaces)
[1.859s] DEBUG:colcon.colcon_core.event_handler.log_command:Invoked command in '/home/yong/ws_kari/ROS2_Test/build/custom_interfaces' returned '0': CMAKE_PREFIX_PATH=${CMAKE_PREFIX_PATH}:/opt/ros/humble /usr/bin/cmake --install /home/yong/ws_kari/ROS2_Test/build/custom_interfaces
[1.871s] Level 1:colcon.colcon_core.environment:checking '/home/yong/ws_kari/ROS2_Test/install/custom_interfaces' for CMake module files
[1.872s] Level 1:colcon.colcon_core.environment:checking '/home/yong/ws_kari/ROS2_Test/install/custom_interfaces' for CMake config files
[1.873s] Level 1:colcon.colcon_core.shell:create_environment_hook('custom_interfaces', 'cmake_prefix_path')
[1.886s] INFO:colcon.colcon_core.shell:Creating environment hook '/home/yong/ws_kari/ROS2_Test/install/custom_interfaces/share/custom_interfaces/hook/cmake_prefix_path.ps1'
[1.886s] INFO:colcon.colcon_core.shell:Creating environment descriptor '/home/yong/ws_kari/ROS2_Test/install/custom_interfaces/share/custom_interfaces/hook/cmake_prefix_path.dsv'
[1.886s] INFO:colcon.colcon_core.shell:Creating environment hook '/home/yong/ws_kari/ROS2_Test/install/custom_interfaces/share/custom_interfaces/hook/cmake_prefix_path.sh'
[1.887s] Level 1:colcon.colcon_core.environment:checking '/home/yong/ws_kari/ROS2_Test/install/custom_interfaces/lib'
[1.887s] Level 1:colcon.colcon_core.shell:create_environment_hook('custom_interfaces', 'ld_library_path_lib')
[1.900s] INFO:colcon.colcon_core.shell:Creating environment hook '/home/yong/ws_kari/ROS2_Test/install/custom_interfaces/share/custom_interfaces/hook/ld_library_path_lib.ps1'
[1.900s] INFO:colcon.colcon_core.shell:Creating environment descriptor '/home/yong/ws_kari/ROS2_Test/install/custom_interfaces/share/custom_interfaces/hook/ld_library_path_lib.dsv'
[1.900s] INFO:colcon.colcon_core.shell:Creating environment hook '/home/yong/ws_kari/ROS2_Test/install/custom_interfaces/share/custom_interfaces/hook/ld_library_path_lib.sh'
[1.900s] Level 1:colcon.colcon_core.environment:checking '/home/yong/ws_kari/ROS2_Test/install/custom_interfaces/bin'
[1.901s] Level 1:colcon.colcon_core.environment:checking '/home/yong/ws_kari/ROS2_Test/install/custom_interfaces/lib/pkgconfig/custom_interfaces.pc'
[1.901s] Level 1:colcon.colcon_core.environment:checking '/home/yong/ws_kari/ROS2_Test/install/custom_interfaces/lib/python3.10/site-packages'
[1.901s] Level 1:colcon.colcon_core.environment:checking '/home/yong/ws_kari/ROS2_Test/install/custom_interfaces/bin'
[1.914s] INFO:colcon.colcon_core.shell:Creating package script '/home/yong/ws_kari/ROS2_Test/install/custom_interfaces/share/custom_interfaces/package.ps1'
[1.914s] INFO:colcon.colcon_core.shell:Creating package descriptor '/home/yong/ws_kari/ROS2_Test/install/custom_interfaces/share/custom_interfaces/package.dsv'
[1.914s] INFO:colcon.colcon_core.shell:Creating package script '/home/yong/ws_kari/ROS2_Test/install/custom_interfaces/share/custom_interfaces/package.sh'
[1.915s] INFO:colcon.colcon_core.shell:Creating package script '/home/yong/ws_kari/ROS2_Test/install/custom_interfaces/share/custom_interfaces/package.bash'
[1.915s] INFO:colcon.colcon_core.shell:Creating package script '/home/yong/ws_kari/ROS2_Test/install/custom_interfaces/share/custom_interfaces/package.zsh'
[1.915s] Level 1:colcon.colcon_core.environment:create_file_with_runtime_dependencies(/home/yong/ws_kari/ROS2_Test/install/custom_interfaces/share/colcon-core/packages/custom_interfaces)
[1.944s] Level 1:colcon.colcon_core.environment:create_environment_scripts_only(multi_agent_comm)
[1.957s] Level 1:colcon.colcon_core.environment:checking '/home/yong/ws_kari/ROS2_Test/install/multi_agent_comm' for CMake module files
[1.958s] Level 1:colcon.colcon_core.environment:checking '/home/yong/ws_kari/ROS2_Test/install/multi_agent_comm' for CMake config files
[1.958s] Level 1:colcon.colcon_core.shell:create_environment_hook('multi_agent_comm', 'cmake_prefix_path')
[1.971s] INFO:colcon.colcon_core.shell:Creating environment hook '/home/yong/ws_kari/ROS2_Test/install/multi_agent_comm/share/multi_agent_comm/hook/cmake_prefix_path.ps1'
[1.972s] INFO:colcon.colcon_core.shell:Creating environment descriptor '/home/yong/ws_kari/ROS2_Test/install/multi_agent_comm/share/multi_agent_comm/hook/cmake_prefix_path.dsv'
[1.972s] INFO:colcon.colcon_core.shell:Creating environment hook '/home/yong/ws_kari/ROS2_Test/install/multi_agent_comm/share/multi_agent_comm/hook/cmake_prefix_path.sh'
[1.973s] Level 1:colcon.colcon_core.environment:checking '/home/yong/ws_kari/ROS2_Test/install/multi_agent_comm/lib'
[1.973s] Level 1:colcon.colcon_core.shell:create_environment_hook('multi_agent_comm', 'ld_library_path_lib')
[1.986s] INFO:colcon.colcon_core.shell:Creating environment hook '/home/yong/ws_kari/ROS2_Test/install/multi_agent_comm/share/multi_agent_comm/hook/ld_library_path_lib.ps1'
[1.986s] INFO:colcon.colcon_core.shell:Creating environment descriptor '/home/yong/ws_kari/ROS2_Test/install/multi_agent_comm/share/multi_agent_comm/hook/ld_library_path_lib.dsv'
[1.986s] INFO:colcon.colcon_core.shell:Creating environment hook '/home/yong/ws_kari/ROS2_Test/install/multi_agent_comm/share/multi_agent_comm/hook/ld_library_path_lib.sh'
[1.987s] Level 1:colcon.colcon_core.environment:checking '/home/yong/ws_kari/ROS2_Test/install/multi_agent_comm/bin'
[1.987s] Level 1:colcon.colcon_core.environment:checking '/home/yong/ws_kari/ROS2_Test/install/multi_agent_comm/lib/pkgconfig/multi_agent_comm.pc'
[1.987s] Level 1:colcon.colcon_core.environment:checking '/home/yong/ws_kari/ROS2_Test/install/multi_agent_comm/lib/python3.10/site-packages'
[1.987s] Level 1:colcon.colcon_core.environment:checking '/home/yong/ws_kari/ROS2_Test/install/multi_agent_comm/bin'
[2.000s] INFO:colcon.colcon_core.shell:Creating package script '/home/yong/ws_kari/ROS2_Test/install/multi_agent_comm/share/multi_agent_comm/package.ps1'
[2.001s] INFO:colcon.colcon_core.shell:Creating package descriptor '/home/yong/ws_kari/ROS2_Test/install/multi_agent_comm/share/multi_agent_comm/package.dsv'
[2.001s] INFO:colcon.colcon_core.shell:Creating package script '/home/yong/ws_kari/ROS2_Test/install/multi_agent_comm/share/multi_agent_comm/package.sh'
[2.001s] INFO:colcon.colcon_core.shell:Creating package script '/home/yong/ws_kari/ROS2_Test/install/multi_agent_comm/share/multi_agent_comm/package.bash'
[2.002s] INFO:colcon.colcon_core.shell:Creating package script '/home/yong/ws_kari/ROS2_Test/install/multi_agent_comm/share/multi_agent_comm/package.zsh'
[2.002s] Level 1:colcon.colcon_core.environment:create_file_with_runtime_dependencies(/home/yong/ws_kari/ROS2_Test/install/multi_agent_comm/share/colcon-core/packages/multi_agent_comm)
[2.016s] Level 1:colcon.colcon_core.environment:create_environment_scripts_only(custom_interfaces)
[2.029s] Level 1:colcon.colcon_core.environment:checking '/home/yong/ws_kari/ROS2_Test/install/custom_interfaces' for CMake module files
[2.029s] Level 1:colcon.colcon_core.environment:checking '/home/yong/ws_kari/ROS2_Test/install/custom_interfaces' for CMake config files
[2.030s] Level 1:colcon.colcon_core.shell:create_environment_hook('custom_interfaces', 'cmake_prefix_path')
[2.043s] INFO:colcon.colcon_core.shell:Creating environment hook '/home/yong/ws_kari/ROS2_Test/install/custom_interfaces/share/custom_interfaces/hook/cmake_prefix_path.ps1'
[2.044s] INFO:colcon.colcon_core.shell:Creating environment descriptor '/home/yong/ws_kari/ROS2_Test/install/custom_interfaces/share/custom_interfaces/hook/cmake_prefix_path.dsv'
[2.044s] INFO:colcon.colcon_core.shell:Creating environment hook '/home/yong/ws_kari/ROS2_Test/install/custom_interfaces/share/custom_interfaces/hook/cmake_prefix_path.sh'
[2.044s] Level 1:colcon.colcon_core.environment:checking '/home/yong/ws_kari/ROS2_Test/install/custom_interfaces/lib'
[2.045s] Level 1:colcon.colcon_core.shell:create_environment_hook('custom_interfaces', 'ld_library_path_lib')
[2.057s] INFO:colcon.colcon_core.shell:Creating environment hook '/home/yong/ws_kari/ROS2_Test/install/custom_interfaces/share/custom_interfaces/hook/ld_library_path_lib.ps1'
[2.057s] INFO:colcon.colcon_core.shell:Creating environment descriptor '/home/yong/ws_kari/ROS2_Test/install/custom_interfaces/share/custom_interfaces/hook/ld_library_path_lib.dsv'
[2.058s] INFO:colcon.colcon_core.shell:Creating environment hook '/home/yong/ws_kari/ROS2_Test/install/custom_interfaces/share/custom_interfaces/hook/ld_library_path_lib.sh'
[2.058s] Level 1:colcon.colcon_core.environment:checking '/home/yong/ws_kari/ROS2_Test/install/custom_interfaces/bin'
[2.058s] Level 1:colcon.colcon_core.environment:checking '/home/yong/ws_kari/ROS2_Test/install/custom_interfaces/lib/pkgconfig/custom_interfaces.pc'
[2.058s] Level 1:colcon.colcon_core.environment:checking '/home/yong/ws_kari/ROS2_Test/install/custom_interfaces/lib/python3.10/site-packages'
[2.058s] Level 1:colcon.colcon_core.environment:checking '/home/yong/ws_kari/ROS2_Test/install/custom_interfaces/bin'
[2.071s] INFO:colcon.colcon_core.shell:Creating package script '/home/yong/ws_kari/ROS2_Test/install/custom_interfaces/share/custom_interfaces/package.ps1'
[2.072s] INFO:colcon.colcon_core.shell:Creating package descriptor '/home/yong/ws_kari/ROS2_Test/install/custom_interfaces/share/custom_interfaces/package.dsv'
[2.072s] INFO:colcon.colcon_core.shell:Creating package script '/home/yong/ws_kari/ROS2_Test/install/custom_interfaces/share/custom_interfaces/package.sh'
[2.072s] INFO:colcon.colcon_core.shell:Creating package script '/home/yong/ws_kari/ROS2_Test/install/custom_interfaces/share/custom_interfaces/package.bash'
[2.073s] INFO:colcon.colcon_core.shell:Creating package script '/home/yong/ws_kari/ROS2_Test/install/custom_interfaces/share/custom_interfaces/package.zsh'
[2.073s] Level 1:colcon.colcon_core.environment:create_file_with_runtime_dependencies(/home/yong/ws_kari/ROS2_Test/install/custom_interfaces/share/colcon-core/packages/custom_interfaces)
[2.073s] INFO:colcon.colcon_ros.task.ament_cmake.build:Building ROS package in '/home/yong/ws_kari/ROS2_Test/src/srv_test' with build type 'ament_cmake'
[2.073s] INFO:colcon.colcon_cmake.task.cmake.build:Building CMake package in '/home/yong/ws_kari/ROS2_Test/src/srv_test'
[2.087s] INFO:colcon.colcon_core.shell:Skip shell extension 'powershell' for command environment: Not usable outside of PowerShell
[2.087s] DEBUG:colcon.colcon_core.shell:Skip shell extension 'dsv' for command environment
[2.134s] DEBUG:colcon.colcon_core.event_handler.log_command:Invoking command in '/home/yong/ws_kari/ROS2_Test/build/srv_test': CMAKE_PREFIX_PATH=/home/yong/ws_kari/ROS2_Test/install/custom_interfaces:/home/yong/ws_kari/ROS2_Test/install/srv_test:/home/yong/ws_kari/ROS2_Test/install/multi_agent_comm:/home/yong/ws_kari/ROS2_Test/install/cbba:/opt/ros/humble LD_LIBRARY_PATH=/home/yong/ws_kari/ROS2_Test/install/custom_interfaces/lib:/home/yong/ws_kari/ROS2_Test/install/multi_agent_comm/lib:/opt/ros/humble/opt/rviz_ogre_vendor/lib:/opt/ros/humble/lib/x86_64-linux-gnu:/opt/ros/humble/lib /usr/bin/cmake --build /home/yong/ws_kari/ROS2_Test/build/srv_test -- -j16 -l16
[9.450s] DEBUG:colcon.colcon_core.event_handler.log_command:Invoked command in '/home/yong/ws_kari/ROS2_Test/build/srv_test' returned '0': CMAKE_PREFIX_PATH=/home/yong/ws_kari/ROS2_Test/install/custom_interfaces:/home/yong/ws_kari/ROS2_Test/install/srv_test:/home/yong/ws_kari/ROS2_Test/install/multi_agent_comm:/home/yong/ws_kari/ROS2_Test/install/cbba:/opt/ros/humble LD_LIBRARY_PATH=/home/yong/ws_kari/ROS2_Test/install/custom_interfaces/lib:/home/yong/ws_kari/ROS2_Test/install/multi_agent_comm/lib:/opt/ros/humble/opt/rviz_ogre_vendor/lib:/opt/ros/humble/lib/x86_64-linux-gnu:/opt/ros/humble/lib /usr/bin/cmake --build /home/yong/ws_kari/ROS2_Test/build/srv_test -- -j16 -l16
[9.477s] DEBUG:colcon.colcon_core.event_handler.log_command:Invoking command in '/home/yong/ws_kari/ROS2_Test/build/srv_test': CMAKE_PREFIX_PATH=/home/yong/ws_kari/ROS2_Test/install/custom_interfaces:/home/yong/ws_kari/ROS2_Test/install/srv_test:/home/yong/ws_kari/ROS2_Test/install/multi_agent_comm:/home/yong/ws_kari/ROS2_Test/install/cbba:/opt/ros/humble LD_LIBRARY_PATH=/home/yong/ws_kari/ROS2_Test/install/custom_interfaces/lib:/home/yong/ws_kari/ROS2_Test/install/multi_agent_comm/lib:/opt/ros/humble/opt/rviz_ogre_vendor/lib:/opt/ros/humble/lib/x86_64-linux-gnu:/opt/ros/humble/lib /usr/bin/cmake --install /home/yong/ws_kari/ROS2_Test/build/srv_test
[9.494s] Level 1:colcon.colcon_core.environment:create_environment_scripts_only(srv_test)
[9.494s] DEBUG:colcon.colcon_core.event_handler.log_command:Invoked command in '/home/yong/ws_kari/ROS2_Test/build/srv_test' returned '0': CMAKE_PREFIX_PATH=/home/yong/ws_kari/ROS2_Test/install/custom_interfaces:/home/yong/ws_kari/ROS2_Test/install/srv_test:/home/yong/ws_kari/ROS2_Test/install/multi_agent_comm:/home/yong/ws_kari/ROS2_Test/install/cbba:/opt/ros/humble LD_LIBRARY_PATH=/home/yong/ws_kari/ROS2_Test/install/custom_interfaces/lib:/home/yong/ws_kari/ROS2_Test/install/multi_agent_comm/lib:/opt/ros/humble/opt/rviz_ogre_vendor/lib:/opt/ros/humble/lib/x86_64-linux-gnu:/opt/ros/humble/lib /usr/bin/cmake --install /home/yong/ws_kari/ROS2_Test/build/srv_test
[9.506s] Level 1:colcon.colcon_core.environment:checking '/home/yong/ws_kari/ROS2_Test/install/srv_test' for CMake module files
[9.507s] Level 1:colcon.colcon_core.environment:checking '/home/yong/ws_kari/ROS2_Test/install/srv_test' for CMake config files
[9.507s] Level 1:colcon.colcon_core.shell:create_environment_hook('srv_test', 'cmake_prefix_path')
[9.519s] INFO:colcon.colcon_core.shell:Creating environment hook '/home/yong/ws_kari/ROS2_Test/install/srv_test/share/srv_test/hook/cmake_prefix_path.ps1'
[9.520s] INFO:colcon.colcon_core.shell:Creating environment descriptor '/home/yong/ws_kari/ROS2_Test/install/srv_test/share/srv_test/hook/cmake_prefix_path.dsv'
[9.520s] INFO:colcon.colcon_core.shell:Creating environment hook '/home/yong/ws_kari/ROS2_Test/install/srv_test/share/srv_test/hook/cmake_prefix_path.sh'
[9.520s] Level 1:colcon.colcon_core.environment:checking '/home/yong/ws_kari/ROS2_Test/install/srv_test/lib'
[9.520s] Level 1:colcon.colcon_core.environment:checking '/home/yong/ws_kari/ROS2_Test/install/srv_test/bin'
[9.521s] Level 1:colcon.colcon_core.environment:checking '/home/yong/ws_kari/ROS2_Test/install/srv_test/lib/pkgconfig/srv_test.pc'
[9.521s] Level 1:colcon.colcon_core.environment:checking '/home/yong/ws_kari/ROS2_Test/install/srv_test/lib/python3.10/site-packages'
[9.521s] Level 1:colcon.colcon_core.environment:checking '/home/yong/ws_kari/ROS2_Test/install/srv_test/bin'
[9.533s] INFO:colcon.colcon_core.shell:Creating package script '/home/yong/ws_kari/ROS2_Test/install/srv_test/share/srv_test/package.ps1'
[9.534s] INFO:colcon.colcon_core.shell:Creating package descriptor '/home/yong/ws_kari/ROS2_Test/install/srv_test/share/srv_test/package.dsv'
[9.534s] INFO:colcon.colcon_core.shell:Creating package script '/home/yong/ws_kari/ROS2_Test/install/srv_test/share/srv_test/package.sh'
[9.534s] INFO:colcon.colcon_core.shell:Creating package script '/home/yong/ws_kari/ROS2_Test/install/srv_test/share/srv_test/package.bash'
[9.535s] INFO:colcon.colcon_core.shell:Creating package script '/home/yong/ws_kari/ROS2_Test/install/srv_test/share/srv_test/package.zsh'
[9.535s] Level 1:colcon.colcon_core.environment:create_file_with_runtime_dependencies(/home/yong/ws_kari/ROS2_Test/install/srv_test/share/colcon-core/packages/srv_test)
[9.573s] Level 1:colcon.colcon_core.environment:create_environment_scripts_only(srv_test)
[9.586s] Level 1:colcon.colcon_core.environment:checking '/home/yong/ws_kari/ROS2_Test/install/srv_test' for CMake module files
[9.586s] Level 1:colcon.colcon_core.environment:checking '/home/yong/ws_kari/ROS2_Test/install/srv_test' for CMake config files
[9.586s] Level 1:colcon.colcon_core.shell:create_environment_hook('srv_test', 'cmake_prefix_path')
[9.599s] INFO:colcon.colcon_core.shell:Creating environment hook '/home/yong/ws_kari/ROS2_Test/install/srv_test/share/srv_test/hook/cmake_prefix_path.ps1'
[9.599s] INFO:colcon.colcon_core.shell:Creating environment descriptor '/home/yong/ws_kari/ROS2_Test/install/srv_test/share/srv_test/hook/cmake_prefix_path.dsv'
[9.599s] INFO:colcon.colcon_core.shell:Creating environment hook '/home/yong/ws_kari/ROS2_Test/install/srv_test/share/srv_test/hook/cmake_prefix_path.sh'
[9.600s] Level 1:colcon.colcon_core.environment:checking '/home/yong/ws_kari/ROS2_Test/install/srv_test/lib'
[9.600s] Level 1:colcon.colcon_core.environment:checking '/home/yong/ws_kari/ROS2_Test/install/srv_test/bin'
[9.600s] Level 1:colcon.colcon_core.environment:checking '/home/yong/ws_kari/ROS2_Test/install/srv_test/lib/pkgconfig/srv_test.pc'
[9.600s] Level 1:colcon.colcon_core.environment:checking '/home/yong/ws_kari/ROS2_Test/install/srv_test/lib/python3.10/site-packages'
[9.600s] Level 1:colcon.colcon_core.environment:checking '/home/yong/ws_kari/ROS2_Test/install/srv_test/bin'
[9.613s] INFO:colcon.colcon_core.shell:Creating package script '/home/yong/ws_kari/ROS2_Test/install/srv_test/share/srv_test/package.ps1'
[9.613s] INFO:colcon.colcon_core.shell:Creating package descriptor '/home/yong/ws_kari/ROS2_Test/install/srv_test/share/srv_test/package.dsv'
[9.614s] INFO:colcon.colcon_core.shell:Creating package script '/home/yong/ws_kari/ROS2_Test/install/srv_test/share/srv_test/package.sh'
[9.614s] INFO:colcon.colcon_core.shell:Creating package script '/home/yong/ws_kari/ROS2_Test/install/srv_test/share/srv_test/package.bash'
[9.614s] INFO:colcon.colcon_core.shell:Creating package script '/home/yong/ws_kari/ROS2_Test/install/srv_test/share/srv_test/package.zsh'
[9.614s] Level 1:colcon.colcon_core.environment:create_file_with_runtime_dependencies(/home/yong/ws_kari/ROS2_Test/install/srv_test/share/colcon-core/packages/srv_test)
[9.615s] DEBUG:colcon.colcon_parallel_executor.executor.parallel:closing loop
[9.615s] DEBUG:colcon.colcon_parallel_executor.executor.parallel:loop closed
[9.615s] DEBUG:colcon.colcon_parallel_executor.executor.parallel:run_until_complete finished with '0'
[9.615s] DEBUG:colcon.colcon_core.event_reactor:joining thread
[9.631s] INFO:colcon.colcon_core.plugin_system:Skipping extension 'colcon_notification.desktop_notification.terminal_notifier': Not used on non-Darwin systems
[9.632s] INFO:colcon.colcon_core.plugin_system:Skipping extension 'colcon_notification.desktop_notification.win32': Not used on non-Windows systems
[9.632s] INFO:colcon.colcon_notification.desktop_notification:Sending desktop notification using 'notify2'
[9.641s] DEBUG:colcon.colcon_core.event_reactor:joined thread
[9.654s] INFO:colcon.colcon_core.shell:Creating prefix script '/home/yong/ws_kari/ROS2_Test/install/local_setup.ps1'
[9.655s] INFO:colcon.colcon_core.shell:Creating prefix util module '/home/yong/ws_kari/ROS2_Test/install/_local_setup_util_ps1.py'
[9.656s] INFO:colcon.colcon_core.shell:Creating prefix chain script '/home/yong/ws_kari/ROS2_Test/install/setup.ps1'
[9.669s] INFO:colcon.colcon_core.shell:Creating prefix script '/home/yong/ws_kari/ROS2_Test/install/local_setup.sh'
[9.670s] INFO:colcon.colcon_core.shell:Creating prefix util module '/home/yong/ws_kari/ROS2_Test/install/_local_setup_util_sh.py'
[9.670s] INFO:colcon.colcon_core.shell:Creating prefix chain script '/home/yong/ws_kari/ROS2_Test/install/setup.sh'
[9.684s] INFO:colcon.colcon_core.shell:Creating prefix script '/home/yong/ws_kari/ROS2_Test/install/local_setup.bash'
[9.684s] INFO:colcon.colcon_core.shell:Creating prefix chain script '/home/yong/ws_kari/ROS2_Test/install/setup.bash'
[9.697s] INFO:colcon.colcon_core.shell:Creating prefix script '/home/yong/ws_kari/ROS2_Test/install/local_setup.zsh'
[9.698s] INFO:colcon.colcon_core.shell:Creating prefix chain script '/home/yong/ws_kari/ROS2_Test/install/setup.zsh'
