-- Found ament_cmake: 1.3.7 (/opt/ros/humble/share/ament_cmake/cmake)
-- Found rclcpp: 16.0.8 (/opt/ros/humble/share/rclcpp/cmake)
-- Found rosidl_generator_c: 3.1.5 (/opt/ros/humble/share/rosidl_generator_c/cmake)
-- Found rosidl_adapter: 3.1.5 (/opt/ros/humble/share/rosidl_adapter/cmake)
-- Found rosidl_generator_cpp: 3.1.5 (/opt/ros/humble/share/rosidl_generator_cpp/cmake)
-- Using all available rosidl_typesupport_c: rosidl_typesupport_fastrtps_c;rosidl_typesupport_introspection_c
-- Using all available rosidl_typesupport_cpp: rosidl_typesupport_fastrtps_cpp;rosidl_typesupport_introspection_cpp
-- Found rmw_implementation_cmake: 6.1.1 (/opt/ros/humble/share/rmw_implementation_cmake/cmake)
-- Found rmw_fastrtps_cpp: 6.2.6 (/opt/ros/humble/share/rmw_fastrtps_cpp/cmake)
-- Using RMW implementation 'rmw_fastrtps_cpp' as default
-- Found geometry_msgs: 4.2.3 (/opt/ros/humble/share/geometry_msgs/cmake)
-- Found custom_interfaces: 0.1.0 (/home/yong/ws_kari/ROS2_Test/install/custom_interfaces/share/custom_interfaces/cmake)
-- Configuring done
-- Generating done
-- Build files have been written to: /home/yong/ws_kari/ROS2_Test/build/auction_node
[35m[1mConsolidate compiler generated dependencies of target auction_node[0m
[35m[1mConsolidate compiler generated dependencies of target task_publisher[0m
[ 25%] [32mBuilding CXX object CMakeFiles/auction_node.dir/src/auction.cpp.o[0m
[ 50%] [32mBuilding CXX object CMakeFiles/task_publisher.dir/src/task_publisher.cpp.o[0m
[01m[K/home/yong/ws_kari/ROS2_Test/src/auction/src/auction.cpp:[m[K In constructor ‘[01m[KAuction::Auction(int, geometry_msgs::msg::Point)[m[K’:
[01m[K/home/yong/ws_kari/ROS2_Test/src/auction/src/auction.cpp:25:9:[m[K [01;31m[Kerror: [m[K‘[01m[Ksub_task_list_[m[K’ was not declared in this scope; did you mean ‘[01m[Ktask_list_[m[K’?
   25 |         [01;31m[Ksub_task_list_[m[K = this->create_subscription<Tasklist>("task_list", 10, std::bind(&Auction::task_list_callback, this, std::placeholders::_1));
      |         [01;31m[K^~~~~~~~~~~~~~[m[K
      |         [32m[Ktask_list_[m[K
[01m[K/home/yong/ws_kari/ROS2_Test/src/auction/src/auction.cpp:25:99:[m[K [01;31m[Kerror: [m[K‘[01m[Ktask_list_callback[m[K’ is not a member of ‘[01m[KAuction[m[K’
   25 | "task_list", 10, std::bind(&Auction::[01;31m[Ktask_list_callback[m[K, this, std::placeholders::_1));
      |                                      [01;31m[K^~~~~~~~~~~~~~~~~~[m[K

[01m[K/home/yong/ws_kari/ROS2_Test/src/auction/src/auction.cpp:[m[K In member function ‘[01m[Kvoid Auction::update()[m[K’:
[01m[K/home/yong/ws_kari/ROS2_Test/src/auction/src/auction.cpp:61:31:[m[K [01;31m[Kerror: [m[K‘[01m[Kusing element_type = struct custom_interfaces::msg::Auctioninfo_<std::allocator<void> >[m[K’ {aka ‘[01m[Kstruct custom_interfaces::msg::Auctioninfo_<std::allocator<void> >[m[K’} has no member named ‘[01m[Ktasks[m[K’
   61 |             task_list_ = msg->[01;31m[Ktasks[m[K;
      |                               [01;31m[K^~~~~[m[K
[01m[K/home/yong/ws_kari/ROS2_Test/src/auction/src/auction.cpp:[m[K In member function ‘[01m[Kvoid Auction::broadcast()[m[K’:
[01m[K/home/yong/ws_kari/ROS2_Test/src/auction/src/auction.cpp:164:13:[m[K [01;31m[Kerror: [m[K‘[01m[Kstruct custom_interfaces::msg::Auctioninfo_<std::allocator<void> >[m[K’ has no member named ‘[01m[Ktasks[m[K’
  164 |         msg.[01;31m[Ktasks[m[K = task_list_;
      |             [01;31m[K^~~~~[m[K
[ 75%] [32m[1mLinking CXX executable task_publisher[0m
[ 75%] Built target task_publisher
gmake[2]: *** [CMakeFiles/auction_node.dir/build.make:76: CMakeFiles/auction_node.dir/src/auction.cpp.o] Error 1
gmake[1]: *** [CMakeFiles/Makefile2:139: CMakeFiles/auction_node.dir/all] Error 2
gmake: *** [Makefile:146: all] Error 2
