[0.827s] DEBUG:colcon:Command line arguments: ['/usr/bin/colcon', 'build']
[0.827s] DEBUG:colcon:Parsed command line arguments: Namespace(log_base=None, log_level=None, verb_name='build', build_base='build', install_base='install', merge_install=False, symlink_install=False, test_result_base=None, continue_on_error=False, executor='parallel', parallel_workers=16, event_handlers=None, ignore_user_meta=False, metas=['./colcon.meta'], base_paths=['.'], packages_ignore=None, packages_ignore_regex=None, paths=None, packages_up_to=None, packages_up_to_regex=None, packages_above=None, packages_above_and_dependencies=None, packages_above_depth=None, packages_select_by_dep=None, packages_skip_by_dep=None, packages_skip_up_to=None, packages_select_build_failed=False, packages_skip_build_finished=False, packages_select_test_failures=False, packages_skip_test_passed=False, packages_select=None, packages_skip=None, packages_select_regex=None, packages_skip_regex=None, packages_start=None, packages_end=None, allow_overriding=[], cmake_args=None, cmake_target=None, cmake_target_skip_unavailable=False, cmake_clean_cache=False, cmake_clean_first=False, cmake_force_configure=False, ament_cmake_args=None, catkin_cmake_args=None, catkin_skip_building_tests=False, verb_parser=<colcon_defaults.argument_parser.defaults.DefaultArgumentsDecorator object at 0x7cdbb6551030>, verb_extension=<colcon_core.verb.build.BuildVerb object at 0x7cdbb6550730>, main=<bound method BuildVerb.main of <colcon_core.verb.build.BuildVerb object at 0x7cdbb6550730>>)
[0.873s] Level 1:colcon.colcon_core.package_discovery:discover_packages(colcon_meta) check parameters
[0.874s] Level 1:colcon.colcon_core.package_discovery:discover_packages(recursive) check parameters
[0.874s] Level 1:colcon.colcon_core.package_discovery:discover_packages(ignore) check parameters
[0.874s] Level 1:colcon.colcon_core.package_discovery:discover_packages(path) check parameters
[0.874s] Level 1:colcon.colcon_core.package_discovery:discover_packages(colcon_meta) discover
[0.874s] Level 1:colcon.colcon_core.package_discovery:discover_packages(recursive) discover
[0.874s] INFO:colcon.colcon_core.package_discovery:Crawling recursively for packages in '/home/yong/ws_kari'
[0.874s] Level 1:colcon.colcon_core.package_identification:_identify(.) by extensions ['ignore', 'ignore_ament_install']
[0.874s] Level 1:colcon.colcon_core.package_identification:_identify(.) by extension 'ignore'
[0.874s] Level 1:colcon.colcon_core.package_identification:_identify(.) by extension 'ignore_ament_install'
[0.874s] Level 1:colcon.colcon_core.package_identification:_identify(.) by extensions ['colcon_pkg']
[0.874s] Level 1:colcon.colcon_core.package_identification:_identify(.) by extension 'colcon_pkg'
[0.874s] Level 1:colcon.colcon_core.package_identification:_identify(.) by extensions ['colcon_meta']
[0.874s] Level 1:colcon.colcon_core.package_identification:_identify(.) by extension 'colcon_meta'
[0.874s] Level 1:colcon.colcon_core.package_identification:_identify(.) by extensions ['ros']
[0.874s] Level 1:colcon.colcon_core.package_identification:_identify(.) by extension 'ros'
[0.885s] Level 1:colcon.colcon_core.package_identification:_identify(.) by extensions ['cmake', 'python']
[0.885s] Level 1:colcon.colcon_core.package_identification:_identify(.) by extension 'cmake'
[0.885s] Level 1:colcon.colcon_core.package_identification:_identify(.) by extension 'python'
[0.885s] Level 1:colcon.colcon_core.package_identification:_identify(.) by extensions ['python_setup_py']
[0.886s] Level 1:colcon.colcon_core.package_identification:_identify(.) by extension 'python_setup_py'
[0.886s] Level 1:colcon.colcon_core.package_identification:_identify(build) by extensions ['ignore', 'ignore_ament_install']
[0.886s] Level 1:colcon.colcon_core.package_identification:_identify(build) by extension 'ignore'
[0.886s] Level 1:colcon.colcon_core.package_identification:_identify(build) ignored
[0.886s] Level 1:colcon.colcon_core.package_identification:_identify(install) by extensions ['ignore', 'ignore_ament_install']
[0.886s] Level 1:colcon.colcon_core.package_identification:_identify(install) by extension 'ignore'
[0.886s] Level 1:colcon.colcon_core.package_identification:_identify(install) ignored
[0.886s] Level 1:colcon.colcon_core.package_identification:_identify(log) by extensions ['ignore', 'ignore_ament_install']
[0.886s] Level 1:colcon.colcon_core.package_identification:_identify(log) by extension 'ignore'
[0.886s] Level 1:colcon.colcon_core.package_identification:_identify(log) ignored
[0.886s] Level 1:colcon.colcon_core.package_identification:_identify(src) by extensions ['ignore', 'ignore_ament_install']
[0.886s] Level 1:colcon.colcon_core.package_identification:_identify(src) by extension 'ignore'
[0.886s] Level 1:colcon.colcon_core.package_identification:_identify(src) by extension 'ignore_ament_install'
[0.886s] Level 1:colcon.colcon_core.package_identification:_identify(src) by extensions ['colcon_pkg']
[0.886s] Level 1:colcon.colcon_core.package_identification:_identify(src) by extension 'colcon_pkg'
[0.886s] Level 1:colcon.colcon_core.package_identification:_identify(src) by extensions ['colcon_meta']
[0.886s] Level 1:colcon.colcon_core.package_identification:_identify(src) by extension 'colcon_meta'
[0.886s] Level 1:colcon.colcon_core.package_identification:_identify(src) by extensions ['ros']
[0.886s] Level 1:colcon.colcon_core.package_identification:_identify(src) by extension 'ros'
[0.886s] Level 1:colcon.colcon_core.package_identification:_identify(src) by extensions ['cmake', 'python']
[0.887s] Level 1:colcon.colcon_core.package_identification:_identify(src) by extension 'cmake'
[0.887s] Level 1:colcon.colcon_core.package_identification:_identify(src) by extension 'python'
[0.887s] Level 1:colcon.colcon_core.package_identification:_identify(src) by extensions ['python_setup_py']
[0.887s] Level 1:colcon.colcon_core.package_identification:_identify(src) by extension 'python_setup_py'
[0.887s] Level 1:colcon.colcon_core.package_identification:_identify(src/cbba) by extensions ['ignore', 'ignore_ament_install']
[0.887s] Level 1:colcon.colcon_core.package_identification:_identify(src/cbba) by extension 'ignore'
[0.887s] Level 1:colcon.colcon_core.package_identification:_identify(src/cbba) by extension 'ignore_ament_install'
[0.887s] Level 1:colcon.colcon_core.package_identification:_identify(src/cbba) by extensions ['colcon_pkg']
[0.887s] Level 1:colcon.colcon_core.package_identification:_identify(src/cbba) by extension 'colcon_pkg'
[0.887s] Level 1:colcon.colcon_core.package_identification:_identify(src/cbba) by extensions ['colcon_meta']
[0.887s] Level 1:colcon.colcon_core.package_identification:_identify(src/cbba) by extension 'colcon_meta'
[0.887s] Level 1:colcon.colcon_core.package_identification:_identify(src/cbba) by extensions ['ros']
[0.887s] Level 1:colcon.colcon_core.package_identification:_identify(src/cbba) by extension 'ros'
[0.889s] DEBUG:colcon.colcon_core.package_identification:Package 'src/cbba' with type 'ros.ament_cmake' and name 'cbba'
[0.889s] Level 1:colcon.colcon_core.package_identification:_identify(src/multi_agent_comm) by extensions ['ignore', 'ignore_ament_install']
[0.889s] Level 1:colcon.colcon_core.package_identification:_identify(src/multi_agent_comm) by extension 'ignore'
[0.889s] Level 1:colcon.colcon_core.package_identification:_identify(src/multi_agent_comm) by extension 'ignore_ament_install'
[0.889s] Level 1:colcon.colcon_core.package_identification:_identify(src/multi_agent_comm) by extensions ['colcon_pkg']
[0.889s] Level 1:colcon.colcon_core.package_identification:_identify(src/multi_agent_comm) by extension 'colcon_pkg'
[0.889s] Level 1:colcon.colcon_core.package_identification:_identify(src/multi_agent_comm) by extensions ['colcon_meta']
[0.889s] Level 1:colcon.colcon_core.package_identification:_identify(src/multi_agent_comm) by extension 'colcon_meta'
[0.889s] Level 1:colcon.colcon_core.package_identification:_identify(src/multi_agent_comm) by extensions ['ros']
[0.889s] Level 1:colcon.colcon_core.package_identification:_identify(src/multi_agent_comm) by extension 'ros'
[0.890s] DEBUG:colcon.colcon_core.package_identification:Package 'src/multi_agent_comm' with type 'ros.ament_cmake' and name 'multi_agent_comm'
[0.890s] Level 1:colcon.colcon_core.package_discovery:discover_packages(recursive) using defaults
[0.890s] Level 1:colcon.colcon_core.package_discovery:discover_packages(ignore) discover
[0.890s] Level 1:colcon.colcon_core.package_discovery:discover_packages(ignore) using defaults
[0.890s] Level 1:colcon.colcon_core.package_discovery:discover_packages(path) discover
[0.890s] Level 1:colcon.colcon_core.package_discovery:discover_packages(path) using defaults
[0.968s] Level 1:colcon.colcon_core.package_discovery:discover_packages(prefix_path) check parameters
[0.968s] Level 1:colcon.colcon_core.package_discovery:discover_packages(prefix_path) discover
[0.995s] DEBUG:colcon.colcon_installed_package_information.package_discovery:Found 291 installed packages in /opt/ros/humble
[0.996s] Level 1:colcon.colcon_core.package_discovery:discover_packages(prefix_path) using defaults
[1.062s] Level 5:colcon.colcon_core.verb:set package 'cbba' build argument 'cmake_args' from command line to 'None'
[1.062s] Level 5:colcon.colcon_core.verb:set package 'cbba' build argument 'cmake_target' from command line to 'None'
[1.062s] Level 5:colcon.colcon_core.verb:set package 'cbba' build argument 'cmake_target_skip_unavailable' from command line to 'False'
[1.062s] Level 5:colcon.colcon_core.verb:set package 'cbba' build argument 'cmake_clean_cache' from command line to 'False'
[1.062s] Level 5:colcon.colcon_core.verb:set package 'cbba' build argument 'cmake_clean_first' from command line to 'False'
[1.062s] Level 5:colcon.colcon_core.verb:set package 'cbba' build argument 'cmake_force_configure' from command line to 'False'
[1.062s] Level 5:colcon.colcon_core.verb:set package 'cbba' build argument 'ament_cmake_args' from command line to 'None'
[1.062s] Level 5:colcon.colcon_core.verb:set package 'cbba' build argument 'catkin_cmake_args' from command line to 'None'
[1.062s] Level 5:colcon.colcon_core.verb:set package 'cbba' build argument 'catkin_skip_building_tests' from command line to 'False'
[1.062s] DEBUG:colcon.colcon_core.verb:Building package 'cbba' with the following arguments: {'ament_cmake_args': None, 'build_base': '/home/yong/ws_kari/build/cbba', 'catkin_cmake_args': None, 'catkin_skip_building_tests': False, 'cmake_args': None, 'cmake_clean_cache': False, 'cmake_clean_first': False, 'cmake_force_configure': False, 'cmake_target': None, 'cmake_target_skip_unavailable': False, 'install_base': '/home/yong/ws_kari/install/cbba', 'merge_install': False, 'path': '/home/yong/ws_kari/src/cbba', 'symlink_install': False, 'test_result_base': None}
[1.075s] Level 5:colcon.colcon_core.verb:set package 'multi_agent_comm' build argument 'cmake_args' from command line to 'None'
[1.075s] Level 5:colcon.colcon_core.verb:set package 'multi_agent_comm' build argument 'cmake_target' from command line to 'None'
[1.075s] Level 5:colcon.colcon_core.verb:set package 'multi_agent_comm' build argument 'cmake_target_skip_unavailable' from command line to 'False'
[1.075s] Level 5:colcon.colcon_core.verb:set package 'multi_agent_comm' build argument 'cmake_clean_cache' from command line to 'False'
[1.075s] Level 5:colcon.colcon_core.verb:set package 'multi_agent_comm' build argument 'cmake_clean_first' from command line to 'False'
[1.075s] Level 5:colcon.colcon_core.verb:set package 'multi_agent_comm' build argument 'cmake_force_configure' from command line to 'False'
[1.075s] Level 5:colcon.colcon_core.verb:set package 'multi_agent_comm' build argument 'ament_cmake_args' from command line to 'None'
[1.075s] Level 5:colcon.colcon_core.verb:set package 'multi_agent_comm' build argument 'catkin_cmake_args' from command line to 'None'
[1.075s] Level 5:colcon.colcon_core.verb:set package 'multi_agent_comm' build argument 'catkin_skip_building_tests' from command line to 'False'
[1.075s] DEBUG:colcon.colcon_core.verb:Building package 'multi_agent_comm' with the following arguments: {'ament_cmake_args': None, 'build_base': '/home/yong/ws_kari/build/multi_agent_comm', 'catkin_cmake_args': None, 'catkin_skip_building_tests': False, 'cmake_args': None, 'cmake_clean_cache': False, 'cmake_clean_first': False, 'cmake_force_configure': False, 'cmake_target': None, 'cmake_target_skip_unavailable': False, 'install_base': '/home/yong/ws_kari/install/multi_agent_comm', 'merge_install': False, 'path': '/home/yong/ws_kari/src/multi_agent_comm', 'symlink_install': False, 'test_result_base': None}
[1.087s] INFO:colcon.colcon_core.executor:Executing jobs using 'parallel' executor
[1.100s] DEBUG:colcon.colcon_parallel_executor.executor.parallel:run_until_complete
[1.101s] INFO:colcon.colcon_ros.task.ament_cmake.build:Building ROS package in '/home/yong/ws_kari/src/cbba' with build type 'ament_cmake'
[1.101s] INFO:colcon.colcon_cmake.task.cmake.build:Building CMake package in '/home/yong/ws_kari/src/cbba'
[1.126s] INFO:colcon.colcon_core.plugin_system:Skipping extension 'colcon_core.shell.bat': Not used on non-Windows systems
[1.127s] INFO:colcon.colcon_core.shell:Skip shell extension 'powershell' for command environment: Not usable outside of PowerShell
[1.127s] DEBUG:colcon.colcon_core.shell:Skip shell extension 'dsv' for command environment
[1.154s] INFO:colcon.colcon_ros.task.ament_cmake.build:Building ROS package in '/home/yong/ws_kari/src/multi_agent_comm' with build type 'ament_cmake'
[1.155s] INFO:colcon.colcon_cmake.task.cmake.build:Building CMake package in '/home/yong/ws_kari/src/multi_agent_comm'
[1.167s] INFO:colcon.colcon_core.shell:Skip shell extension 'powershell' for command environment: Not usable outside of PowerShell
[1.168s] DEBUG:colcon.colcon_core.shell:Skip shell extension 'dsv' for command environment
[1.199s] DEBUG:colcon.colcon_core.event_handler.log_command:Invoking command in '/home/yong/ws_kari/build/cbba': CMAKE_PREFIX_PATH=/opt/ros/humble /usr/bin/cmake --build /home/yong/ws_kari/build/cbba -- -j16 -l16
[1.203s] DEBUG:colcon.colcon_core.event_handler.log_command:Invoking command in '/home/yong/ws_kari/build/multi_agent_comm': CMAKE_PREFIX_PATH=/opt/ros/humble /usr/bin/cmake --build /home/yong/ws_kari/build/multi_agent_comm -- -j16 -l16
[1.237s] DEBUG:colcon.colcon_core.event_handler.log_command:Invoked command in '/home/yong/ws_kari/build/cbba' returned '0': CMAKE_PREFIX_PATH=/opt/ros/humble /usr/bin/cmake --build /home/yong/ws_kari/build/cbba -- -j16 -l16
[1.265s] DEBUG:colcon.colcon_core.event_handler.log_command:Invoking command in '/home/yong/ws_kari/build/cbba': CMAKE_PREFIX_PATH=/opt/ros/humble /usr/bin/cmake --install /home/yong/ws_kari/build/cbba
[1.274s] Level 1:colcon.colcon_core.environment:create_environment_scripts_only(cbba)
[1.274s] DEBUG:colcon.colcon_core.event_handler.log_command:Invoked command in '/home/yong/ws_kari/build/cbba' returned '0': CMAKE_PREFIX_PATH=/opt/ros/humble /usr/bin/cmake --install /home/yong/ws_kari/build/cbba
[1.288s] Level 1:colcon.colcon_core.environment:checking '/home/yong/ws_kari/install/cbba' for CMake module files
[1.288s] Level 1:colcon.colcon_core.environment:checking '/home/yong/ws_kari/install/cbba' for CMake config files
[1.288s] Level 1:colcon.colcon_core.shell:create_environment_hook('cbba', 'cmake_prefix_path')
[1.300s] INFO:colcon.colcon_core.shell:Creating environment hook '/home/yong/ws_kari/install/cbba/share/cbba/hook/cmake_prefix_path.ps1'
[1.301s] INFO:colcon.colcon_core.shell:Creating environment descriptor '/home/yong/ws_kari/install/cbba/share/cbba/hook/cmake_prefix_path.dsv'
[1.301s] INFO:colcon.colcon_core.shell:Creating environment hook '/home/yong/ws_kari/install/cbba/share/cbba/hook/cmake_prefix_path.sh'
[1.302s] Level 1:colcon.colcon_core.environment:checking '/home/yong/ws_kari/install/cbba/bin'
[1.302s] Level 1:colcon.colcon_core.environment:checking '/home/yong/ws_kari/install/cbba/lib/pkgconfig/cbba.pc'
[1.302s] Level 1:colcon.colcon_core.environment:checking '/home/yong/ws_kari/install/cbba/lib/python3.10/site-packages'
[1.302s] Level 1:colcon.colcon_core.environment:checking '/home/yong/ws_kari/install/cbba/bin'
[1.315s] INFO:colcon.colcon_core.shell:Creating package script '/home/yong/ws_kari/install/cbba/share/cbba/package.ps1'
[1.315s] INFO:colcon.colcon_core.shell:Creating package descriptor '/home/yong/ws_kari/install/cbba/share/cbba/package.dsv'
[1.316s] INFO:colcon.colcon_core.shell:Creating package script '/home/yong/ws_kari/install/cbba/share/cbba/package.sh'
[1.316s] INFO:colcon.colcon_core.shell:Creating package script '/home/yong/ws_kari/install/cbba/share/cbba/package.bash'
[1.317s] INFO:colcon.colcon_core.shell:Creating package script '/home/yong/ws_kari/install/cbba/share/cbba/package.zsh'
[1.317s] Level 1:colcon.colcon_core.environment:create_file_with_runtime_dependencies(/home/yong/ws_kari/install/cbba/share/colcon-core/packages/cbba)
[1.349s] Level 1:colcon.colcon_core.environment:create_environment_scripts_only(cbba)
[1.362s] Level 1:colcon.colcon_core.environment:checking '/home/yong/ws_kari/install/cbba' for CMake module files
[1.362s] Level 1:colcon.colcon_core.environment:checking '/home/yong/ws_kari/install/cbba' for CMake config files
[1.362s] Level 1:colcon.colcon_core.shell:create_environment_hook('cbba', 'cmake_prefix_path')
[1.375s] INFO:colcon.colcon_core.shell:Creating environment hook '/home/yong/ws_kari/install/cbba/share/cbba/hook/cmake_prefix_path.ps1'
[1.376s] INFO:colcon.colcon_core.shell:Creating environment descriptor '/home/yong/ws_kari/install/cbba/share/cbba/hook/cmake_prefix_path.dsv'
[1.376s] INFO:colcon.colcon_core.shell:Creating environment hook '/home/yong/ws_kari/install/cbba/share/cbba/hook/cmake_prefix_path.sh'
[1.376s] Level 1:colcon.colcon_core.environment:checking '/home/yong/ws_kari/install/cbba/bin'
[1.376s] Level 1:colcon.colcon_core.environment:checking '/home/yong/ws_kari/install/cbba/lib/pkgconfig/cbba.pc'
[1.377s] Level 1:colcon.colcon_core.environment:checking '/home/yong/ws_kari/install/cbba/lib/python3.10/site-packages'
[1.377s] Level 1:colcon.colcon_core.environment:checking '/home/yong/ws_kari/install/cbba/bin'
[1.389s] INFO:colcon.colcon_core.shell:Creating package script '/home/yong/ws_kari/install/cbba/share/cbba/package.ps1'
[1.390s] INFO:colcon.colcon_core.shell:Creating package descriptor '/home/yong/ws_kari/install/cbba/share/cbba/package.dsv'
[1.390s] INFO:colcon.colcon_core.shell:Creating package script '/home/yong/ws_kari/install/cbba/share/cbba/package.sh'
[1.390s] INFO:colcon.colcon_core.shell:Creating package script '/home/yong/ws_kari/install/cbba/share/cbba/package.bash'
[1.391s] INFO:colcon.colcon_core.shell:Creating package script '/home/yong/ws_kari/install/cbba/share/cbba/package.zsh'
[1.391s] Level 1:colcon.colcon_core.environment:create_file_with_runtime_dependencies(/home/yong/ws_kari/install/cbba/share/colcon-core/packages/cbba)
[2.824s] DEBUG:colcon.colcon_core.event_handler.log_command:Invoked command in '/home/yong/ws_kari/build/multi_agent_comm' returned '0': CMAKE_PREFIX_PATH=/opt/ros/humble /usr/bin/cmake --build /home/yong/ws_kari/build/multi_agent_comm -- -j16 -l16
[2.877s] DEBUG:colcon.colcon_core.event_handler.log_command:Invoking command in '/home/yong/ws_kari/build/multi_agent_comm': CMAKE_PREFIX_PATH=/opt/ros/humble /usr/bin/cmake --install /home/yong/ws_kari/build/multi_agent_comm
[2.940s] Level 1:colcon.colcon_core.environment:create_environment_scripts_only(multi_agent_comm)
[2.940s] DEBUG:colcon.colcon_core.event_handler.log_command:Invoked command in '/home/yong/ws_kari/build/multi_agent_comm' returned '0': CMAKE_PREFIX_PATH=/opt/ros/humble /usr/bin/cmake --install /home/yong/ws_kari/build/multi_agent_comm
[2.953s] Level 1:colcon.colcon_core.environment:checking '/home/yong/ws_kari/install/multi_agent_comm' for CMake module files
[2.954s] Level 1:colcon.colcon_core.environment:checking '/home/yong/ws_kari/install/multi_agent_comm' for CMake config files
[2.955s] Level 1:colcon.colcon_core.shell:create_environment_hook('multi_agent_comm', 'cmake_prefix_path')
[2.967s] INFO:colcon.colcon_core.shell:Creating environment hook '/home/yong/ws_kari/install/multi_agent_comm/share/multi_agent_comm/hook/cmake_prefix_path.ps1'
[2.968s] INFO:colcon.colcon_core.shell:Creating environment descriptor '/home/yong/ws_kari/install/multi_agent_comm/share/multi_agent_comm/hook/cmake_prefix_path.dsv'
[2.968s] INFO:colcon.colcon_core.shell:Creating environment hook '/home/yong/ws_kari/install/multi_agent_comm/share/multi_agent_comm/hook/cmake_prefix_path.sh'
[2.968s] Level 1:colcon.colcon_core.environment:checking '/home/yong/ws_kari/install/multi_agent_comm/lib'
[2.969s] Level 1:colcon.colcon_core.shell:create_environment_hook('multi_agent_comm', 'ld_library_path_lib')
[2.982s] INFO:colcon.colcon_core.shell:Creating environment hook '/home/yong/ws_kari/install/multi_agent_comm/share/multi_agent_comm/hook/ld_library_path_lib.ps1'
[2.982s] INFO:colcon.colcon_core.shell:Creating environment descriptor '/home/yong/ws_kari/install/multi_agent_comm/share/multi_agent_comm/hook/ld_library_path_lib.dsv'
[2.982s] INFO:colcon.colcon_core.shell:Creating environment hook '/home/yong/ws_kari/install/multi_agent_comm/share/multi_agent_comm/hook/ld_library_path_lib.sh'
[2.982s] Level 1:colcon.colcon_core.environment:checking '/home/yong/ws_kari/install/multi_agent_comm/bin'
[2.982s] Level 1:colcon.colcon_core.environment:checking '/home/yong/ws_kari/install/multi_agent_comm/lib/pkgconfig/multi_agent_comm.pc'
[2.983s] Level 1:colcon.colcon_core.environment:checking '/home/yong/ws_kari/install/multi_agent_comm/lib/python3.10/site-packages'
[2.983s] Level 1:colcon.colcon_core.environment:checking '/home/yong/ws_kari/install/multi_agent_comm/bin'
[2.996s] INFO:colcon.colcon_core.shell:Creating package script '/home/yong/ws_kari/install/multi_agent_comm/share/multi_agent_comm/package.ps1'
[2.996s] INFO:colcon.colcon_core.shell:Creating package descriptor '/home/yong/ws_kari/install/multi_agent_comm/share/multi_agent_comm/package.dsv'
[2.997s] INFO:colcon.colcon_core.shell:Creating package script '/home/yong/ws_kari/install/multi_agent_comm/share/multi_agent_comm/package.sh'
[2.997s] INFO:colcon.colcon_core.shell:Creating package script '/home/yong/ws_kari/install/multi_agent_comm/share/multi_agent_comm/package.bash'
[2.997s] INFO:colcon.colcon_core.shell:Creating package script '/home/yong/ws_kari/install/multi_agent_comm/share/multi_agent_comm/package.zsh'
[2.998s] Level 1:colcon.colcon_core.environment:create_file_with_runtime_dependencies(/home/yong/ws_kari/install/multi_agent_comm/share/colcon-core/packages/multi_agent_comm)
[3.065s] Level 1:colcon.colcon_core.environment:create_environment_scripts_only(multi_agent_comm)
[3.078s] Level 1:colcon.colcon_core.environment:checking '/home/yong/ws_kari/install/multi_agent_comm' for CMake module files
[3.078s] Level 1:colcon.colcon_core.environment:checking '/home/yong/ws_kari/install/multi_agent_comm' for CMake config files
[3.079s] Level 1:colcon.colcon_core.shell:create_environment_hook('multi_agent_comm', 'cmake_prefix_path')
[3.092s] INFO:colcon.colcon_core.shell:Creating environment hook '/home/yong/ws_kari/install/multi_agent_comm/share/multi_agent_comm/hook/cmake_prefix_path.ps1'
[3.092s] INFO:colcon.colcon_core.shell:Creating environment descriptor '/home/yong/ws_kari/install/multi_agent_comm/share/multi_agent_comm/hook/cmake_prefix_path.dsv'
[3.092s] INFO:colcon.colcon_core.shell:Creating environment hook '/home/yong/ws_kari/install/multi_agent_comm/share/multi_agent_comm/hook/cmake_prefix_path.sh'
[3.093s] Level 1:colcon.colcon_core.environment:checking '/home/yong/ws_kari/install/multi_agent_comm/lib'
[3.093s] Level 1:colcon.colcon_core.shell:create_environment_hook('multi_agent_comm', 'ld_library_path_lib')
[3.106s] INFO:colcon.colcon_core.shell:Creating environment hook '/home/yong/ws_kari/install/multi_agent_comm/share/multi_agent_comm/hook/ld_library_path_lib.ps1'
[3.107s] INFO:colcon.colcon_core.shell:Creating environment descriptor '/home/yong/ws_kari/install/multi_agent_comm/share/multi_agent_comm/hook/ld_library_path_lib.dsv'
[3.107s] INFO:colcon.colcon_core.shell:Creating environment hook '/home/yong/ws_kari/install/multi_agent_comm/share/multi_agent_comm/hook/ld_library_path_lib.sh'
[3.107s] Level 1:colcon.colcon_core.environment:checking '/home/yong/ws_kari/install/multi_agent_comm/bin'
[3.107s] Level 1:colcon.colcon_core.environment:checking '/home/yong/ws_kari/install/multi_agent_comm/lib/pkgconfig/multi_agent_comm.pc'
[3.107s] Level 1:colcon.colcon_core.environment:checking '/home/yong/ws_kari/install/multi_agent_comm/lib/python3.10/site-packages'
[3.107s] Level 1:colcon.colcon_core.environment:checking '/home/yong/ws_kari/install/multi_agent_comm/bin'
[3.121s] INFO:colcon.colcon_core.shell:Creating package script '/home/yong/ws_kari/install/multi_agent_comm/share/multi_agent_comm/package.ps1'
[3.122s] INFO:colcon.colcon_core.shell:Creating package descriptor '/home/yong/ws_kari/install/multi_agent_comm/share/multi_agent_comm/package.dsv'
[3.122s] INFO:colcon.colcon_core.shell:Creating package script '/home/yong/ws_kari/install/multi_agent_comm/share/multi_agent_comm/package.sh'
[3.123s] INFO:colcon.colcon_core.shell:Creating package script '/home/yong/ws_kari/install/multi_agent_comm/share/multi_agent_comm/package.bash'
[3.123s] INFO:colcon.colcon_core.shell:Creating package script '/home/yong/ws_kari/install/multi_agent_comm/share/multi_agent_comm/package.zsh'
[3.123s] Level 1:colcon.colcon_core.environment:create_file_with_runtime_dependencies(/home/yong/ws_kari/install/multi_agent_comm/share/colcon-core/packages/multi_agent_comm)
[3.124s] DEBUG:colcon.colcon_parallel_executor.executor.parallel:closing loop
[3.124s] DEBUG:colcon.colcon_parallel_executor.executor.parallel:loop closed
[3.124s] DEBUG:colcon.colcon_parallel_executor.executor.parallel:run_until_complete finished with '0'
[3.124s] DEBUG:colcon.colcon_core.event_reactor:joining thread
[3.148s] INFO:colcon.colcon_core.plugin_system:Skipping extension 'colcon_notification.desktop_notification.terminal_notifier': Not used on non-Darwin systems
[3.148s] INFO:colcon.colcon_core.plugin_system:Skipping extension 'colcon_notification.desktop_notification.win32': Not used on non-Windows systems
[3.148s] INFO:colcon.colcon_notification.desktop_notification:Sending desktop notification using 'notify2'
[3.158s] DEBUG:colcon.colcon_core.event_reactor:joined thread
[3.172s] INFO:colcon.colcon_core.shell:Creating prefix script '/home/yong/ws_kari/install/local_setup.ps1'
[3.173s] INFO:colcon.colcon_core.shell:Creating prefix util module '/home/yong/ws_kari/install/_local_setup_util_ps1.py'
[3.174s] INFO:colcon.colcon_core.shell:Creating prefix chain script '/home/yong/ws_kari/install/setup.ps1'
[3.187s] INFO:colcon.colcon_core.shell:Creating prefix script '/home/yong/ws_kari/install/local_setup.sh'
[3.188s] INFO:colcon.colcon_core.shell:Creating prefix util module '/home/yong/ws_kari/install/_local_setup_util_sh.py'
[3.188s] INFO:colcon.colcon_core.shell:Creating prefix chain script '/home/yong/ws_kari/install/setup.sh'
[3.201s] INFO:colcon.colcon_core.shell:Creating prefix script '/home/yong/ws_kari/install/local_setup.bash'
[3.202s] INFO:colcon.colcon_core.shell:Creating prefix chain script '/home/yong/ws_kari/install/setup.bash'
[3.215s] INFO:colcon.colcon_core.shell:Creating prefix script '/home/yong/ws_kari/install/local_setup.zsh'
[3.215s] INFO:colcon.colcon_core.shell:Creating prefix chain script '/home/yong/ws_kari/install/setup.zsh'
